Test (2B): basic agreement ...
  ... Passed --   1.3  5   35    3
Test (2B): agreement despite follower disconnection ...
1------------------------
2------------------------
3------------------------
  ... Passed --   6.9  3  161    8
Test (2B): no agreement if too many followers disconnect ...
  ... Passed --   4.0  5  334    4
Test (2B): concurrent Start()s ...
  ... Passed --   1.1  3   26    6
Test (2B): rejoin of partitioned leader ...
  ... Passed --   7.2  3  357    4
Test (2B): leader backs up quickly over incorrect follower logs ...
  ... Passed --  42.5  5 10478  104
Test (2B): RPC counts aren't too high ...
  ... Passed --   2.4  3   52   12
PASS
ok  	raft	65.396s
=======================
Test (2B): basic agreement ...
  ... Passed --   1.3  5   35    3
Test (2B): agreement despite follower disconnection ...
1------------------------
2------------------------
3------------------------
  ... Passed --   6.9  3  153    8
Test (2B): no agreement if too many followers disconnect ...
  ... Passed --   4.1  5  331    3
Test (2B): concurrent Start()s ...
  ... Passed --   1.0  3   26    6
Test (2B): rejoin of partitioned leader ...
  ... Passed --   7.0  3  301    4
Test (2B): leader backs up quickly over incorrect follower logs ...
  ... Passed --  43.2  5 10440  104
Test (2B): RPC counts aren't too high ...
  ... Passed --   2.4  3   52   12
PASS
ok  	raft	65.967s
=======================
Test (2B): basic agreement ...
  ... Passed --   1.4  5   39    3
Test (2B): agreement despite follower disconnection ...
1------------------------
2------------------------
3------------------------
  ... Passed --   6.6  3  162    8
Test (2B): no agreement if too many followers disconnect ...
  ... Passed --   4.2  5  341    4
Test (2B): concurrent Start()s ...
  ... Passed --   1.1  3   26    6
Test (2B): rejoin of partitioned leader ...
  ... Passed --   7.5  3  398    4
Test (2B): leader backs up quickly over incorrect follower logs ...
  ... Passed --  43.2  5 10455  105
Test (2B): RPC counts aren't too high ...
  ... Passed --   2.4  3   52   12
PASS
ok  	raft	66.441s
=======================
Test (2B): basic agreement ...
  ... Passed --   1.3  5   35    3
Test (2B): agreement despite follower disconnection ...
1------------------------
2------------------------
3------------------------
  ... Passed --   7.2  3  164    8
Test (2B): no agreement if too many followers disconnect ...
  ... Passed --   4.2  5  334    4
Test (2B): concurrent Start()s ...
  ... Passed --   1.1  3   26    6
Test (2B): rejoin of partitioned leader ...
  ... Passed --   4.9  3  295    4
Test (2B): leader backs up quickly over incorrect follower logs ...
  ... Passed --  42.4  5 10461  104
Test (2B): RPC counts aren't too high ...
  ... Passed --   2.3  3   52   12
PASS
ok  	raft	63.422s
=======================
Test (2B): basic agreement ...
  ... Passed --   1.3  5   35    3
Test (2B): agreement despite follower disconnection ...
1------------------------
2------------------------
3------------------------
  ... Passed --   6.8  3  164    8
Test (2B): no agreement if too many followers disconnect ...
  ... Passed --   4.1  5  344    4
Test (2B): concurrent Start()s ...
  ... Passed --   0.9  3   24    6
Test (2B): rejoin of partitioned leader ...
  ... Passed --   6.9  3  333    4
Test (2B): leader backs up quickly over incorrect follower logs ...
  ... Passed --  42.5  5 10486  105
Test (2B): RPC counts aren't too high ...
  ... Passed --   2.7  3   54   12
PASS
ok  	raft	65.308s
=======================
Test (2B): basic agreement ...
  ... Passed --   1.3  5   35    3
Test (2B): agreement despite follower disconnection ...
1------------------------
2------------------------
3------------------------
  ... Passed --   6.9  3  162    8
Test (2B): no agreement if too many followers disconnect ...
  ... Passed --   4.1  5  331    3
Test (2B): concurrent Start()s ...
  ... Passed --   1.1  3   26    6
Test (2B): rejoin of partitioned leader ...
  ... Passed --   7.1  3  313    4
Test (2B): leader backs up quickly over incorrect follower logs ...
  ... Passed --  43.0  5 10624  105
Test (2B): RPC counts aren't too high ...
  ... Passed --   2.4  3   52   12
PASS
ok  	raft	65.907s
=======================
Test (2B): basic agreement ...
  ... Passed --   1.4  5   35    3
Test (2B): agreement despite follower disconnection ...
1------------------------
2------------------------
3------------------------
  ... Passed --   7.3  3  163    8
Test (2B): no agreement if too many followers disconnect ...
  ... Passed --   4.2  5  337    4
Test (2B): concurrent Start()s ...
  ... Passed --   0.7  3   24    6
Test (2B): rejoin of partitioned leader ...
  ... Passed --   4.7  3  286    4
Test (2B): leader backs up quickly over incorrect follower logs ...
  ... Passed --  42.4  5 10649  104
Test (2B): RPC counts aren't too high ...
  ... Passed --   2.4  3   52   12
PASS
ok  	raft	63.166s
=======================
Test (2B): basic agreement ...
  ... Passed --   1.3  5   35    3
Test (2B): agreement despite follower disconnection ...
1------------------------
2------------------------
3------------------------
  ... Passed --   6.8  3  151    8
Test (2B): no agreement if too many followers disconnect ...
  ... Passed --   3.9  5  331    3
Test (2B): concurrent Start()s ...
  ... Passed --   1.4  3   28    6
Test (2B): rejoin of partitioned leader ...
  ... Passed --   6.8  3  309    4
Test (2B): leader backs up quickly over incorrect follower logs ...
  ... Passed --  42.4  5 10479  104
Test (2B): RPC counts aren't too high ...
  ... Passed --   2.4  3   54   12
PASS
ok  	raft	65.027s
=======================
Test (2B): basic agreement ...
  ... Passed --   1.3  5   39    3
Test (2B): agreement despite follower disconnection ...
1------------------------
2------------------------
3------------------------
  ... Passed --   6.6  3  149    8
Test (2B): no agreement if too many followers disconnect ...
  ... Passed --   4.1  5  333    4
Test (2B): concurrent Start()s ...
  ... Passed --   0.7  3   24    6
Test (2B): rejoin of partitioned leader ...
  ... Passed --   4.6  3  265    4
Test (2B): leader backs up quickly over incorrect follower logs ...
  ... Passed --  42.2  5 12169  104
Test (2B): RPC counts aren't too high ...
  ... Passed --   2.4  3   52   12
PASS
ok  	raft	61.903s
=======================
Test (2B): basic agreement ...
  ... Passed --   1.3  5   35    3
Test (2B): agreement despite follower disconnection ...
1------------------------
2------------------------
3------------------------
  ... Passed --   6.7  3  153    8
Test (2B): no agreement if too many followers disconnect ...
  ... Passed --   3.9  5  334    3
Test (2B): concurrent Start()s ...
  ... Passed --   0.7  3   24    6
Test (2B): rejoin of partitioned leader ...
  ... Passed --   5.0  3  307    4
Test (2B): leader backs up quickly over incorrect follower logs ...
  ... Passed --  42.1  5 10380  104
Test (2B): RPC counts aren't too high ...
  ... Passed --   2.4  3   52   12
PASS
ok  	raft	62.163s
=======================
Test (2B): basic agreement ...
  ... Passed --   1.3  5   35    3
Test (2B): agreement despite follower disconnection ...
1------------------------
2------------------------
3------------------------
  ... Passed --   6.5  3  151    8
Test (2B): no agreement if too many followers disconnect ...
  ... Passed --   3.8  5  327    3
Test (2B): concurrent Start()s ...
  ... Passed --   1.5  3   32    6
Test (2B): rejoin of partitioned leader ...
  ... Passed --   4.8  3  288    4
Test (2B): leader backs up quickly over incorrect follower logs ...
  ... Passed --  42.7  5 10610  104
Test (2B): RPC counts aren't too high ...
  ... Passed --   2.4  3   52   12
PASS
ok  	raft	62.945s
=======================
FAIL	raft [build failed]
=======================
FAIL	raft [build failed]
=======================
FAIL	raft [build failed]
=======================
FAIL	raft [build failed]
=======================
FAIL	raft [build failed]
=======================
FAIL	raft [build failed]
=======================
FAIL	raft [build failed]
=======================
FAIL	raft [build failed]
=======================
FAIL	raft [build failed]
=======================
FAIL	raft [build failed]
=======================
FAIL	raft [build failed]
=======================
Test (2B): basic agreement ...
