Test (2A): initial election ...
  ... Passed --   3.6  3   32    0
Test (2A): election after network failure ...
1-----------------------
2-----------------------
2.1-----------------------
3-----------------------
4-----------------------
5-----------------------
  ... Passed --   5.4  3   70    0
PASS
ok  	raft	8.933s
=======================
Test (2A): initial election ...
  ... Passed --   3.6  3   34    0
Test (2A): election after network failure ...
1-----------------------
2-----------------------
2.1-----------------------
3-----------------------
4-----------------------
5-----------------------
  ... Passed --   5.1  3   69    0
PASS
ok  	raft	8.723s
=======================
Test (2A): initial election ...
  ... Passed --   3.5  3   35    0
Test (2A): election after network failure ...
1-----------------------
2-----------------------
2.1-----------------------
3-----------------------
4-----------------------
5-----------------------
  ... Passed --   5.6  3   74    0
PASS
ok  	raft	9.081s
=======================
Test (2A): initial election ...
  ... Passed --   3.4  3   32    0
Test (2A): election after network failure ...
1-----------------------
2-----------------------
2.1-----------------------
3-----------------------
4-----------------------
5-----------------------
  ... Passed --   5.5  3   80    0
PASS
ok  	raft	8.965s
=======================
Test (2A): initial election ...
  ... Passed --   3.1  3   28    0
Test (2A): election after network failure ...
1-----------------------
2-----------------------
2.1-----------------------
3-----------------------
4-----------------------
5-----------------------
  ... Passed --   5.5  3   73    0
PASS
ok  	raft	8.553s
=======================
Test (2A): initial election ...
  ... Passed --   3.5  3   32    0
Test (2A): election after network failure ...
1-----------------------
2-----------------------
2.1-----------------------
3-----------------------
4-----------------------
5-----------------------
  ... Passed --   5.5  3   68    0
PASS
ok  	raft	9.054s
=======================
Test (2A): initial election ...
  ... Passed --   3.5  3   34    0
Test (2A): election after network failure ...
1-----------------------
2-----------------------
2.1-----------------------
3-----------------------
4-----------------------
5-----------------------
  ... Passed --   6.0  3   80    0
PASS
ok  	raft	9.532s
=======================
Test (2A): initial election ...
  ... Passed --   3.5  3   32    0
Test (2A): election after network failure ...
1-----------------------
2-----------------------
2.1-----------------------
3-----------------------
4-----------------------
5-----------------------
  ... Passed --   5.4  3   70    0
PASS
ok  	raft	8.977s
=======================
Test (2A): initial election ...
  ... Passed --   3.4  3   32    0
Test (2A): election after network failure ...
1-----------------------
2-----------------------
2.1-----------------------
3-----------------------
4-----------------------
5-----------------------
  ... Passed --   5.4  3   70    0
PASS
ok  	raft	8.902s
=======================
Test (2A): initial election ...
  ... Passed --   3.6  3   32    0
Test (2A): election after network failure ...
1-----------------------
2-----------------------
2.1-----------------------
3-----------------------
4-----------------------
5-----------------------
  ... Passed --   5.4  3   79    0
PASS
ok  	raft	9.026s
=======================
Test (2A): initial election ...
  ... Passed --   3.6  3   34    0
Test (2A): election after network failure ...
1-----------------------
2-----------------------
2.1-----------------------
3-----------------------
4-----------------------
5-----------------------
  ... Passed --   5.0  3   70    0
PASS
ok  	raft	8.565s
=======================
Test (2A): initial election ...
  ... Passed --   3.4  3   32    0
Test (2A): election after network failure ...
1-----------------------
2-----------------------
2.1-----------------------
3-----------------------
4-----------------------
5-----------------------
  ... Passed --   6.1  3   78    0
PASS
ok  	raft	9.493s
=======================
Test (2A): initial election ...
  ... Passed --   3.6  3   32    0
Test (2A): election after network failure ...
1-----------------------
2-----------------------
2.1-----------------------
3-----------------------
4-----------------------
5-----------------------
  ... Passed --   5.6  3   70    0
PASS
ok  	raft	9.193s
=======================
Test (2A): initial election ...
  ... Passed --   3.1  3   28    0
Test (2A): election after network failure ...
1-----------------------
2-----------------------
2.1-----------------------
3-----------------------
4-----------------------
5-----------------------
  ... Passed --   5.4  3   67    0
PASS
ok  	raft	8.550s
=======================
Test (2A): initial election ...
  ... Passed --   3.6  3   32    0
Test (2A): election after network failure ...
1-----------------------
2-----------------------
2.1-----------------------
3-----------------------
4-----------------------
5-----------------------
  ... Passed --   5.4  3   70    0
PASS
ok  	raft	9.024s
=======================
Test (2A): initial election ...
  ... Passed --   3.5  3   32    0
Test (2A): election after network failure ...
1-----------------------
2-----------------------
2.1-----------------------
3-----------------------
4-----------------------
5-----------------------
  ... Passed --   5.1  3   66    0
PASS
ok  	raft	8.586s
=======================
Test (2A): initial election ...
  ... Passed --   3.5  3   32    0
Test (2A): election after network failure ...
1-----------------------
2-----------------------
2.1-----------------------
3-----------------------
4-----------------------
5-----------------------
  ... Passed --   6.1  3   81    0
PASS
ok  	raft	9.561s
=======================
Test (2A): initial election ...
  ... Passed --   3.5  3   32    0
Test (2A): election after network failure ...
1-----------------------
2-----------------------
2.1-----------------------
3-----------------------
4-----------------------
5-----------------------
  ... Passed --   6.1  3   78    0
PASS
ok  	raft	9.632s
=======================
Test (2A): initial election ...
  ... Passed --   3.1  3   28    0
Test (2A): election after network failure ...
1-----------------------
2-----------------------
2.1-----------------------
3-----------------------
