last heard time 1544753799991, timeout 417
last heard time 1544753799992, timeout 385
last heard time 1544753799992, timeout 416
Test (2B): agreement despite follower disconnection ...
2018/12/14/ 10:10:16.377 peer 1 starts election
2018/12/14/ 10:10:16.378 peer 2(votedFor 1) current term 1 vote peer 1 current term 1: true
2018/12/14/ 10:10:16.378 peer 1 becomes leader
start hb
2018/12/14/ 10:10:16.379 peer 0(votedFor 1) current term 1 vote peer 1 current term 1: true
[{0 0} {1 101}]
2018/12/14/ 10:10:16.410 leader 1 replicate send 0: [{1 101}]
 2018/12/14/ 10:10:16.410 leader 1 replicate peer 0: [{1 101}]
 2018/12/14/ 10:10:16.410 leader 1 replicate send 2: [{1 101}]
 2018/12/14/ 10:10:16.410 leader 1 replicate peer 2: [{1 101}]
 2018/12/14/ 10:10:16.410 leader 1 replicate send 1: [{1 101}]
 2018/12/14/ 10:10:16.410 leader 1 replicate peer 1: []
 peer 0 true!!!!!!!
match index: [2 0 0]
next index: [2 1 1]
peer 2 true!!!!!!!
match index: [2 0 2]
next index: [2 1 2]
peer 1 true!!!!!!!
match index: [2 2 2]
next index: [2 2 2]
peer 1 applied: 101
peer 0 applied: 101
peer 2 applied: 101
1------------------------
[{0 0} {1 101} {1 102}]
2018/12/14/ 10:10:16.078 leader 1 replicate send 0: [{1 102}]
 2018/12/14/ 10:10:16.078 leader 1 replicate peer 0: [{1 102}]
 2018/12/14/ 10:10:16.078 leader 1 replicate send 1: [{1 102}]
 2018/12/14/ 10:10:16.078 leader 1 replicate peer 1: []
 peer 0 true!!!!!!!
match index: [3 2 2]
next index: [3 2 2]
peer 1 true!!!!!!!
match index: [3 3 2]
next index: [3 3 2]
peer 0 applied: 102
peer 1 applied: 102
[{0 0} {1 101} {1 102} {1 103}]
2018/12/14/ 10:10:16.108 leader 1 replicate send 0: [{1 103}]
 2018/12/14/ 10:10:16.108 leader 1 replicate peer 0: [{1 103}]
 2018/12/14/ 10:10:16.108 leader 1 replicate send 1: [{1 103}]
 2018/12/14/ 10:10:16.109 leader 1 replicate peer 1: []
 peer 0 true!!!!!!!
match index: [4 3 2]
next index: [4 3 2]
peer 1 true!!!!!!!
match index: [4 4 2]
next index: [4 4 2]
peer 1 applied: 103
peer 0 applied: 103
2------------------------
2018/12/14/ 10:10:16.379 peer 2 starts election
2018/12/14/ 10:10:16.827 peer 2 starts election
2018/12/14/ 10:10:16.203 peer 2 starts election
[{0 0} {1 101} {1 102} {1 103} {1 104}]
2018/12/14/ 10:10:16.235 leader 1 replicate send 1: [{1 104}]
 2018/12/14/ 10:10:16.235 leader 1 replicate peer 1: []
 peer 1 true!!!!!!!
match index: [4 5 2]
next index: [4 5 2]
2018/12/14/ 10:10:16.235 leader 1 replicate send 0: [{1 104}]
 2018/12/14/ 10:10:16.236 leader 1 replicate peer 0: [{1 104}]
 peer 0 true!!!!!!!
match index: [5 5 2]
next index: [5 5 2]
peer 1 applied: 104
peer 0 applied: 104
[{0 0} {1 101} {1 102} {1 103} {1 104} {1 105}]
2018/12/14/ 10:10:16.326 leader 1 replicate send 1: [{1 105}]
 2018/12/14/ 10:10:16.326 leader 1 replicate peer 1: []
 peer 1 true!!!!!!!
match index: [5 6 2]
next index: [5 6 2]
2018/12/14/ 10:10:16.327 leader 1 replicate send 0: [{1 105}]
 2018/12/14/ 10:10:16.327 leader 1 replicate peer 0: [{1 105}]
 peer 0 true!!!!!!!
match index: [6 6 2]
next index: [6 6 2]
peer 1 applied: 105
peer 0 applied: 105
3------------------------
[{0 0} {1 101} {1 102} {1 103} {1 104} {1 105} {1 106}]
peer 2 false!!!!!!!
leader 1 becomes follower in replicate
2018/12/14/ 10:10:16.418 leader 1 replicate send 0: [{1 106}]
 2018/12/14/ 10:10:16.418 leader 1 replicate peer 0: [{1 106}]
 peer 1 false!!!!!!!
match index: [6 6 2]
next index: [6 5 2]
peer 0 true!!!!!!!
match index: [7 6 2]
next index: [7 5 2]
2018/12/14/ 10:10:16.797 peer 2 starts election
2018/12/14/ 10:10:16.798 peer 0(votedFor 1) current term 5 vote peer 2 current term 5: false
2018/12/14/ 10:10:16.839 peer 0 starts election
2018/12/14/ 10:10:16.839 peer 2(votedFor 0) current term 6 vote peer 0 current term 6: true
2018/12/14/ 10:10:16.840 peer 0 becomes leader
start hb
2018/12/14/ 10:10:16.841 leader 0 replicate send 2: [{1 101}]
 2018/12/14/ 10:10:16.841 leader 0 replicate send 0: [{1 101}]
 2018/12/14/ 10:10:16.841 leader 0 replicate peer 0: []
 peer 0 true!!!!!!!
match index: [2 0 0]
next index: [2 1 1]
2018/12/14/ 10:10:16.841 leader 0 replicate peer 2: []
 peer 2 true!!!!!!!
match index: [2 0 2]
next index: [2 1 2]
2018/12/14/ 10:10:16.872 leader 0 replicate send 0: [{1 102}]
 2018/12/14/ 10:10:16.872 leader 0 replicate peer 0: []
 2018/12/14/ 10:10:16.872 leader 0 replicate send 2: [{1 102}]
 2018/12/14/ 10:10:16.872 leader 0 replicate peer 2: [{1 102}]
 peer 0 true!!!!!!!
match index: [3 0 2]
next index: [3 1 2]
peer 2 true!!!!!!!
match index: [3 0 3]
next index: [3 1 3]
peer 2 applied: 102
2018/12/14/ 10:10:16.902 leader 0 replicate send 0: [{1 103}]
 2018/12/14/ 10:10:16.902 leader 0 replicate peer 0: []
 2018/12/14/ 10:10:16.902 leader 0 replicate send 2: [{1 103}]
 2018/12/14/ 10:10:16.902 leader 0 replicate peer 2: [{1 103}]
 peer 0 true!!!!!!!
match index: [4 0 3]
next index: [4 1 3]
peer 2 true!!!!!!!
match index: [4 0 4]
next index: [4 1 4]
peer 2 applied: 103
2018/12/14/ 10:10:16.933 leader 0 replicate send 0: [{1 104}]
 2018/12/14/ 10:10:16.933 leader 0 replicate peer 0: []
 2018/12/14/ 10:10:16.933 leader 0 replicate send 2: [{1 104}]
 2018/12/14/ 10:10:16.933 leader 0 replicate peer 2: [{1 104}]
 peer 0 true!!!!!!!
match index: [5 0 4]
next index: [5 1 4]
peer 2 true!!!!!!!
match index: [5 0 5]
next index: [5 1 5]
peer 2 applied: 104
2018/12/14/ 10:10:16.963 leader 0 replicate send 2: [{1 105}]
 2018/12/14/ 10:10:16.963 leader 0 replicate peer 2: [{1 105}]
 2018/12/14/ 10:10:16.963 leader 0 replicate send 0: [{1 105}]
 2018/12/14/ 10:10:16.963 leader 0 replicate peer 0: []
 peer 0 true!!!!!!!
match index: [6 0 5]
next index: [6 1 5]
peer 2 true!!!!!!!
match index: [6 0 6]
next index: [6 1 6]
peer 2 applied: 105
2018/12/14/ 10:10:16.993 leader 0 replicate send 2: [{1 106}]
 2018/12/14/ 10:10:16.993 leader 0 replicate peer 2: [{1 106}]
 2018/12/14/ 10:10:16.993 leader 0 replicate send 0: [{1 106}]
 2018/12/14/ 10:10:16.993 leader 0 replicate peer 0: []
 peer 2 true!!!!!!!
match index: [6 0 7]
next index: [6 1 7]
peer 0 true!!!!!!!
match index: [7 0 7]
next index: [7 1 7]
[{0 0} {1 101} {1 102} {1 103} {1 104} {1 105} {1 106} {6 106}]
2018/12/14/ 10:10:16.426 leader 0 replicate send 2: [{6 106}]
 2018/12/14/ 10:10:16.426 leader 0 replicate peer 2: [{6 106}]
 2018/12/14/ 10:10:16.426 leader 0 replicate send 0: [{6 106}]
 2018/12/14/ 10:10:16.426 leader 0 replicate peer 0: []
 peer 2 true!!!!!!!
match index: [7 0 8]
next index: [7 1 8]
peer 0 true!!!!!!!
match index: [8 0 8]
next index: [8 1 8]
peer 0 applied: 106
peer 0 applied: 106
peer 2 applied: 106
peer 2 applied: 106
signal: interrupt
FAIL	raft	64.508s
