Test (2A): initial election ...
  ... Passed --   3.6  3   32    0
Test (2A): election after network failure ...
1-----------------------
2-----------------------
2.1-----------------------
3-----------------------
4-----------------------
5-----------------------
  ... Passed --   5.6  3   74    0
PASS
ok  	raft	9.250s
=======================
Test (2A): initial election ...
  ... Passed --   3.6  3   32    0
Test (2A): election after network failure ...
1-----------------------
2-----------------------
2.1-----------------------
3-----------------------
4-----------------------
5-----------------------
  ... Passed --   5.5  3   68    0
PASS
ok  	raft	9.049s
=======================
Test (2A): initial election ...
  ... Passed --   3.6  3   32    0
Test (2A): election after network failure ...
1-----------------------
2-----------------------
2.1-----------------------
3-----------------------
4-----------------------
5-----------------------
  ... Passed --   5.5  3   78    0
PASS
ok  	raft	9.060s
=======================
Test (2A): initial election ...
  ... Passed --   3.5  3   32    0
Test (2A): election after network failure ...
1-----------------------
2-----------------------
2.1-----------------------
3-----------------------
4-----------------------
5-----------------------
  ... Passed --   5.4  3   76    0
PASS
ok  	raft	8.919s
=======================
Test (2A): initial election ...
  ... Passed --   3.6  3   32    0
Test (2A): election after network failure ...
1-----------------------
2-----------------------
2.1-----------------------
3-----------------------
4-----------------------
5-----------------------
  ... Passed --   5.6  3   80    0
PASS
ok  	raft	9.190s
=======================
Test (2A): initial election ...
  ... Passed --   3.6  3   32    0
Test (2A): election after network failure ...
1-----------------------
2-----------------------
2.1-----------------------
3-----------------------
4-----------------------
5-----------------------
  ... Passed --   4.9  3   68    0
PASS
ok  	raft	8.527s
=======================
Test (2A): initial election ...
  ... Passed --   3.5  3   32    0
Test (2A): election after network failure ...
1-----------------------
2-----------------------
2.1-----------------------
3-----------------------
4-----------------------
5-----------------------
  ... Passed --   6.0  3   80    0
PASS
ok  	raft	9.541s
=======================
Test (2A): initial election ...
  ... Passed --   3.6  3   32    0
Test (2A): election after network failure ...
1-----------------------
2-----------------------
2.1-----------------------
3-----------------------
4-----------------------
5-----------------------
  ... Passed --   6.1  3   86    0
PASS
ok  	raft	9.632s
=======================
Test (2A): initial election ...
  ... Passed --   3.1  3   28    0
Test (2A): election after network failure ...
1-----------------------
2-----------------------
2.1-----------------------
3-----------------------
4-----------------------
5-----------------------
  ... Passed --   5.5  3   70    0
PASS
ok  	raft	8.574s
=======================
Test (2A): initial election ...
  ... Passed --   3.5  3   32    0
Test (2A): election after network failure ...
1-----------------------
2-----------------------
2.1-----------------------
3-----------------------
4-----------------------
5-----------------------
  ... Passed --   6.0  3   80    0
PASS
ok  	raft	9.517s
=======================
Test (2A): initial election ...
  ... Passed --   3.5  3   32    0
Test (2A): election after network failure ...
1-----------------------
2-----------------------
2.1-----------------------
3-----------------------
4-----------------------
5-----------------------
  ... Passed --   5.4  3   78    0
PASS
ok  	raft	8.948s
=======================
Test (2A): initial election ...
  ... Passed --   3.6  3   34    0
Test (2A): election after network failure ...
1-----------------------
2-----------------------
2.1-----------------------
3-----------------------
4-----------------------
5-----------------------
  ... Passed --   5.6  3   84    0
PASS
ok  	raft	9.243s
=======================
Test (2A): initial election ...
  ... Passed --   3.5  3   32    0
Test (2A): election after network failure ...
1-----------------------
2-----------------------
2.1-----------------------
3-----------------------
4-----------------------
5-----------------------
  ... Passed --   5.0  3   70    0
PASS
ok  	raft	8.523s
=======================
Test (2A): initial election ...
  ... Passed --   3.1  3   28    0
Test (2A): election after network failure ...
1-----------------------
2-----------------------
2.1-----------------------
3-----------------------
4-----------------------
5-----------------------
  ... Passed --   5.2  3   72    0
PASS
ok  	raft	8.276s
=======================
Test (2A): initial election ...
  ... Passed --   3.6  3   32    0
Test (2A): election after network failure ...
1-----------------------
2-----------------------
2.1-----------------------
3-----------------------
4-----------------------
5-----------------------
  ... Passed --   5.6  3   72    0
PASS
ok  	raft	9.172s
=======================
Test (2A): initial election ...
  ... Passed --   3.6  3   32    0
Test (2A): election after network failure ...
1-----------------------
2-----------------------
2.1-----------------------
3-----------------------
4-----------------------
5-----------------------
  ... Passed --   5.1  3   72    0
PASS
ok  	raft	8.663s
=======================
Test (2A): initial election ...
  ... Passed --   3.5  3   32    0
Test (2A): election after network failure ...
1-----------------------
2-----------------------
2.1-----------------------
3-----------------------
4-----------------------
5-----------------------
  ... Passed --   5.0  3   68    0
PASS
ok  	raft	8.511s
=======================
Test (2A): initial election ...
  ... Passed --   3.5  3   32    0
Test (2A): election after network failure ...
1-----------------------
2-----------------------
2.1-----------------------
3-----------------------
4-----------------------
5-----------------------
  ... Passed --   5.4  3   80    0
PASS
ok  	raft	8.946s
=======================
Test (2A): initial election ...
  ... Passed --   3.6  3   32    0
Test (2A): election after network failure ...
1-----------------------
2-----------------------
2.1-----------------------
3-----------------------
4-----------------------
5-----------------------
  ... Passed --   5.4  3   70    0
PASS
ok  	raft	8.973s
=======================
Test (2A): initial election ...
  ... Passed --   3.6  3   32    0
Test (2A): election after network failure ...
1-----------------------
2-----------------------
2.1-----------------------
3-----------------------
4-----------------------
5-----------------------
  ... Passed --   5.4  3   72    0
PASS
ok  	raft	9.012s
=======================
