Test (2B): basic agreement ...
  ... Passed --   1.2  5   32    3
Test (2B): agreement despite follower disconnection ...
1------------------------
2------------------------
3------------------------
  ... Passed --   6.5  3  145    8
Test (2B): no agreement if too many followers disconnect ...
  ... Passed --   3.9  5  321    3
Test (2B): concurrent Start()s ...
  ... Passed --   1.3  3   22    6
Test (2B): rejoin of partitioned leader ...
  ... Passed --   6.7  3  282    4
Test (2B): leader backs up quickly over incorrect follower logs ...
  ... Passed --  34.1  5 7178  105
Test (2B): RPC counts aren't too high ...
  ... Passed --   2.8  3   50   12
PASS
ok  	raft	56.652s
=======================
Test (2B): basic agreement ...
  ... Passed --   1.2  5   32    3
Test (2B): agreement despite follower disconnection ...
1------------------------
2------------------------
3------------------------
  ... Passed --   6.5  3  146    8
Test (2B): no agreement if too many followers disconnect ...
  ... Passed --   3.9  5  323    3
Test (2B): concurrent Start()s ...
  ... Passed --   1.1  3   22    6
Test (2B): rejoin of partitioned leader ...
  ... Passed --   6.7  3  282    4
Test (2B): leader backs up quickly over incorrect follower logs ...
  ... Passed --  33.7  5 7102  105
Test (2B): RPC counts aren't too high ...
  ... Passed --   2.8  3   50   12
PASS
ok  	raft	56.085s
=======================
Test (2B): basic agreement ...
  ... Passed --   1.2  5   32    3
Test (2B): agreement despite follower disconnection ...
1------------------------
2------------------------
3------------------------
  ... Passed --   6.5  3  145    8
Test (2B): no agreement if too many followers disconnect ...
  ... Passed --   3.8  5  322    3
Test (2B): concurrent Start()s ...
  ... Passed --   1.4  3   24    6
Test (2B): rejoin of partitioned leader ...
  ... Passed --   5.0  3  290    4
Test (2B): leader backs up quickly over incorrect follower logs ...
  ... Passed --  33.8  5 7159  104
Test (2B): RPC counts aren't too high ...
  ... Passed --   2.9  3   50   12
PASS
ok  	raft	54.677s
=======================
Test (2B): basic agreement ...
  ... Passed --   1.2  5   32    3
Test (2B): agreement despite follower disconnection ...
1------------------------
2------------------------
3------------------------
  ... Passed --   6.5  3  147    8
Test (2B): no agreement if too many followers disconnect ...
  ... Passed --   4.0  5  324    4
Test (2B): concurrent Start()s ...
  ... Passed --   1.4  3   24    6
Test (2B): rejoin of partitioned leader ...
  ... Passed --   5.1  3  284    4
Test (2B): leader backs up quickly over incorrect follower logs ...
  ... Passed --  33.2  5 7063  105
Test (2B): RPC counts aren't too high ...
  ... Passed --   2.8  3   50   12
PASS
ok  	raft	54.233s
=======================
Test (2B): basic agreement ...
  ... Passed --   1.2  5   32    3
Test (2B): agreement despite follower disconnection ...
1------------------------
2------------------------
3------------------------
  ... Passed --   6.7  3  145    8
Test (2B): no agreement if too many followers disconnect ...
  ... Passed --   4.5  5  329    3
Test (2B): concurrent Start()s ...
  ... Passed --   1.2  3   22    6
Test (2B): rejoin of partitioned leader ...
  ... Passed --   6.9  3  286    4
Test (2B): leader backs up quickly over incorrect follower logs ...
  ... Passed --  33.8  5 7153  105
Test (2B): RPC counts aren't too high ...
  ... Passed --   2.8  3   50   12
PASS
ok  	raft	57.262s
=======================
Test (2B): basic agreement ...
  ... Passed --   1.1  5   32    3
Test (2B): agreement despite follower disconnection ...
1------------------------
2------------------------
3------------------------
  ... Passed --   6.6  3  147    8
Test (2B): no agreement if too many followers disconnect ...
  ... Passed --   4.0  5  320    3
Test (2B): concurrent Start()s ...
  ... Passed --   1.6  3   24    6
Test (2B): rejoin of partitioned leader ...
  ... Passed --   5.0  3  280    4
Test (2B): leader backs up quickly over incorrect follower logs ...
  ... Passed --  33.8  5 7139  105
Test (2B): RPC counts aren't too high ...
  ... Passed --   2.9  3   50   12
PASS
ok  	raft	55.078s
=======================
Test (2B): basic agreement ...
  ... Passed --   1.2  5   32    3
Test (2B): agreement despite follower disconnection ...
1------------------------
2------------------------
3------------------------
  ... Passed --   6.7  3  146    8
Test (2B): no agreement if too many followers disconnect ...
  ... Passed --   3.8  5  321    3
Test (2B): concurrent Start()s ...
  ... Passed --   1.3  3   22    6
Test (2B): rejoin of partitioned leader ...
  ... Passed --   6.8  3  294    4
Test (2B): leader backs up quickly over incorrect follower logs ...
  ... Passed --  33.6  5 7148  104
Test (2B): RPC counts aren't too high ...
  ... Passed --   3.0  3   50   12
PASS
ok  	raft	56.439s
=======================
Test (2B): basic agreement ...
  ... Passed --   1.1  5   32    3
Test (2B): agreement despite follower disconnection ...
1------------------------
2------------------------
3------------------------
  ... Passed --   6.5  3  145    8
Test (2B): no agreement if too many followers disconnect ...
  ... Passed --   4.0  5  326    4
Test (2B): concurrent Start()s ...
  ... Passed --   0.8  3   18    6
Test (2B): rejoin of partitioned leader ...
  ... Passed --   6.9  3  289    4
Test (2B): leader backs up quickly over incorrect follower logs ...
  ... Passed --  34.0  5 7174  105
Test (2B): RPC counts aren't too high ...
  ... Passed --   2.9  3   50   12
PASS
ok  	raft	56.184s
=======================
Test (2B): basic agreement ...
  ... Passed --   1.2  5   36    3
Test (2B): agreement despite follower disconnection ...
1------------------------
2------------------------
3------------------------
  ... Passed --   6.7  3  147    8
Test (2B): no agreement if too many followers disconnect ...
  ... Passed --   4.5  5  335    4
Test (2B): concurrent Start()s ...
  ... Passed --   1.3  3   24    6
Test (2B): rejoin of partitioned leader ...
  ... Passed --   5.0  3  268    4
Test (2B): leader backs up quickly over incorrect follower logs ...
