Test (2A): initial election ...
  ... Passed --   3.6  3   34    0
Test (2A): election after network failure ...
1-----------------------
2-----------------------
2.1-----------------------
3-----------------------
4-----------------------
5-----------------------
  ... Passed --   5.5  3   71    0
PASS
ok  	raft	9.136s
=======================
Test (2A): initial election ...
  ... Passed --   3.5  3   32    0
Test (2A): election after network failure ...
1-----------------------
2-----------------------
2.1-----------------------
3-----------------------
