Test (2A): initial election ...
  ... Passed --   3.5  3   32    0
Test (2A): election after network failure ...
1-----------------------
2-----------------------
2.1-----------------------
3-----------------------
4-----------------------
5-----------------------
  ... Passed --   6.0  3   85    0
PASS
ok  	raft	9.553s
=======================
Test (2A): initial election ...
  ... Passed --   3.6  3   34    0
Test (2A): election after network failure ...
1-----------------------
2-----------------------
2.1-----------------------
3-----------------------
4-----------------------
5-----------------------
  ... Passed --   5.0  3   70    0
PASS
ok  	raft	8.628s
=======================
Test (2A): initial election ...
  ... Passed --   3.5  3   32    0
Test (2A): election after network failure ...
1-----------------------
2-----------------------
2.1-----------------------
3-----------------------
4-----------------------
5-----------------------
  ... Passed --   5.4  3   75    0
PASS
ok  	raft	8.906s
=======================
Test (2A): initial election ...
