Test (2A): initial election ...
  ... Passed --   3.5  3   32    0
Test (2A): election after network failure ...
1-----------------------
2-----------------------
2.1-----------------------
3-----------------------
4-----------------------
5-----------------------
  ... Passed --   5.0  3   70    0
PASS
ok  	raft	8.531s
=======================
Test (2A): initial election ...
  ... Passed --   3.6  3   32    0
Test (2A): election after network failure ...
1-----------------------
2-----------------------
2.1-----------------------
3-----------------------
4-----------------------
5-----------------------
  ... Passed --   5.5  3   77    0
PASS
ok  	raft	9.095s
=======================
Test (2A): initial election ...
  ... Passed --   3.5  3   32    0
Test (2A): election after network failure ...
1-----------------------
2-----------------------
2.1-----------------------
3-----------------------
4-----------------------
5-----------------------
  ... Passed --   5.0  3   62    0
PASS
ok  	raft	8.488s
=======================
Test (2A): initial election ...
  ... Passed --   3.5  3   34    0
Test (2A): election after network failure ...
1-----------------------
2-----------------------
2.1-----------------------
3-----------------------
4-----------------------
5-----------------------
  ... Passed --   5.0  3   64    0
PASS
ok  	raft	8.559s
=======================
Test (2A): initial election ...
  ... Passed --   3.1  3   28    0
Test (2A): election after network failure ...
1-----------------------
2-----------------------
2.1-----------------------
3-----------------------
4-----------------------
5-----------------------
  ... Passed --   6.8  3   98    0
PASS
ok  	raft	9.911s
=======================
Test (2A): initial election ...
  ... Passed --   3.5  3   32    0
Test (2A): election after network failure ...
1-----------------------
2-----------------------
2.1-----------------------
3-----------------------
4-----------------------
5-----------------------
  ... Passed --   5.5  3   80    0
PASS
ok  	raft	8.997s
=======================
Test (2A): initial election ...
  ... Passed --   3.6  3   32    0
Test (2A): election after network failure ...
1-----------------------
2-----------------------
2.1-----------------------
3-----------------------
4-----------------------
5-----------------------
  ... Passed --   5.1  3   64    0
PASS
ok  	raft	8.682s
=======================
Test (2A): initial election ...
  ... Passed --   3.5  3   32    0
Test (2A): election after network failure ...
1-----------------------
2-----------------------
2.1-----------------------
3-----------------------
4-----------------------
5-----------------------
  ... Passed --   5.1  3   62    0
PASS
ok  	raft	8.614s
=======================
Test (2A): initial election ...
  ... Passed --   3.6  3   32    0
Test (2A): election after network failure ...
1-----------------------
2-----------------------
2.1-----------------------
3-----------------------
4-----------------------
5-----------------------
  ... Passed --   5.5  3   70    0
PASS
ok  	raft	9.076s
=======================
Test (2A): initial election ...
  ... Passed --   3.5  3   32    0
Test (2A): election after network failure ...
1-----------------------
2-----------------------
2.1-----------------------
3-----------------------
4-----------------------
5-----------------------
  ... Passed --   5.0  3   64    0
PASS
ok  	raft	8.494s
=======================
Test (2A): initial election ...
  ... Passed --   3.5  3   32    0
Test (2A): election after network failure ...
1-----------------------
2-----------------------
2.1-----------------------
3-----------------------
4-----------------------
5-----------------------
  ... Passed --   5.1  3   71    0
PASS
ok  	raft	8.568s
=======================
Test (2A): initial election ...
  ... Passed --   3.6  3   32    0
Test (2A): election after network failure ...
1-----------------------
2-----------------------
2.1-----------------------
3-----------------------
4-----------------------
5-----------------------
  ... Passed --   5.0  3   70    0
PASS
ok  	raft	8.540s
=======================
Test (2A): initial election ...
  ... Passed --   3.6  3   32    0
Test (2A): election after network failure ...
1-----------------------
2-----------------------
2.1-----------------------
3-----------------------
4-----------------------
5-----------------------
  ... Passed --   4.6  3   82    0
PASS
ok  	raft	8.161s
=======================
Test (2A): initial election ...
  ... Passed --   3.5  3   32    0
Test (2A): election after network failure ...
1-----------------------
2-----------------------
2.1-----------------------
3-----------------------
4-----------------------
5-----------------------
  ... Passed --   5.0  3   68    0
PASS
ok  	raft	8.525s
=======================
Test (2A): initial election ...
  ... Passed --   3.6  3   34    0
Test (2A): election after network failure ...
1-----------------------
2-----------------------
2.1-----------------------
3-----------------------
4-----------------------
5-----------------------
  ... Passed --   6.0  3   80    0
PASS
ok  	raft	9.558s
=======================
Test (2A): initial election ...
  ... Passed --   3.5  3   32    0
Test (2A): election after network failure ...
1-----------------------
2-----------------------
2.1-----------------------
3-----------------------
4-----------------------
5-----------------------
  ... Passed --   5.1  3   72    0
PASS
ok  	raft	8.608s
=======================
Test (2A): initial election ...
  ... Passed --   3.5  3   32    0
Test (2A): election after network failure ...
1-----------------------
2-----------------------
2.1-----------------------
3-----------------------
4-----------------------
5-----------------------
  ... Passed --   6.0  3   84    0
PASS
ok  	raft	9.524s
=======================
Test (2A): initial election ...
  ... Passed --   3.6  3   32    0
Test (2A): election after network failure ...
1-----------------------
2-----------------------
2.1-----------------------
3-----------------------
4-----------------------
5-----------------------
  ... Passed --   5.5  3   70    0
PASS
ok  	raft	9.088s
=======================
Test (2A): initial election ...
  ... Passed --   3.7  3   34    0
Test (2A): election after network failure ...
1-----------------------
2-----------------------
2.1-----------------------
3-----------------------
4-----------------------
5-----------------------
  ... Passed --   4.9  3   65    0
PASS
ok  	raft	8.588s
=======================
Test (2A): initial election ...
  ... Passed --   3.6  3   32    0
Test (2A): election after network failure ...
1-----------------------
2-----------------------
2.1-----------------------
3-----------------------
4-----------------------
5-----------------------
  ... Passed --   5.1  3   64    0
PASS
ok  	raft	8.677s
=======================
Test (2A): initial election ...
  ... Passed --   3.5  3   32    0
Test (2A): election after network failure ...
1-----------------------
2-----------------------
2.1-----------------------
3-----------------------
4-----------------------
5-----------------------
  ... Passed --   5.6  3   79    0
PASS
ok  	raft	9.040s
=======================
Test (2A): initial election ...
  ... Passed --   3.6  3   32    0
Test (2A): election after network failure ...
1-----------------------
2-----------------------
2.1-----------------------
3-----------------------
4-----------------------
5-----------------------
  ... Passed --   5.9  3   76    0
PASS
ok  	raft	9.452s
=======================
Test (2A): initial election ...
  ... Passed --   3.5  3   32    0
Test (2A): election after network failure ...
1-----------------------
2-----------------------
2.1-----------------------
3-----------------------
4-----------------------
5-----------------------
  ... Passed --   5.4  3   78    0
PASS
ok  	raft	8.922s
=======================
Test (2A): initial election ...
  ... Passed --   3.6  3   34    0
Test (2A): election after network failure ...
1-----------------------
2-----------------------
2.1-----------------------
3-----------------------
4-----------------------
5-----------------------
  ... Passed --   4.9  3   69    0
PASS
ok  	raft	8.531s
=======================
Test (2A): initial election ...
  ... Passed --   3.1  3   28    0
Test (2A): election after network failure ...
1-----------------------
2-----------------------
2.1-----------------------
3-----------------------
4-----------------------
5-----------------------
  ... Passed --   4.9  3   68    0
PASS
ok  	raft	8.046s
=======================
Test (2A): initial election ...
  ... Passed --   3.6  3   34    0
Test (2A): election after network failure ...
1-----------------------
2-----------------------
2.1-----------------------
3-----------------------
4-----------------------
5-----------------------
  ... Passed --   5.5  3   79    0
PASS
ok  	raft	9.067s
=======================
Test (2A): initial election ...
  ... Passed --   3.5  3   32    0
Test (2A): election after network failure ...
1-----------------------
2-----------------------
2.1-----------------------
3-----------------------
4-----------------------
5-----------------------
  ... Passed --   5.4  3   70    0
PASS
ok  	raft	8.941s
=======================
Test (2A): initial election ...
  ... Passed --   3.6  3   32    0
Test (2A): election after network failure ...
1-----------------------
2-----------------------
2.1-----------------------
3-----------------------
4-----------------------
5-----------------------
  ... Passed --   5.0  3   72    0
PASS
ok  	raft	8.603s
=======================
Test (2A): initial election ...
  ... Passed --   3.6  3   32    0
Test (2A): election after network failure ...
1-----------------------
2-----------------------
2.1-----------------------
3-----------------------
4-----------------------
5-----------------------
  ... Passed --   5.9  3   76    0
PASS
ok  	raft	9.420s
=======================
Test (2A): initial election ...
  ... Passed --   3.6  3   32    0
Test (2A): election after network failure ...
1-----------------------
2-----------------------
2.1-----------------------
3-----------------------
4-----------------------
5-----------------------
  ... Passed --   5.5  3   78    0
PASS
ok  	raft	9.113s
=======================
Test (2A): initial election ...
  ... Passed --   3.5  3   32    0
Test (2A): election after network failure ...
1-----------------------
2-----------------------
2.1-----------------------
3-----------------------
4-----------------------
5-----------------------
  ... Passed --   5.0  3   71    0
PASS
ok  	raft	8.577s
=======================
Test (2A): initial election ...
  ... Passed --   3.6  3   32    0
Test (2A): election after network failure ...
1-----------------------
2-----------------------
2.1-----------------------
3-----------------------
4-----------------------
5-----------------------
  ... Passed --   5.0  3   68    0
PASS
ok  	raft	8.595s
=======================
Test (2A): initial election ...
  ... Passed --   3.6  3   34    0
Test (2A): election after network failure ...
1-----------------------
2-----------------------
2.1-----------------------
3-----------------------
4-----------------------
5-----------------------
  ... Passed --   5.0  3   69    0
PASS
ok  	raft	8.643s
=======================
Test (2A): initial election ...
  ... Passed --   3.5  3   32    0
Test (2A): election after network failure ...
1-----------------------
2-----------------------
2.1-----------------------
3-----------------------
4-----------------------
5-----------------------
  ... Passed --   6.2  3   90    0
PASS
ok  	raft	9.714s
=======================
Test (2A): initial election ...
  ... Passed --   3.5  3   32    0
Test (2A): election after network failure ...
1-----------------------
2-----------------------
2.1-----------------------
3-----------------------
4-----------------------
5-----------------------
  ... Passed --   7.5  3  112    0
PASS
ok  	raft	11.024s
=======================
Test (2A): initial election ...
  ... Passed --   3.5  3   32    0
Test (2A): election after network failure ...
1-----------------------
2-----------------------
2.1-----------------------
3-----------------------
4-----------------------
5-----------------------
  ... Passed --   5.4  3   70    0
PASS
ok  	raft	8.939s
=======================
Test (2A): initial election ...
  ... Passed --   3.5  3   32    0
Test (2A): election after network failure ...
1-----------------------
2-----------------------
2.1-----------------------
3-----------------------
4-----------------------
5-----------------------
  ... Passed --   5.5  3   76    0
PASS
ok  	raft	9.029s
=======================
Test (2A): initial election ...
  ... Passed --   3.5  3   32    0
Test (2A): election after network failure ...
1-----------------------
2-----------------------
2.1-----------------------
3-----------------------
4-----------------------
5-----------------------
  ... Passed --   6.0  3   86    0
PASS
ok  	raft	9.530s
=======================
Test (2A): initial election ...
  ... Passed --   3.5  3   32    0
Test (2A): election after network failure ...
1-----------------------
2-----------------------
2.1-----------------------
3-----------------------
4-----------------------
5-----------------------
  ... Passed --   5.5  3   72    0
PASS
ok  	raft	9.019s
=======================
Test (2A): initial election ...
  ... Passed --   3.5  3   32    0
Test (2A): election after network failure ...
1-----------------------
2-----------------------
2.1-----------------------
3-----------------------
4-----------------------
5-----------------------
  ... Passed --   5.0  3   62    0
PASS
ok  	raft	8.602s
=======================
