Test (2B): basic agreement ...
  ... Passed --   1.3  5   32    3
Test (2B): agreement despite follower disconnection ...
1------------------------
2------------------------
3------------------------
  ... Passed --   6.7  3  145    8
Test (2B): no agreement if too many followers disconnect ...
  ... Passed --   3.8  5  322    3
Test (2B): concurrent Start()s ...
  ... Passed --   1.2  3   22    6
Test (2B): rejoin of partitioned leader ...
  ... Passed --   6.9  3  287    4
Test (2B): leader backs up quickly over incorrect follower logs ...
  ... Passed --  33.8  5 7183  105
Test (2B): RPC counts aren't too high ...
  ... Passed --   2.9  3   50   12
PASS
ok  	raft	56.644s
=======================
Test (2B): basic agreement ...
  ... Passed --   1.2  5   32    3
Test (2B): agreement despite follower disconnection ...
1------------------------
2------------------------
3------------------------
  ... Passed --   6.6  3  148    8
Test (2B): no agreement if too many followers disconnect ...
  ... Passed --   4.0  5  323    3
Test (2B): concurrent Start()s ...
  ... Passed --   1.4  3   24    6
Test (2B): rejoin of partitioned leader ...
  ... Passed --   6.7  3  280    4
Test (2B): leader backs up quickly over incorrect follower logs ...
  ... Passed --  33.8  5 7154  105
Test (2B): RPC counts aren't too high ...
  ... Passed --   2.9  3   50   12
PASS
ok  	raft	56.595s
=======================
Test (2B): basic agreement ...
  ... Passed --   1.1  5   32    3
Test (2B): agreement despite follower disconnection ...
1------------------------
2------------------------
3------------------------
  ... Passed --   6.6  3  148    8
Test (2B): no agreement if too many followers disconnect ...
  ... Passed --   3.9  5  323    3
Test (2B): concurrent Start()s ...
  ... Passed --   1.4  3   24    6
Test (2B): rejoin of partitioned leader ...
  ... Passed --   4.9  3  267    4
Test (2B): leader backs up quickly over incorrect follower logs ...
  ... Passed --  33.8  5 7171  105
Test (2B): RPC counts aren't too high ...
  ... Passed --   2.4  3   46   12
PASS
ok  	raft	54.243s
=======================
Test (2B): basic agreement ...
  ... Passed --   1.2  5   36    3
Test (2B): agreement despite follower disconnection ...
1------------------------
2------------------------
3------------------------
  ... Passed --   6.9  3  151    8
Test (2B): no agreement if too many followers disconnect ...
  ... Passed --   4.0  5  322    3
Test (2B): concurrent Start()s ...
  ... Passed --   1.2  3   22    6
Test (2B): rejoin of partitioned leader ...
  ... Passed --   5.0  3  282    4
Test (2B): leader backs up quickly over incorrect follower logs ...
  ... Passed --  33.7  5 7167  104
Test (2B): RPC counts aren't too high ...
  ... Passed --   2.9  3   50   12
PASS
ok  	raft	54.831s
=======================
Test (2B): basic agreement ...
  ... Passed --   1.1  5   32    3
Test (2B): agreement despite follower disconnection ...
1------------------------
2------------------------
3------------------------
  ... Passed --   6.7  3  145    8
Test (2B): no agreement if too many followers disconnect ...
  ... Passed --   3.9  5  318    3
Test (2B): concurrent Start()s ...
  ... Passed --   1.3  3   22    6
Test (2B): rejoin of partitioned leader ...
  ... Passed --   6.8  3  277    4
Test (2B): leader backs up quickly over incorrect follower logs ...
  ... Passed --  33.3  5 7060  105
Test (2B): RPC counts aren't too high ...
  ... Passed --   2.9  3   50   12
PASS
ok  	raft	55.960s
=======================
Test (2B): basic agreement ...
  ... Passed --   1.2  5   32    3
Test (2B): agreement despite follower disconnection ...
1------------------------
2------------------------
3------------------------
  ... Passed --   6.6  3  145    8
Test (2B): no agreement if too many followers disconnect ...
  ... Passed --   4.0  5  322    3
Test (2B): concurrent Start()s ...
  ... Passed --   1.5  3   24    6
Test (2B): rejoin of partitioned leader ...
  ... Passed --   4.7  3  258    4
Test (2B): leader backs up quickly over incorrect follower logs ...
  ... Passed --  33.9  5 7172  105
Test (2B): RPC counts aren't too high ...
  ... Passed --   2.8  3   50   12
PASS
ok  	raft	54.671s
=======================
Test (2B): basic agreement ...
  ... Passed --   1.1  5   32    3
Test (2B): agreement despite follower disconnection ...
1------------------------
2------------------------
3------------------------
  ... Passed --   6.8  3  145    8
Test (2B): no agreement if too many followers disconnect ...
  ... Passed --   4.4  5  327    3
Test (2B): concurrent Start()s ...
  ... Passed --   1.4  3   24    6
Test (2B): rejoin of partitioned leader ...
  ... Passed --   4.9  3  263    4
Test (2B): leader backs up quickly over incorrect follower logs ...
  ... Passed --  33.7  5 7137  104
Test (2B): RPC counts aren't too high ...
  ... Passed --   2.9  3   50   12
PASS
ok  	raft	55.269s
=======================
Test (2B): basic agreement ...
  ... Passed --   1.2  5   32    3
Test (2B): agreement despite follower disconnection ...
1------------------------
2------------------------
3------------------------
  ... Passed --   6.5  3  144    8
Test (2B): no agreement if too many followers disconnect ...
  ... Passed --   3.9  5  327    3
Test (2B): concurrent Start()s ...
  ... Passed --   1.3  3   24    6
Test (2B): rejoin of partitioned leader ...
  ... Passed --   6.8  3  284    4
Test (2B): leader backs up quickly over incorrect follower logs ...
  ... Passed --  33.8  5 7126  104
Test (2B): RPC counts aren't too high ...
  ... Passed --   2.9  3   50   12
PASS
ok  	raft	56.416s
=======================
Test (2B): basic agreement ...
  ... Passed --   1.2  5   32    3
Test (2B): agreement despite follower disconnection ...
1------------------------
2------------------------
3------------------------
  ... Passed --   6.8  3  147    8
Test (2B): no agreement if too many followers disconnect ...
  ... Passed --   4.6  5  336    4
Test (2B): concurrent Start()s ...
  ... Passed --   1.4  3   24    6
Test (2B): rejoin of partitioned leader ...
  ... Passed --   4.7  3  261    4
Test (2B): leader backs up quickly over incorrect follower logs ...
  ... Passed --  33.9  5 7147  105
Test (2B): RPC counts aren't too high ...
  ... Passed --   2.9  3   50   12
PASS
ok  	raft	55.548s
=======================
Test (2B): basic agreement ...
  ... Passed --   1.2  5   32    3
Test (2B): agreement despite follower disconnection ...
1------------------------
2------------------------
3------------------------
  ... Passed --   6.5  3  143    7
Test (2B): no agreement if too many followers disconnect ...
  ... Passed --   3.8  5  319    3
Test (2B): concurrent Start()s ...
  ... Passed --   1.5  3   24    6
Test (2B): rejoin of partitioned leader ...
  ... Passed --   7.7  3  353    4
Test (2B): leader backs up quickly over incorrect follower logs ...
  ... Passed --  33.7  5 7151  105
Test (2B): RPC counts aren't too high ...
  ... Passed --   2.9  3   48   12
PASS
ok  	raft	57.515s
=======================
