last heard time 1544688526735, timeout 446
last heard time 1544688526735, timeout 365
last heard time 1544688526735, timeout 436
Test (2A): initial election ...
2018/12/13/ 16:04:08.101 peer 1 starts election
2018/12/13/ 16:04:08.102 peer 2(votedFor 1) current term 0 vote peer 1 current term 1: true
2018/12/13/ 16:04:08.102 peer 0(votedFor 1) current term 0 vote peer 1 current term 1: true
2018/12/13/ 16:04:08.102 peer 1 becomes leader
start hb
2018/12/13/ 16:04:08.103 leader 1 send hb to peer 0
 2018/12/13/ 16:04:08.103 leader 1 send hb to peer 2
 2018/12/13/ 16:04:08.203 leader 1 send hb to peer 2
 2018/12/13/ 16:04:08.203 leader 1 send hb to peer 0
 2018/12/13/ 16:04:08.304 leader 1 send hb to peer 2
 2018/12/13/ 16:04:08.304 leader 1 send hb to peer 0
 2018/12/13/ 16:04:08.404 leader 1 send hb to peer 0
 2018/12/13/ 16:04:08.404 leader 1 send hb to peer 2
 2018/12/13/ 16:04:08.504 leader 1 send hb to peer 2
 2018/12/13/ 16:04:08.504 leader 1 send hb to peer 0
 2018/12/13/ 16:04:08.604 leader 1 send hb to peer 2
 2018/12/13/ 16:04:08.604 leader 1 send hb to peer 0
 2018/12/13/ 16:04:08.704 leader 1 send hb to peer 0
 2018/12/13/ 16:04:08.705 leader 1 send hb to peer 2
 2018/12/13/ 16:04:08.805 leader 1 send hb to peer 0
 2018/12/13/ 16:04:08.805 leader 1 send hb to peer 2
 2018/12/13/ 16:04:08.905 leader 1 send hb to peer 2
 2018/12/13/ 16:04:08.905 leader 1 send hb to peer 0
 2018/12/13/ 16:04:08.005 leader 1 send hb to peer 2
 2018/12/13/ 16:04:08.006 leader 1 send hb to peer 0
 2018/12/13/ 16:04:08.106 leader 1 send hb to peer 2
 2018/12/13/ 16:04:08.106 leader 1 send hb to peer 0
 2018/12/13/ 16:04:08.206 leader 1 send hb to peer 2
 2018/12/13/ 16:04:08.206 leader 1 send hb to peer 0
 2018/12/13/ 16:04:08.306 leader 1 send hb to peer 0
 2018/12/13/ 16:04:08.306 leader 1 send hb to peer 2
 2018/12/13/ 16:04:08.407 leader 1 send hb to peer 2
 2018/12/13/ 16:04:08.407 leader 1 send hb to peer 0
 2018/12/13/ 16:04:08.507 leader 1 send hb to peer 2
 2018/12/13/ 16:04:08.507 leader 1 send hb to peer 0
 2018/12/13/ 16:04:08.607 leader 1 send hb to peer 2
 2018/12/13/ 16:04:08.607 leader 1 send hb to peer 0
 2018/12/13/ 16:04:08.708 leader 1 send hb to peer 2
 2018/12/13/ 16:04:08.708 leader 1 send hb to peer 0
 2018/12/13/ 16:04:08.808 leader 1 send hb to peer 2
 2018/12/13/ 16:04:08.808 leader 1 send hb to peer 0
 2018/12/13/ 16:04:08.908 leader 1 send hb to peer 2
 2018/12/13/ 16:04:08.909 leader 1 send hb to peer 0
 2018/12/13/ 16:04:08.009 leader 1 send hb to peer 2
 2018/12/13/ 16:04:08.009 leader 1 send hb to peer 0
 2018/12/13/ 16:04:08.109 leader 1 send hb to peer 2
 2018/12/13/ 16:04:08.109 leader 1 send hb to peer 0
 2018/12/13/ 16:04:08.209 leader 1 send hb to peer 2
 2018/12/13/ 16:04:08.209 leader 1 send hb to peer 0
 2018/12/13/ 16:04:08.310 leader 1 send hb to peer 2
 2018/12/13/ 16:04:08.310 leader 1 send hb to peer 0
 2018/12/13/ 16:04:08.410 leader 1 send hb to peer 0
 2018/12/13/ 16:04:08.410 leader 1 send hb to peer 2
 2018/12/13/ 16:04:08.511 leader 1 send hb to peer 2
 2018/12/13/ 16:04:08.511 leader 1 send hb to peer 0
 2018/12/13/ 16:04:08.611 leader 1 send hb to peer 2
 2018/12/13/ 16:04:08.611 leader 1 send hb to peer 0
 2018/12/13/ 16:04:08.711 leader 1 send hb to peer 2
 2018/12/13/ 16:04:08.711 leader 1 send hb to peer 0
   ... Passed --   3.0  3   56    0
last heard time 1544688529771, timeout 366
last heard time 1544688529771, timeout 373
last heard time 1544688529771, timeout 485
Test (2A): election after network failure ...
2018/12/13/ 16:04:08.146 peer 0 starts election
2018/12/13/ 16:04:08.146 peer 1 starts election
2018/12/13/ 16:04:08.146 peer 2(votedFor 0) current term 0 vote peer 0 current term 1: true
2018/12/13/ 16:04:08.146 peer 2(votedFor 1) current term 1 vote peer 1 current term 1: true
2018/12/13/ 16:04:08.146 peer 0(votedFor 1) current term 1 vote peer 1 current term 1: true
2018/12/13/ 16:04:08.146 peer 1(votedFor 0) current term 1 vote peer 0 current term 1: true
2018/12/13/ 16:04:08.146 peer 1 becomes leader
start hb
2018/12/13/ 16:04:08.146 peer 0 becomes leader
start hb
2018/12/13/ 16:04:08.146 leader 1 send hb to peer 2
 2018/12/13/ 16:04:08.146 leader 0 send hb to peer 2
 2018/12/13/ 16:04:08.146 leader 1 send hb to peer 0
 2018/12/13/ 16:04:08.147 leader 0 send hb to peer 1
 2018/12/13/ 16:04:08.152 peer 0 starts election
2018/12/13/ 16:04:08.207 peer 2 starts election
2018/12/13/ 16:04:08.246 leader 0 send hb to peer 2
 2018/12/13/ 16:04:08.247 leader 0 send hb to peer 1
 2018/12/13/ 16:04:08.247 leader 1 send hb to peer 0
 2018/12/13/ 16:04:08.247 leader 1 send hb to peer 2
 --- FAIL: TestReElection2A (0.49s)
	config.go:315: term 1 has 2 (>1) leaders
FAIL
exit status 1
FAIL	raft	3.553s
=======================
last heard time 1544688531384, timeout 468
last heard time 1544688531384, timeout 440
last heard time 1544688531385, timeout 457
Test (2A): initial election ...
2018/12/13/ 16:04:08.832 peer 1 starts election
2018/12/13/ 16:04:08.833 peer 2(votedFor 1) current term 0 vote peer 1 current term 1: true
2018/12/13/ 16:04:08.834 peer 1 becomes leader
2018/12/13/ 16:04:08.834 peer 0(votedFor 1) current term 0 vote peer 1 current term 1: true
start hb
2018/12/13/ 16:04:08.834 leader 1 send hb to peer 0
 2018/12/13/ 16:04:08.834 leader 1 send hb to peer 2
 2018/12/13/ 16:04:08.934 leader 1 send hb to peer 2
 2018/12/13/ 16:04:08.934 leader 1 send hb to peer 0
 2018/12/13/ 16:04:08.034 leader 1 send hb to peer 2
 2018/12/13/ 16:04:08.035 leader 1 send hb to peer 0
 2018/12/13/ 16:04:08.135 leader 1 send hb to peer 2
 2018/12/13/ 16:04:08.136 leader 1 send hb to peer 0
 2018/12/13/ 16:04:08.235 leader 1 send hb to peer 0
 2018/12/13/ 16:04:08.235 leader 1 send hb to peer 2
 2018/12/13/ 16:04:08.336 leader 1 send hb to peer 2
 2018/12/13/ 16:04:08.336 leader 1 send hb to peer 0
 2018/12/13/ 16:04:08.436 leader 1 send hb to peer 2
 2018/12/13/ 16:04:08.436 leader 1 send hb to peer 0
 2018/12/13/ 16:04:08.536 leader 1 send hb to peer 2
 2018/12/13/ 16:04:08.536 leader 1 send hb to peer 0
 2018/12/13/ 16:04:08.637 leader 1 send hb to peer 2
 2018/12/13/ 16:04:08.637 leader 1 send hb to peer 0
 2018/12/13/ 16:04:08.737 leader 1 send hb to peer 0
 2018/12/13/ 16:04:08.737 leader 1 send hb to peer 2
 2018/12/13/ 16:04:08.837 leader 1 send hb to peer 2
 2018/12/13/ 16:04:08.837 leader 1 send hb to peer 0
 2018/12/13/ 16:04:08.937 leader 1 send hb to peer 2
 2018/12/13/ 16:04:08.938 leader 1 send hb to peer 0
 2018/12/13/ 16:04:08.038 leader 1 send hb to peer 2
 2018/12/13/ 16:04:08.038 leader 1 send hb to peer 0
 2018/12/13/ 16:04:08.138 leader 1 send hb to peer 2
 2018/12/13/ 16:04:08.138 leader 1 send hb to peer 0
 2018/12/13/ 16:04:08.238 leader 1 send hb to peer 2
 2018/12/13/ 16:04:08.238 leader 1 send hb to peer 0
 2018/12/13/ 16:04:08.338 leader 1 send hb to peer 2
 2018/12/13/ 16:04:08.339 leader 1 send hb to peer 0
 2018/12/13/ 16:04:08.439 leader 1 send hb to peer 0
 2018/12/13/ 16:04:08.439 leader 1 send hb to peer 2
 2018/12/13/ 16:04:08.539 leader 1 send hb to peer 2
 2018/12/13/ 16:04:08.539 leader 1 send hb to peer 0
 2018/12/13/ 16:04:08.640 leader 1 send hb to peer 2
 2018/12/13/ 16:04:08.640 leader 1 send hb to peer 0
 2018/12/13/ 16:04:08.740 leader 1 send hb to peer 2
 2018/12/13/ 16:04:08.740 leader 1 send hb to peer 0
 2018/12/13/ 16:04:08.841 leader 1 send hb to peer 2
 2018/12/13/ 16:04:08.841 leader 1 send hb to peer 0
 2018/12/13/ 16:04:08.941 leader 1 send hb to peer 2
 2018/12/13/ 16:04:08.941 leader 1 send hb to peer 0
 2018/12/13/ 16:04:08.042 leader 1 send hb to peer 2
 2018/12/13/ 16:04:08.042 leader 1 send hb to peer 0
 2018/12/13/ 16:04:08.142 leader 1 send hb to peer 2
 2018/12/13/ 16:04:08.142 leader 1 send hb to peer 0
 2018/12/13/ 16:04:08.242 leader 1 send hb to peer 0
 2018/12/13/ 16:04:08.243 leader 1 send hb to peer 2
 2018/12/13/ 16:04:08.343 leader 1 send hb to peer 2
 2018/12/13/ 16:04:08.343 leader 1 send hb to peer 0
   ... Passed --   3.0  3   54    0
last heard time 1544688534435, timeout 357
last heard time 1544688534435, timeout 494
last heard time 1544688534435, timeout 444
Test (2A): election after network failure ...
2018/12/13/ 16:04:08.741 peer 0 starts election
2018/12/13/ 16:04:08.798 peer 0 starts election
2018/12/13/ 16:04:08.799 peer 1(votedFor 0) current term 0 vote peer 0 current term 1: true
2018/12/13/ 16:04:08.799 peer 2(votedFor 0) current term 0 vote peer 0 current term 1: true
2018/12/13/ 16:04:08.799 peer 0 becomes leader
start hb
2018/12/13/ 16:04:08.799 leader 0 send hb to peer 2
 2018/12/13/ 16:04:08.799 leader 0 send hb to peer 1
 2018/12/13/ 16:04:08.835 peer 2 starts election
2018/12/13/ 16:04:08.899 leader 0 send hb to peer 2
 2018/12/13/ 16:04:08.899 leader 0 send hb to peer 1
 1-----------------------
2018/12/13/ 16:04:08.219 peer 0 starts election
2018/12/13/ 16:04:08.282 peer 2 starts election
2018/12/13/ 16:04:08.338 peer 1 starts election
2018/12/13/ 16:04:08.338 peer 2 starts election
2018/12/13/ 16:04:08.338 peer 2(votedFor 1) current term 2 vote peer 1 current term 2: true
2018/12/13/ 16:04:08.338 peer 1(votedFor 2) current term 2 vote peer 2 current term 2: true
2018/12/13/ 16:04:08.339 peer 1 becomes leader
start hb
2018/12/13/ 16:04:08.339 peer 2 becomes leader
start hb
2018/12/13/ 16:04:08.339 leader 1 send hb to peer 2
 2018/12/13/ 16:04:08.339 leader 2 send hb to peer 1
 2018/12/13/ 16:04:08.439 leader 1 send hb to peer 2
 2018/12/13/ 16:04:08.439 leader 2 send hb to peer 1
 --- FAIL: TestReElection2A (1.08s)
	config.go:315: term 2 has 2 (>1) leaders
FAIL
exit status 1
FAIL	raft	4.183s
=======================
last heard time 1544688536613, timeout 480
last heard time 1544688536613, timeout 369
last heard time 1544688536613, timeout 452
Test (2A): initial election ...
2018/12/13/ 16:04:08.988 peer 1 starts election
2018/12/13/ 16:04:08.989 peer 2(votedFor 1) current term 0 vote peer 1 current term 1: true
2018/12/13/ 16:04:08.990 peer 1 becomes leader
start hb
2018/12/13/ 16:04:08.990 peer 0(votedFor 1) current term 0 vote peer 1 current term 1: true
2018/12/13/ 16:04:08.990 leader 1 send hb to peer 2
 2018/12/13/ 16:04:08.990 leader 1 send hb to peer 0
 2018/12/13/ 16:04:08.090 leader 1 send hb to peer 2
 2018/12/13/ 16:04:08.090 leader 1 send hb to peer 0
 2018/12/13/ 16:04:08.191 leader 1 send hb to peer 0
 2018/12/13/ 16:04:08.191 leader 1 send hb to peer 2
 2018/12/13/ 16:04:08.291 leader 1 send hb to peer 2
 2018/12/13/ 16:04:08.291 leader 1 send hb to peer 0
 2018/12/13/ 16:04:08.391 leader 1 send hb to peer 2
 2018/12/13/ 16:04:08.391 leader 1 send hb to peer 0
 2018/12/13/ 16:04:08.492 leader 1 send hb to peer 2
 2018/12/13/ 16:04:08.492 leader 1 send hb to peer 0
 2018/12/13/ 16:04:08.592 leader 1 send hb to peer 2
 2018/12/13/ 16:04:08.592 leader 1 send hb to peer 0
 2018/12/13/ 16:04:08.692 leader 1 send hb to peer 0
 2018/12/13/ 16:04:08.692 leader 1 send hb to peer 2
 2018/12/13/ 16:04:08.792 leader 1 send hb to peer 0
 2018/12/13/ 16:04:08.793 leader 1 send hb to peer 2
 2018/12/13/ 16:04:08.893 leader 1 send hb to peer 0
 2018/12/13/ 16:04:08.893 leader 1 send hb to peer 2
 2018/12/13/ 16:04:08.994 leader 1 send hb to peer 2
 2018/12/13/ 16:04:08.994 leader 1 send hb to peer 0
 2018/12/13/ 16:04:08.094 leader 1 send hb to peer 2
 2018/12/13/ 16:04:08.094 leader 1 send hb to peer 0
 2018/12/13/ 16:04:08.194 leader 1 send hb to peer 0
 2018/12/13/ 16:04:08.194 leader 1 send hb to peer 2
 2018/12/13/ 16:04:08.294 leader 1 send hb to peer 2
 2018/12/13/ 16:04:08.295 leader 1 send hb to peer 0
 2018/12/13/ 16:04:08.395 leader 1 send hb to peer 2
 2018/12/13/ 16:04:08.395 leader 1 send hb to peer 0
 2018/12/13/ 16:04:08.495 leader 1 send hb to peer 2
 2018/12/13/ 16:04:08.495 leader 1 send hb to peer 0
 2018/12/13/ 16:04:08.595 leader 1 send hb to peer 2
 2018/12/13/ 16:04:08.595 leader 1 send hb to peer 0
 2018/12/13/ 16:04:08.696 leader 1 send hb to peer 0
 2018/12/13/ 16:04:08.696 leader 1 send hb to peer 2
 2018/12/13/ 16:04:08.796 leader 1 send hb to peer 2
 2018/12/13/ 16:04:08.796 leader 1 send hb to peer 0
 2018/12/13/ 16:04:08.896 leader 1 send hb to peer 0
 2018/12/13/ 16:04:08.896 leader 1 send hb to peer 2
 2018/12/13/ 16:04:08.997 leader 1 send hb to peer 2
 2018/12/13/ 16:04:08.997 leader 1 send hb to peer 0
 2018/12/13/ 16:04:08.097 leader 1 send hb to peer 2
 2018/12/13/ 16:04:08.098 leader 1 send hb to peer 0
 2018/12/13/ 16:04:08.198 leader 1 send hb to peer 2
 2018/12/13/ 16:04:08.198 leader 1 send hb to peer 0
 2018/12/13/ 16:04:08.298 leader 1 send hb to peer 2
 2018/12/13/ 16:04:08.298 leader 1 send hb to peer 0
 2018/12/13/ 16:04:08.398 leader 1 send hb to peer 2
 2018/12/13/ 16:04:08.398 leader 1 send hb to peer 0
 2018/12/13/ 16:04:08.499 leader 1 send hb to peer 2
 2018/12/13/ 16:04:08.499 leader 1 send hb to peer 0
 2018/12/13/ 16:04:08.599 leader 1 send hb to peer 0
 2018/12/13/ 16:04:08.599 leader 1 send hb to peer 2
   ... Passed --   3.0  3   56    0
last heard time 1544688539649, timeout 352
last heard time 1544688539649, timeout 410
last heard time 1544688539649, timeout 493
Test (2A): election after network failure ...
2018/12/13/ 16:04:08.991 peer 0 starts election
2018/12/13/ 16:04:08.991 peer 2 starts election
2018/12/13/ 16:04:09.003 peer 0 starts election
2018/12/13/ 16:04:09.003 peer 1(votedFor 0) current term 0 vote peer 0 current term 1: true
2018/12/13/ 16:04:09.003 peer 2(votedFor 0) current term 0 vote peer 0 current term 1: true
2018/12/13/ 16:04:09.003 peer 0 becomes leader
start hb
2018/12/13/ 16:04:09.003 leader 0 send hb to peer 2
 2018/12/13/ 16:04:09.004 leader 0 send hb to peer 1
 2018/12/13/ 16:04:09.104 leader 0 send hb to peer 1
 2018/12/13/ 16:04:09.104 leader 0 send hb to peer 2
 1-----------------------
2018/12/13/ 16:04:09.356 peer 2 starts election
2018/12/13/ 16:04:09.397 peer 0 starts election
2018/12/13/ 16:04:09.501 peer 1 starts election
2018/12/13/ 16:04:09.501 peer 2(votedFor 1) current term 1 vote peer 1 current term 2: true
2018/12/13/ 16:04:09.502 peer 1 becomes leader
start hb
2018/12/13/ 16:04:09.502 leader 1 send hb to peer 2
 2018/12/13/ 16:04:09.602 leader 1 send hb to peer 2
 2-----------------------
2.1-----------------------
2018/12/13/ 16:04:09.703 leader 1 send hb to peer 2
 2018/12/13/ 16:04:09.703 leader 1 send hb to peer 0
 leader 0 becomes follower
2018/12/13/ 16:04:09.803 leader 1 send hb to peer 0
 2018/12/13/ 16:04:09.803 leader 1 send hb to peer 2
 2018/12/13/ 16:04:09.803 peer 2 starts election
leader 0 return !!!
2018/12/13/ 16:04:09.897 peer 0 starts election
2018/12/13/ 16:04:09.903 leader 1 send hb to peer 2
 2018/12/13/ 16:04:09.903 leader 1 send hb to peer 0
 2018/12/13/ 16:04:09.004 leader 1 send hb to peer 0
 2018/12/13/ 16:04:09.004 leader 1 send hb to peer 2
 2018/12/13/ 16:04:09.104 leader 1 send hb to peer 2
 2018/12/13/ 16:04:09.104 leader 1 send hb to peer 0
 3-----------------------
2018/12/13/ 16:04:09.303 peer 2 starts election
2018/12/13/ 16:04:09.354 peer 0 starts election
2018/12/13/ 16:04:09.497 peer 0 starts election
2018/12/13/ 16:04:09.605 peer 2 starts election
2018/12/13/ 16:04:09.771 peer 2 starts election
2018/12/13/ 16:04:09.792 peer 0 starts election
2018/12/13/ 16:04:09.987 peer 0 starts election
2018/12/13/ 16:04:09.021 peer 2 starts election
2018/12/13/ 16:04:09.176 peer 2 starts election
2018/12/13/ 16:04:09.186 peer 0 starts election
2018/12/13/ 16:04:09.383 peer 2 starts election
2018/12/13/ 16:04:09.454 peer 0 starts election
2018/12/13/ 16:04:09.549 peer 2 starts election
2018/12/13/ 16:04:09.570 peer 0 starts election
2018/12/13/ 16:04:09.839 peer 0 starts election
2018/12/13/ 16:04:09.870 peer 2 starts election
2018/12/13/ 16:04:09.923 peer 2 starts election
2018/12/13/ 16:04:09.996 peer 0 starts election
4-----------------------
2018/12/13/ 16:04:09.235 peer 0 starts election
2018/12/13/ 16:04:09.235 peer 2(votedFor 0) current term 6 vote peer 0 current term 7: true
2018/12/13/ 16:04:09.235 peer 0 becomes leader
start hb
2018/12/13/ 16:04:09.235 leader 0 send hb to peer 2
 2018/12/13/ 16:04:09.336 leader 0 send hb to peer 2
 2018/12/13/ 16:04:09.392 peer 2 starts election
2018/12/13/ 16:04:09.436 leader 0 send hb to peer 2
 2018/12/13/ 16:04:09.496 peer 0 starts election
2018/12/13/ 16:04:09.536 leader 0 send hb to peer 2
 2018/12/13/ 16:04:09.637 leader 0 send hb to peer 2
 5-----------------------
leader 1 becomes follower
2018/12/13/ 16:04:09.737 leader 0 send hb to peer 2
 2018/12/13/ 16:04:09.737 leader 0 send hb to peer 1
 2018/12/13/ 16:04:09.744 peer 2 starts election
leader 1 return !!!
2018/12/13/ 16:04:09.837 leader 0 send hb to peer 2
 2018/12/13/ 16:04:09.837 leader 0 send hb to peer 1
 2018/12/13/ 16:04:09.938 leader 0 send hb to peer 2
 2018/12/13/ 16:04:09.938 leader 0 send hb to peer 1
 2018/12/13/ 16:04:09.941 peer 0 starts election
2018/12/13/ 16:04:09.038 leader 0 send hb to peer 1
 2018/12/13/ 16:04:09.039 leader 0 send hb to peer 2
 2018/12/13/ 16:04:09.139 leader 0 send hb to peer 2
 2018/12/13/ 16:04:09.139 leader 0 send hb to peer 1
 2018/12/13/ 16:04:09.170 peer 2 starts election
  ... Passed --   4.5  3  124    0
PASS
ok  	raft	7.603s
=======================
last heard time 1544688545195, timeout 350
last heard time 1544688545195, timeout 350
last heard time 1544688545195, timeout 467
Test (2A): initial election ...
2018/12/13/ 16:04:09.548 peer 0 starts election
2018/12/13/ 16:04:09.548 peer 1 starts election
2018/12/13/ 16:04:09.549 peer 2(votedFor 0) current term 0 vote peer 0 current term 1: true
2018/12/13/ 16:04:09.549 peer 1(votedFor 0) current term 1 vote peer 0 current term 1: true
2018/12/13/ 16:04:09.549 peer 2(votedFor 1) current term 1 vote peer 1 current term 1: true
2018/12/13/ 16:04:09.549 peer 1 becomes leader
2018/12/13/ 16:04:09.549 peer 0 becomes leader
2018/12/13/ 16:04:09.549 peer 0(votedFor 1) current term 1 vote peer 1 current term 1: true
start hb
2018/12/13/ 16:04:09.549 leader 1 send hb to peer 2
 start hb
2018/12/13/ 16:04:09.550 leader 0 send hb to peer 1
 2018/12/13/ 16:04:09.550 leader 0 send hb to peer 2
 2018/12/13/ 16:04:09.550 leader 1 send hb to peer 0
 2018/12/13/ 16:04:09.650 leader 1 send hb to peer 2
 2018/12/13/ 16:04:09.650 leader 1 send hb to peer 0
 2018/12/13/ 16:04:09.650 leader 0 send hb to peer 2
 2018/12/13/ 16:04:09.650 leader 0 send hb to peer 1
 --- FAIL: TestInitialElection2A (0.48s)
	config.go:315: term 1 has 2 (>1) leaders
last heard time 1544688545673, timeout 440
last heard time 1544688545673, timeout 493
last heard time 1544688545673, timeout 354
Test (2A): election after network failure ...
2018/12/13/ 16:04:09.027 peer 2 starts election
2018/12/13/ 16:04:09.027 peer 0(votedFor 2) current term 0 vote peer 2 current term 1: true
2018/12/13/ 16:04:09.028 peer 2 becomes leader
start hb
2018/12/13/ 16:04:09.028 peer 1(votedFor 2) current term 0 vote peer 2 current term 1: true
2018/12/13/ 16:04:09.028 leader 2 send hb to peer 1
 2018/12/13/ 16:04:09.028 leader 2 send hb to peer 0
 2018/12/13/ 16:04:09.078 peer 2 starts election
2018/12/13/ 16:04:09.128 leader 2 send hb to peer 0
 2018/12/13/ 16:04:09.128 leader 2 send hb to peer 1
 1-----------------------
2018/12/13/ 16:04:09.506 peer 1 starts election
2018/12/13/ 16:04:09.506 peer 0(votedFor 1) current term 1 vote peer 1 current term 2: true
2018/12/13/ 16:04:09.506 peer 1 becomes leader
start hb
2018/12/13/ 16:04:09.507 leader 1 send hb to peer 0
 2018/12/13/ 16:04:09.525 peer 2 starts election
2018/12/13/ 16:04:09.607 leader 1 send hb to peer 0
 2018/12/13/ 16:04:09.707 leader 1 send hb to peer 0
 2-----------------------
2.1-----------------------
2018/12/13/ 16:04:09.808 leader 1 send hb to peer 0
 2018/12/13/ 16:04:09.808 leader 1 send hb to peer 2
 leader 2 becomes follower
2018/12/13/ 16:04:09.908 leader 1 send hb to peer 2
 2018/12/13/ 16:04:09.908 leader 1 send hb to peer 0
 leader 2 return !!!
2018/12/13/ 16:04:09.993 peer 2 starts election
2018/12/13/ 16:04:09.008 leader 1 send hb to peer 0
 2018/12/13/ 16:04:09.008 leader 1 send hb to peer 2
 2018/12/13/ 16:04:09.108 leader 1 send hb to peer 0
 2018/12/13/ 16:04:09.108 leader 1 send hb to peer 2
 3-----------------------
2018/12/13/ 16:04:09.400 peer 2 starts election
2018/12/13/ 16:04:09.589 peer 2 starts election
2018/12/13/ 16:04:09.609 peer 0 starts election
2018/12/13/ 16:04:09.848 peer 2 starts election
2018/12/13/ 16:04:09.964 peer 2 starts election
2018/12/13/ 16:04:09.067 peer 0 starts election
2018/12/13/ 16:04:09.285 peer 2 starts election
2018/12/13/ 16:04:09.338 peer 2 starts election
2018/12/13/ 16:04:09.461 peer 0 starts election
2018/12/13/ 16:04:09.711 peer 2 starts election
2018/12/13/ 16:04:09.774 peer 2 starts election
2018/12/13/ 16:04:09.878 peer 0 starts election
4-----------------------
2018/12/13/ 16:04:09.210 peer 2 starts election
2018/12/13/ 16:04:09.221 peer 2 starts election
2018/12/13/ 16:04:09.221 peer 0(votedFor 2) current term 6 vote peer 2 current term 7: true
2018/12/13/ 16:04:09.221 peer 2 becomes leader
start hb
2018/12/13/ 16:04:09.221 leader 2 send hb to peer 0
 2018/12/13/ 16:04:09.322 leader 2 send hb to peer 0
 2018/12/13/ 16:04:09.422 leader 2 send hb to peer 0
 2018/12/13/ 16:04:09.522 leader 2 send hb to peer 0
 2018/12/13/ 16:04:09.623 leader 2 send hb to peer 0
 5-----------------------
2018/12/13/ 16:04:09.699 peer 2 starts election
leader 1 becomes follower
2018/12/13/ 16:04:09.719 leader 1 send hb to peer 0
 2018/12/13/ 16:04:09.723 leader 2 send hb to peer 1
 2018/12/13/ 16:04:09.723 leader 2 send hb to peer 0
 leader 1 return !!!
2018/12/13/ 16:04:09.823 leader 2 send hb to peer 0
 2018/12/13/ 16:04:09.823 leader 2 send hb to peer 1
 2018/12/13/ 16:04:09.923 leader 2 send hb to peer 0
 2018/12/13/ 16:04:09.924 leader 2 send hb to peer 1
 2018/12/13/ 16:04:09.024 leader 2 send hb to peer 1
 2018/12/13/ 16:04:09.024 leader 2 send hb to peer 0
 2018/12/13/ 16:04:09.073 peer 2 starts election
2018/12/13/ 16:04:09.124 leader 2 send hb to peer 1
 2018/12/13/ 16:04:09.124 leader 2 send hb to peer 0
   ... Passed --   4.5  3  126    0
FAIL
exit status 1
FAIL	raft	5.029s
=======================
last heard time 1544688551201, timeout 384
last heard time 1544688551201, timeout 472
last heard time 1544688551201, timeout 382
Test (2A): initial election ...
2018/12/13/ 16:04:09.585 peer 2 starts election
2018/12/13/ 16:04:09.585 peer 0 starts election
2018/12/13/ 16:04:09.587 peer 0(votedFor 2) current term 1 vote peer 2 current term 1: true
2018/12/13/ 16:04:09.587 peer 2 becomes leader
start hb
2018/12/13/ 16:04:09.587 peer 1(votedFor 2) current term 0 vote peer 2 current term 1: true
2018/12/13/ 16:04:09.587 leader 2 send hb to peer 1
 2018/12/13/ 16:04:09.587 peer 1(votedFor 0) current term 1 vote peer 0 current term 1: true
2018/12/13/ 16:04:09.587 peer 2(votedFor 0) current term 1 vote peer 0 current term 1: true
2018/12/13/ 16:04:09.587 peer 0 becomes leader
start hb
2018/12/13/ 16:04:09.587 leader 2 send hb to peer 0
 2018/12/13/ 16:04:09.588 leader 0 send hb to peer 2
 2018/12/13/ 16:04:09.588 leader 0 send hb to peer 1
 2018/12/13/ 16:04:09.687 leader 2 send hb to peer 0
 2018/12/13/ 16:04:09.688 leader 2 send hb to peer 1
 2018/12/13/ 16:04:09.688 leader 0 send hb to peer 1
 2018/12/13/ 16:04:09.688 leader 0 send hb to peer 2
 --- FAIL: TestInitialElection2A (0.52s)
	config.go:315: term 1 has 2 (>1) leaders
last heard time 1544688551716, timeout 420
last heard time 1544688551716, timeout 406
last heard time 1544688551716, timeout 375
Test (2A): election after network failure ...
2018/12/13/ 16:04:09.100 peer 2 starts election
2018/12/13/ 16:04:09.101 peer 1(votedFor 2) current term 0 vote peer 2 current term 1: true
2018/12/13/ 16:04:09.101 peer 2 becomes leader
2018/12/13/ 16:04:09.101 peer 0(votedFor 2) current term 0 vote peer 2 current term 1: true
start hb
2018/12/13/ 16:04:09.101 leader 2 send hb to peer 1
 2018/12/13/ 16:04:09.101 leader 2 send hb to peer 0
 2018/12/13/ 16:04:09.147 peer 1 starts election
1-----------------------
2018/12/13/ 16:04:09.506 peer 1 starts election
2018/12/13/ 16:04:09.506 peer 0(votedFor 1) current term 1 vote peer 1 current term 2: true
2018/12/13/ 16:04:09.506 peer 1 becomes leader
start hb
2018/12/13/ 16:04:09.507 leader 1 send hb to peer 0
 2018/12/13/ 16:04:09.562 peer 1 starts election
2018/12/13/ 16:04:09.607 leader 1 send hb to peer 0
 2018/12/13/ 16:04:09.707 leader 1 send hb to peer 0
 2-----------------------
2.1-----------------------
leader 2 becomes follower
2018/12/13/ 16:04:09.807 leader 1 send hb to peer 0
 2018/12/13/ 16:04:09.807 leader 1 send hb to peer 2
 leader 2 return !!!
2018/12/13/ 16:04:09.907 leader 1 send hb to peer 0
 2018/12/13/ 16:04:09.907 leader 1 send hb to peer 2
 2018/12/13/ 16:04:09.008 leader 1 send hb to peer 2
 2018/12/13/ 16:04:09.008 leader 1 send hb to peer 0
 2018/12/13/ 16:04:09.041 peer 1 starts election
2018/12/13/ 16:04:09.108 leader 1 send hb to peer 2
 2018/12/13/ 16:04:09.108 leader 1 send hb to peer 0
 3-----------------------
2018/12/13/ 16:04:09.478 peer 1 starts election
2018/12/13/ 16:04:09.576 peer 0 starts election
2018/12/13/ 16:04:09.595 peer 2 starts election
2018/12/13/ 16:04:09.966 peer 1 starts election
2018/12/13/ 16:04:09.053 peer 2 starts election
2018/12/13/ 16:04:09.075 peer 0 starts election
2018/12/13/ 16:04:09.382 peer 1 starts election
2018/12/13/ 16:04:09.447 peer 2 starts election
2018/12/13/ 16:04:09.531 peer 0 starts election
2018/12/13/ 16:04:09.811 peer 2 starts election
2018/12/13/ 16:04:09.829 peer 1 starts election
2018/12/13/ 16:04:09.937 peer 0 starts election
4-----------------------
2018/12/13/ 16:04:09.269 peer 2 starts election
2018/12/13/ 16:04:09.269 peer 0(votedFor 2) current term 6 vote peer 2 current term 7: true
2018/12/13/ 16:04:09.269 peer 2 becomes leader
start hb
2018/12/13/ 16:04:09.270 leader 2 send hb to peer 0
 2018/12/13/ 16:04:09.328 peer 1 starts election
2018/12/13/ 16:04:09.370 leader 2 send hb to peer 0
 2018/12/13/ 16:04:09.470 leader 2 send hb to peer 0
 2018/12/13/ 16:04:09.570 leader 2 send hb to peer 0
 2018/12/13/ 16:04:09.670 leader 2 send hb to peer 0
 5-----------------------
leader 1 becomes follower
2018/12/13/ 16:04:09.771 leader 2 send hb to peer 0
 2018/12/13/ 16:04:09.771 leader 2 send hb to peer 1
 2018/12/13/ 16:04:09.816 peer 1 starts election
leader 1 return !!!
2018/12/13/ 16:04:09.871 leader 2 send hb to peer 1
 2018/12/13/ 16:04:09.871 leader 2 send hb to peer 0
 2018/12/13/ 16:04:09.971 leader 2 send hb to peer 1
 2018/12/13/ 16:04:09.972 leader 2 send hb to peer 0
 2018/12/13/ 16:04:09.072 leader 2 send hb to peer 1
 2018/12/13/ 16:04:09.072 leader 2 send hb to peer 0
   ... Passed --   4.4  3  122    0
FAIL
exit status 1
FAIL	raft	4.973s
=======================
last heard time 1544688557163, timeout 487
last heard time 1544688557163, timeout 441
last heard time 1544688557163, timeout 458
Test (2A): initial election ...
signal: interrupt
FAIL	raft	0.104s
