[raft 4] 16:55:18.736629 becomes follower in RequestVote
[raft 4] 16:55:18.736662 receive RequestVoteArgs: &{1 3 0 0}, Reply: &{0 1 true}
[raft 4] 16:55:18.736880 receive AppendEnryArgs: &{1 3 0 0 [] 0}
[raft 4] 16:55:18.736892 AppendEntries,args.PreLogIndedx: 0, rf.LastIncludedIndex: 0, true Index:0, logs: [{0 0}]
[raft 4] 16:55:18.736913 AppendEntries reply: &{1 1 true false}, args:&{1 3 0 0 [] 0}
[raft 4] 16:55:18.768178 receive AppendEnryArgs: &{1 3 0 0 [{1 6253507758203746342}] 0}
[raft 4] 16:55:18.768192 AppendEntries,args.PreLogIndedx: 0, rf.LastIncludedIndex: 0, true Index:0, logs: [{0 0}]
[raft 4] 16:55:18.768211 AppendEntries reply: &{1 1 true false}, args:&{1 3 0 0 [{1 6253507758203746342}] 0}
[raft 4] 16:55:18.937956 receive AppendEnryArgs: &{1 3 1 1 [] 1}
[raft 4] 16:55:18.937980 AppendEntries,args.PreLogIndedx: 1, rf.LastIncludedIndex: 0, true Index:1, logs: [{0 0} {1 6253507758203746342}]
[raft 4] 16:55:18.938005 AppendEntries reply: &{1 1 true false}, args:&{1 3 1 1 [] 1}
[raft 4] 16:55:18.945269 rf.LastApplied: 1, rf.LastIncludedIdnex: 0, true index: 1, rf.Logs: [{0 0} {1 6253507758203746342}]
[raft 4] 16:55:19.138232 receive AppendEnryArgs: &{1 3 1 1 [] 1}
[raft 4] 16:55:19.138271 AppendEntries,args.PreLogIndedx: 1, rf.LastIncludedIndex: 0, true Index:1, logs: [{0 0} {1 6253507758203746342}]
[raft 4] 16:55:19.138330 AppendEntries reply: &{1 1 true false}, args:&{1 3 1 1 [] 1}
[raft 4] 16:55:19.338683 receive AppendEnryArgs: &{1 3 1 1 [] 1}
[raft 4] 16:55:19.338707 AppendEntries,args.PreLogIndedx: 1, rf.LastIncludedIndex: 0, true Index:1, logs: [{0 0} {1 6253507758203746342}]
[raft 4] 16:55:19.338741 AppendEntries reply: &{1 1 true false}, args:&{1 3 1 1 [] 1}
[raft 4] 16:55:19.471082 receive AppendEnryArgs: &{1 3 1 1 [{1 1376858912189737673}] 1}
[raft 4] 16:55:19.471096 AppendEntries,args.PreLogIndedx: 1, rf.LastIncludedIndex: 0, true Index:1, logs: [{0 0} {1 6253507758203746342}]
[raft 4] 16:55:19.471118 AppendEntries reply: &{1 1 true false}, args:&{1 3 1 1 [{1 1376858912189737673}] 1}
[raft 4] 16:55:19.501487 receive AppendEnryArgs: &{1 3 2 1 [{1 351160734439171724}] 1}
[raft 4] 16:55:19.501521 AppendEntries,args.PreLogIndedx: 2, rf.LastIncludedIndex: 0, true Index:2, logs: [{0 0} {1 6253507758203746342} {1 1376858912189737673}]
[raft 4] 16:55:19.501561 AppendEntries reply: &{1 1 true false}, args:&{1 3 2 1 [{1 351160734439171724}] 1}
[raft 4] 16:55:19.531922 receive AppendEnryArgs: &{1 3 3 1 [{1 6087522654502631801}] 1}
[raft 4] 16:55:19.531956 AppendEntries,args.PreLogIndedx: 3, rf.LastIncludedIndex: 0, true Index:3, logs: [{0 0} {1 6253507758203746342} {1 1376858912189737673} {1 351160734439171724}]
[raft 4] 16:55:19.531979 AppendEntries reply: &{1 1 true false}, args:&{1 3 3 1 [{1 6087522654502631801}] 1}
[raft 4] 16:55:19.538990 receive AppendEnryArgs: &{1 3 4 1 [] 1}
[raft 4] 16:55:19.539025 AppendEntries,args.PreLogIndedx: 4, rf.LastIncludedIndex: 0, true Index:4, logs: [{0 0} {1 6253507758203746342} {1 1376858912189737673} {1 351160734439171724} {1 6087522654502631801}]
[raft 4] 16:55:19.539075 AppendEntries reply: &{1 1 true false}, args:&{1 3 4 1 [] 1}
[raft 4] 16:55:19.562882 receive AppendEnryArgs: &{1 3 4 1 [{1 6868421685723633419}] 1}
[raft 4] 16:55:19.562897 AppendEntries,args.PreLogIndedx: 4, rf.LastIncludedIndex: 0, true Index:4, logs: [{0 0} {1 6253507758203746342} {1 1376858912189737673} {1 351160734439171724} {1 6087522654502631801}]
[raft 4] 16:55:19.562919 AppendEntries reply: &{1 1 true false}, args:&{1 3 4 1 [{1 6868421685723633419}] 1}
[raft 4] 16:55:19.593088 receive AppendEnryArgs: &{1 3 5 1 [{1 1635673425289833552}] 1}
[raft 4] 16:55:19.593104 AppendEntries,args.PreLogIndedx: 5, rf.LastIncludedIndex: 0, true Index:5, logs: [{0 0} {1 6253507758203746342} {1 1376858912189737673} {1 351160734439171724} {1 6087522654502631801} {1 6868421685723633419}]
[raft 4] 16:55:19.593129 AppendEntries reply: &{1 1 true false}, args:&{1 3 5 1 [{1 1635673425289833552}] 1}
[raft 4] 16:55:19.623608 receive AppendEnryArgs: &{1 3 6 1 [{1 1325590865286106278}] 1}
[raft 4] 16:55:19.623642 AppendEntries,args.PreLogIndedx: 6, rf.LastIncludedIndex: 0, true Index:6, logs: [{0 0} {1 6253507758203746342} {1 1376858912189737673} {1 351160734439171724} {1 6087522654502631801} {1 6868421685723633419} {1 1635673425289833552}]
[raft 4] 16:55:19.623671 AppendEntries reply: &{1 1 true false}, args:&{1 3 6 1 [{1 1325590865286106278}] 1}
[raft 4] 16:55:19.654319 receive AppendEnryArgs: &{1 3 7 1 [{1 4641587545549548549}] 1}
[raft 4] 16:55:19.654345 AppendEntries,args.PreLogIndedx: 7, rf.LastIncludedIndex: 0, true Index:7, logs: [{0 0} {1 6253507758203746342} {1 1376858912189737673} {1 351160734439171724} {1 6087522654502631801} {1 6868421685723633419} {1 1635673425289833552} {1 1325590865286106278}]
[raft 4] 16:55:19.654379 AppendEntries reply: &{1 1 true false}, args:&{1 3 7 1 [{1 4641587545549548549}] 1}
[raft 4] 16:55:19.685565 receive AppendEnryArgs: &{1 3 8 1 [{1 248187982659715586}] 1}
[raft 4] 16:55:19.685602 AppendEntries,args.PreLogIndedx: 8, rf.LastIncludedIndex: 0, true Index:8, logs: [{0 0} {1 6253507758203746342} {1 1376858912189737673} {1 351160734439171724} {1 6087522654502631801} {1 6868421685723633419} {1 1635673425289833552} {1 1325590865286106278} {1 4641587545549548549}]
[raft 4] 16:55:19.685645 AppendEntries reply: &{1 1 true false}, args:&{1 3 8 1 [{1 248187982659715586}] 1}
[raft 4] 16:55:19.716014 receive AppendEnryArgs: &{1 3 9 1 [{1 3863159293206043842}] 1}
[raft 4] 16:55:19.716033 AppendEntries,args.PreLogIndedx: 9, rf.LastIncludedIndex: 0, true Index:9, logs: [{0 0} {1 6253507758203746342} {1 1376858912189737673} {1 351160734439171724} {1 6087522654502631801} {1 6868421685723633419} {1 1635673425289833552} {1 1325590865286106278} {1 4641587545549548549} {1 248187982659715586}]
[raft 4] 16:55:19.716061 AppendEntries reply: &{1 1 true false}, args:&{1 3 9 1 [{1 3863159293206043842}] 1}
[raft 4] 16:55:19.739321 receive AppendEnryArgs: &{1 3 10 1 [] 1}
[raft 4] 16:55:19.739342 AppendEntries,args.PreLogIndedx: 10, rf.LastIncludedIndex: 0, true Index:10, logs: [{0 0} {1 6253507758203746342} {1 1376858912189737673} {1 351160734439171724} {1 6087522654502631801} {1 6868421685723633419} {1 1635673425289833552} {1 1325590865286106278} {1 4641587545549548549} {1 248187982659715586} {1 3863159293206043842}]
[raft 4] 16:55:19.739367 AppendEntries reply: &{1 1 true false}, args:&{1 3 10 1 [] 1}
[raft 4] 16:55:19.746218 receive AppendEnryArgs: &{1 3 10 1 [{1 4905644444777841120}] 1}
[raft 4] 16:55:19.746233 AppendEntries,args.PreLogIndedx: 10, rf.LastIncludedIndex: 0, true Index:10, logs: [{0 0} {1 6253507758203746342} {1 1376858912189737673} {1 351160734439171724} {1 6087522654502631801} {1 6868421685723633419} {1 1635673425289833552} {1 1325590865286106278} {1 4641587545549548549} {1 248187982659715586} {1 3863159293206043842}]
[raft 4] 16:55:19.746259 AppendEntries reply: &{1 1 true false}, args:&{1 3 10 1 [{1 4905644444777841120}] 1}
[raft 4] 16:55:19.776354 receive AppendEnryArgs: &{1 3 11 1 [{1 3893927625644329640}] 1}
[raft 4] 16:55:19.776371 AppendEntries,args.PreLogIndedx: 11, rf.LastIncludedIndex: 0, true Index:11, logs: [{0 0} {1 6253507758203746342} {1 1376858912189737673} {1 351160734439171724} {1 6087522654502631801} {1 6868421685723633419} {1 1635673425289833552} {1 1325590865286106278} {1 4641587545549548549} {1 248187982659715586} {1 3863159293206043842} {1 4905644444777841120}]
[raft 4] 16:55:19.776398 AppendEntries reply: &{1 1 true false}, args:&{1 3 11 1 [{1 3893927625644329640}] 1}
[raft 4] 16:55:19.806593 receive AppendEnryArgs: &{1 3 12 1 [{1 1199049211088099699}] 1}
[raft 4] 16:55:19.806612 AppendEntries,args.PreLogIndedx: 12, rf.LastIncludedIndex: 0, true Index:12, logs: [{0 0} {1 6253507758203746342} {1 1376858912189737673} {1 351160734439171724} {1 6087522654502631801} {1 6868421685723633419} {1 1635673425289833552} {1 1325590865286106278} {1 4641587545549548549} {1 248187982659715586} {1 3863159293206043842} {1 4905644444777841120} {1 3893927625644329640}]
[raft 4] 16:55:19.806640 AppendEntries reply: &{1 1 true false}, args:&{1 3 12 1 [{1 1199049211088099699}] 1}
[raft 4] 16:55:19.836977 receive AppendEnryArgs: &{1 3 13 1 [{1 659986930853522855}] 1}
[raft 4] 16:55:19.837026 AppendEntries,args.PreLogIndedx: 13, rf.LastIncludedIndex: 0, true Index:13, logs: [{0 0} {1 6253507758203746342} {1 1376858912189737673} {1 351160734439171724} {1 6087522654502631801} {1 6868421685723633419} {1 1635673425289833552} {1 1325590865286106278} {1 4641587545549548549} {1 248187982659715586} {1 3863159293206043842} {1 4905644444777841120} {1 3893927625644329640} {1 1199049211088099699}]
[raft 4] 16:55:19.837054 AppendEntries reply: &{1 1 true false}, args:&{1 3 13 1 [{1 659986930853522855}] 1}
[raft 4] 16:55:19.867130 receive AppendEnryArgs: &{1 3 14 1 [{1 485957067325123723}] 1}
[raft 4] 16:55:19.867151 AppendEntries,args.PreLogIndedx: 14, rf.LastIncludedIndex: 0, true Index:14, logs: [{0 0} {1 6253507758203746342} {1 1376858912189737673} {1 351160734439171724} {1 6087522654502631801} {1 6868421685723633419} {1 1635673425289833552} {1 1325590865286106278} {1 4641587545549548549} {1 248187982659715586} {1 3863159293206043842} {1 4905644444777841120} {1 3893927625644329640} {1 1199049211088099699} {1 659986930853522855}]
[raft 4] 16:55:19.867179 AppendEntries reply: &{1 1 true false}, args:&{1 3 14 1 [{1 485957067325123723}] 1}
[raft 4] 16:55:19.897193 receive AppendEnryArgs: &{1 3 15 1 [{1 6923190463524739542}] 1}
[raft 4] 16:55:19.897214 AppendEntries,args.PreLogI[raft 4] 16:55:20.337055 start a new election
[raft 4] 16:55:20.337193 send RequestVoteArgs: {18 4 4 5} to peer: 3
[raft 4] 16:55:20.337242 send RequestVoteArgs: {18 4 4 5} to peer: 0
[raft 4] 16:55:20.337266 send RequestVoteArgs: {18 4 4 5} to peer: 2
[raft 4] 16:55:20.337259 send RequestVoteArgs: {18 4 4 5} to peer: 1
[raft 4] 16:55:20.905352 start a new election
[raft 4] 16:55:20.905461 send RequestVoteArgs: {19 4 4 5} to peer: 3
[raft 4] 16:55:20.905499 send RequestVoteArgs: {19 4 4 5} to peer: 1
[raft 4] 16:55:20.905505 send RequestVoteArgs: {19 4 4 5} to peer: 2
[raft 4] 16:55:20.905540 send RequestVoteArgs: {19 4 4 5} to peer: 0
[raft 4] 16:55:21.509632 start a new election
[raft 4] 16:55:21.509767 send RequestVoteArgs: {20 4 4 5} to peer: 3
[raft 4] 16:55:21.509783 send RequestVoteArgs: {20 4 4 5} to peer: 1
[raft 4] 16:55:21.509791 send RequestVoteArgs: {20 4 4 5} to peer: 0
[raft 4] 16:55:21.509804 send RequestVoteArgs: {20 4 4 5} to peer: 2
[raft 4] 16:55:22.309010 start a new election
[raft 4] 16:55:22.309255 send RequestVoteArgs: {21 4 4 5} to peer: 3
[raft 4] 16:55:22.309281 send RequestVoteArgs: {21 4 4 5} to peer: 0
[raft 4] 16:55:22.309292 send RequestVoteArgs: {21 4 4 5} to peer: 2
[raft 4] 16:55:22.309288 send RequestVoteArgs: {21 4 4 5} to peer: 1
[raft 4] 16:55:22.889833 start a new election
[raft 4] 16:55:22.889966 send RequestVoteArgs: {22 4 4 5} to peer: 3
[raft 4] 16:55:22.890039 send RequestVoteArgs: {22 4 4 5} to peer: 0
[raft 4] 16:55:22.890073 send RequestVoteArgs: {22 4 4 5} to peer: 1
[raft 4] 16:55:22.890109 send RequestVoteArgs: {22 4 4 5} to peer: 2
[raft 4] 16:55:23.508383 start a new election
[raft 4] 16:55:23.508513 send RequestVoteArgs: {23 4 4 5} to peer: 3
[raft 4] 16:55:23.508592 send RequestVoteArgs: {23 4 4 5} to peer: 1
[raft 4] 16:55:23.508599 send RequestVoteArgs: {23 4 4 5} to peer: 2
[raft 4] 16:55:23.508594 send RequestVoteArgs: {23 4 4 5} to peer: 0
[raft 4] 16:55:24.111146 start a new election
[raft 4] 16:55:24.111263 send RequestVoteArgs: {24 4 4 5} to peer: 3
[raft 4] 16:55:24.111305 send RequestVoteArgs: {24 4 4 5} to peer: 1
[raft 4] 16:55:24.111267 send RequestVoteArgs: {24 4 4 5} to peer: 0
[raft 4] 16:55:24.111317 send RequestVoteArgs: {24 4 4 5} to peer: 2
[raft 4] 16:55:24.829432 start a new election
[raft 4] 16:55:24.829563 send RequestVoteArgs: {25 4 4 5} to peer: 3
[raft 4] 16:55:24.829568 send RequestVoteArgs: {25 4 4 5} to peer: 0
[raft 4] 16:55:24.829634 send RequestVoteArgs: {25 4 4 5} to peer: 1
[raft 4] 16:55:24.829650 send RequestVoteArgs: {25 4 4 5} to peer: 2
[raft 4] 16:55:25.459805 start a new election
[raft 4] 16:55:25.459889 send RequestVoteArgs: {26 4 4 5} to peer: 3
[raft 4] 16:55:25.459922 send RequestVoteArgs: {26 4 4 5} to peer: 0
[raft 4] 16:55:25.459942 send RequestVoteArgs: {26 4 4 5} to peer: 1
[raft 4] 16:55:25.459946 send RequestVoteArgs: {26 4 4 5} to peer: 2
[raft 4] 16:55:26.245444 start a new election
[raft 4] 16:55:26.245572 send RequestVoteArgs: {27 4 4 5} to peer: 3
[raft 4] 16:55:26.245644 send RequestVoteArgs: {27 4 4 5} to peer: 1
[raft 4] 16:55:26.245646 send RequestVoteArgs: {27 4 4 5} to peer: 0
[raft 4] 16:55:26.245684 send RequestVoteArgs: {27 4 4 5} to peer: 2
[raft 4] 16:55:26.885081 start a new election
[raft 4] 16:55:26.885191 send RequestVoteArgs: {28 4 4 5} to peer: 3
[raft 4] 16:55:26.885221 send RequestVoteArgs: {28 4 4 5} to peer: 0
[raft 4] 16:55:26.885242 send RequestVoteArgs: {28 4 4 5} to peer: 2
[raft 4] 16:55:26.885267 send RequestVoteArgs: {28 4 4 5} to peer: 1
[raft 4] 16:55:27.499331 start a new election
[raft 4] 16:55:27.499433 send RequestVoteArgs: {29 4 4 5} to peer: 3
[raft 4] 16:55:27.499471 send RequestVoteArgs: {29 4 4 5} to peer: 1
[raft 4] 16:55:27.499480 send RequestVoteArgs: {29 4 4 5} to peer: 2
[raft 4] 16:55:27.499497 send RequestVoteArgs: {29 4 4 5} to peer: 0
[raft 4] 16:55:28.197775 start a new election
[raft 4] 16:55:28.197886 send RequestVoteArgs: {30 4 4 5} to peer: 3
[raft 4] 16:55:28.197918 send RequestVoteArgs: {30 4 4 5} to peer: 0
[raft 4] 16:55:28.197929 send RequestVoteArgs: {30 4 4 5} to peer: 1
[raft 4] 16:55:28.197958 send RequestVoteArgs: {30 4 4 5} to peer: 2
[raft 4] 16:55:28.926635 start a new election
[raft 4] 16:55:28.926775 send RequestVoteArgs: {31 4 4 5} to peer: 3
[raft 4] 16:55:28.926782 send RequestVoteArgs: {31 4 4 5} to peer: 0
[raft 4] 16:55:28.926797 send RequestVoteArgs: {31 4 4 5} to peer: 1
[raft 4] 16:55:28.926809 send RequestVoteArgs: {31 4 4 5} to peer: 2
[raft 4] 16:55:29.690838 start a new election
[raft 4] 16:55:29.690970 send RequestVoteArgs: {32 4 4 5} to peer: 3
[raft 4] 16:55:29.691000 send RequestVoteArgs: {32 4 4 5} to peer: 0
[raft 4] 16:55:29.691014 send RequestVoteArgs: {32 4 4 5} to peer: 1
[raft 4] 16:55:29.691041 send RequestVoteArgs: {32 4 4 5} to peer: 2
[raft 4] 16:55:30.455144 start a new election
[raft 4] 16:55:30.455236 send RequestVoteArgs: {33 4 4 5} to peer: 3
[raft 4] 16:55:30.455302 send RequestVoteArgs: {33 4 4 5} to peer: 1
[raft 4] 16:55:30.455305 send RequestVoteArgs: {33 4 4 5} to peer: 0
[raft 4] 16:55:30.455342 send RequestVoteArgs: {33 4 4 5} to peer: 2
[raft 4] 16:55:30.961289 start a new election
[raft 4] 16:55:30.961408 send RequestVoteArgs: {34 4 4 5} to peer: 3
[raft 4] 16:55:30.961438 send RequestVoteArgs: {34 4 4 5} to peer: 1
[raft 4] 16:55:30.961442 send RequestVoteArgs: {34 4 4 5} to peer: 2
[raft 4] 16:55:30.961413 send RequestVoteArgs: {34 4 4 5} to peer: 0
[raft 4] 16:55:31.664883 start a new election
[raft 4] 16:55:31.665553 send RequestVoteArgs: {35 4 4 5} to peer: 3
[raft 4] 16:55:31.665835 send RequestVoteArgs: {35 4 4 5} to peer: 0
[raft 4] 16:55:31.665978 send RequestVoteArgs: {35 4 4 5} to peer: 1
[raft 4] 16:55:31.666081 send RequestVoteArgs: {35 4 4 5} to peer: 2
[raft 4] 16:55:32.392135 start a new election
[raft 4] 16:55:32.392234 send RequestVoteArgs: {36 4 4 5} to peer: 3
[raft 4] 16:55:32.392297 send RequestVoteArgs: {36 4 4 5} to peer: 0
[raft 4] 16:55:32.392324 send RequestVoteArgs: {36 4 4 5} to peer: 2
[raft 4] 16:55:32.392299 send RequestVoteArgs: {36 4 4 5} to peer: 1
[raft 4] 16:55:33.180129 start a new election
[raft 4] 16:55:33.180245 send RequestVoteArgs: {37 4 4 5} to peer: 3
[raft 4] 16:55:33.180253 send RequestVoteArgs: {37 4 4 5} to peer: 1
[raft 4] 16:55:33.180266 send RequestVoteArgs: {37 4 4 5} to peer: 2
[raft 4] 16:55:33.180293 send RequestVoteArgs: {37 4 4 5} to peer: 0
[raft 4] 16:55:33.967933 start a new election
[raft 4] 16:55:33.968025 send RequestVoteArgs: {38 4 4 5} to peer: 3
[raft 4] 16:55:33.968057 send RequestVoteArgs: {38 4 4 5} to peer: 0
[raft 4] 16:55:33.968073 send RequestVoteArgs: {38 4 4 5} to peer: 1
[raft 4] 16:55:33.968095 send RequestVoteArgs: {38 4 4 5} to peer: 2
[raft 4] 16:55:34.708229 start a new election
[raft 4] 16:55:34.708358 send RequestVoteArgs: {39 4 4 5} to peer: 3
[raft 4] 16:55:34.708371 send RequestVoteArgs: {39 4 4 5} to peer: 0
[raft 4] 16:55:34.708405 send RequestVoteArgs: {39 4 4 5} to peer: 2
[raft 4] 16:55:34.708407 send RequestVoteArgs: {39 4 4 5} to peer: 1
[raft 4] 16:55:35.484357 start a new election
[raft 4] 16:55:35.484423 send RequestVoteArgs: {40 4 4 5} to peer: 3
[raft 4] 16:55:35.484445 send RequestVoteArgs: {40 4 4 5} to peer: 0
[raft 4] 16:55:35.484461 send RequestVoteArgs: {40 4 4 5} to peer: 1
[raft 4] 16:55:35.484477 send RequestVoteArgs: {40 4 4 5} to peer: 2
{1 1635673425289833552} {1 1325590865286106278} {1 4641587545549548549} {1 248187982659715586} {1 3863159293206043842} {1 4905644444777841120} {1 3893927625644329640} {1 1199049211088099699} {1 659986930853522855} {1 485957067325123723} {1 6923190463524739542} {1 8767093724371975022}]
[raft 4] 16:55:31.506893 AppendEntries reply: &{17 1 false false}, args:&{1 3 17 1 [{1 6975944736073855594}] 1}
[raft 4] 16:55:31.665483 start a new election
[raft 4] 16:55:31.665928 send RequestVoteArgs: {18 4 17 1} to peer: 3
[raft 4] 16:55:31.666289 send RequestVoteArgs: {18 4 17 1} to peer: 0
[raft 4] 16:55:31.667241 send RequestVoteArgs: {18 4 17 1} to peer: 1
[raft 4] 16:55:31.667330 request vote receive reply from peer 3, reply: {17 18 false}, args: {18 4 17 1}
[raft 4] 16:55:31.667456 send RequestVoteArgs: {18 4 17 1} to peer: 2
[raft 4] 16:55:31.667835 request vote receive reply from peer 0, reply: {4 18 false}, ar[raft 4] 16:55:3[raft 4] 16:55:32.119691 becomes follower in RequestVote
[raft 4] 16:55:32.119754 receive RequestVoteArgs: &{19 0 51 3}, Reply: &{18 19 true}
[raft 4] 16:55:32.120201 receive AppendEnryArgs: &{19 0 51 3 [] 51}
[raft 4] 16:55:32.120245 AppendEntries,args.PreLogIndedx: 51, rf.LastIncludedIndex: 0, true Inde[raft 4] 16:55:32.727313 start a new election
[raft 4] 16:55:32.727418 send RequestVoteArgs: {49 4 3 1} to peer: 3
[raft 4] 16:55:32.727430 send RequestVoteArgs: {49 4 3 1} to peer: 0
[raft 4] 16:55:32.727464 send RequestVoteArgs: {49 4 3 1} to peer: 1
[raft 4] 16:55:32.727494 send RequestVoteArgs: {49 4 3 1} to peer: 2
[raft 4] 16:55:33.402206 start a new election
[raft 4] 16:55:33.402355 send RequestVoteArgs: {50 4 3 1} to peer: 3
[raft 4] 16:55:33.402391 send RequestVoteArgs: {50 4 3 1} to peer: 1
[raft 4] 16:55:33.402358 send RequestVoteArgs: {50 4 3 1} to peer: 0
[raft 4] 16:55:33.402423 send RequestVoteArgs: {50 4 3 1} to peer: 2
[raft 4] 16:55:34.093867 start a new election
[raft 4] 16:55:34.094155 send RequestVoteArgs: {51 4 3 1} to peer: 3
[raft 4] 16:55:34.094221 send RequestVoteArgs: {51 4 3 1} to peer: 1
[raft 4] 16:55:34.094369 send RequestVoteArgs: {51 4 3 1} to peer: 2
[raft 4] 16:55:34.094164 send RequestVoteArgs: {51 4 3 1} to peer: 0
[raft 4] 16:55:34.687513 start a new election
[raft 4] 16:55:34.687618 send RequestVoteArgs: {52 4 3 1} to peer: 3
[raft 4] 16:55:34.687672 send RequestVoteArgs: {52 4 3 1} to peer: 0
[raft 4] 16:55:34.687682 send RequestVoteArgs: {52 4 3 1} to peer: 2
[raft 4] 16:55:34.687676 send RequestVoteArgs: {52 4 3 1} to peer: 1
[raft 4] 16:55:35.421398 start a new election
[raft 4] 16:55:35.421511 send RequestVoteArgs: {53 4 3 1} to peer: 3
[raft 4] 16:55:35.421533 send RequestVoteArgs: {53 4 3 1} to peer: 1
[raft 4] 16:55:35.421518 send RequestVoteArgs: {53 4 3 1} to peer: 0
[raft 4] 16:55:35.421581 send RequestVoteArgs: {53 4 3 1} to peer: 2
43842} {1 4905644444777841120} {1 3893927625644329640} {1 1199049211088099699} {1 659986930853522855} {1 485957067325123723} {1 6923190463524739542} {1 8767093724371975022}]
[raft 4] 16:55:32.521250 AppendEntries reply: &{19 19 false false}, args:&{19 0 51 3 [] 51}
[raft 4] 16:55:32.722100 receive AppendEnryArgs: &{19 0 51 3 [] 51}
[raft 4] 16:55:32.722123 AppendEntries,args.PreLogIndedx: 51, rf.LastIncludedIndex: 0, true Index:51, logs: [{0 0} {1 6253507758203746342} {1 1376858912189737673} {1 351160734439171724} {1 6087522654502631801} {1 6868421685723633419} {1 1635673425289833552} {1 1325590865286106278} {1 4641587545549548549} {1 248187982659715586} {1 3863159293206043842} {1 4905644444777841120} {1 3893927625644329640} {1 1199049211088099699} {1 659986930853522855} {1 485957067325123723} {1 6923190463524739542} {1 8767093724371975022}]
[raft 4] 16:55:32.722137 AppendEntries reply: &{19 19 false false}, args:&{19 0 51 3 [] 51}
[raft 4] 16:55:32.922638 receive AppendEnryArgs: &{19 0 51 3 [] 51}
[raft 4] 16:55:32.922659 AppendEntries,args.PreLogIndedx: 51, rf.LastIncludedIndex: 0, true Index:51, logs: [{0 0} {1 6253507758203746342} {1 1376858912189737673} {1 351160734439171724} {1 6087522654502631801} {1 6868421685723633419} {1 1635673425289833552} {1 1325590865286106278} {1 4641587545549548549} {1 248187982659715586} {1 3863159293206043842} {1 4905644444777841120} {1 3893927625644329640} {1 1199049211088099699} {1 659986930853522855} {1 485957067325123723} {1 6923190463524739542} {1 8767093724371975022}]
[raft 4] 16:55:32.922668 AppendEntries reply: &{19 19 false false}, args:&{19 0 51 3 [] 51}
[raft 4] 16:55:33.122913 receive AppendEnryArgs: &{19 0 51 3 [] 51}
[raft 4] 16:55:33.122935 AppendEntries,args.PreLogIndedx: 51, rf.LastIncludedIndex: 0, true Index:51, logs: [{0 0} {1 6253507758203746342} {1 1376858912189737673} {1 351160734439171724} {1 6087522654502631801} {1 6868421685723633419} {1 1635673425289833552} {1 1325590865286106278} {1 4641587545549548549} {1 248187982659715586} {1 3863159293206043842} {1 4905644444777841120} {1 3893927625644329640} {1 1199049211088099699} {1 659986930853522855} {1 485957067325123723} {1 6923190463524739542} {1 8767093724371975022}]
[raft 4] 16:55:33.122945 AppendEntries reply: &{19 19 false false}, args:&{19 0 51 3 [] 51}
[raft 4] 16:55:33.323221 receive AppendEnryArgs: &{19 0 51 3 [] 51}
[raft 4] 16:55:33.323243 AppendEntries,args.PreLogIndedx: 51, rf.LastIncludedIndex: 0, true Index:51, logs: [{0 0} {1 6253507758203746342} {1 1376858912189737673} {1 351160734439171724} {1 6087522654502631801} {1 6868421685723633419} {1 1635673425289833552} {1 1325590865286106278} {1 4641587545549548549} {1 248187982659715586} {1 3863159293206043842} {1 4905644444777841120} {1 3893927625644329640} {1 1199049211088099699} {1 659986930853522855} {1 485957067325123723} {1 6923190463524739542} {1 8767093724371975022}]
[raft 4] 16:55:33.323253 AppendEntries reply: &{19 19 false false}, args:&{19 0 51 3 [] 51}
[raft 4] 16:55:33.521966 receive AppendEnryArgs: &{19 0 51 3 [{19 2004052523040898593}] 51}
[raft 4] 16:55:33.521987 AppendEntries,args.PreLogIndedx: 51, rf.LastIncludedIndex: 0, true Index:51, logs: [{0 0} {1 6253507758203746342} {1 1376858912189737673} {1 351160734439171724} {1 6087522654502631801} {1 6868421685723633419} {1 1635673425289833552} {1 1325590865286106278} {1 4641587545549548549} {1 248187982659715586} {1 3863159293206043842} {1 4905644444777841120} {1 3893927625644329640} {1 1199049211088099699} {1 659986930853522855} {1 485957067325123723} {1 6923190463524739542} {1 8767093724371975022}]
[raft 4] 16:55:33.521996 AppendEntries reply: &{19 19 false false}, args:&{19 0 51 3 [{19 2004052523040898593}] 51}
[raft 4] 16:55:33.523195 receive AppendEnryArgs: &{19 0 50 3 [] 51}
[raft 4] 16:55:33.523211 AppendEntries,args.PreLogIndedx: 50, rf.LastIncludedIndex: 0, true Index:50, logs: [{0 0} {1 6253507758203746342} {1 1376858912189737673} {1 351160734439171724} {1 6087522654502631801} {1 6868421685723633419} {1 1635673425289833552} {1 1325590865286106278} {1 4641587545549548549} {1 248187982659715586} {1 3863159293206043842} {1 4905644444777841120} {1 3893927625644329640} {1 1199049211088099699} {1 659986930853522855} {1 485957067325123723} {1 6923190463524739542} {1 8767093724371975022}]
[raft 4] 16:55:33.523220 AppendEntries reply: &{19 19 false false}, args:&{19 0 50 3 [] 51}
[raft 4] 16:55:33.552293 receive AppendEnryArgs: &{19 0 50 3 [{3 5199523634318462578}] 51}
[raft 4] 16:55:33.552331 AppendEntries,args.PreLogIndedx: 50, rf.LastIncludedIndex: 0, true Index:50, logs: [{0 0} {1 6253507758203746342} {1 1376858912189737673} {1 351160734439171724} {1 6087522654502631801} {1 6868421685723633419} {1 1635673425289833552} {1 1325590865286106278} {1 4641587545549548549} {1 248187982659715586} {1 3863159293206043842} {1 4905644444777841120} {1 3893927625644329640} {1 1199049211088099699} {1 659986930853522855} {1 485957067325123723} {1 6923190463524739542} {1 8767093724371975022}]
[raft 4] 16:55:33.552628 AppendEntries reply: &{19 19 false false}, args:&{19 0 50 3 [{3 5199523634318462578}] 51}
[raft 4] 16:55:33.583125 receive AppendEnryArgs: &{19 0 49 3 [{3 182548243685001510}] 51}
[raft 4] 16:55:33.583146 AppendEntries,args.PreLogIndedx: 49, rf.LastIncludedIndex: 0, true Index:49, logs: [{0 0} {1 6253507758203746342} {1 1376858912189737673} {1 351160734439171724} {1 6087522654502631801} {1 6868421685723633419} {1 1635673425289833552} {1 1325590865286106278} {1 4641587545549548549} {1 248187982659715586} {1 3863159293206043842} {1 4905644444777841120} {1 3893927625644329640} {1 1199049211088099699} {1 659986930853522855} {1 485957067325123723} {1 6923190463524739542} {1 8767093724371975022}]
[raft 4] 16:55:33.583156 AppendEntries reply: &{19 19 false false}, args:&{19 0 49 3 [{3 182548243685001510}] 51}
[raft 4] 16:55:33.613346 receive AppendEnryArgs: &{19 0 48 3 [{3 2897238970527602798}] 51}
[raft 4] 16:55:33.613387 AppendEntries,args.PreLogIndedx: 48, rf.LastIncludedIndex: 0, true Index:48, logs: [{0 0} {1 6253507758203746342} {1 1376858912189737673} {1 351160734439171724} {1 6087522654502631801} {1 6868421685723633419} {1 1635673425289833552} {1 1325590865286106278} {1 4641587545549548549} {1 248187982659715586} {1 3863159293206043842} {1 4905644444777841120} {1 3893927625644329640} {1 1199049211088099699} {1 659986930853522855} {1 485957067325123723} {1 6923190463524739542} {1 8767093724371975022}]
[raft 4] 16:55:33.613398 AppendEntries reply: &{19 19 false false}, args:&{19 0 48 3 [{3 2897238970527602798}] 51}
[raft 4] 16:55:33.644168 receive AppendEnryArgs: &{19 0 47 3 [{3 5976898035481751656}] 51}
[raft 4] 16:55:33.644199 AppendEntries,args.PreLogIndedx: 47, rf.LastIncludedIndex: 0, true Index:47, logs: [{0 0} {1 6253507758203746342} {1 1376858912189737673} {1 351160734439171724} {1 6087522654502631801} {1 6868421685723633419} {1 1635673425289833552} {1 1325590865286106278} {1 4641587545549548549} {1 248187982659715586} {1 3863159293206043842} {1 4905644444777841120} {1 3893927625644329640} {1 1199049211088099699} {1 659986930853522855} {1 485957067325123723} {1 6923190463524739542} {1 8767093724371975022}]
[raft 4] 16:55:33.644212 AppendEntries reply: &{19 19 false false}, args:&{19 0 47 3 [{3 5976898035481751656}] 51}
[raft 4] 16:55:33.674586 receive AppendEnryArgs: &{19 0 46 3 [{3 2693833161653859259}] 51}
[raft 4] 16:55:33.674607 AppendEntries,args.PreLogIndedx: 46, rf.LastIncludedIndex: 0, true Index:46, logs: [{0 0} {1 6253507758203746342} {1 1376858912189737673} {1 351160734439171724} {1 6087522654502631801} {1 6868421685723633419} {1 1635673425289833552} {1 1325590865286106278} {1 4641587545549548549} {1 248187982659715586} {1 3863159293206043842} {1 4905644444777841120} {1 3893927625644329640} {1 1199049211088099699} {1 659986930853522855} {1 485957067325123723} {1 6923190463524739542} {1 8767093724371975022}]
[raft 4] 16:55:33.674617 AppendEntries reply: &{19 19 false false}, args:&{19 0 46 3 [{3 2693833161653859259}] 51}
[raft 4] 16:55:33.704666 receive AppendEnryArgs: &{19 0 45 3 [{3 4113627501095946524}] 51}
[raft 4] 16:55:33.704686 AppendEntries,args.PreLogIndedx: 45, rf.LastIncludedIndex: 0, true Index:45, logs: [{0 0} {1 6253507758203746342} {1 1376858912189737673} {1 351160734439171724} {1 6087522654502631801} {1 6868421685723633419} {1 1635673425289833552} {1 1325590865286106278} {1 4641587545549548549} {1 248187982659715586} {1 3863159293206043842} {1 4905644444777841120} {1 3893927625644329640} {1 1199049211088099699} {1 659986930853522855} {1 485957067325123723} {1 6923190463524739542} {1 8767093724371975022}]
[raft 4] 16:55:33.704696 AppendEntries reply: &{19 19 false false}, args:&{19 0 45 3 [{3 4113627501095946524}] 51}
[raft 4] 16:55:33.723793 receive AppendEnryArgs: &{19 0 44 3 [] 51}
[raft 4] 16:55:33.723838 AppendEntries,args.PreLogIndedx: 44, rf.LastIncludedIndex: 0, true Index:44, logs: [{0 0} {1 6253507758203746342} {1 1376858912189737673} {1 351160734439171724} {1 6087522654502631801} {1 6868421685723633419} {1 1635673425289833552} {1 1325590865286106278} {1 4641587545549548549} {1 248187982659715586} {1 3863159293206043842} {1 4905644444777841120} {1 3893927625644329640} {1 1199049211088099699} {1 659986930853522855} {1 485957067325123723} {1 6923190463524739542} {1 8767093724371975022}]
[raft 4] 16:55:33.723861 AppendEntries reply: &{19 19 false false}, args:&{19 0 44 3 [] 51}
[raft 4] 16:55:33.735223 receive AppendEnryArgs: &{19 0 44 3 [{3 7442956828273282460}] 51}
[raft 4] 16:55:33.735252 AppendEntries,args.PreLogIndedx: 44, rf.LastIncludedIndex: 0, true Index:44, logs: [{0 0} {1 6253507758203746342} {1 1376858912189737673} {1 351160734439171724} {1 6087522654502631801} {1 6868421685723633419} {1 1635673425289833552} {1 1325590865286106278} {1 4641587545549548549} {1 248187982659715586} {1 3863159293206043842} {1 4905644444777841120} {1 3893927625644329640} {1 1199049211088099699} {1 659986930853522855} {1 485957067325123723} {1 6923190463524739542} {1 8767093724371975022}]
[raft 4] 16:55:33.735264 AppendEntries reply: &{19 19 false false}, args:&{19 0 44 3 [{3 7442956828273282460}] 51}
[raft 4] 16:55:33.765652 receive AppendEnryArgs: &{19 0 43 3 [{3 8941420776961118557}] 51}
[raft 4] 16:55:33.765688 AppendEntries,args.PreLogIndedx: 43, rf.LastIncludedIndex: 0, true Index:43, logs: [{0 0} {1 6253507758203746342} {1 1376858912189737673} {1 351160734439171724} {1 6087522654502631801} {1 6868421685723633419} {1 1635673425289833552} {1 1325590865286106278} {1 4641587545549548549} {1 248187982659715586} {1 3863159293206043842} {1 4905644444777841120} {1 3893927625644329640} {1 1199049211088099699} {1 659986930853522855} {1 485957067325123723} {1 6923190463524739542} {1 8767093724371975022}]
[raft 4] 16:55:33.765711 AppendEntries reply: &{19 19 false false}, args:&{19 0 43 3 [{3 8941420776961118557}] 51}
[raft 4] 16:55:33.796015 receive AppendEnryArgs: &{19 0 42 3 [{3 7925525069049280977}] 51}
[raft 4] 16:55:33.796040 AppendEntries,args.PreLogIndedx: 42, rf.LastIncludedIndex: 0, true Index:42, logs: [{0 0} {1 6253507758203746342} {1 1376858912189737673} {1 351160734439171724} {1 6087522654502631801} {1 6868421685723633419} {1 1635673425289833552} {1 1325590865286106278} {1 4641587545549548549} {1 248187982659715586} {1 3863159293206043842} {1 4905644444777841120} {1 3893927625644329640} {1 1199049211088099699} {1 659986930853522855} {1 485957067325123723} {1 6923190463524739542} {1 8767093724371975022}]
[raft 4] 16:55:33.796051 AppendEntries reply: &{19 19 false false}, args:&{19 0 42 3 [{3 7925525069049280977}] 51}
[raft 4] 16:55:33.826107 receive AppendEnryArgs: &{19 0 41 3 [{3 7762659232042053499}] 51}
[raft 4] 16:55:33.826127 AppendEntries,args.PreLogIndedx: 41, rf.LastIncludedIndex: 0, true Index:41, logs: [{0 0} {1 6253507758203746342} {1 1376858912189737673} {1 351160734439171724} {1 6087522654502631801} {1 6868421685723633419} {1 1635673425289833552} {1 1325590865286106278} {1 4641587545549548549} {1 248187982659715586} {1 3863159293206043842} {1 4905644444777841120} {1 3893927625644329640} {1 1199049211088099699} {1 659986930853522855} {1 485957067325123723} {1 6923190463524739542} {1 8767093724371975022}]
[raft 4] 16:55:33.826136 AppendEntries reply: &{19 19 false false}, args:&{19 0 41 3 [{3 7762659232042053499}] 51}
[raft 4] 16:55:33.856822 receive AppendEnryArgs: &{19 0 40 3 [{3 1165311564614172111}] 51}
[raft 4] 16:55:33.856842 AppendEntries,args.PreLogIndedx: 40, rf.LastIncludedIndex: 0, true Index:40, logs: [{0 0} {1 6253507758203746342} {1 1376858912189737673} {1 351160734439171724} {1 6087522654502631801} {1 6868421685723633419} {1 1635673425289833552} {1 1325590865286106278} {1 4641587545549548549} {1 248187982659715586} {1 3863159293206043842} {1 4905644444777841120} {1 3893927625644329640} {1 1199049211088099699} {1 659986930853522855} {1 485957067325123723} {1 6923190463524739542} {1 8767093724371975022}]
[raft 4] 16:55:33.856856 AppendEntries reply: &{19 19 false false}, args:&{19 0 40 3 [{3 1165311564614172111}] 51}
[raft 4] 16:55:33.887088 receive AppendEnryArgs: &{19 0 39 3 [{3 4994688405418202679}] 51}
[raft 4] 16:55:33.887109 AppendEntries,args.PreLogIndedx: 39, rf.LastIncludedIndex: 0, true Index:39, logs: [{0 0} {1 6253507758203746342} {1 1376858912189737673} {1 351160734439171724} {1 6087522654502631801} {1 6868421685723633419} {1 1635673425289833552} {1 1325590865286106278} {1 4641587545549548549} {1 248187982659715586} {1 3863159293206043842} {1 4905644444777841120} {1 3893927625644329640} {1 1199049211088099699} {1 659986930853522855} {1 485957067325123723} {1 6923190463524739542} {1 8767093724371975022}]
[raft 4] 16:55:33.887119 AppendEntries reply: &{19 19 false false}, args:&{19 0 39 3 [{3 4994688405418202679}] 51}
[raft 4] 16:55:33.917565 receive AppendEnryArgs: &{19 0 38 3 [{3 9161048855044674320}] 51}
[raft 4] 16:55:33.917599 AppendEntries,args.PreLogIndedx: 38, rf.LastIncludedIndex: 0, true Index:38, logs: [{0 0} {1 6253507758203746342} {1 1376858912189737673} {1 351160734439171724} {1 6087522654502631801} {1 6868421685723633419} {1 1635673425289833552} {1 1325590865286106278} {1 4641587545549548549} {1 248187982659715586} {1 3863159293206043842} {1 4905644444777841120} {1 3893927625644329640} {1 1199049211088099699} {1 659986930853522855} {1 485957067325123723} {1 6923190463524739542} {1 8767093724371975022}]
[raft 4] 16:55:33.917608 AppendEntries reply: &{19 19 false false}, args:&{19 0 38 3 [{3 9161048855044674320}] 51}
[raft 4] 16:55:33.924301 receive AppendEnryArgs: &{19 0 37 3 [] 51}
[raft 4] 16:55:33.924341 AppendEntries,args.PreLogIndedx: 37, rf.LastIncludedIndex: 0, true Index:37, logs: [{0 0} {1 6253507758203746342} {1 1376858912189737673} {1 351160734439171724} {1 6087522654502631801} {1 6868421685723633419} {1 1635673425289833552} {1 1325590865286106278} {1 4641587545549548549} {1 248187982659715586} {1 3863159293206043842} {1 4905644444777841120} {1 3893927625644329640} {1 1199049211088099699} {1 659986930853522855} {1 485957067325123723} {1 6923190463524739542} {1 8767093724371975022}]
[raft 4] 16:55:33.924351 AppendEntries reply: &{19 19 false false}, args:&{19 0 37 3 [] 51}
[raft 4] 16:55:33.947961 receive AppendEnryArgs: &{19 0 37 3 [{3 8703449317433858767}] 51}
[raft 4] 16:55:33.948001 AppendEntries,args.PreLogIndedx: 37, rf.LastIncludedIndex: 0, true Index:37, logs: [{0 0} {1 6253507758203746342} {1 1376858912189737673} {1 351160734439171724} {1 6087522654502631801} {1 6868421685723633419} {1 1635673425289833552} {1 1325590865286106278} {1 4641587545549548549} {1 248187982659715586} {1 3863159293206043842} {1 4905644444777841120} {1 3893927625644329640} {1 1199049211088099699} {1 659986930853522855} {1 485957067325123723} {1 6923190463524739542} {1 8767093724371975022}]
[raft 4] 16:55:33.948029 AppendEntries reply: &{19 19 false false}, args:&{19 0 37 3 [{3 8703449317433858767}] 51}
[raft 4] 16:55:33.977931 receive AppendEnryArgs: &{19 0 36 3 [{3 6171218549024353015}] 51}
[raft 4] 16:55:33.977952 AppendEntries,args.PreLogIndedx: 36, rf.LastIncludedIndex: 0, true Index:36, logs: [{0 0} {1 6253507758203746342} {1 1376858912189737673} {1 351160734439171724} {1 6087522654502631801} {1 6868421685723633419} {1 1635673425289833552} {1 1325590865286106278} {1 4641587545549548549} {1 248187982659715586} {1 3863159293206043842} {1 4905644444777841120} {1 3893927625644329640} {1 1199049211088099699} {1 659986930853522855} {1 485957067325123723} {1 6923190463524739542} {1 8767093724371975022}]
[raft 4] 16:55:33.977981 AppendEntries reply: &{19 19 false false}, args:&{19 0 36 3 [{3 6171218549024353015}] 51}
[raft 4] 16:55:34.008178 receive AppendEnryArgs: &{19 0 35 3 [{3 4452457461937315515}] 51}
[raft 4] 16:55:34.008212 AppendEntries,args.PreLogIndedx: 35, rf.LastIncludedIndex: 0, true Index:35, logs: [{0 0} {1 6253507758203746342} {1 1376858912189737673} {1 351160734439171724} {1 6087522654502631801} {1 6868421685723633419} {1 1635673425289833552} {1 1325590865286106278} {1 4641587545549548549} {1 248187982659715586} {1 3863159293206043842} {1 4905644444777841120} {1 3893927625644329640} {1 1199049211088099699} {1 659986930853522855} {1 485957067325123723} {1 6923190463524739542} {1 8767093724371975022}]
[raft 4] 16:55:34.008225 AppendEntries reply: &{19 19 false false}, args:&{19 0 35 3 [{3 4452457461937315515}] 51}
[raft 4] 16:55:34.038472 receive AppendEnryArgs: &{19 0 34 3 [{3 2699762832978848120}] 51}
[raft 4] 16:55:34.038503 AppendEntries,args.PreLogIndedx: 34, rf.LastIncludedIndex: 0, true Index:34, logs: [{0 0} {1 6253507758203746342} {1 1376858912189737673} {1 351160734439171724} {1 6087522654502631801} {1 6868421685723633419} {1 1635673425289833552} {1 1325590865286106278} {1 4641587545549548549} {1 248187982659715586} {1 3863159293206043842} {1 4905644444777841120} {1 3893927625644329640} {1 1199049211088099699} {1 659986930853522855} {1 485957067325123723} {1 6923190463524739542} {1 8767093724371975022}]
[raft 4] 16:55:34.038517 AppendEntries reply: &{19 19 false false}, args:&{19 0 34 3 [{3 2699762832978848120}] 51}
[raft 4] 16:55:34.068878 receive AppendEnryArgs: &{19 0 33 3 [{3 561282931127965835}] 51}
[raft 4] 16:55:34.068901 AppendEntries,args.PreLogIndedx: 33, rf.LastIncludedIndex: 0, true Index:33, logs: [{0 0} {1 6253507758203746342} {1 1376858912189737673} {1 351160734439171724} {1 6087522654502631801} {1 6868421685723633419} {1 1635673425289833552} {1 1325590865286106278} {1 4641587545549548549} {1 248187982659715586} {1 3863159293206043842} {1 4905644444777841120} {1 3893927625644329640} {1 1199049211088099699} {1 659986930853522855} {1 485957067325123723} {1 6923190463524739542} {1 8767093724371975022}]
[raft 4] 16:55:34.068910 AppendEntries reply: &{19 19 false false}, args:&{19 0 33 3 [{3 561282931127965835}] 51}
[raft 4] 16:55:34.099701 receive AppendEnryArgs: &{19 0 32 3 [{3 7909784160190972586}] 51}
[raft 4] 16:55:34.099754 AppendEntries,args.PreLogIndedx: 32, rf.LastIncludedIndex: 0, true Index:32, logs: [{0 0} {1 6253507758203746342} {1 1376858912189737673} {1 351160734439171724} {1 6087522654502631801} {1 6868421685723633419} {1 1635673425289833552} {1 1325590865286106278} {1 4641587545549548549} {1 248187982659715586} {1 3863159293206043842} {1 4905644444777841120} {1 3893927625644329640} {1 1199049211088099699} {1 659986930853522855} {1 485957067325123723} {1 6923190463524739542} {1 8767093724371975022}]
[raft 4] 16:55:34.099779 AppendEntries reply: &{19 19 false false}, args:&{19 0 32 3 [{3 7909784160190972586}] 51}
[raft 4] 16:55:34.124679 receive AppendEnryArgs: &{19 0 31 3 [] 51}
[raft 4] 16:55:34.124721 AppendEntries,args.PreLogIndedx: 31, rf.LastIncludedIndex: 0, true Index:31, logs: [{0 0} {1 6253507758203746342} {1 1376858912189737673} {1 351160734439171724} {1 6087522654502631801} {1 6868421685723633419} {1 1635673425289833552} {1 1325590865286106278} {1 4641587545549548549} {1 248187982659715586} {1 3863159293206043842} {1 4905644444777841120} {1 3893927625644329640} {1 1199049211088099699} {1 659986930853522855} {1 485957067325123723} {1 6923190463524739542} {1 8767093724371975022}]
[raft 4] 16:55:34.124732 AppendEntries reply: &{19 19 false false}, args:&{19 0 31 3 [] 51}
[raft 4] 16:55:34.130760 receive AppendEnryArgs: &{19 0 31 3 [{3 5392321253383220841}] 51}
[raft 4] 16:55:34.130784 AppendEntries,args.PreLogIndedx: 31, rf.LastIncludedIndex: 0, true Index:31, logs: [{0 0} {1 6253507758203746342} {1 1376858912189737673} {1 351160734439171724} {1 6087522654502631801} {1 6868421685723633419} {1 1635673425289833552} {1 1325590865286106278} {1 4641587545549548549} {1 248187982659715586} {1 3863159293206043842} {1 4905644444777841120} {1 3893927625644329640} {1 1199049211088099699} {1 659986930853522855} {1 485957067325123723} {1 6923190463524739542} {1 8767093724371975022}]
[raft 4] 16:55:34.130795 AppendEntries reply: &{19 19 false false}, args:&{19 0 31 3 [{3 5392321253383220841}] 51}
[raft 4] 16:55:34.161770 receive AppendEnryArgs: &{19 0 30 3 [{3 4247765295642695583}] 51}
[raft 4] 16:55:34.161801 AppendEntries,args.PreLogIndedx: 30, rf.LastIncludedIndex: 0, true Index:30, logs: [{0 0} {1 6253507758203746342} {1 1376858912189737673} {1 351160734439171724} {1 6087522654502631801} {1 6868421685723633419} {1 1635673425289833552} {1 1325590865286106278} {1 4641587545549548549} {1 248187982659715586} {1 3863159293206043842} {1 4905644444777841120} {1 3893927625644329640} {1 1199049211088099699} {1 659986930853522855} {1 485957067325123723} {1 6923190463524739542} {1 8767093724371975022}]
[raft 4] 16:55:34.161822 AppendEntries reply: &{19 19 false false}, args:&{19 0 30 3 [{3 4247765295642695583}] 51}
[raft 4] 16:55:34.192162 receive AppendEnryArgs: &{19 0 29 3 [{3 9221533602622435355}] 51}
[raft 4] 16:55:34.192184 AppendEntries,args.PreLogIndedx: 29, rf.LastIncludedIndex: 0, true Index:29, logs: [{0 0} {1 6253507758203746342} {1 1376858912189737673} {1 351160734439171724} {1 6087522654502631801} {1 6868421685723633419} {1 1635673425289833552} {1 1325590865286106278} {1 4641587545549548549} {1 248187982659715586} {1 3863159293206043842} {1 4905644444777841120} {1 3893927625644329640} {1 1199049211088099699} {1 659986930853522855} {1 485957067325123723} {1 6923190463524739542} {1 8767093724371975022}]
[raft 4] 16:55:34.192195 AppendEntries reply: &{19 19 false false}, args:&{19 0 29 3 [{3 9221533602622435355}] 51}
[raft 4] 16:55:34.222884 receive AppendEnryArgs: &{19 0 28 3 [{3 1274024517746864730}] 51}
[raft 4] 16:55:34.222920 AppendEntries,args.PreLogIndedx: 28, rf.LastIncludedIndex: 0, true Index:28, logs: [{0 0} {1 6253507758203746342} {1 1376858912189737673} {1 351160734439171724} {1 6087522654502631801} {1 6868421685723633419} {1 1635673425289833552} {1 1325590865286106278} {1 4641587545549548549} {1 248187982659715586} {1 3863159293206043842} {1 4905644444777841120} {1 3893927625644329640} {1 1199049211088099699} {1 659986930853522855} {1 485957067325123723} {1 6923190463524739542} {1 8767093724371975022}]
[raft 4] 16:55:34.222930 AppendEntries reply: &{19 19 false false}, args:&{19 0 28 3 [{3 1274024517746864730}] 51}
[raft 4] 16:55:34.253314 receive AppendEnryArgs: &{19 0 27 3 [{3 4607604501517398252}] 51}
[raft 4] 16:55:34.253342 AppendEntries,args.PreLogIndedx: 27, rf.LastIncludedIndex: 0, true Index:27, logs: [{0 0} {1 6253507758203746342} {1 1376858912189737673} {1 351160734439171724} {1 6087522654502631801} {1 6868421685723633419} {1 1635673425289833552} {1 1325590865286106278} {1 4641587545549548549} {1 248187982659715586} {1 3863159293206043842} {1 4905644444777841120} {1 3893927625644329640} {1 1199049211088099699} {1 659986930853522855} {1 485957067325123723} {1 6923190463524739542} {1 8767093724371975022}]
[raft 4] 16:55:34.253355 AppendEntries reply: &{19 19 false false}, args:&{19 0 27 3 [{3 4607604501517398252}] 51}
[raft 4] 16:55:34.283731 receive AppendEnryArgs: &{19 0 26 3 [{3 629447155342173671}] 51}
[raft 4] 16:55:34.283751 AppendEntries,args.PreLogIndedx: 26, rf.LastIncludedIndex: 0, true Index:26, logs: [{0 0} {1 6253507758203746342} {1 1376858912189737673} {1 351160734439171724} {1 6087522654502631801} {1 6868421685723633419} {1 1635673425289833552} {1 1325590865286106278} {1 4641587545549548549} {1 248187982659715586} {1 3863159293206043842} {1 4905644444777841120} {1 3893927625644329640} {1 1199049211088099699} {1 659986930853522855} {1 485957067325123723} {1 6923190463524739542} {1 8767093724371975022}]
[raft 4] 16:55:34.283761 AppendEntries reply: &{19 19 false false}, args:&{19 0 26 3 [{3 629447155342173671}] 51}
[raft 4] 16:55:34.315228 receive AppendEnryArgs: &{19 0 25 3 [{3 3776210494444407074}] 51}
[raft 4] 16:55:34.315248 AppendEntries,args.PreLogIndedx: 25, rf.LastIncludedIndex: 0, true Index:25, logs: [{0 0} {1 6253507758203746342} {1 1376858912189737673} {1 351160734439171724} {1 6087522654502631801} {1 6868421685723633419} {1 1635673425289833552} {1 1325590865286106278} {1 4641587545549548549} {1 248187982659715586} {1 3863159293206043842} {1 4905644444777841120} {1 3893927625644329640} {1 1199049211088099699} {1 659986930853522855} {1 485957067325123723} {1 6923190463524739542} {1 8767093724371975022}]
[raft 4] 16:55:34.315258 AppendEntries reply: &{19 19 false false}, args:&{19 0 25 3 [{3 3776210494444407074}] 51}
[raft 4] 16:55:34.324783 receive AppendEnryArgs: &{19 0 24 3 [] 51}
[raft 4] 16:55:34.324807 AppendEntries,args.PreLogIndedx: 24, rf.LastIncludedIndex: 0, true Index:24, logs: [{0 0} {1 6253507758203746342} {1 1376858912189737673} {1 351160734439171724} {1 6087522654502631801} {1 6868421685723633419} {1 1635673425289833552} {1 1325590865286106278} {1 4641587545549548549} {1 248187982659715586} {1 3863159293206043842} {1 4905644444777841120} {1 3893927625644329640} {1 1199049211088099699} {1 659986930853522855} {1 485957067325123723} {1 6923190463524739542} {1 8767093724371975022}]
[raft 4] 16:55:34.324816 AppendEntries reply: &{19 19 false false}, args:&{19 0 24 3 [] 51}
[raft 4] 16:55:34.352611 receive AppendEnryArgs: &{19 0 24 3 [{3 2965854878120266512}] 51}
[raft 4] 16:55:34.352647 AppendEntries,args.PreLogIndedx: 24, rf.LastIncludedIndex: 0, true Index:24, logs: [{0 0} {1 6253507758203746342} {1 1376858912189737673} {1 351160734439171724} {1 6087522654502631801} {1 6868421685723633419} {1 1635673425289833552} {1 1325590865286106278} {1 4641587545549548549} {1 248187982659715586} {1 3863159293206043842} {1 4905644444777841120} {1 3893927625644329640} {1 1199049211088099699} {1 659986930853522855} {1 485957067325123723} {1 6923190463524739542} {1 8767093724371975022}]
[raft 4] 16:55:34.352663 AppendEntries reply: &{19 19 false false}, args:&{19 0 24 3 [{3 2965854878120266512}] 51}
[raft 4] 16:55:34.383044 receive AppendEnryArgs: &{19 0 23 3 [{3 5991849632656885226}] 51}
[raft 4] 16:55:34.383113 AppendEntries,args.PreLogIndedx: 23, rf.LastIncludedIndex: 0, true Index:23, logs: [{0 0} {1 6253507758203746342} {1 1376858912189737673} {1 351160734439171724} {1 6087522654502631801} {1 6868421685723633419} {1 1635673425289833552} {1 1325590865286106278} {1 4641587545549548549} {1 248187982659715586} {1 3863159293206043842} {1 4905644444777841120} {1 3893927625644329640} {1 1199049211088099699} {1 659986930853522855} {1 485957067325123723} {1 6923190463524739542} {1 8767093724371975022}]
[raft 4] 16:55:34.383131 AppendEntries reply: &{19 19 false false}, args:&{19 0 23 3 [{3 5991849632656885226}] 51}
[raft 4] 16:55:34.414470 receive AppendEnryArgs: &{19 0 22 3 [{3 3029126863587836352}] 51}
[raft 4] 16:55:34.414514 AppendEntries,args.PreLogIndedx: 22, rf.LastIncludedIndex: 0, true Index:22, logs: [{0 0} {1 6253507758203746342} {1 1376858912189737673} {1 351160734439171724} {1 6087522654502631801} {1 6868421685723633419} {1 1635673425289833552} {1 1325590865286106278} {1 4641587545549548549} {1 248187982659715586} {1 3863159293206043842} {1 4905644444777841120} {1 3893927625644329640} {1 1199049211088099699} {1 659986930853522855} {1 485957067325123723} {1 6923190463524739542} {1 8767093724371975022}]
[raft 4] 16:55:34.414532 AppendEntries reply: &{19 19 false false}, args:&{19 0 22 3 [{3 3029126863587836352}] 51}
[raft 4] 16:55:34.445911 receive AppendEnryArgs: &{19 0 21 3 [{3 8846379533832608640}] 51}
[raft 4] 16:55:34.445967 AppendEntries,args.PreLogIndedx: 21, rf.LastIncludedIndex: 0, true Index:21, logs: [{0 0} {1 6253507758203746342} {1 1376858912189737673} {1 351160734439171724} {1 6087522654502631801} {1 6868421685723633419} {1 1635673425289833552} {1 1325590865286106278} {1 4641587545549548549} {1 248187982659715586} {1 3863159293206043842} {1 4905644444777841120} {1 3893927625644329640} {1 1199049211088099699} {1 659986930853522855} {1 485957067325123723} {1 6923190463524739542} {1 8767093724371975022}]
[raft 4] 16:55:34.445990 AppendEntries reply: &{19 19 false false}, args:&{19 0 21 3 [{3 8846379533832608640}] 51}
[raft 4] 16:55:34.475038 receive AppendEnryArgs: &{19 0 20 3 [{3 2408869811363427298}] 51}
[raft 4] 16:55:34.475092 AppendEntries,args.PreLogIndedx: 20, rf.LastIncludedIndex: 0, true Index:20, logs: [{0 0} {1 6253507758203746342} {1 1376858912189737673} {1 351160734439171724} {1 6087522654502631801} {1 6868421685723633419} {1 1635673425289833552} {1 1325590865286106278} {1 4641587545549548549} {1 248187982659715586} {1 3863159293206043842} {1 4905644444777841120} {1 3893927625644329640} {1 1199049211088099699} {1 659986930853522855} {1 485957067325123723} {1 6923190463524739542} {1 8767093724371975022}]
[raft 4] 16:55:34.475128 AppendEntries reply: &{19 19 false false}, args:&{19 0 20 3 [{3 2408869811363427298}] 51}
[raft 4] 16:55:34.506272 receive AppendEnryArgs: &{19 0 19 3 [{3 2623921524020588047}] 51}
[raft 4] 16:55:34.506308 AppendEntries,args.PreLogIndedx: 19, rf.LastIncludedIndex: 0, true Index:19, logs: [{0 0} {1 6253507758203746342} {1 1376858912189737673} {1 351160734439171724} {1 6087522654502631801} {1 6868421685723633419} {1 1635673425289833552} {1 1325590865286106278} {1 4641587545549548549} {1 248187982659715586} {1 3863159293206043842} {1 4905644444777841120} {1 3893927625644329640} {1 1199049211088099699} {1 659986930853522855} {1 485957067325123723} {1 6923190463524739542} {1 8767093724371975022}]
[raft 4] 16:55:34.506327 AppendEntries reply: &{19 19 false false}, args:&{19 0 19 3 [{3 2623921524020588047}] 51}
[raft 4] 16:55:34.525361 receive AppendEnryArgs: &{19 0 18 3 [] 51}
[raft 4] 16:55:34.525399 AppendEntries,args.PreLogIndedx: 18, rf.LastIncludedIndex: 0, true Index:18, logs: [{0 0} {1 6253507758203746342} {1 1376858912189737673} {1 351160734439171724} {1 6087522654502631801} {1 6868421685723633419} {1 1635673425289833552} {1 1325590865286106278} {1 4641587545549548549} {1 248187982659715586} {1 3863159293206043842} {1 4905644444777841120} {1 3893927625644329640} {1 1199049211088099699} {1 659986930853522855} {1 485957067325123723} {1 6923190463524739542} {1 8767093724371975022}]
[raft 4] 16:55:34.525414 AppendEntries reply: &{19 19 false false}, args:&{19 0 18 3 [] 51}
[raft 4] 16:55:34.536694 receive AppendEnryArgs: &{19 0 18 3 [{3 5978468433001503831}] 51}
[raft 4] 16:55:34.536716 AppendEntries,args.PreLogIndedx: 18, rf.LastIncludedIndex: 0, true Index:18, logs: [{0 0} {1 6253507758203746342} {1 1376858912189737673} {1 351160734439171724} {1 6087522654502631801} {1 6868421685723633419} {1 1635673425289833552} {1 1325590865286106278} {1 4641587545549548549} {1 248187982659715586} {1 3863159293206043842} {1 4905644444777841120} {1 3893927625644329640} {1 1199049211088099699} {1 659986930853522855} {1 485957067325123723} {1 6923190463524739542} {1 8767093724371975022}]
[raft 4] 16:55:34.536727 AppendEntries reply: &{19 19 false false}, args:&{19 0 18 3 [{3 5978468433001503831}] 51}
[raft 4] 16:55:34.567195 receive AppendEnryArgs: &{19 0 17 3 [{3 857622748583291341}] 51}
[raft 4] 16:55:34.567230 AppendEntries,args.PreLogIndedx: 17, rf.LastIncludedIndex: 0, true Index:17, logs: [{0 0} {1 6253507758203746342} {1 1376858912189737673} {1 351160734439171724} {1 6087522654502631801} {1 6868421685723633419} {1 1635673425289833552} {1 1325590865286106278} {1 4641587545549548549} {1 248187982659715586} {1 3863159293206043842} {1 4905644444777841120} {1 3893927625644329640} {1 1199049211088099699} {1 659986930853522855} {1 485957067325123723} {1 6923190463524739542} {1 8767093724371975022}]
[raft 4] 16:55:34.567247 AppendEntries reply: &{19 19 false false}, args:&{19 0 17 3 [{3 857622748583291341}] 51}
[raft 4] 16:55:34.597400 receive AppendEnryArgs: &{19 0 16 3 [{3 2027917582812909460}] 51}
[raft 4] 16:55:34.597433 AppendEntries,args.PreLogIndedx: 16, rf.LastIncludedIndex: 0, true Index:16, logs: [{0 0} {1 6253507758203746342} {1 1376858912189737673} {1 351160734439171724} {1 6087522654502631801} {1 6868421685723633419} {1 1635673425289833552} {1 1325590865286106278} {1 4641587545549548549} {1 248187982659715586} {1 3863159293206043842} {1 4905644444777841120} {1 3893927625644329640} {1 1199049211088099699} {1 659986930853522855} {1 485957067325123723} {1 6923190463524739542} {1 8767093724371975022}]
[raft 4] 16:55:34.597450 AppendEntries reply: &{19 19 false false}, args:&{19 0 16 3 [{3 2027917582812909460}] 51}
[raft 4] 16:55:34.627459 receive AppendEnryArgs: &{19 0 15 3 [{3 1806002599424460855}] 51}
[raft 4] 16:55:34.627482 AppendEntries,args.PreLogIndedx: 15, rf.LastIncludedIndex: 0, true Index:15, logs: [{0 0} {1 6253507758203746342} {1 1376858912189737673} {1 351160734439171724} {1 6087522654502631801} {1 6868421685723633419} {1 1635673425289833552} {1 1325590865286106278} {1 4641587545549548549} {1 248187982659715586} {1 3863159293206043842} {1 4905644444777841120} {1 3893927625644329640} {1 1199049211088099699} {1 659986930853522855} {1 485957067325123723} {1 6923190463524739542} {1 8767093724371975022}]
[raft 4] 16:55:34.627497 AppendEntries reply: &{19 19 false false}, args:&{19 0 15 3 [{3 1806002599424460855}] 51}
[raft 4] 16:55:34.657981 receive AppendEnryArgs: &{19 0 14 3 [{3 2801304281818604231}] 51}
[raft 4] 16:55:34.658004 AppendEntries,args.PreLogIndedx: 14, rf.LastIncludedIndex: 0, true Index:14, logs: [{0 0} {1 6253507758203746342} {1 1376858912189737673} {1 351160734439171724} {1 6087522654502631801} {1 6868421685723633419} {1 1635673425289833552} {1 1325590865286106278} {1 4641587545549548549} {1 248187982659715586} {1 3863159293206043842} {1 4905644444777841120} {1 3893927625644329640} {1 1199049211088099699} {1 659986930853522855} {1 485957067325123723} {1 6923190463524739542} {1 8767093724371975022}]
[raft 4] 16:55:34.658014 AppendEntries reply: &{19 19 false false}, args:&{19 0 14 3 [{3 2801304281818604231}] 51}
[raft 4] 16:55:34.688883 receive AppendEnryArgs: &{19 0 13 3 [{3 541926564365875286}] 51}
[raft 4] 16:55:34.688915 AppendEntries,args.PreLogIndedx: 13, rf.LastIncludedIndex: 0, true Index:13, logs: [{0 0} {1 6253507758203746342} {1 1376858912189737673} {1 351160734439171724} {1 6087522654502631801} {1 6868421685723633419} {1 1635673425289833552} {1 1325590865286106278} {1 4641587545549548549} {1 248187982659715586} {1 3863159293206043842} {1 4905644444777841120} {1 3893927625644329640} {1 1199049211088099699} {1 659986930853522855} {1 485957067325123723} {1 6923190463524739542} {1 8767093724371975022}]
[raft 4] 16:55:34.688925 AppendEntries reply: &{19 19 false false}, args:&{19 0 13 3 [{3 541926564365875286}] 51}
[raft 4] 16:55:34.719156 receive AppendEnryArgs: &{19 0 12 3 [{3 4769273483076545814}] 51}
[raft 4] 16:55:34.719188 AppendEntries,args.PreLogIndedx: 12, rf.LastIncludedIndex: 0, true Index:12, logs: [{0 0} {1 6253507758203746342} {1 1376858912189737673} {1 351160734439171724} {1 6087522654502631801} {1 6868421685723633419} {1 1635673425289833552} {1 1325590865286106278} {1 4641587545549548549} {1 248187982659715586} {1 3863159293206043842} {1 4905644444777841120} {1 3893927625644329640} {1 1199049211088099699} {1 659986930853522855} {1 485957067325123723} {1 6923190463524739542} {1 8767093724371975022}]
[raft 4] 16:55:34.719206 AppendEntries reply: &{19 19 false false}, args:&{19 0 12 3 [{3 4769273483076545814}] 51}
[raft 4] 16:55:34.726326 receive AppendEnryArgs: &{19 0 11 3 [] 51}
[raft 4] 16:55:34.726354 AppendEntries,args.PreLogIndedx: 11, rf.LastIncludedIndex: 0, true Index:11, logs: [{0 0} {1 6253507758203746342} {1 1376858912189737673} {1 351160734439171724} {1 6087522654502631801} {1 6868421685723633419} {1 1635673425289833552} {1 1325590865286106278} {1 4641587545549548549} {1 248187982659715586} {1 3863159293206043842} {1 4905644444777841120} {1 3893927625644329640} {1 1199049211088099699} {1 659986930853522855} {1 485957067325123723} {1 6923190463524739542} {1 8767093724371975022}]
[raft 4] 16:55:34.726366 AppendEntries reply: &{19 19 false false}, args:&{19 0 11 3 [] 51}
[raft 4] 16:55:34.749644 receive AppendEnryArgs: &{19 0 11 3 [{3 866110414960066052}] 51}
[raft 4] 16:55:34.749704 AppendEntries,args.PreLogIndedx: 11, rf.LastIncludedIndex: 0, true Index:11, logs: [{0 0} {1 6253507758203746342} {1 1376858912189737673} {1 351160734439171724} {1 6087522654502631801} {1 6868421685723633419} {1 1635673425289833552} {1 1325590865286106278} {1 4641587545549548549} {1 248187982659715586} {1 3863159293206043842} {1 4905644444777841120} {1 3893927625644329640} {1 1199049211088099699} {1 659986930853522855} {1 485957067325123723} {1 6923190463524739542} {1 8767093724371975022}]
[raft 4] 16:55:34.749715 AppendEntries reply: &{19 19 false false}, args:&{19 0 11 3 [{3 866110414960066052}] 51}
[raft 4] 16:55:34.780147 receive AppendEnryArgs: &{19 0 10 3 [{3 2754484154992344550}] 51}
[raft 4] 16:55:34.780171 AppendEntries,args.PreLogIndedx: 10, rf.LastIncludedIndex: 0, true Index:10, logs: [{0 0} {1 6253507758203746342} {1 1376858912189737673} {1 351160734439171724} {1 6087522654502631801} {1 6868421685723633419} {1 1635673425289833552} {1 1325590865286106278} {1 4641587545549548549} {1 248187982659715586} {1 3863159293206043842} {1 4905644444777841120} {1 3893927625644329640} {1 1199049211088099699} {1 659986930853522855} {1 485957067325123723} {1 6923190463524739542} {1 8767093724371975022}]
[raft 4] 16:55:34.780201 AppendEntries reply: &{19 19 false false}, args:&{19 0 10 3 [{3 2754484154992344550}] 51}
[raft 4] 16:55:34.810728 receive AppendEnryArgs: &{19 0 9 3 [{3 3227374124154054044}] 51}
[raft 4] 16:55:34.810756 AppendEntries,args.PreLogIndedx: 9, rf.LastIncludedIndex: 0, true Index:9, logs: [{0 0} {1 6253507758203746342} {1 1376858912189737673} {1 351160734439171724} {1 6087522654502631801} {1 6868421685723633419} {1 1635673425289833552} {1 1325590865286106278} {1 4641587545549548549} {1 248187982659715586} {1 3863159293206043842} {1 4905644444777841120} {1 3893927625644329640} {1 1199049211088099699} {1 659986930853522855} {1 485957067325123723} {1 6923190463524739542} {1 8767093724371975022}]
[raft 4] 16:55:34.810768 AppendEntries reply: &{19 19 false false}, args:&{19 0 9 3 [{3 3227374124154054044}] 51}
[raft 4] 16:55:34.841232 receive AppendEnryArgs: &{19 0 8 3 [{3 151385130763813582}] 51}
[raft 4] 16:55:34.841253 AppendEntries,args.PreLogIndedx: 8, rf.LastIncludedIndex: 0, true Index:8, logs: [{0 0} {1 6253507758203746342} {1 1376858912189737673} {1 351160734439171724} {1 6087522654502631801} {1 6868421685723633419} {1 1635673425289833552} {1 1325590865286106278} {1 4641587545549548549} {1 248187982659715586} {1 3863159293206043842} {1 4905644444777841120} {1 3893927625644329640} {1 1199049211088099699} {1 659986930853522855} {1 485957067325123723} {1 6923190463524739542} {1 8767093724371975022}]
[raft 4] 16:55:34.841282 AppendEntries reply: &{19 19 false false}, args:&{19 0 8 3 [{3 151385130763813582}] 51}
[raft 4] 16:55:34.871861 receive AppendEnryArgs: &{19 0 7 3 [{3 1259289249658864878}] 51}
[raft 4] 16:55:34.871903 AppendEntries,args.PreLogIndedx: 7, rf.LastIncludedIndex: 0, true Index:7, logs: [{0 0} {1 6253507758203746342} {1 1376858912189737673} {1 351160734439171724} {1 6087522654502631801} {1 6868421685723633419} {1 1635673425289833552} {1 1325590865286106278} {1 4641587545549548549} {1 248187982659715586} {1 3863159293206043842} {1 4905644444777841120} {1 3893927625644329640} {1 1199049211088099699} {1 659986930853522855} {1 485957067325123723} {1 6923190463524739542} {1 8767093724371975022}]
[raft 4] 16:55:34.871915 AppendEntries reply: &{19 19 false false}, args:&{19 0 7 3 [{3 1259289249658864878}] 51}
[raft 4] 16:55:34.902135 receive AppendEnryArgs: &{19 0 6 3 [{3 1515860393510156239}] 51}
[raft 4] 16:55:34.902156 AppendEntries,args.PreLogIndedx: 6, rf.LastIncludedIndex: 0, true Index:6, logs: [{0 0} {1 6253507758203746342} {1 1376858912189737673} {1 351160734439171724} {1 6087522654502631801} {1 6868421685723633419} {1 1635673425289833552} {1 1325590865286106278} {1 4641587545549548549} {1 248187982659715586} {1 3863159293206043842} {1 4905644444777841120} {1 3893927625644329640} {1 1199049211088099699} {1 659986930853522855} {1 485957067325123723} {1 6923190463524739542} {1 8767093724371975022}]
[raft 4] 16:55:34.902166 AppendEntries reply: &{19 19 false false}, args:&{19 0 6 3 [{3 1515860393510156239}] 51}
[raft 4] 16:55:34.927133 receive AppendEnryArgs: &{19 0 5 3 [] 51}
[raft 4] 16:55:34.927167 AppendEntries,args.PreLogIndedx: 5, rf.LastIncludedIndex: 0, true Index:5, logs: [{0 0} {1 6253507758203746342} {1 1376858912189737673} {1 351160734439171724} {1 6087522654502631801} {1 6868421685723633419} {1 1635673425289833552} {1 1325590865286106278} {1 4641587545549548549} {1 248187982659715586} {1 3863159293206043842} {1 4905644444777841120} {1 3893927625644329640} {1 1199049211088099699} {1 659986930853522855} {1 485957067325123723} {1 6923190463524739542} {1 8767093724371975022}]
[raft 4] 16:55:34.927186 AppendEntries reply: &{19 19 false false}, args:&{19 0 5 3 [] 51}
[raft 4] 16:55:34.932390 receive AppendEnryArgs: &{19 0 5 3 [{3 8357727454296896261}] 51}
[raft 4] 16:55:34.932428 AppendEntries,args.PreLogIndedx: 5, rf.LastIncludedIndex: 0, true Index:5, logs: [{0 0} {1 6253507758203746342} {1 1376858912189737673} {1 351160734439171724} {1 6087522654502631801} {1 6868421685723633419} {1 1635673425289833552} {1 1325590865286106278} {1 4641587545549548549} {1 248187982659715586} {1 3863159293206043842} {1 4905644444777841120} {1 3893927625644329640} {1 1199049211088099699} {1 659986930853522855} {1 485957067325123723} {1 6923190463524739542} {1 8767093724371975022}]
[raft 4] 16:55:34.932438 AppendEntries reply: &{19 19 false false}, args:&{19 0 5 3 [{3 8357727454296896261}] 51}
[raft 4] 16:55:34.963161 receive AppendEnryArgs: &{19 0 4 3 [{3 2471875294180492699}] 51}
[raft 4] 16:55:34.963182 AppendEntries,args.PreLogIndedx: 4, rf.LastIncludedIndex: 0, true Index:4, logs: [{0 0} {1 6253507758203746342} {1 1376858912189737673} {1 351160734439171724} {1 6087522654502631801} {1 6868421685723633419} {1 1635673425289833552} {1 1325590865286106278} {1 4641587545549548549} {1 248187982659715586} {1 3863159293206043842} {1 4905644444777841120} {1 3893927625644329640} {1 1199049211088099699} {1 659986930853522855} {1 485957067325123723} {1 6923190463524739542} {1 8767093724371975022}]
[raft 4] 16:55:34.963192 AppendEntries reply: &{19 19 false false}, args:&{19 0 4 3 [{3 2471875294180492699}] 51}
[raft 4] 16:55:34.993504 receive AppendEnryArgs: &{19 0 3 3 [{3 1272911550179083268}] 51}
[raft 4] 16:55:34.993523 AppendEntries,args.PreLogIndedx: 3, rf.LastIncludedIndex: 0, true Index:3, logs: [{0 0} {1 6253507758203746342} {1 1376858912189737673} {1 351160734439171724} {1 6087522654502631801} {1 6868421685723633419} {1 1635673425289833552} {1 1325590865286106278} {1 4641587545549548549} {1 248187982659715586} {1 3863159293206043842} {1 4905644444777841120} {1 3893927625644329640} {1 1199049211088099699} {1 659986930853522855} {1 485957067325123723} {1 6923190463524739542} {1 8767093724371975022}]
[raft 4] 16:55:34.993532 AppendEntries reply: &{19 19 false false}, args:&{19 0 3 3 [{3 1272911550179083268}] 51}
[raft 4] 16:55:35.024451 receive AppendEnryArgs: &{19 0 2 3 [{3 4635117257095143248}] 51}
[raft 4] 16:55:35.024498 AppendEntries,args.PreLogIndedx: 2, rf.LastIncludedIndex: 0, true Index:2, logs: [{0 0} {1 6253507758203746342} {1 1376858912189737673} {1 351160734439171724} {1 6087522654502631801} {1 6868421685723633419} {1 1635673425289833552} {1 1325590865286106278} {1 4641587545549548549} {1 248187982659715586} {1 3863159293206043842} {1 4905644444777841120} {1 3893927625644329640} {1 1199049211088099699} {1 659986930853522855} {1 485957067325123723} {1 6923190463524739542} {1 8767093724371975022}]
[raft 4] 16:55:35.024526 AppendEntries reply: &{19 19 false false}, args:&{19 0 2 3 [{3 4635117257095143248}] 51}
[raft 4] 16:55:35.054881 receive AppendEnryArgs: &{19 0 1 1 [{3 3487063482103971255}] 51}
[raft 4] 16:55:35.054903 AppendEntries,args.PreLogIndedx: 1, rf.LastIncludedIndex: 0, true Index:1, logs: [{0 0} {1 6253507758203746342} {1 1376858912189737673} {1 351160734439171724} {1 6087522654502631801} {1 6868421685723633419} {1 1635673425289833552} {1 1325590865286106278} {1 4641587545549548549} {1 248187982659715586} {1 3863159293206043842} {1 4905644444777841120} {1 3893927625644329640} {1 1199049211088099699} {1 659986930853522855} {1 485957067325123723} {1 6923190463524739542} {1 8767093724371975022}]
[raft 4] 16:55:35.054925 AppendEntries reply: &{19 19 true false}, args:&{19 0 1 1 [{3 3487063482103971255}] 51}
[raft 4] 16:55:35.085452 receive AppendEnryArgs: &{19 0 2 3 [{3 4635117257095143248}] 51}
[raft 4] 16:55:35.085467 AppendEntries,args.PreLogIndedx: 2, rf.LastIncludedIndex: 0, true Index:2, logs: [{0 0} {1 6253507758203746342} {3 3487063482103971255}]
[raft 4] 16:55:35.085489 AppendEntries reply: &{19 19 true false}, args:&{19 0 2 3 [{3 4635117257095143248}] 51}
[raft 4] 16:55:35.085979 rf.LastApplied: 2, rf.LastIncludedIdnex: 0, true index: 2, rf.Logs: [{0 0} {1 6253507758203746342} {3 3487063482103971255} {3 4635117257095143248}]
[raft 4] 16:55:35.116494 receive AppendEnryArgs: &{19 0 3 3 [{3 1272911550179083268}] 51}
[raft 4] 16:55:35.116510 AppendEntries,args.PreLogIndedx: 3, rf.LastIncludedIndex: 0, true Index:3, logs: [{0 0} {1 6253507758203746342} {3 3487063482103971255} {3 4635117257095143248}]
[raft 4] 16:55:35.116547 AppendEntries reply: &{19 19 true false}, args:&{19 0 3 3 [{3 1272911550179083268}] 51}
[raft 4] 16:55:35.117407 rf.LastApplied: 3, rf.LastIncludedIdnex: 0, true index: 3, rf.Logs: [{0 0} {1 6253507758203746342} {3 3487063482103971255} {3 4635117257095143248} {3 1272911550179083268}]
[raft 4] 16:55:35.127512 receive AppendEnryArgs: &{19 0 4 3 [] 51}
[raft 4] 16:55:35.127549 AppendEntries,args.PreLogIndedx: 4, rf.LastIncludedIndex: 0, true Index:4, logs: [{0 0} {1 6253507758203746342} {3 3487063482103971255} {3 4635117257095143248} {3 1272911550179083268}]
[raft 4] 16:55:35.127599 AppendEntries reply: &{19 19 true false}, args:&{19 0 4 3 [] 51}
[raft 4] 16:55:35.127780 rf.LastApplied: 4, rf.LastIncludedIdnex: 0, true index: 4, rf.Logs: [{0 0} {1 6253507758203746342} {3 3487063482103971255} {3 4635117257095143248} {3 1272911550179083268}]
[raft 4] 16:55:35.146691 receive AppendEnryArgs: &{19 0 4 3 [{3 2471875294180492699}] 51}
[raft 4] 16:55:35.146708 AppendEntries,args.PreLogIndedx: 4, rf.LastIncludedIndex: 0, true Index:4, logs: [{0 0} {1 6253507758203746342} {3 3487063482103971255} {3 4635117257095143248} {3 1272911550179083268}]
[raft 4] 16:55:35.146732 AppendEntries reply: &{19 19 true false}, args:&{19 0 4 3 [{3 2471875294180492699}] 51}
[raft 4] 16:55:35.177742 receive AppendEnryArgs: &{19 0 5 3 [{3 8357727454296896261}] 51}
[raft 4] 16:55:35.177760 AppendEntries,args.PreLogIndedx: 5, rf.LastIncludedIndex: 0, true Index:5, logs: [{0 0} {1 6253507758203746342} {3 3487063482103971255} {3 4635117257095143248} {3 1272911550179083268} {3 2471875294180492699}]
[raft 4] 16:55:35.177789 AppendEntries reply: &{19 19 true false}, args:&{19 0 5 3 [{3 8357727454296896261}] 51}
[raft 4] 16:55:35.179234 rf.LastApplied: 5, rf.LastIncludedIdnex: 0, true index: 5, rf.Logs: [{0 0} {1 6253507758203746342} {3 3487063482103971255} {3 4635117257095143248} {3 1272911550179083268} {3 2471875294180492699} {3 8357727454296896261}]
[raft 4] 16:55:35.208609 receive AppendEnryArgs: &{19 0 6 3 [{3 1515860393510156239}] 51}
[raft 4] 16:55:35.208645 AppendEntries,args.PreLogIndedx: 6, rf.LastIncludedIndex: 0, true Index:6, logs: [{0 0} {1 6253507758203746342} {3 3487063482103971255} {3 4635117257095143248} {3 1272911550179083268} {3 2471875294180492699} {3 8357727454296896261}]
[raft 4] 16:55:35.208683 AppendEntries reply: &{19 19 true false}, args:&{19 0 6 3 [{3 1515860393510156239}] 51}
[raft 4] 16:55:35.210767 rf.LastApplied: 6, rf.LastIncludedIdnex: 0, true index: 6, rf.Logs: [{0 0} {1 6253507758203746342} {3 3487063482103971255} {3 4635117257095143248} {3 1272911550179083268} {3 2471875294180492699} {3 8357727454296896261} {3 1515860393510156239}]
[raft 4] 16:55:35.240066 receive AppendEnryArgs: &{19 0 7 3 [{3 1259289249658864878}] 51}
[raft 4] 16:55:35.240099 AppendEntries,args.PreLogIndedx: 7, rf.LastIncludedIndex: 0, true Index:7, logs: [{0 0} {1 6253507758203746342} {3 3487063482103971255} {3 4635117257095143248} {3 1272911550179083268} {3 2471875294180492699} {3 8357727454296896261} {3 1515860393510156239}]
[raft 4] 16:55:35.240148 AppendEntries reply: &{19 19 true false}, args:&{19 0 7 3 [{3 1259289249658864878}] 51}
[raft 4] 16:55:35.242233 rf.LastApplied: 7, rf.LastIncludedIdnex: 0, true index: 7, rf.Logs: [{0 0} {1 6253507758203746342} {3 3487063482103971255} {3 4635117257095143248} {3 1272911550179083268} {3 2471875294180492699} {3 8357727454296896261} {3 1515860393510156239} {3 1259289249658864878}]
[raft 4] 16:55:35.270008 receive AppendEnryArgs: &{19 0 8 3 [{3 151385130763813582}] 51}
[raft 4] 16:55:35.270027 AppendEntries,args.PreLogIndedx: 8, rf.LastIncludedIndex: 0, true Index:8, logs: [{0 0} {1 6253507758203746342} {3 3487063482103971255} {3 4635117257095143248} {3 1272911550179083268} {3 2471875294180492699} {3 8357727454296896261} {3 1515860393510156239} {3 1259289249658864878}]
[raft 4] 16:55:35.270068 AppendEntries reply: &{19 19 true false}, args:&{19 0 8 3 [{3 151385130763813582}] 51}
[raft 4] 16:55:35.273955 rf.LastApplied: 8, rf.LastIncludedIdnex: 0, true index: 8, rf.Logs: [{0 0} {1 6253507758203746342} {3 3487063482103971255} {3 4635117257095143248} {3 1272911550179083268} {3 2471875294180492699} {3 8357727454296896261} {3 1515860393510156239} {3 1259289249658864878} {3 151385130763813582}]
[raft 4] 16:55:35.300389 receive AppendEnryArgs: &{19 0 9 3 [{3 3227374124154054044}] 51}
[raft 4] 16:55:35.300407 AppendEntries,args.PreLogIndedx: 9, rf.LastIncludedIndex: 0, true Index:9, logs: [{0 0} {1 6253507758203746342} {3 3487063482103971255} {3 4635117257095143248} {3 1272911550179083268} {3 2471875294180492699} {3 8357727454296896261} {3 1515860393510156239} {3 1259289249658864878} {3 151385130763813582}]
[raft 4] 16:55:35.300432 AppendEntries reply: &{19 19 true false}, args:&{19 0 9 3 [{3 3227374124154054044}] 51}
[raft 4] 16:55:35.305710 rf.LastApplied: 9, rf.LastIncludedIdnex: 0, true index: 9, rf.Logs: [{0 0} {1 6253507758203746342} {3 3487063482103971255} {3 4635117257095143248} {3 1272911550179083268} {3 2471875294180492699} {3 8357727454296896261} {3 1515860393510156239} {3 1259289249658864878} {3 151385130763813582} {3 3227374124154054044}]
[raft 4] 16:55:35.327955 receive AppendEnryArgs: &{19 0 10 3 [] 51}
[raft 4] 16:55:35.327984 AppendEntries,args.PreLogIndedx: 10, rf.LastIncludedIndex: 0, true Index:10, logs: [{0 0} {1 6253507758203746342} {3 3487063482103971255} {3 4635117257095143248} {3 1272911550179083268} {3 2471875294180492699} {3 8357727454296896261} {3 1515860393510156239} {3 1259289249658864878} {3 151385130763813582} {3 3227374124154054044}]
[raft 4] 16:55:35.328026 AppendEntries reply: &{19 19 true false}, args:&{19 0 10 3 [] 51}
[raft 4] 16:55:35.330606 receive AppendEnryArgs: &{19 0 10 3 [{3 2754484154992344550}] 51}
[raft 4] 16:55:35.330626 AppendEntries,args.PreLogIndedx: 10, rf.LastIncludedIndex: 0, true Index:10, logs: [{0 0} {1 6253507758203746342} {3 3487063482103971255} {3 4635117257095143248} {3 1272911550179083268} {3 2471875294180492699} {3 8357727454296896261} {3 1515860393510156239} {3 1259289249658864878} {3 151385130763813582} {3 3227374124154054044}]
[raft 4] 16:55:35.330652 AppendEntries reply: &{19 19 true false}, args:&{19 0 10 3 [{3 2754484154992344550}] 51}
[raft 4] 16:55:35.337594 rf.LastApplied: 10, rf.LastIncludedIdnex: 0, true index: 10, rf.Logs: [{0 0} {1 6253507758203746342} {3 3487063482103971255} {3 4635117257095143248} {3 1272911550179083268} {3 2471875294180492699} {3 8357727454296896261} {3 1515860393510156239} {3 1259289249658864878} {3 151385130763813582} {3 3227374124154054044} {3 2754484154992344550}]
[raft 4] 16:55:35.361049 receive AppendEnryArgs: &{19 0 11 3 [{3 866110414960066052}] 51}
[raft 4] 16:55:35.361077 AppendEntries,args.PreLogIndedx: 11, rf.LastIncludedIndex: 0, true Index:11, logs: [{0 0} {1 6253507758203746342} {3 3487063482103971255} {3 4635117257095143248} {3 1272911550179083268} {3 2471875294180492699} {3 8357727454296896261} {3 1515860393510156239} {3 1259289249658864878} {3 151385130763813582} {3 3227374124154054044} {3 2754484154992344550}]
[raft 4] 16:55:35.361109 AppendEntries reply: &{19 19 true false}, args:&{19 0 11 3 [{3 866110414960066052}] 51}
[raft 4] 16:55:35.368930 rf.LastApplied: 11, rf.LastIncludedIdnex: 0, true index: 11, rf.Logs: [{0 0} {1 6253507758203746342} {3 3487063482103971255} {3 4635117257095143248} {3 1272911550179083268} {3 2471875294180492699} {3 8357727454296896261} {3 1515860393510156239} {3 1259289249658864878} {3 151385130763813582} {3 3227374124154054044} {3 2754484154992344550} {3 866110414960066052}]
[raft 4] 16:55:35.391431 receive AppendEnryArgs: &{19 0 12 3 [{3 4769273483076545814}] 51}
[raft 4] 16:55:35.391453 AppendEntries,args.PreLogIndedx: 12, rf.LastIncludedIndex: 0, true Index:12, logs: [{0 0} {1 6253507758203746342} {3 3487063482103971255} {3 4635117257095143248} {3 1272911550179083268} {3 2471875294180492699} {3 8357727454296896261} {3 1515860393510156239} {3 1259289249658864878} {3 151385130763813582} {3 3227374124154054044} {3 2754484154992344550} {3 866110414960066052}]
[raft 4] 16:55:35.391486 AppendEntries reply: &{19 19 true false}, args:&{19 0 12 3 [{3 4769273483076545814}] 51}
[raft 4] 16:55:35.400840 rf.LastApplied: 12, rf.LastIncludedIdnex: 0, true index: 12, rf.Logs: [{0 0} {1 6253507758203746342} {3 3487063482103971255} {3 4635117257095143248} {3 1272911550179083268} {3 2471875294180492699} {3 8357727454296896261} {3 1515860393510156239} {3 1259289249658864878} {3 151385130763813582} {3 3227374124154054044} {3 2754484154992344550} {3 866110414960066052} {3 4769273483076545814}]
[raft 4] 16:55:35.421561 receive AppendEnryArgs: &{19 0 13 3 [{3 541926564365875286}] 51}
[raft 4] 16:55:35.421581 AppendEntries,args.PreLogIndedx: 13, rf.LastIncludedIndex: 0, true Index:13, logs: [{0 0} {1 6253507758203746342} {3 3487063482103971255} {3 4635117257095143248} {3 1272911550179083268} {3 2471875294180492699} {3 8357727454296896261} {3 1515860393510156239} {3 1259289249658864878} {3 151385130763813582} {3 3227374124154054044} {3 2754484154992344550} {3 866110414960066052} {3 4769273483076545814}]
[raft 4] 16:55:35.421613 AppendEntries reply: &{19 19 true false}, args:&{19 0 13 3 [{3 541926564365875286}] 51}
[raft 4] 16:55:35.421846 rf.LastApplied: 13, rf.LastIncludedIdnex: 0, true index: 13, rf.Logs: [{0 0} {1 6253507758203746342} {3 3487063482103971255} {3 4635117257095143248} {3 1272911550179083268} {3 2471875294180492699} {3 8357727454296896261} {3 1515860393510156239} {3 1259289249658864878} {3 151385130763813582} {3 3227374124154054044} {3 2754484154992344550} {3 866110414960066052} {3 4769273483076545814} {3 541926564365875286}]
[raft 4] 16:55:35.451905 receive AppendEnryArgs: &{19 0 14 3 [{3 2801304281818604231}] 51}
[raft 4] 16:55:35.451927 AppendEntries,args.PreLogIndedx: 14, rf.LastIncludedIndex: 0, true Index:14, logs: [{0 0} {1 6253507758203746342} {3 3487063482103971255} {3 4635117257095143248} {3 1272911550179083268} {3 2471875294180492699} {3 8357727454296896261} {3 1515860393510156239} {3 1259289249658864878} {3 151385130763813582} {3 3227374124154054044} {3 2754484154992344550} {3 866110414960066052} {3 4769273483076545814} {3 541926564365875286}]
[raft 4] 16:55:35.451970 AppendEntries reply: &{19 19 true false}, args:&{19 0 14 3 [{3 2801304281818604231}] 51}
[raft 4] 16:55:35.452738 rf.LastApplied: 14, rf.LastIncludedIdnex: 0, true index: 14, rf.Logs: [{0 0} {1 6253507758203746342} {3 3487063482103971255} {3 4635117257095143248} {3 1272911550179083268} {3 2471875294180492699} {3 8357727454296896261} {3 1515860393510156239} {3 1259289249658864878} {3 151385130763813582} {3 3227374124154054044} {3 2754484154992344550} {3 866110414960066052} {3 4769273483076545814} {3 541926564365875286} {3 2801304281818604231}]
[raft 4] 16:55:35.482407 receive AppendEnryArgs: &{19 0 15 3 [{3 1806002599424460855}] 51}
[raft 4] 16:55:35.482426 AppendEntries,args.PreLogIndedx: 15, rf.LastIncludedIndex: 0, true Index:15, logs: [{0 0} {1 6253507758203746342} {3 3487063482103971255} {3 4635117257095143248} {3 1272911550179083268} {3 2471875294180492699} {3 8357727454296896261} {3 1515860393510156239} {3 1259289249658864878} {3 151385130763813582} {3 3227374124154054044} {3 2754484154992344550} {3 866110414960066052} {3 4769273483076545814} {3 541926564365875286} {3 2801304281818604231}]
[raft 4] 16:55:35.482457 AppendEntries reply: &{19 19 true false}, args:&{19 0 15 3 [{3 1806002599424460855}] 51}
[raft 4] 16:55:35.484386 rf.LastApplied: 15, rf.LastIncludedIdnex: 0, true index: 15, rf.Logs: [{0 0} {1 6253507758203746342} {3 3487063482103971255} {3 4635117257095143248} {3 1272911550179083268} {3 2471875294180492699} {3 8357727454296896261} {3 1515860393510156239} {3 1259289249658864878} {3 151385130763813582} {3 3227374124154054044} {3 2754484154992344550} {3 866110414960066052} {3 4769273483076545814} {3 541926564365875286} {3 2801304281818604231} {3 1806002599424460855}]
[raft 4] 16:55:35.512921 receive AppendEnryArgs: &{19 0 16 3 [{3 2027917582812909460}] 51}
[raft 4] 16:55:35.512944 AppendEntries,args.PreLogIndedx: 16, rf.LastIncludedIndex: 0, true Index:16, logs: [{0 0} {1 6253507758203746342} {3 3487063482103971255} {3 4635117257095143248} {3 1272911550179083268} {3 2471875294180492699} {3 8357727454296896261} {3 1515860393510156239} {3 1259289249658864878} {3 151385130763813582} {3 3227374124154054044} {3 2754484154992344550} {3 866110414960066052} {3 4769273483076545814} {3 541926564365875286} {3 2801304281818604231} {3 1806002599424460855}]
[raft 4] 16:55:35.512976 AppendEntries reply: &{19 19 true false}, args:&{19 0 16 3 [{3 2027917582812909460}] 51}
[raft 4] 16:55:35.515295 rf.LastApplied: 16, rf.LastIncludedIdnex: 0, true index: 16, rf.Logs: [{0 0} {1 6253507758203746342} {3 3487063482103971255} {3 4635117257095143248} {3 1272911550179083268} {3 2471875294180492699} {3 8357727454296896261} {3 1515860393510156239} {3 1259289249658864878} {3 151385130763813582} {3 3227374124154054044} {3 2754484154992344550} {3 866110414960066052} {3 4769273483076545814} {3 541926564365875286} {3 2801304281818604231} {3 1806002599424460855} {3 2027917582812909460}]
[raft 4] 16:55:35.528262 receive AppendEnryArgs: &{19 0 17 3 [] 51}
[raft 4] 16:55:35.528287 AppendEntries,args.PreLogIndedx: 17, rf.LastIncludedIndex: 0, true Index:17, logs: [{0 0} {1 6253507758203746342} {3 3487063482103971255} {3 4635117257095143248} {3 1272911550179083268} {3 2471875294180492699} {3 8357727454296896261} {3 1515860393510156239} {3 1259289249658864878} {3 151385130763813582} {3 3227374124154054044} {3 2754484154992344550} {3 866110414960066052} {3 4769273483076545814} {3 541926564365875286} {3 2801304281818604231} {3 1806002599424460855} {3 2027917582812909460}]
[raft 4] 16:55:35.528336 AppendEntries reply: &{19 19 true false}, args:&{19 0 17 3 [] 51}
[raft 4] 16:55:35.536425 rf.LastApplied: 17, rf.LastIncludedIdnex: 0, true index: 17, rf.Logs: [{0 0} {1 6253507758203746342} {3 3487063482103971255} {3 4635117257095143248} {3 1272911550179083268} {3 2471875294180492699} {3 8357727454296896261} {3 1515860393510156239} {3 1259289249658864878} {3 151385130763813582} {3 3227374124154054044} {3 2754484154992344550} {3 866110414960066052} {3 4769273483076545814} {3 541926564365875286} {3 2801304281818604231} {3 1806002599424460855} {3 2027917582812909460}]
[raft 4] 16:55:35.543769 receive AppendEnryArgs: &{19 0 17 3 [{3 857622748583291341}] 51}
[raft 4] 16:55:35.543809 AppendEntries,args.PreLogIndedx: 17, rf.LastIncludedIndex: 0, true Index:17, logs: [{0 0} {1 6253507758203746342} {3 3487063482103971255} {3 4635117257095143248} {3 1272911550179083268} {3 2471875294180492699} {3 8357727454296896261} {3 1515860393510156239} {3 1259289249658864878} {3 151385130763813582} {3 3227374124154054044} {3 2754484154992344550} {3 866110414960066052} {3 4769273483076545814} {3 541926564365875286} {3 2801304281818604231} {3 1806002599424460855} {3 2027917582812909460}]
[raft 4] 16:55:35.543847 AppendEntries reply: &{19 19 true false}, args:&{19 0 17 3 [{3 857622748583291341}] 51}
