[server 1] 22:02:00.364986 servers number: 5
[server 1] 22:02:00.365598 start to apply
[server 1] 22:02:00.796153 apply: {put 0 }
[server 1] 22:02:00.796233 map[0:]
[server 1] 22:02:00.796272 start to apply
[server 1] 22:02:00.828681 apply: {append 0 x 0 0 y}
[server 1] 22:02:00.828741 map[0:x 0 0 y]
[server 1] 22:02:00.828768 start to apply
[server 1] 22:02:00.859850 apply: {append 0 x 0 1 y}
[server 1] 22:02:00.859926 map[0:x 0 0 yx 0 1 y]
[server 1] 22:02:00.859953 start to apply
[server 1] 22:02:00.884478 apply: {append 0 x 0 2 y}
[server 1] 22:02:00.884556 map[0:x 0 0 yx 0 1 yx 0 2 y]
[server 1] 22:02:00.884589 start to apply
[server 1] 22:02:00.916066 apply: {get 0 }
[server 1] 22:02:00.916133 map[0:x 0 0 yx 0 1 yx 0 2 y]
[server 1] 22:02:00.916167 start to apply
[server 1] 22:02:00.916204 return: &{true kvserver is not a leader. x 0 0 yx 0 1 yx 0 2 y} 
[server 1] 22:02:00.947693 apply: {get 0 }
[server 1] 22:02:00.947785 map[0:x 0 0 yx 0 1 yx 0 2 y]
[server 1] 22:02:00.947829 start to apply
[server 1] 22:02:00.947885 return: &{true kvserver is not a leader. x 0 0 yx 0 1 yx 0 2 y} 
[server 1] 22:02:01.006417 apply: {get 0 }
[server 1] 22:02:01.006490 map[0:x 0 0 yx 0 1 yx 0 2 y]
[server 1] 22:02:01.006518 start to apply
[server 1] 22:02:01.006554 return: &{true kvserver is not a leader. x 0 0 yx 0 1 yx 0 2 y} 
[server 1] 22:02:01.017230 apply: {get 0 }
[server 1] 22:02:01.017353 map[0:x 0 0 yx 0 1 yx 0 2 y]
[server 1] 22:02:01.017382 start to apply
[server 1] 22:02:01.017422 return: &{true kvserver is not a leader. x 0 0 yx 0 1 yx 0 2 y} 
[server 1] 22:02:01.118251 apply: {get 0 }
[server 1] 22:02:01.118324 map[0:x 0 0 yx 0 1 yx 0 2 y]
[server 1] 22:02:01.118345 start to apply
[server 1] 22:02:01.118371 return: &{true kvserver is not a leader. x 0 0 yx 0 1 yx 0 2 y} 
[server 1] 22:02:01.265939 apply: {get 0 }
[server 1] 22:02:01.265992 map[0:x 0 0 yx 0 1 yx 0 2 y]
[server 1] 22:02:01.266020 start to apply
[server 1] 22:02:01.266101 return: &{true kvserver is not a leader. x 0 0 yx 0 1 yx 0 2 y} 
[server 1] 22:02:01.605753 apply: {get 0 }
[server 1] 22:02:01.605808 map[0:x 0 0 yx 0 1 yx 0 2 y]
[server 1] 22:02:01.605828 start to apply
[server 1] 22:02:01.605850 return: &{true kvserver is not a leader. x 0 0 yx 0 1 yx 0 2 y} 
[server 1] 22:02:02.040989 apply: {get 0 }
[server 1] 22:02:02.041034 map[0:x 0 0 yx 0 1 yx 0 2 y]
[server 1] 22:02:02.041059 start to apply
[server 1] 22:02:02.041091 return: &{true kvserver is not a leader. x 0 0 yx 0 1 yx 0 2 y} 
[server 1] 22:02:02.075282 apply: {get 0 }
[server 1] 22:02:02.075347 map[0:x 0 0 yx 0 1 yx 0 2 y]
[server 1] 22:02:02.075380 return: &{true kvserver is not a leader. x 0 0 yx 0 1 yx 0 2 y} 
[server 1] 22:02:02.075381 start to apply
[server 1] 22:02:02.110084 apply: {get 0 }
[server 1] 22:02:02.110128 map[0:x 0 0 yx 0 1 yx 0 2 y]
[server 1] 22:02:02.110148 start to apply
[server 1] 22:02:02.110170 return: &{true kvserver is not a leader. x 0 0 yx 0 1 yx 0 2 y} 
[server 1] 22:02:02.268570 apply: {get 0 }
[server 1] 22:02:02.268600 map[0:x 0 0 yx 0 1 yx 0 2 y]
[server 1] 22:02:02.268617 start to apply
[server 1] 22:02:02.268637 return: &{true kvserver is not a leader. x 0 0 yx 0 1 yx 0 2 y} 
[server 1] 22:02:02.279415 apply: {get 0 }
[server 1] 22:02:02.279447 map[0:x 0 0 yx 0 1 yx 0 2 y]
[server 1] 22:02:02.279470 start to apply
[server 1] 22:02:02.279491 return: &{true kvserver is not a leader. x 0 0 yx 0 1 yx 0 2 y} 
[server 1] 22:02:02.290115 apply: {get 0 }
[server 1] 22:02:02.290162 map[0:x 0 0 yx 0 1 yx 0 2 y]
[server 1] 22:02:02.290186 start to apply
[server 1] 22:02:02.290215 return: &{true kvserver is not a leader. x 0 0 yx 0 1 yx 0 2 y} 
[server 1] 22:02:02.347101 apply: {get 0 }
[server 1] 22:02:02.347151 map[0:x 0 0 yx 0 1 yx 0 2 y]
[server 1] 22:02:02.347176 start to apply
[server 1] 22:02:02.347207 return: &{true kvserver is not a leader. x 0 0 yx 0 1 yx 0 2 y} 
[server 1] 22:02:02.373085 apply: {get 0 }
[server 1] 22:02:02.373128 map[0:x 0 0 yx 0 1 yx 0 2 y]
[server 1] 22:02:02.373146 start to apply
[server 1] 22:02:02.373167 return: &{true kvserver is not a leader. x 0 0 yx 0 1 yx 0 2 y} 
[server 1] 22:02:02.406451 apply: {get 0 }
[server 1] 22:02:02.406499 map[0:x 0 0 yx 0 1 yx 0 2 y]
[server 1] 22:02:02.406526 start to apply
[server 1] 22:02:02.406554 return: &{true kvserver is not a leader. x 0 0 yx 0 1 yx 0 2 y} 
[server 1] 22:02:02.439735 apply: {get 0 }
[server 1] 22:02:02.439770 map[0:x 0 0 yx 0 1 yx 0 2 y]
[server 1] 22:02:02.439788 start to apply
[server 1] 22:02:02.439809 return: &{true kvserver is not a leader. x 0 0 yx 0 1 yx 0 2 y} 
[server 1] 22:02:02.479830 apply: {get 0 }
[server 1] 22:02:02.479861 map[0:x 0 0 yx 0 1 yx 0 2 y]
[server 1] 22:02:02.479881 start to apply
[server 1] 22:02:02.479904 return: &{true kvserver is not a leader. x 0 0 yx 0 1 yx 0 2 y} 
[server 1] 22:02:02.546145 apply: {get 0 }
[server 1] 22:02:02.546229 map[0:x 0 0 yx 0 1 yx 0 2 y]
[server 1] 22:02:02.546261 start to apply
[server 1] 22:02:02.546614 return: &{true kvserver is not a leader. x 0 0 yx 0 1 yx 0 2 y} 
[server 1] 22:02:02.704094 apply: {get 0 }
[server 1] 22:02:02.704150 map[0:x 0 0 yx 0 1 yx 0 2 y]
[server 1] 22:02:02.704169 start to apply
[server 1] 22:02:02.704194 return: &{true kvserver is not a leader. x 0 0 yx 0 1 yx 0 2 y} 
[server 1] 22:02:02.714760 apply: {get 0 }
[server 1] 22:02:02.714801 map[0:x 0 0 yx 0 1 yx 0 2 y]
[server 1] 22:02:02.714820 start to apply
[server 1] 22:02:02.714842 return: &{true kvserver is not a leader. x 0 0 yx 0 1 yx 0 2 y} 
[server 1] 22:02:02.786912 apply: {get 0 }
[server 1] 22:02:02.786950 map[0:x 0 0 yx 0 1 yx 0 2 y]
[server 1] 22:02:02.786978 start to apply
[server 1] 22:02:02.787008 return: &{true kvserver is not a leader. x 0 0 yx 0 1 yx 0 2 y} 
[server 1] 22:02:03.305057 apply: {get 0 }
[server 1] 22:02:03.305112 map[0:x 0 0 yx 0 1 yx 0 2 y]
[server 1] 22:02:03.305131 start to apply
[server 1] 22:02:03.305155 return: &{true kvserver is not a leader. x 0 0 yx 0 1 yx 0 2 y} 
[server 1] 22:02:03.330421 apply: {get 0 }
[server 1] 22:02:03.330463 map[0:x 0 0 yx 0 1 yx 0 2 y]
[server 1] 22:02:03.330482 start to apply
[server 1] 22:02:03.330507 return: &{true kvserver is not a leader. x 0 0 yx 0 1 yx 0 2 y} 
[server 1] 22:02:03.362026 apply: {get 0 }
[server 1] 22:02:03.362068 map[0:x 0 0 yx 0 1 yx 0 2 y]
[server 1] 22:02:03.362087 start to apply
[server 1] 22:02:03.362107 return: &{true kvserver is not a leader. x 0 0 yx 0 1 yx 0 2 y} 
[server 1] 22:02:03.397591 apply: {get 0 }
[server 1] 22:02:03.397647 map[0:x 0 0 yx 0 1 yx 0 2 y]
[server 1] 22:02:03.397673 start to apply
[server 1] 22:02:03.397703 return: &{true kvserver is not a leader. x 0 0 yx 0 1 yx 0 2 y} 
[server 1] 22:02:03.424118 apply: {get 0 }
[server 1] 22:02:03.424170 map[0:x 0 0 yx 0 1 yx 0 2 y]
[server 1] 22:02:03.424200 start to apply
[server 1] 22:02:03.424230 return: &{true kvserver is not a leader. x 0 0 yx 0 1 yx 0 2 y} 
[server 1] 22:02:03.466750 apply: {get 0 }
[server 1] 22:02:03.466802 map[0:x 0 0 yx 0 1 yx 0 2 y]
[server 1] 22:02:03.466820 start to apply
[server 1] 22:02:03.466842 return: &{true kvserver is not a leader. x 0 0 yx 0 1 yx 0 2 y} 
[server 1] 22:02:03.491727 apply: {get 0 }
[server 1] 22:02:03.491786 map[0:x 0 0 yx 0 1 yx 0 2 y]
[server 1] 22:02:03.491821 start to apply
[server 1] 22:02:03.491854 return: &{true kvserver is not a leader. x 0 0 yx 0 1 yx 0 2 y} 
[server 1] 22:02:03.528809 apply: {get 0 }
[server 1] 22:02:03.528865 map[0:x 0 0 yx 0 1 yx 0 2 y]
[server 1] 22:02:03.528886 start to apply
[server 1] 22:02:03.528908 return: &{true kvserver is not a leader. x 0 0 yx 0 1 yx 0 2 y} 
[server 1] 22:02:03.539704 apply: {get 0 }
[server 1] 22:02:03.539747 map[0:x 0 0 yx 0 1 yx 0 2 y]
[server 1] 22:02:03.539767 start to apply
[server 1] 22:02:03.539788 return: &{true kvserver is not a leader. x 0 0 yx 0 1 yx 0 2 y} 
[server 1] 22:02:03.598817 apply: {get 0 }
[server 1] 22:02:03.598883 map[0:x 0 0 yx 0 1 yx 0 2 y]
[server 1] 22:02:03.598903 start to apply
[server 1] 22:02:03.598925 return: &{true kvserver is not a leader. x 0 0 yx 0 1 yx 0 2 y} 
[server 1] 22:02:03.634844 apply: {get 0 }
[server 1] 22:02:03.634890 map[0:x 0 0 yx 0 1 yx 0 2 y]
[server 1] 22:02:03.634989 start to apply
[server 1] 22:02:03.635022 return: &{true kvserver is not a leader. x 0 0 yx 0 1 yx 0 2 y} 
[server 1] 22:02:03.881061 apply: {get 0 }
[server 1] 22:02:03.881111 map[0:x 0 0 yx 0 1 yx 0 2 y]
[server 1] 22:02:03.881131 start to apply
[server 1] 22:02:03.881155 return: &{true kvserver is not a leader. x 0 0 yx 0 1 yx 0 2 y} 
[server 1] 22:02:03.914552 apply: {get 0 }
[server 1] 22:02:03.914609 map[0:x 0 0 yx 0 1 yx 0 2 y]
[server 1] 22:02:03.914641 start to apply
[server 1] 22:02:03.914672 return: &{true kvserver is not a leader. x 0 0 yx 0 1 yx 0 2 y} 
[server 1] 22:02:03.925258 apply: {get 0 }
[server 1] 22:02:03.925311 map[0:x 0 0 yx 0 1 yx 0 2 y]
[server 1] 22:02:03.925329 start to apply
[server 1] 22:02:03.925356 return: &{true kvserver is not a leader. x 0 0 yx 0 1 yx 0 2 y} 
[server 1] 22:02:04.151477 apply: {get 0 }
[server 1] 22:02:04.151533 map[0:x 0 0 yx 0 1 yx 0 2 y]
[server 1] 22:02:04.151552 start to apply
[server 1] 22:02:04.151574 return: &{true kvserver is not a leader. x 0 0 yx 0 1 yx 0 2 y} 
[server 1] 22:02:04.309085 apply: {get 0 }
[server 1] 22:02:04.309163 map[0:x 0 0 yx 0 1 yx 0 2 y]
[server 1] 22:02:04.309184 start to apply
[server 1] 22:02:04.309207 return: &{true kvserver is not a leader. x 0 0 yx 0 1 yx 0 2 y} 
[server 1] 22:02:04.555680 apply: {get 0 }
[server 1] 22:02:04.555821 map[0:x 0 0 yx 0 1 yx 0 2 y]
[server 1] 22:02:04.555848 start to apply
[server 1] 22:02:04.555879 return: &{true kvserver is not a leader. x 0 0 yx 0 1 yx 0 2 y} 
[server 1] 22:02:05.048130 apply: {get 0 }
[server 1] 22:02:05.048201 map[0:x 0 0 yx 0 1 yx 0 2 y]
[server 1] 22:02:05.048227 start to apply
[server 1] 22:02:05.048259 return: &{true kvserver is not a leader. x 0 0 yx 0 1 yx 0 2 y} 
[server 1] 22:02:05.073777 apply: {get 0 }
[server 1] 22:02:05.073847 map[0:x 0 0 yx 0 1 yx 0 2 y]
[server 1] 22:02:05.073874 start to apply
[server 1] 22:02:05.073913 return: &{true kvserver is not a leader. x 0 0 yx 0 1 yx 0 2 y} 
[server 1] 22:02:05.087375 apply: {get 0 }
[server 1] 22:02:05.087447 map[0:x 0 0 yx 0 1 yx 0 2 y]
[server 1] 22:02:05.087474 start to apply
[server 1] 22:02:05.087501 return: &{true kvserver is not a leader. x 0 0 yx 0 1 yx 0 2 y} 
[server 1] 22:02:05.116978 apply: {get 0 }
[server 1] 22:02:05.117023 map[0:x 0 0 yx 0 1 yx 0 2 y]
[server 1] 22:02:05.117042 start to apply
[server 1] 22:02:05.117065 return: &{true kvserver is not a leader. x 0 0 yx 0 1 yx 0 2 y} 
[server 1] 22:02:05.127488 apply: {get 0 }
[server 1] 22:02:05.127532 map[0:x 0 0 yx 0 1 yx 0 2 y]
[server 1] 22:02:05.127552 start to apply
[server 1] 22:02:05.127575 return: &{true kvserver is not a leader. x 0 0 yx 0 1 yx 0 2 y} 
[server 1] 22:02:05.139012 apply: {get 0 }
[server 1] 22:02:05.139066 map[0:x 0 0 yx 0 1 yx 0 2 y]
[server 1] 22:02:05.139093 start to apply
[server 1] 22:02:05.139123 return: &{true kvserver is not a leader. x 0 0 yx 0 1 yx 0 2 y} 
[server 1] 22:02:05.164497 apply: {get 0 }
[server 1] 22:02:05.164564 map[0:x 0 0 yx 0 1 yx 0 2 y]
[server 1] 22:02:05.164593 start to apply
[server 1] 22:02:05.164624 return: &{true kvserver is not a leader. x 0 0 yx 0 1 yx 0 2 y} 
[server 1] 22:02:05.177970 apply: {get 0 }
[server 1] 22:02:05.178015 map[0:x 0 0 yx 0 1 yx 0 2 y]
[server 1] 22:02:05.178035 start to apply
[server 1] 22:02:05.178057 return: &{true kvserver is not a leader. x 0 0 yx 0 1 yx 0 2 y} 
[server 1] 22:02:05.191305 apply: {get 0 }
[server 1] 22:02:05.191350 map[0:x 0 0 yx 0 1 yx 0 2 y]
[server 1] 22:02:05.191370 start to apply
[server 1] 22:02:05.191391 return: &{true kvserver is not a leader. x 0 0 yx 0 1 yx 0 2 y} 
[server 1] 22:02:05.205934 apply: {get 0 }
[server 1] 22:02:05.205991 map[0:x 0 0 yx 0 1 yx 0 2 y]
[server 1] 22:02:05.206016 start to apply
[server 1] 22:02:05.206046 return: &{true kvserver is not a leader. x 0 0 yx 0 1 yx 0 2 y} 
[server 1] 22:02:05.230786 apply: {get 0 }
[server 1] 22:02:05.230834 map[0:x 0 0 yx 0 1 yx 0 2 y]
[server 1] 22:02:05.230852 start to apply
[server 1] 22:02:05.230873 return: &{true kvserver is not a leader. x 0 0 yx 0 1 yx 0 2 y} 
[server 1] 22:02:05.242172 apply: {get 0 }
[server 1] 22:02:05.242223 map[0:x 0 0 yx 0 1 yx 0 2 y]
[server 1] 22:02:05.242242 start to apply
[server 1] 22:02:05.242268 return: &{true kvserver is not a leader. x 0 0 yx 0 1 yx 0 2 y} 
[server 1] 22:02:05.254008 apply: {get 0 }
[server 1] 22:02:05.254056 map[0:x 0 0 yx 0 1 yx 0 2 y]
[server 1] 22:02:05.254074 start to apply
[server 1] 22:02:05.254096 return: &{true kvserver is not a leader. x 0 0 yx 0 1 yx 0 2 y} 
[server 1] 22:02:05.266641 apply: {get 0 }
[server 1] 22:02:05.266854 map[0:x 0 0 yx 0 1 yx 0 2 y]
[server 1] 22:02:05.266899 start to apply
[server 1] 22:02:05.266944 return: &{true kvserver is not a leader. x 0 0 yx 0 1 yx 0 2 y} 
[server 1] 22:02:05.279263 apply: {get 0 }
[server 1] 22:02:05.279309 map[0:x 0 0 yx 0 1 yx 0 2 y]
[server 1] 22:02:05.279327 start to apply
[server 1] 22:02:05.279348 return: &{true kvserver is not a leader. x 0 0 yx 0 1 yx 0 2 y} 
[server 1] 22:02:05.291725 apply: {get 0 }
[server 1] 22:02:05.291770 map[0:x 0 0 yx 0 1 yx 0 2 y]
[server 1] 22:02:05.291788 start to apply
[server 1] 22:02:05.291809 return: &{true kvserver is not a leader. x 0 0 yx 0 1 yx 0 2 y} 
[server 1] 22:02:05.304431 apply: {get 0 }
[server 1] 22:02:05.304492 map[0:x 0 0 yx 0 1 yx 0 2 y]
[server 1] 22:02:05.304518 start to apply
[server 1] 22:02:05.304548 return: &{true kvserver is not a leader. x 0 0 yx 0 1 yx 0 2 y} 
[server 1] 22:02:05.326876 apply: {get 0 }
[server 1] 22:02:05.326934 map[0:x 0 0 yx 0 1 yx 0 2 y]
[server 1] 22:02:05.326962 start to apply
[server 1] 22:02:05.326993 return: &{true kvserver is not a leader. x 0 0 yx 0 1 yx 0 2 y} 
[server 1] 22:02:05.337404 apply: {get 0 }
[server 1] 22:02:05.337446 map[0:x 0 0 yx 0 1 yx 0 2 y]
[server 1] 22:02:05.337464 start to apply
[server 1] 22:02:05.337486 return: &{true kvserver is not a leader. x 0 0 yx 0 1 yx 0 2 y} 
[server 1] 22:02:05.361457 apply: {get 0 }
[server 1] 22:02:05.361515 map[0:x 0 0 yx 0 1 yx 0 2 y]
[server 1] 22:02:05.361539 start to apply
[server 1] 22:02:05.361566 return: &{true kvserver is not a leader. x 0 0 yx 0 1 yx 0 2 y} 
[server 1] 22:02:05.372180 apply: {get 0 }
[server 1] 22:02:05.372224 map[0:x 0 0 yx 0 1 yx 0 2 y]
[server 1] 22:02:05.372242 start to apply
[server 1] 22:02:05.372264 return: &{true kvserver is not a leader. x 0 0 yx 0 1 yx 0 2 y} 
[server 1] 22:02:05.399909 apply: {get 0 }
[server 1] 22:02:05.399943 map[0:x 0 0 yx 0 1 yx 0 2 y]
[server 1] 22:02:05.399961 start to apply
[server 1] 22:02:05.399981 return: &{true kvserver is not a leader. x 0 0 yx 0 1 yx 0 2 y} 
[server 1] 22:02:05.413982 apply: {get 0 }
[server 1] 22:02:05.414060 map[0:x 0 0 yx 0 1 yx 0 2 y]
[server 1] 22:02:05.414098 start to apply
[server 1] 22:02:05.414139 return: &{true kvserver is not a leader. x 0 0 yx 0 1 yx 0 2 y} 
[server 1] 22:02:05.427930 apply: {get 0 }
[server 1] 22:02:05.428028 map[0:x 0 0 yx 0 1 yx 0 2 y]
[server 1] 22:02:05.428055 start to apply
[server 1] 22:02:05.428085 return: &{true kvserver is not a leader. x 0 0 yx 0 1 yx 0 2 y} 
[server 1] 22:02:05.439739 apply: {get 0 }
[server 1] 22:02:05.439780 map[0:x 0 0 yx 0 1 yx 0 2 y]
[server 1] 22:02:05.439799 start to apply
[server 1] 22:02:05.439820 return: &{true kvserver is not a leader. x 0 0 yx 0 1 yx 0 2 y} 
[server 1] 22:02:05.462752 apply: {get 0 }
[server 1] 22:02:05.462823 map[0:x 0 0 yx 0 1 yx 0 2 y]
[server 1] 22:02:05.462853 start to apply
[server 1] 22:02:05.462885 return: &{true kvserver is not a leader. x 0 0 yx 0 1 yx 0 2 y} 
[server 1] 22:02:05.499367 apply: {get 0 }
[server 1] 22:02:05.499433 map[0:x 0 0 yx 0 1 yx 0 2 y]
[server 1] 22:02:05.499472 start to apply
[server 1] 22:02:05.499501 return: &{true kvserver is not a leader. x 0 0 yx 0 1 yx 0 2 y} 
[server 1] 22:02:05.511321 apply: {get 0 }
[server 1] 22:02:05.511379 map[0:x 0 0 yx 0 1 yx 0 2 y]
[server 1] 22:02:05.511400 start to apply
[server 1] 22:02:05.511421 return: &{true kvserver is not a leader. x 0 0 yx 0 1 yx 0 2 y} 
[server 1] 22:02:05.525337 apply: {get 0 }
[server 1] 22:02:05.525382 map[0:x 0 0 yx 0 1 yx 0 2 y]
[server 1] 22:02:05.525401 start to apply
[server 1] 22:02:05.525496 return: &{true kvserver is not a leader. x 0 0 yx 0 1 yx 0 2 y} 
[server 1] 22:02:05.536604 apply: {get 0 }
[server 1] 22:02:05.536658 map[0:x 0 0 yx 0 1 yx 0 2 y]
[server 1] 22:02:05.536687 start to apply
[server 1] 22:02:05.536719 return: &{true kvserver is not a leader. x 0 0 yx 0 1 yx 0 2 y} 
[server 1] 22:02:05.560429 apply: {get 0 }
[server 1] 22:02:05.560472 map[0:x 0 0 yx 0 1 yx 0 2 y]
[server 1] 22:02:05.560491 start to apply
[server 1] 22:02:05.560513 return: &{true kvserver is not a leader. x 0 0 yx 0 1 yx 0 2 y} 
[server 1] 22:02:05.573611 apply: {get 0 }
[server 1] 22:02:05.573646 map[0:x 0 0 yx 0 1 yx 0 2 y]
[server 1] 22:02:05.573664 start to apply
[server 1] 22:02:05.573685 return: &{true kvserver is not a leader. x 0 0 yx 0 1 yx 0 2 y} 
[server 1] 22:02:05.589246 apply: {get 0 }
[server 1] 22:02:05.589386 map[0:x 0 0 yx 0 1 yx 0 2 y]
[server 1] 22:02:05.589419 start to apply
[server 1] 22:02:05.589456 return: &{true kvserver is not a leader. x 0 0 yx 0 1 yx 0 2 y} 
[server 1] 22:02:05.604389 apply: {get 0 }
[server 1] 22:02:05.604443 map[0:x 0 0 yx 0 1 yx 0 2 y]
[server 1] 22:02:05.604462 start to apply
[server 1] 22:02:05.604484 return: &{true kvserver is not a leader. x 0 0 yx 0 1 yx 0 2 y} 
[server 1] 22:02:05.622683 apply: {get 0 }
[server 1] 22:02:05.622734 map[0:x 0 0 yx 0 1 yx 0 2 y]
[server 1] 22:02:05.622754 start to apply
[server 1] 22:02:05.622775 return: &{true kvserver is not a leader. x 0 0 yx 0 1 yx 0 2 y} 
[server 1] 22:02:05.638912 apply: {get 0 }
[server 1] 22:02:05.638973 map[0:x 0 0 yx 0 1 yx 0 2 y]
[server 1] 22:02:05.638995 start to apply
[server 1] 22:02:05.639017 return: &{true kvserver is not a leader. x 0 0 yx 0 1 yx 0 2 y} 
[server 1] 22:02:05.664547 apply: {get 0 }
[server 1] 22:02:05.664619 map[0:x 0 0 yx 0 1 yx 0 2 y]
[server 1] 22:02:05.664655 start to apply
[server 1] 22:02:05.664692 return: &{true kvserver is not a leader. x 0 0 yx 0 1 yx 0 2 y} 
[server 1] 22:02:05.677789 apply: {get 0 }
[server 1] 22:02:05.677878 map[0:x 0 0 yx 0 1 yx 0 2 y]
[server 1] 22:02:05.677898 start to apply
[server 1] 22:02:05.677921 return: &{true kvserver is not a leader. x 0 0 yx 0 1 yx 0 2 y} 
[server 1] 22:02:05.701149 apply: {get 0 }
[server 1] 22:02:05.701204 map[0:x 0 0 yx 0 1 yx 0 2 y]
[server 1] 22:02:05.701224 start to apply
[server 1] 22:02:05.701247 return: &{true kvserver is not a leader. x 0 0 yx 0 1 yx 0 2 y} 
[server 1] 22:02:05.713379 apply: {get 0 }
[server 1] 22:02:05.713416 map[0:x 0 0 yx 0 1 yx 0 2 y]
[server 1] 22:02:05.713434 start to apply
[server 1] 22:02:05.713455 return: &{true kvserver is not a leader. x 0 0 yx 0 1 yx 0 2 y} 
[server 1] 22:02:05.725480 apply: {get 0 }
[server 1] 22:02:05.725540 map[0:x 0 0 yx 0 1 yx 0 2 y]
[server 1] 22:02:05.725566 start to apply
[server 1] 22:02:05.725599 return: &{true kvserver is not a leader. x 0 0 yx 0 1 yx 0 2 y} 
[server 1] 22:02:05.739079 apply: {get 0 }
[server 1] 22:02:05.739130 map[0:x 0 0 yx 0 1 yx 0 2 y]
[server 1] 22:02:05.739149 start to apply
[server 1] 22:02:05.739171 return: &{true kvserver is not a leader. x 0 0 yx 0 1 yx 0 2 y} 
[server 1] 22:02:05.765584 apply: {get 0 }
[server 1] 22:02:05.765683 map[0:x 0 0 yx 0 1 yx 0 2 y]
[server 1] 22:02:05.765716 start to apply
[server 1] 22:02:05.765751 return: &{true kvserver is not a leader. x 0 0 yx 0 1 yx 0 2 y} 
[server 1] 22:02:05.812835 apply: {get 0 }
[server 1] 22:02:05.812918 map[0:x 0 0 yx 0 1 yx 0 2 y]
[server 1] 22:02:05.812944 start to apply
[server 1] 22:02:05.813192 return: &{true kvserver is not a leader. x 0 0 yx 0 1 yx 0 2 y} 
[server 1] 22:02:06.093813 apply: {get 0 }
[server 1] 22:02:06.093885 map[0:x 0 0 yx 0 1 yx 0 2 y]
[server 1] 22:02:06.093905 start to apply
[server 1] 22:02:06.093930 return: &{true kvserver is not a leader. x 0 0 yx 0 1 yx 0 2 y} 
[server 1] 22:02:06.144100 apply: {get 0 }
[server 1] 22:02:06.144130 map[0:x 0 0 yx 0 1 yx 0 2 y]
[server 1] 22:02:06.144146 start to apply
[server 1] 22:02:06.144166 return: &{true kvserver is not a leader. x 0 0 yx 0 1 yx 0 2 y} 
[server 1] 22:02:06.154571 apply: {get 0 }
[server 1] 22:02:06.154608 map[0:x 0 0 yx 0 1 yx 0 2 y]
[server 1] 22:02:06.154629 start to apply
[server 1] 22:02:06.154649 return: &{true kvserver is not a leader. x 0 0 yx 0 1 yx 0 2 y} 
[server 1] 22:02:06.165471 apply: {get 0 }
[server 1] 22:02:06.165512 map[0:x 0 0 yx 0 1 yx 0 2 y]
[server 1] 22:02:06.165537 start to apply
[server 1] 22:02:06.165570 return: &{true kvserver is not a leader. x 0 0 yx 0 1 yx 0 2 y} 
[server 1] 22:02:06.258435 apply: {get 0 }
[server 1] 22:02:06.258506 map[0:x 0 0 yx 0 1 yx 0 2 y]
[server 1] 22:02:06.258534 start to apply
[server 1] 22:02:06.258563 return: &{true kvserver is not a leader. x 0 0 yx 0 1 yx 0 2 y} 
[server 1] 22:02:06.269188 apply: {get 0 }
[server 1] 22:02:06.269218 map[0:x 0 0 yx 0 1 yx 0 2 y]
[server 1] 22:02:06.269235 start to apply
[server 1] 22:02:06.269255 return: &{true kvserver is not a leader. x 0 0 yx 0 1 yx 0 2 y} 
[server 1] 22:02:06.309815 apply: {get 0 }
[server 1] 22:02:06.309860 map[0:x 0 0 yx 0 1 yx 0 2 y]
[server 1] 22:02:06.309879 start to apply
[server 1] 22:02:06.309899 return: &{true kvserver is not a leader. x 0 0 yx 0 1 yx 0 2 y} 
[server 1] 22:02:06.337616 apply: {get 0 }
[server 1] 22:02:06.337669 map[0:x 0 0 yx 0 1 yx 0 2 y]
[server 1] 22:02:06.337694 start to apply
[server 1] 22:02:06.337724 return: &{true kvserver is not a leader. x 0 0 yx 0 1 yx 0 2 y} 
[server 1] 22:02:06.350466 apply: {get 0 }
[server 1] 22:02:06.350519 map[0:x 0 0 yx 0 1 yx 0 2 y]
[server 1] 22:02:06.350547 start to apply
[server 1] 22:02:06.350578 return: &{true kvserver is not a leader. x 0 0 yx 0 1 yx 0 2 y} 
[server 1] 22:02:06.374456 apply: {get 0 }
[server 1] 22:02:06.374511 map[0:x 0 0 yx 0 1 yx 0 2 y]
[server 1] 22:02:06.374529 start to apply
[server 1] 22:02:06.374550 return: &{true kvserver is not a leader. x 0 0 yx 0 1 yx 0 2 y} 
[server 1] 22:02:06.401607 apply: {get 0 }
[server 1] 22:02:06.401653 map[0:x 0 0 yx 0 1 yx 0 2 y]
[server 1] 22:02:06.401672 start to apply
[server 1] 22:02:06.401693 return: &{true kvserver is not a leader. x 0 0 yx 0 1 yx 0 2 y} 
[server 1] 22:02:06.453335 apply: {get 0 }
[server 1] 22:02:06.453378 map[0:x 0 0 yx 0 1 yx 0 2 y]
[server 1] 22:02:06.453405 start to apply
[server 1] 22:02:06.453436 return: &{true kvserver is not a leader. x 0 0 yx 0 1 yx 0 2 y} 
[server 1] 22:02:06.485083 apply: {get 0 }
[server 1] 22:02:06.485114 map[0:x 0 0 yx 0 1 yx 0 2 y]
[server 1] 22:02:06.485132 start to apply
[server 1] 22:02:06.485151 return: &{true kvserver is not a leader. x 0 0 yx 0 1 yx 0 2 y} 
[server 1] 22:02:06.510877 apply: {get 0 }
[server 1] 22:02:06.510909 map[0:x 0 0 yx 0 1 yx 0 2 y]
[server 1] 22:02:06.510926 start to apply
[server 1] 22:02:06.510945 return: &{true kvserver is not a leader. x 0 0 yx 0 1 yx 0 2 y} 
[server 1] 22:02:06.526013 apply: {get 0 }
[server 1] 22:02:06.526044 map[0:x 0 0 yx 0 1 yx 0 2 y]
[server 1] 22:02:06.526061 start to apply
[server 1] 22:02:06.526086 return: &{true kvserver is not a leader. x 0 0 yx 0 1 yx 0 2 y} 
[server 1] 22:02:06.555386 apply: {get 0 }
[server 1] 22:02:06.555432 map[0:x 0 0 yx 0 1 yx 0 2 y]
[server 1] 22:02:06.555463 start to apply
[server 1] 22:02:06.555508 return: &{true kvserver is not a leader. x 0 0 yx 0 1 yx 0 2 y} 
[server 1] 22:02:06.571640 apply: {get 0 }
[server 1] 22:02:06.571690 map[0:x 0 0 yx 0 1 yx 0 2 y]
[server 1] 22:02:06.571718 start to apply
[server 1] 22:02:06.571748 return: &{true kvserver is not a leader. x 0 0 yx 0 1 yx 0 2 y} 
[server 1] 22:02:06.589742 apply: {get 0 }
[server 1] 22:02:06.589795 map[0:x 0 0 yx 0 1 yx 0 2 y]
[server 1] 22:02:06.589832 start to apply
[server 1] 22:02:06.589864 return: &{true kvserver is not a leader. x 0 0 yx 0 1 yx 0 2 y} 
[server 1] 22:02:06.606607 apply: {get 0 }
[server 1] 22:02:06.606655 map[0:x 0 0 yx 0 1 yx 0 2 y]
[server 1] 22:02:06.606700 start to apply
[server 1] 22:02:06.606724 return: &{true kvserver is not a leader. x 0 0 yx 0 1 yx 0 2 y} 
[server 1] 22:02:06.620073 apply: {get 0 }
[server 1] 22:02:06.620142 map[0:x 0 0 yx 0 1 yx 0 2 y]
[server 1] 22:02:06.620201 start to apply
[server 1] 22:02:06.620233 return: &{true kvserver is not a leader. x 0 0 yx 0 1 yx 0 2 y} 
[server 1] 22:02:06.635041 apply: {get 0 }
[server 1] 22:02:06.635078 map[0:x 0 0 yx 0 1 yx 0 2 y]
[server 1] 22:02:06.635096 start to apply
[server 1] 22:02:06.635116 return: &{true kvserver is not a leader. x 0 0 yx 0 1 yx 0 2 y} 
[server 1] 22:02:06.650991 apply: {get 0 }
[server 1] 22:02:06.651045 map[0:x 0 0 yx 0 1 yx 0 2 y]
[server 1] 22:02:06.651071 start to apply
[server 1] 22:02:06.651104 return: &{true kvserver is not a leader. x 0 0 yx 0 1 yx 0 2 y} 
[server 1] 22:02:06.667145 apply: {get 0 }
[server 1] 22:02:06.667206 map[0:x 0 0 yx 0 1 yx 0 2 y]
[server 1] 22:02:06.667237 start to apply
[server 1] 22:02:06.667272 return: &{true kvserver is not a leader. x 0 0 yx 0 1 yx 0 2 y} 
[server 1] 22:02:06.683748 apply: {get 0 }
[server 1] 22:02:06.683818 map[0:x 0 0 yx 0 1 yx 0 2 y]
[server 1] 22:02:06.683847 start to apply
[server 1] 22:02:06.683882 return: &{true kvserver is not a leader. x 0 0 yx 0 1 yx 0 2 y} 
[server 1] 22:02:06.700957 apply: {get 0 }
[server 1] 22:02:06.701018 map[0:x 0 0 yx 0 1 yx 0 2 y]
[server 1] 22:02:06.701047 start to apply
[server 1] 22:02:06.701081 return: &{true kvserver is not a leader. x 0 0 yx 0 1 yx 0 2 y} 
[server 1] 22:02:06.745719 apply: {get 0 }
[server 1] 22:02:06.745763 map[0:x 0 0 yx 0 1 yx 0 2 y]
[server 1] 22:02:06.745782 start to apply
[server 1] 22:02:06.745804 return: &{true kvserver is not a leader. x 0 0 yx 0 1 yx 0 2 y} 
[server 1] 22:02:06.767846 apply: {get 0 }
[server 1] 22:02:06.767926 map[0:x 0 0 yx 0 1 yx 0 2 y]
[server 1] 22:02:06.767956 start to apply
[server 1] 22:02:06.767990 return: &{true kvserver is not a leader. x 0 0 yx 0 1 yx 0 2 y} 
[server 1] 22:02:06.784792 apply: {get 0 }
[server 1] 22:02:06.784833 map[0:x 0 0 yx 0 1 yx 0 2 y]
[server 1] 22:02:06.784850 start to apply
[server 1] 22:02:06.784871 return: &{true kvserver is not a leader. x 0 0 yx 0 1 yx 0 2 y} 
[server 1] 22:02:06.800945 apply: {get 0 }
[server 1] 22:02:06.800989 map[0:x 0 0 yx 0 1 yx 0 2 y]
[server 1] 22:02:06.801009 start to apply
[server 1] 22:02:06.801033 return: &{true kvserver is not a leader. x 0 0 yx 0 1 yx 0 2 y} 
[server 1] 22:02:06.814367 apply: {get 0 }
[server 1] 22:02:06.814413 map[0:x 0 0 yx 0 1 yx 0 2 y]
[server 1] 22:02:06.814431 start to apply
[server 1] 22:02:06.814452 return: &{true kvserver is not a leader. x 0 0 yx 0 1 yx 0 2 y} 
[server 1] 22:02:06.827123 apply: {get 0 }
[server 1] 22:02:06.827169 map[0:x 0 0 yx 0 1 yx 0 2 y]
[server 1] 22:02:06.827196 start to apply
[server 1] 22:02:06.827227 return: &{true kvserver is not a leader. x 0 0 yx 0 1 yx 0 2 y} 
[server 1] 22:02:06.839054 apply: {get 0 }
[server 1] 22:02:06.839109 map[0:x 0 0 yx 0 1 yx 0 2 y]
[server 1] 22:02:06.839128 start to apply
[server 1] 22:02:06.839149 return: &{true kvserver is not a leader. x 0 0 yx 0 1 yx 0 2 y} 
[server 1] 22:02:06.851259 apply: {get 0 }
[server 1] 22:02:06.851305 map[0:x 0 0 yx 0 1 yx 0 2 y]
[server 1] 22:02:06.851324 start to apply
[server 1] 22:02:06.851345 return: &{true kvserver is not a leader. x 0 0 yx 0 1 yx 0 2 y} 
[server 1] 22:02:06.865246 apply: {get 0 }
[server 1] 22:02:06.865301 map[0:x 0 0 yx 0 1 yx 0 2 y]
[server 1] 22:02:06.865330 start to apply
[server 1] 22:02:06.865361 return: &{true kvserver is not a leader. x 0 0 yx 0 1 yx 0 2 y} 
[server 1] 22:02:06.879849 apply: {get 0 }
[server 1] 22:02:06.879893 map[0:x 0 0 yx 0 1 yx 0 2 y]
[server 1] 22:02:06.879912 start to apply
[server 1] 22:02:06.879946 return: &{true kvserver is not a leader. x 0 0 yx 0 1 yx 0 2 y} 
[server 1] 22:02:06.912740 apply: {get 0 }
[server 1] 22:02:06.912793 map[0:x 0 0 yx 0 1 yx 0 2 y]
[server 1] 22:02:06.912812 start to apply
[server 1] 22:02:06.912832 return: &{true kvserver is not a leader. x 0 0 yx 0 1 yx 0 2 y} 
[server 1] 22:02:06.929265 apply: {get 0 }
[server 1] 22:02:06.929306 map[0:x 0 0 yx 0 1 yx 0 2 y]
[server 1] 22:02:06.929334 start to apply
[server 1] 22:02:06.929355 return: &{true kvserver is not a leader. x 0 0 yx 0 1 yx 0 2 y} 
[server 1] 22:02:06.944011 apply: {get 0 }
[server 1] 22:02:06.944065 map[0:x 0 0 yx 0 1 yx 0 2 y]
[server 1] 22:02:06.944090 start to apply
[server 1] 22:02:06.944115 return: &{true kvserver is not a leader. x 0 0 yx 0 1 yx 0 2 y} 
[server 1] 22:02:06.960491 apply: {get 0 }
[server 1] 22:02:06.960532 map[0:x 0 0 yx 0 1 yx 0 2 y]
[server 1] 22:02:06.960558 start to apply
[server 1] 22:02:06.960579 return: &{true kvserver is not a leader. x 0 0 yx 0 1 yx 0 2 y} 
[server 1] 22:02:06.991842 apply: {get 0 }
[server 1] 22:02:06.991906 map[0:x 0 0 yx 0 1 yx 0 2 y]
[server 1] 22:02:06.991936 start to apply
[server 1] 22:02:06.991971 return: &{true kvserver is not a leader. x 0 0 yx 0 1 yx 0 2 y} 
[server 1] 22:02:07.008830 apply: {get 0 }
[server 1] 22:02:07.008874 map[0:x 0 0 yx 0 1 yx 0 2 y]
[server 1] 22:02:07.008891 start to apply
[server 1] 22:02:07.008913 return: &{true kvserver is not a leader. x 0 0 yx 0 1 yx 0 2 y} 
[server 1] 22:02:07.029036 apply: {get 0 }
[server 1] 22:02:07.029068 map[0:x 0 0 yx 0 1 yx 0 2 y]
[server 1] 22:02:07.029087 start to apply
[server 1] 22:02:07.029109 return: &{true kvserver is not a leader. x 0 0 yx 0 1 yx 0 2 y} 
[server 1] 22:02:07.050548 apply: {get 0 }
[server 1] 22:02:07.050583 map[0:x 0 0 yx 0 1 yx 0 2 y]
[server 1] 22:02:07.050601 start to apply
[server 1] 22:02:07.050622 return: &{true kvserver is not a leader. x 0 0 yx 0 1 yx 0 2 y} 
[server 1] 22:02:07.069799 apply: {get 0 }
[server 1] 22:02:07.069838 map[0:x 0 0 yx 0 1 yx 0 2 y]
[server 1] 22:02:07.069886 start to apply
[server 1] 22:02:07.069906 return: &{true kvserver is not a leader. x 0 0 yx 0 1 yx 0 2 y} 
[server 1] 22:02:07.087881 apply: {get 0 }
[server 1] 22:02:07.087942 map[0:x 0 0 yx 0 1 yx 0 2 y]
[server 1] 22:02:07.087966 start to apply
[server 1] 22:02:07.087990 return: &{true kvserver is not a leader. x 0 0 yx 0 1 yx 0 2 y} 
[server 1] 22:02:07.104550 apply: {get 0 }
[server 1] 22:02:07.104593 map[0:x 0 0 yx 0 1 yx 0 2 y]
[server 1] 22:02:07.104611 start to apply
[server 1] 22:02:07.104645 return: &{true kvserver is not a leader. x 0 0 yx 0 1 yx 0 2 y} 
[server 1] 22:02:07.119540 apply: {get 0 }
[server 1] 22:02:07.119600 map[0:x 0 0 yx 0 1 yx 0 2 y]
[server 1] 22:02:07.119630 start to apply
[server 1] 22:02:07.119677 return: &{true kvserver is not a leader. x 0 0 yx 0 1 yx 0 2 y} 
[server 1] 22:02:07.133219 apply: {get 0 }
[server 1] 22:02:07.133262 map[0:x 0 0 yx 0 1 yx 0 2 y]
[server 1] 22:02:07.133286 start to apply
[server 1] 22:02:07.133319 return: &{true kvserver is not a leader. x 0 0 yx 0 1 yx 0 2 y} 
[server 1] 22:02:07.146674 apply: {get 0 }
[server 1] 22:02:07.146718 map[0:x 0 0 yx 0 1 yx 0 2 y]
[server 1] 22:02:07.146736 start to apply
[server 1] 22:02:07.146757 return: &{true kvserver is not a leader. x 0 0 yx 0 1 yx 0 2 y} 
[server 1] 22:02:07.172862 apply: {get 0 }
[server 1] 22:02:07.172903 map[0:x 0 0 yx 0 1 yx 0 2 y]
[server 1] 22:02:07.172929 start to apply
[server 1] 22:02:07.172958 return: &{true kvserver is not a leader. x 0 0 yx 0 1 yx 0 2 y} 
[server 1] 22:02:07.187773 apply: {get 0 }
[server 1] 22:02:07.187815 map[0:x 0 0 yx 0 1 yx 0 2 y]
[server 1] 22:02:07.187833 start to apply
[server 1] 22:02:07.187854 return: &{true kvserver is not a leader. x 0 0 yx 0 1 yx 0 2 y} 
[server 1] 22:02:07.201197 apply: {get 0 }
[server 1] 22:02:07.201241 map[0:x 0 0 yx 0 1 yx 0 2 y]
[server 1] 22:02:07.201259 start to apply
[server 1] 22:02:07.201280 return: &{true kvserver is not a leader. x 0 0 yx 0 1 yx 0 2 y} 
[server 1] 22:02:07.214036 apply: {get 0 }
[server 1] 22:02:07.214088 map[0:x 0 0 yx 0 1 yx 0 2 y]
[server 1] 22:02:07.214108 start to apply
[server 1] 22:02:07.214129 return: &{true kvserver is not a leader. x 0 0 yx 0 1 yx 0 2 y} 
[server 1] 22:02:07.241951 apply: {get 0 }
[server 1] 22:02:07.242002 map[0:x 0 0 yx 0 1 yx 0 2 y]
[server 1] 22:02:07.242029 start to apply
[server 1] 22:02:07.242060 return: &{true kvserver is not a leader. x 0 0 yx 0 1 yx 0 2 y} 
[server 1] 22:02:07.258308 apply: {get 0 }
[server 1] 22:02:07.258430 map[0:x 0 0 yx 0 1 yx 0 2 y]
[server 1] 22:02:07.258461 start to apply
[server 1] 22:02:07.258495 return: &{true kvserver is not a leader. x 0 0 yx 0 1 yx 0 2 y} 
[server 1] 22:02:07.277088 apply: {get 0 }
[server 1] 22:02:07.277151 map[0:x 0 0 yx 0 1 yx 0 2 y]
[server 1] 22:02:07.277172 start to apply
[server 1] 22:02:07.277194 return: &{true kvserver is not a leader. x 0 0 yx 0 1 yx 0 2 y} 
[server 1] 22:02:07.294213 apply: {get 0 }
[server 1] 22:02:07.294287 map[0:x 0 0 yx 0 1 yx 0 2 y]
[server 1] 22:02:07.294309 start to apply
[server 1] 22:02:07.294331 return: &{true kvserver is not a leader. x 0 0 yx 0 1 yx 0 2 y} 
[server 1] 22:02:07.313513 apply: {get 0 }
[server 1] 22:02:07.313585 map[0:x 0 0 yx 0 1 yx 0 2 y]
[server 1] 22:02:07.313612 start to apply
[server 1] 22:02:07.313643 return: &{true kvserver is not a leader. x 0 0 yx 0 1 yx 0 2 y} 
[server 1] 22:02:07.332375 apply: {get 0 }
[server 1] 22:02:07.332449 map[0:x 0 0 yx 0 1 yx 0 2 y]
[server 1] 22:02:07.332474 start to apply
[server 1] 22:02:07.332501 return: &{true kvserver is not a leader. x 0 0 yx 0 1 yx 0 2 y} 
[server 1] 22:02:07.350129 apply: {get 0 }
[server 1] 22:02:07.350181 map[0:x 0 0 yx 0 1 yx 0 2 y]
[server 1] 22:02:07.350200 start to apply
[server 1] 22:02:07.350221 return: &{true kvserver is not a leader. x 0 0 yx 0 1 yx 0 2 y} 
[server 1] 22:02:07.365703 apply: {get 0 }
[server 1] 22:02:07.365872 map[0:x 0 0 yx 0 1 yx 0 2 y]
[server 1] 22:02:07.365908 start to apply
[server 1] 22:02:07.365946 return: &{true kvserver is not a leader. x 0 0 yx 0 1 yx 0 2 y} 
[server 1] 22:02:07.380043 apply: {get 0 }
[server 1] 22:02:07.380107 map[0:x 0 0 yx 0 1 yx 0 2 y]
[server 1] 22:02:07.380125 start to apply
[server 1] 22:02:07.380147 return: &{true kvserver is not a leader. x 0 0 yx 0 1 yx 0 2 y} 
[server 1] 22:02:07.395091 apply: {get 0 }
[server 1] 22:02:07.395183 map[0:x 0 0 yx 0 1 yx 0 2 y]
[server 1] 22:02:07.395249 start to apply
[server 1] 22:02:07.395284 return: &{true kvserver is not a leader. x 0 0 yx 0 1 yx 0 2 y} 
[server 1] 22:02:07.410997 apply: {get 0 }
[server 1] 22:02:07.411051 map[0:x 0 0 yx 0 1 yx 0 2 y]
[server 1] 22:02:07.411074 start to apply
[server 1] 22:02:07.411093 return: &{true kvserver is not a leader. x 0 0 yx 0 1 yx 0 2 y} 
[server 1] 22:02:07.428603 apply: {get 0 }
[server 1] 22:02:07.428660 map[0:x 0 0 yx 0 1 yx 0 2 y]
[server 1] 22:02:07.428683 start to apply
[server 1] 22:02:07.428709 return: &{true kvserver is not a leader. x 0 0 yx 0 1 yx 0 2 y} 
[server 1] 22:02:07.466320 apply: {get 0 }
[server 1] 22:02:07.466367 map[0:x 0 0 yx 0 1 yx 0 2 y]
[server 1] 22:02:07.466386 start to apply
[server 1] 22:02:07.466406 return: &{true kvserver is not a leader. x 0 0 yx 0 1 yx 0 2 y} 
[server 1] 22:02:07.485977 apply: {get 0 }
[server 1] 22:02:07.486014 map[0:x 0 0 yx 0 1 yx 0 2 y]
[server 1] 22:02:07.486029 start to apply
[server 1] 22:02:07.486046 return: &{true kvserver is not a leader. x 0 0 yx 0 1 yx 0 2 y} 
[server 1] 22:02:07.503126 apply: {get 0 }
[server 1] 22:02:07.503174 map[0:x 0 0 yx 0 1 yx 0 2 y]
[server 1] 22:02:07.503192 start to apply
[server 1] 22:02:07.503212 return: &{true kvserver is not a leader. x 0 0 yx 0 1 yx 0 2 y} 
[server 1] 22:02:07.518672 apply: {get 0 }
[server 1] 22:02:07.518716 map[0:x 0 0 yx 0 1 yx 0 2 y]
[server 1] 22:02:07.518750 start to apply
[server 1] 22:02:07.518792 return: &{true kvserver is not a leader. x 0 0 yx 0 1 yx 0 2 y} 
[server 1] 22:02:07.535387 apply: {get 0 }
[server 1] 22:02:07.535442 map[0:x 0 0 yx 0 1 yx 0 2 y]
[server 1] 22:02:07.535459 start to apply
[server 1] 22:02:07.535476 return: &{true kvserver is not a leader. x 0 0 yx 0 1 yx 0 2 y} 
[server 1] 22:02:07.551214 apply: {get 0 }
[server 1] 22:02:07.551287 map[0:x 0 0 yx 0 1 yx 0 2 y]
[server 1] 22:02:07.551315 start to apply
[server 1] 22:02:07.551348 return: &{true kvserver is not a leader. x 0 0 yx 0 1 yx 0 2 y} 
[server 1] 22:02:07.579683 apply: {get 0 }
[server 1] 22:02:07.579746 map[0:x 0 0 yx 0 1 yx 0 2 y]
[server 1] 22:02:07.579780 start to apply
[server 1] 22:02:07.579805 return: &{true kvserver is not a leader. x 0 0 yx 0 1 yx 0 2 y} 
[server 1] 22:02:07.598122 apply: {get 0 }
[server 1] 22:02:07.598210 map[0:x 0 0 yx 0 1 yx 0 2 y]
[server 1] 22:02:07.598244 start to apply
[server 1] 22:02:07.598299 return: &{true kvserver is not a leader. x 0 0 yx 0 1 yx 0 2 y} 
[server 1] 22:02:07.806742 apply: {get 0 }
[server 1] 22:02:07.806809 map[0:x 0 0 yx 0 1 yx 0 2 y]
[server 1] 22:02:07.806842 start to apply
[server 1] 22:02:07.807680 return: &{true kvserver is not a leader. x 0 0 yx 0 1 yx 0 2 y} 
[server 1] 22:02:07.981660 apply: {get 0 }
[server 1] 22:02:07.981704 map[0:x 0 0 yx 0 1 yx 0 2 y]
[server 1] 22:02:07.981723 start to apply
[server 1] 22:02:07.981747 return: &{true kvserver is not a leader. x 0 0 yx 0 1 yx 0 2 y} 
[server 1] 22:02:07.992081 apply: {get 0 }
[server 1] 22:02:07.992129 map[0:x 0 0 yx 0 1 yx 0 2 y]
[server 1] 22:02:07.992158 start to apply
[server 1] 22:02:07.992180 return: &{true kvserver is not a leader. x 0 0 yx 0 1 yx 0 2 y} 
[server 1] 22:02:08.008755 apply: {get 0 }
[server 1] 22:02:08.008813 map[0:x 0 0 yx 0 1 yx 0 2 y]
[server 1] 22:02:08.008831 start to apply
[server 1] 22:02:08.008854 return: &{true kvserver is not a leader. x 0 0 yx 0 1 yx 0 2 y} 
[server 1] 22:02:08.045255 apply: {get 0 }
[server 1] 22:02:08.045312 map[0:x 0 0 yx 0 1 yx 0 2 y]
[server 1] 22:02:08.045331 start to apply
[server 1] 22:02:08.045354 return: &{true kvserver is not a leader. x 0 0 yx 0 1 yx 0 2 y} 
[server 1] 22:02:08.099006 apply: {get 0 }
[server 1] 22:02:08.099155 map[0:x 0 0 yx 0 1 yx 0 2 y]
[server 1] 22:02:08.099176 start to apply
[server 1] 22:02:08.099197 return: &{true kvserver is not a leader. x 0 0 yx 0 1 yx 0 2 y} 
[server 1] 22:02:08.110865 apply: {get 0 }
[server 1] 22:02:08.110906 map[0:x 0 0 yx 0 1 yx 0 2 y]
[server 1] 22:02:08.110924 start to apply
[server 1] 22:02:08.110945 return: &{true kvserver is not a leader. x 0 0 yx 0 1 yx 0 2 y} 
[server 1] 22:02:08.123547 apply: {get 0 }
[server 1] 22:02:08.123579 map[0:x 0 0 yx 0 1 yx 0 2 y]
[server 1] 22:02:08.123596 start to apply
[server 1] 22:02:08.123616 return: &{true kvserver is not a leader. x 0 0 yx 0 1 yx 0 2 y} 
[server 1] 22:02:08.137483 apply: {get 0 }
[server 1] 22:02:08.137557 map[0:x 0 0 yx 0 1 yx 0 2 y]
[server 1] 22:02:08.137586 start to apply
[server 1] 22:02:08.137621 return: &{true kvserver is not a leader. x 0 0 yx 0 1 yx 0 2 y} 
[server 1] 22:02:08.163200 apply: {get 0 }
[server 1] 22:02:08.163260 map[0:x 0 0 yx 0 1 yx 0 2 y]
[server 1] 22:02:08.163286 start to apply
[server 1] 22:02:08.163317 return: &{true kvserver is not a leader. x 0 0 yx 0 1 yx 0 2 y} 
[server 1] 22:02:08.193785 apply: {get 0 }
[server 1] 22:02:08.193838 map[0:x 0 0 yx 0 1 yx 0 2 y]
[server 1] 22:02:08.193857 start to apply
[server 1] 22:02:08.193878 return: &{true kvserver is not a leader. x 0 0 yx 0 1 yx 0 2 y} 
[server 1] 22:02:08.212809 apply: {get 0 }
[server 1] 22:02:08.212864 map[0:x 0 0 yx 0 1 yx 0 2 y]
[server 1] 22:02:08.212884 start to apply
[server 1] 22:02:08.212907 return: &{true kvserver is not a leader. x 0 0 yx 0 1 yx 0 2 y} 
[server 1] 22:02:08.231497 apply: {get 0 }
[server 1] 22:02:08.231545 map[0:x 0 0 yx 0 1 yx 0 2 y]
[server 1] 22:02:08.231563 start to apply
[server 1] 22:02:08.231584 return: &{true kvserver is not a leader. x 0 0 yx 0 1 yx 0 2 y} 
[server 1] 22:02:08.249317 apply: {get 0 }
[server 1] 22:02:08.249372 map[0:x 0 0 yx 0 1 yx 0 2 y]
[server 1] 22:02:08.249391 start to apply
[server 1] 22:02:08.249413 return: &{true kvserver is not a leader. x 0 0 yx 0 1 yx 0 2 y} 
[server 1] 22:02:08.267513 apply: {get 0 }
[server 1] 22:02:08.267573 map[0:x 0 0 yx 0 1 yx 0 2 y]
[server 1] 22:02:08.267595 start to apply
[server 1] 22:02:08.267617 return: &{true kvserver is not a leader. x 0 0 yx 0 1 yx 0 2 y} 
[server 1] 22:02:08.285792 apply: {get 0 }
[server 1] 22:02:08.285838 map[0:x 0 0 yx 0 1 yx 0 2 y]
[server 1] 22:02:08.285857 start to apply
[server 1] 22:02:08.285880 return: &{true kvserver is not a leader. x 0 0 yx 0 1 yx 0 2 y} 
[server 1] 22:02:08.303235 apply: {get 0 }
[server 1] 22:02:08.303313 map[0:x 0 0 yx 0 1 yx 0 2 y]
[server 1] 22:02:08.303343 start to apply
[server 1] 22:02:08.303378 return: &{true kvserver is not a leader. x 0 0 yx 0 1 yx 0 2 y} 
[server 1] 22:02:08.317603 apply: {get 0 }
[server 1] 22:02:08.317672 map[0:x 0 0 yx 0 1 yx 0 2 y]
[server 1] 22:02:08.317706 start to apply
[server 1] 22:02:08.317739 return: &{true kvserver is not a leader. x 0 0 yx 0 1 yx 0 2 y} 
[server 1] 22:02:08.348346 apply: {get 0 }
[server 1] 22:02:08.348390 map[0:x 0 0 yx 0 1 yx 0 2 y]
[server 1] 22:02:08.348409 start to apply
[server 1] 22:02:08.348431 return: &{true kvserver is not a leader. x 0 0 yx 0 1 yx 0 2 y} 
[server 1] 22:02:08.367152 apply: {get 0 }
[server 1] 22:02:08.367227 map[0:x 0 0 yx 0 1 yx 0 2 y]
[server 1] 22:02:08.367254 start to apply
[server 1] 22:02:08.367300 return: &{true kvserver is not a leader. x 0 0 yx 0 1 yx 0 2 y} 
[server 1] 22:02:08.387452 apply: {get 0 }
[server 1] 22:02:08.387507 map[0:x 0 0 yx 0 1 yx 0 2 y]
[server 1] 22:02:08.387527 start to apply
[server 1] 22:02:08.387550 return: &{true kvserver is not a leader. x 0 0 yx 0 1 yx 0 2 y} 
[server 1] 22:02:08.408518 apply: {get 0 }
[server 1] 22:02:08.408569 map[0:x 0 0 yx 0 1 yx 0 2 y]
[server 1] 22:02:08.408596 start to apply
[server 1] 22:02:08.408626 return: &{true kvserver is not a leader. x 0 0 yx 0 1 yx 0 2 y} 
[server 1] 22:02:08.428793 apply: {get 0 }
[server 1] 22:02:08.428857 map[0:x 0 0 yx 0 1 yx 0 2 y]
[server 1] 22:02:08.428902 start to apply
[server 1] 22:02:08.428938 return: &{true kvserver is not a leader. x 0 0 yx 0 1 yx 0 2 y} 
[server 1] 22:02:08.448364 apply: {get 0 }
[server 1] 22:02:08.448435 map[0:x 0 0 yx 0 1 yx 0 2 y]
[server 1] 22:02:08.448460 start to apply
[server 1] 22:02:08.448489 return: &{true kvserver is not a leader. x 0 0 yx 0 1 yx 0 2 y} 
[server 1] 22:02:08.468600 apply: {get 0 }
[server 1] 22:02:08.468638 map[0:x 0 0 yx 0 1 yx 0 2 y]
[server 1] 22:02:08.468657 start to apply
[server 1] 22:02:08.468678 return: &{true kvserver is not a leader. x 0 0 yx 0 1 yx 0 2 y} 
[server 1] 22:02:08.486757 apply: {get 0 }
[server 1] 22:02:08.486789 map[0:x 0 0 yx 0 1 yx 0 2 y]
[server 1] 22:02:08.486808 start to apply
[server 1] 22:02:08.486827 return: &{true kvserver is not a leader. x 0 0 yx 0 1 yx 0 2 y} 
[server 1] 22:02:08.503391 apply: {get 0 }
[server 1] 22:02:08.503475 map[0:x 0 0 yx 0 1 yx 0 2 y]
[server 1] 22:02:08.503501 start to apply
[server 1] 22:02:08.503531 return: &{true kvserver is not a leader. x 0 0 yx 0 1 yx 0 2 y} 
[server 1] 22:02:08.519214 apply: {get 0 }
[server 1] 22:02:08.519271 map[0:x 0 0 yx 0 1 yx 0 2 y]
[server 1] 22:02:08.519294 start to apply
[server 1] 22:02:08.519316 return: &{true kvserver is not a leader. x 0 0 yx 0 1 yx 0 2 y} 
[server 1] 22:02:08.536940 apply: {get 0 }
[server 1] 22:02:08.536997 map[0:x 0 0 yx 0 1 yx 0 2 y]
[server 1] 22:02:08.537016 start to apply
[server 1] 22:02:08.537039 return: &{true kvserver is not a leader. x 0 0 yx 0 1 yx 0 2 y} 
[server 1] 22:02:08.556187 apply: {get 0 }
[server 1] 22:02:08.556275 map[0:x 0 0 yx 0 1 yx 0 2 y]
[server 1] 22:02:08.556318 start to apply
[server 1] 22:02:08.556357 return: &{true kvserver is not a leader. x 0 0 yx 0 1 yx 0 2 y} 
[server 1] 22:02:08.572584 apply: {get 0 }
[server 1] 22:02:08.572644 map[0:x 0 0 yx 0 1 yx 0 2 y]
[server 1] 22:02:08.572663 start to apply
[server 1] 22:02:08.572685 return: &{true kvserver is not a leader. x 0 0 yx 0 1 yx 0 2 y} 
[server 1] 22:02:08.589788 apply: {get 0 }
[server 1] 22:02:08.589842 map[0:x 0 0 yx 0 1 yx 0 2 y]
[server 1] 22:02:08.589862 start to apply
[server 1] 22:02:08.589884 return: &{true kvserver is not a leader. x 0 0 yx 0 1 yx 0 2 y} 
[server 1] 22:02:08.605979 apply: {get 0 }
[server 1] 22:02:08.606032 map[0:x 0 0 yx 0 1 yx 0 2 y]
[server 1] 22:02:08.606052 start to apply
[server 1] 22:02:08.606073 return: &{true kvserver is not a leader. x 0 0 yx 0 1 yx 0 2 y} 
[server 1] 22:02:08.619754 apply: {get 0 }
[server 1] 22:02:08.619806 map[0:x 0 0 yx 0 1 yx 0 2 y]
[server 1] 22:02:08.619826 start to apply
[server 1] 22:02:08.619847 return: &{true kvserver is not a leader. x 0 0 yx 0 1 yx 0 2 y} 
[server 1] 22:02:08.632339 apply: {get 0 }
[server 1] 22:02:08.632381 map[0:x 0 0 yx 0 1 yx 0 2 y]
[server 1] 22:02:08.632395 start to apply
[server 1] 22:02:08.632411 return: &{true kvserver is not a leader. x 0 0 yx 0 1 yx 0 2 y} 
[server 1] 22:02:08.644753 apply: {get 0 }
[server 1] 22:02:08.644816 map[0:x 0 0 yx 0 1 yx 0 2 y]
[server 1] 22:02:08.644836 start to apply
[server 1] 22:02:08.644857 return: &{true kvserver is not a leader. x 0 0 yx 0 1 yx 0 2 y} 
[server 1] 22:02:08.709627 apply: {get 0 }
[server 1] 22:02:08.709682 map[0:x 0 0 yx 0 1 yx 0 2 y]
[server 1] 22:02:08.709701 start to apply
[server 1] 22:02:08.709722 return: &{true kvserver is not a leader. x 0 0 yx 0 1 yx 0 2 y} 
[server 1] 22:02:08.727399 apply: {get 0 }
[server 1] 22:02:08.727452 map[0:x 0 0 yx 0 1 yx 0 2 y]
[server 1] 22:02:08.727471 start to apply
[server 1] 22:02:08.727493 return: &{true kvserver is not a leader. x 0 0 yx 0 1 yx 0 2 y} 
[server 1] 22:02:08.743596 apply: {get 0 }
[server 1] 22:02:08.743659 map[0:x 0 0 yx 0 1 yx 0 2 y]
[server 1] 22:02:08.743679 start to apply
[server 1] 22:02:08.743700 return: &{true kvserver is not a leader. x 0 0 yx 0 1 yx 0 2 y} 
[server 1] 22:02:08.773310 apply: {get 0 }
[server 1] 22:02:08.773365 map[0:x 0 0 yx 0 1 yx 0 2 y]
[server 1] 22:02:08.773384 start to apply
[server 1] 22:02:08.773406 return: &{true kvserver is not a leader. x 0 0 yx 0 1 yx 0 2 y} 
[server 1] 22:02:08.787727 apply: {get 0 }
[server 1] 22:02:08.787792 map[0:x 0 0 yx 0 1 yx 0 2 y]
[server 1] 22:02:08.787819 start to apply
[server 1] 22:02:08.787849 return: &{true kvserver is not a leader. x 0 0 yx 0 1 yx 0 2 y} 
[server 1] 22:02:08.802944 apply: {get 0 }
[server 1] 22:02:08.803021 map[0:x 0 0 yx 0 1 yx 0 2 y]
[server 1] 22:02:08.803051 start to apply
[server 1] 22:02:08.803085 return: &{true kvserver is not a leader. x 0 0 yx 0 1 yx 0 2 y} 
[server 1] 22:02:08.818103 apply: {get 0 }
[server 1] 22:02:08.818180 map[0:x 0 0 yx 0 1 yx 0 2 y]
[server 1] 22:02:08.818205 start to apply
[server 1] 22:02:08.818228 return: &{true kvserver is not a leader. x 0 0 yx 0 1 yx 0 2 y} 
[server 1] 22:02:08.835781 apply: {get 0 }
[server 1] 22:02:08.835880 map[0:x 0 0 yx 0 1 yx 0 2 y]
[server 1] 22:02:08.835909 start to apply
[server 1] 22:02:08.835943 return: &{true kvserver is not a leader. x 0 0 yx 0 1 yx 0 2 y} 
[server 1] 22:02:08.856737 apply: {get 0 }
[server 1] 22:02:08.856805 map[0:x 0 0 yx 0 1 yx 0 2 y]
[server 1] 22:02:08.856835 start to apply
[server 1] 22:02:08.856867 return: &{true kvserver is not a leader. x 0 0 yx 0 1 yx 0 2 y} 
[server 1] 22:02:08.875070 apply: {get 0 }
[server 1] 22:02:08.875135 map[0:x 0 0 yx 0 1 yx 0 2 y]
[server 1] 22:02:08.875162 start to apply
[server 1] 22:02:08.875195 return: &{true kvserver is not a leader. x 0 0 yx 0 1 yx 0 2 y} 
[server 1] 22:02:08.892118 apply: {get 0 }
[server 1] 22:02:08.892162 map[0:x 0 0 yx 0 1 yx 0 2 y]
[server 1] 22:02:08.892177 start to apply
[server 1] 22:02:08.892195 return: &{true kvserver is not a leader. x 0 0 yx 0 1 yx 0 2 y} 
[server 1] 22:02:08.905667 apply: {get 0 }
[server 1] 22:02:08.905715 map[0:x 0 0 yx 0 1 yx 0 2 y]
[server 1] 22:02:08.905733 start to apply
[server 1] 22:02:08.905776 return: &{true kvserver is not a leader. x 0 0 yx 0 1 yx 0 2 y} 
[server 1] 22:02:08.917881 apply: {get 0 }
[server 1] 22:02:08.917926 map[0:x 0 0 yx 0 1 yx 0 2 y]
[server 1] 22:02:08.917939 start to apply
[server 1] 22:02:08.917954 return: &{true kvserver is not a leader. x 0 0 yx 0 1 yx 0 2 y} 
[server 1] 22:02:08.929547 apply: {get 0 }
[server 1] 22:02:08.929589 map[0:x 0 0 yx 0 1 yx 0 2 y]
[server 1] 22:02:08.929607 start to apply
[server 1] 22:02:08.929630 return: &{true kvserver is not a leader. x 0 0 yx 0 1 yx 0 2 y} 
[server 1] 22:02:08.965775 apply: {get 0 }
[server 1] 22:02:08.965828 map[0:x 0 0 yx 0 1 yx 0 2 y]
[server 1] 22:02:08.965855 start to apply
[server 1] 22:02:08.965888 return: &{true kvserver is not a leader. x 0 0 yx 0 1 yx 0 2 y} 
[server 1] 22:02:09.020615 apply: {get 0 }
[server 1] 22:02:09.020660 map[0:x 0 0 yx 0 1 yx 0 2 y]
[server 1] 22:02:09.020692 start to apply
[server 1] 22:02:09.020713 return: &{true kvserver is not a leader. x 0 0 yx 0 1 yx 0 2 y} 
[server 1] 22:02:09.038831 apply: {get 0 }
[server 1] 22:02:09.038876 map[0:x 0 0 yx 0 1 yx 0 2 y]
[server 1] 22:02:09.038904 start to apply
[server 1] 22:02:09.038931 return: &{true kvserver is not a leader. x 0 0 yx 0 1 yx 0 2 y} 
[server 1] 22:02:09.054752 apply: {get 0 }
[server 1] 22:02:09.054797 map[0:x 0 0 yx 0 1 yx 0 2 y]
[server 1] 22:02:09.054816 start to apply
[server 1] 22:02:09.054837 return: &{true kvserver is not a leader. x 0 0 yx 0 1 yx 0 2 y} 
[server 1] 22:02:09.068563 apply: {get 0 }
[server 1] 22:02:09.068614 map[0:x 0 0 yx 0 1 yx 0 2 y]
[server 1] 22:02:09.068640 start to apply
[server 1] 22:02:09.068670 return: &{true kvserver is not a leader. x 0 0 yx 0 1 yx 0 2 y} 
[server 1] 22:02:09.083173 apply: {get 0 }
[server 1] 22:02:09.083218 map[0:x 0 0 yx 0 1 yx 0 2 y]
[server 1] 22:02:09.083251 start to apply
[server 1] 22:02:09.083276 return: &{true kvserver is not a leader. x 0 0 yx 0 1 yx 0 2 y} 
[server 1] 22:02:09.129742 apply: {get 0 }
[server 1] 22:02:09.129870 map[0:x 0 0 yx 0 1 yx 0 2 y]
[server 1] 22:02:09.129900 start to apply
[server 1] 22:02:09.129932 return: &{true kvserver is not a leader. x 0 0 yx 0 1 yx 0 2 y} 
[server 1] 22:02:09.150512 apply: {get 0 }
[server 1] 22:02:09.150550 map[0:x 0 0 yx 0 1 yx 0 2 y]
[server 1] 22:02:09.150568 start to apply
[server 1] 22:02:09.150590 return: &{true kvserver is not a leader. x 0 0 yx 0 1 yx 0 2 y} 
[server 1] 22:02:09.170697 apply: {get 0 }
[server 1] 22:02:09.170740 map[0:x 0 0 yx 0 1 yx 0 2 y]
[server 1] 22:02:09.170758 start to apply
[server 1] 22:02:09.170779 return: &{true kvserver is not a leader. x 0 0 yx 0 1 yx 0 2 y} 
[server 1] 22:02:09.189738 apply: {get 0 }
[server 1] 22:02:09.189772 map[0:x 0 0 yx 0 1 yx 0 2 y]
[server 1] 22:02:09.189793 start to apply
[server 1] 22:02:09.189814 return: &{true kvserver is not a leader. x 0 0 yx 0 1 yx 0 2 y} 
[server 1] 22:02:09.207296 apply: {get 0 }
[server 1] 22:02:09.207332 map[0:x 0 0 yx 0 1 yx 0 2 y]
[server 1] 22:02:09.207350 start to apply
[server 1] 22:02:09.207375 return: &{true kvserver is not a leader. x 0 0 yx 0 1 yx 0 2 y} 
[server 1] 22:02:09.222498 apply: {get 0 }
[server 1] 22:02:09.222543 map[0:x 0 0 yx 0 1 yx 0 2 y]
[server 1] 22:02:09.222561 start to apply
[server 1] 22:02:09.222581 return: &{true kvserver is not a leader. x 0 0 yx 0 1 yx 0 2 y} 
[server 1] 22:02:09.237449 apply: {get 0 }
[server 1] 22:02:09.237505 map[0:x 0 0 yx 0 1 yx 0 2 y]
[server 1] 22:02:09.237526 start to apply
[server 1] 22:02:09.237548 return: &{true kvserver is not a leader. x 0 0 yx 0 1 yx 0 2 y} 
[server 1] 22:02:09.251559 apply: {get 0 }
[server 1] 22:02:09.251618 map[0:x 0 0 yx 0 1 yx 0 2 y]
[server 1] 22:02:09.251639 start to apply
[server 1] 22:02:09.251660 return: &{true kvserver is not a leader. x 0 0 yx 0 1 yx 0 2 y} 
[server 1] 22:02:09.286080 apply: {get 0 }
[server 1] 22:02:09.286126 map[0:x 0 0 yx 0 1 yx 0 2 y]
[server 1] 22:02:09.286145 start to apply
[server 1] 22:02:09.286167 return: &{true kvserver is not a leader. x 0 0 yx 0 1 yx 0 2 y} 
[server 1] 22:02:09.303441 apply: {get 0 }
[server 1] 22:02:09.303488 map[0:x 0 0 yx 0 1 yx 0 2 y]
[server 1] 22:02:09.303506 start to apply
[server 1] 22:02:09.303526 return: &{true kvserver is not a leader. x 0 0 yx 0 1 yx 0 2 y} 
[server 1] 22:02:09.321505 apply: {get 0 }
[server 1] 22:02:09.321547 map[0:x 0 0 yx 0 1 yx 0 2 y]
[server 1] 22:02:09.321566 start to apply
[server 1] 22:02:09.321587 return: &{true kvserver is not a leader. x 0 0 yx 0 1 yx 0 2 y} 
[server 1] 22:02:09.340302 apply: {get 0 }
[server 1] 22:02:09.340381 map[0:x 0 0 yx 0 1 yx 0 2 y]
[server 1] 22:02:09.340421 start to apply
[server 1] 22:02:09.340443 return: &{true kvserver is not a leader. x 0 0 yx 0 1 yx 0 2 y} 
[server 1] 22:02:09.356971 apply: {get 0 }
[server 1] 22:02:09.357014 map[0:x 0 0 yx 0 1 yx 0 2 y]
[server 1] 22:02:09.357033 start to apply
[server 1] 22:02:09.357055 return: &{true kvserver is not a leader. x 0 0 yx 0 1 yx 0 2 y} 
[server 1] 22:02:09.375941 apply: {get 0 }
[server 1] 22:02:09.375974 map[0:x 0 0 yx 0 1 yx 0 2 y]
[server 1] 22:02:09.375992 start to apply
[server 1] 22:02:09.376012 return: &{true kvserver is not a leader. x 0 0 yx 0 1 yx 0 2 y} 
[server 1] 22:02:09.401241 apply: {get 0 }
[server 1] 22:02:09.401313 map[0:x 0 0 yx 0 1 yx 0 2 y]
[server 1] 22:02:09.401348 start to apply
[server 1] 22:02:09.401370 return: &{true kvserver is not a leader. x 0 0 yx 0 1 yx 0 2 y} 
