Test: InstallSnapshot RPC (3B) ...
  ... Passed --  14.9  3  3550   63
PASS
ok  	kvraft	14.935s
=======================
Test: InstallSnapshot RPC (3B) ...
  ... Passed --   7.9  3  3150   63
PASS
ok  	kvraft	7.870s
=======================
Test: InstallSnapshot RPC (3B) ...
  ... Passed --   8.3  3  3348   63
PASS
ok  	kvraft	8.343s
=======================
Test: InstallSnapshot RPC (3B) ...
  ... Passed --  10.2  3  3350   63
PASS
ok  	kvraft	10.206s
=======================
Test: InstallSnapshot RPC (3B) ...
  ... Passed --  12.9  3  3952   63
PASS
ok  	kvraft	12.874s
=======================
Test: InstallSnapshot RPC (3B) ...
  ... Passed --   9.8  3  3363   63
PASS
ok  	kvraft	9.805s
=======================
Test: InstallSnapshot RPC (3B) ...
  ... Passed --   8.2  3  3353   63
PASS
ok  	kvraft	8.199s
=======================
Test: InstallSnapshot RPC (3B) ...
  ... Passed --  12.4  3  3674   63
PASS
ok  	kvraft	12.446s
=======================
Test: InstallSnapshot RPC (3B) ...
  ... Passed --  12.2  3  3509   63
PASS
ok  	kvraft	12.239s
=======================
Test: InstallSnapshot RPC (3B) ...
  ... Passed --  15.9  3  3690   63
PASS
ok  	kvraft	15.895s
=======================
Test: InstallSnapshot RPC (3B) ...
  ... Passed --   7.4  3  3130   63
PASS
ok  	kvraft	7.408s
=======================
Test: InstallSnapshot RPC (3B) ...
  ... Passed --  10.7  3  3784   63
PASS
ok  	kvraft	10.685s
=======================
Test: InstallSnapshot RPC (3B) ...
  ... Passed --  10.4  3  3393   63
PASS
ok  	kvraft	10.374s
=======================
Test: InstallSnapshot RPC (3B) ...
  ... Passed --   8.4  3  3461   63
PASS
ok  	kvraft	8.413s
=======================
Test: InstallSnapshot RPC (3B) ...
  ... Passed --  10.4  3  3384   63
PASS
ok  	kvraft	10.407s
=======================
