Test: one client (3A) ...
  ... Passed --  15.1  5  6651  475
Test: many clients (3A) ...
  ... Passed --  15.9  5 17296  497
Test: unreliable net, many clients (3A) ...
  ... Passed --  16.5  5  3676  391
Test: concurrent append to same key, unreliable (3A) ...
  ... Passed --   2.7  3   450   52
Test: progress in majority (3A) ...
  ... Passed --   0.6  5    76    2
Test: no progress in minority (3A) ...
  ... Passed --   1.1  5   237    3
Test: completion after heal (3A) ...
  ... Passed --   2.1  5    77    3
Test: partitions, one client (3A) ...
33333333333333333333
33333333333333333333
33333333333333333333
  ... Passed --  25.1  5  6127  204
Test: partitions, many clients (3A) ...
33333333333333333333
33333333333333333333
33333333333333333333
  ... Passed --  27.2  5 14831  250
Test: restarts, one client (3A) ...
  ... Passed --  29.8  5 20241  474
Test: restarts, many clients (3A) ...
  ... Passed --  30.8  5 54752  503
Test: unreliable net, restarts, many clients (3A) ...
  ... Passed --  31.2  5  6536  380
Test: restarts, partitions, many clients (3A) ...
33333333333333333333
33333333333333333333
33333333333333333333
  ... Passed --  32.5  5 49292  237
Test: unreliable net, restarts, partitions, many clients (3A) ...
33333333333333333333
33333333333333333333
33333333333333333333
  ... Passed --  34.6  5  5892  171
Test: unreliable net, restarts, partitions, many clients, linearizability checks (3A) ...
33333333333333333333
33333333333333333333
33333333333333333333
  ... Passed --  31.2  7 10788  108
PASS
ok  	kvraft	297.109s
=======================
Test: one client (3A) ...
  ... Passed --  15.1  5  7508  474
Test: many clients (3A) ...
  ... Passed --  15.9  5 18427  499
Test: unreliable net, many clients (3A) ...
  ... Passed --  16.9  5  3810  387
Test: concurrent append to same key, unreliable (3A) ...
  ... Passed --   3.0  3   443   52
Test: progress in majority (3A) ...
  ... Passed --   0.9  5    79    2
Test: no progress in minority (3A) ...
  ... Passed --   1.1  5   239    3
Test: completion after heal (3A) ...
  ... Passed --   2.0  5    72    2
Test: partitions, one client (3A) ...
33333333333333333333
33333333333333333333
33333333333333333333
  ... Passed --  24.3  5  8467  170
Test: partitions, many clients (3A) ...
33333333333333333333
33333333333333333333
33333333333333333333
  ... Passed --  23.5  5 14125  138
Test: restarts, one client (3A) ...
  ... Passed --  29.5  5 18038  479
Test: restarts, many clients (3A) ...
  ... Passed --  30.5  5 52782  507
Test: unreliable net, restarts, many clients (3A) ...
  ... Passed --  29.7  5  6334  393
Test: restarts, partitions, many clients (3A) ...
33333333333333333333
33333333333333333333
33333333333333333333
  ... Passed --  34.1  5 50453  225
Test: unreliable net, restarts, partitions, many clients (3A) ...
33333333333333333333
33333333333333333333
33333333333333333333
  ... Passed --  33.1  5  4940  227
Test: unreliable net, restarts, partitions, many clients, linearizability checks (3A) ...
33333333333333333333
33333333333333333333
33333333333333333333
  ... Passed --  39.3  7 13724  122
PASS
ok  	kvraft	299.744s
=======================
Test: one client (3A) ...
  ... Passed --  15.1  5  6575  472
Test: many clients (3A) ...
  ... Passed --  15.9  5 17848  500
Test: unreliable net, many clients (3A) ...
  ... Passed --  16.7  5  3892  390
Test: concurrent append to same key, unreliable (3A) ...
  ... Passed --   2.8  3   433   52
Test: progress in majority (3A) ...
  ... Passed --   0.6  5    58    2
Test: no progress in minority (3A) ...
  ... Passed --   1.1  5   243    3
Test: completion after heal (3A) ...
  ... Passed --   2.1  5    83    3
Test: partitions, one client (3A) ...
33333333333333333333
33333333333333333333
33333333333333333333
  ... Passed --  23.2  5  8480  156
Test: partitions, many clients (3A) ...
33333333333333333333
33333333333333333333
33333333333333333333
  ... Passed --  25.9  5 15112  248
Test: restarts, one client (3A) ...
  ... Passed --  30.0  5 18328  476
Test: restarts, many clients (3A) ...
  ... Passed --  31.0  5 59983  498
Test: unreliable net, restarts, many clients (3A) ...
  ... Passed --  31.6  5  6435  369
Test: restarts, partitions, many clients (3A) ...
33333333333333333333
33333333333333333333
33333333333333333333
  ... Passed --  32.6  5 50956  211
Test: unreliable net, restarts, partitions, many clients (3A) ...
33333333333333333333
33333333333333333333
33333333333333333333
  ... Passed --  36.0  5  5737  186
Test: unreliable net, restarts, partitions, many clients, linearizability checks (3A) ...
33333333333333333333
33333333333333333333
33333333333333333333
  ... Passed --  37.1  7 13558  165
PASS
ok  	kvraft	302.509s
=======================
Test: one client (3A) ...
  ... Passed --  15.2  5  7015  477
Test: many clients (3A) ...
  ... Passed --  15.9  5 18469  498
Test: unreliable net, many clients (3A) ...
  ... Passed --  16.4  5  3748  382
Test: concurrent append to same key, unreliable (3A) ...
  ... Passed --   2.8  3   417   52
Test: progress in majority (3A) ...
  ... Passed --   0.9  5    99    2
Test: no progress in minority (3A) ...
  ... Passed --   1.1  5   231    3
Test: completion after heal (3A) ...
  ... Passed --   2.2  5    78    3
Test: partitions, one client (3A) ...
33333333333333333333
33333333333333333333
33333333333333333333
  ... Passed --  23.3  5  6187  163
Test: partitions, many clients (3A) ...
33333333333333333333
33333333333333333333
33333333333333333333
  ... Passed --  24.3  5 16796  173
Test: restarts, one client (3A) ...
  ... Passed --  29.9  5 19530  477
Test: restarts, many clients (3A) ...
  ... Passed --  31.0  5 57990  503
Test: unreliable net, restarts, many clients (3A) ...
  ... Passed --  30.5  5  6354  385
Test: restarts, partitions, many clients (3A) ...
33333333333333333333
33333333333333333333
33333333333333333333
  ... Passed --  34.1  5 39115  242
Test: unreliable net, restarts, partitions, many clients (3A) ...
33333333333333333333
33333333333333333333
33333333333333333333
  ... Passed --  33.2  5  5145  121
Test: unreliable net, restarts, partitions, many clients, linearizability checks (3A) ...
33333333333333333333
33333333333333333333
33333333333333333333
  ... Passed --  29.3  7 10772  142
PASS
ok  	kvraft	290.962s
=======================
Test: one client (3A) ...
  ... Passed --  15.1  5  6910  478
Test: many clients (3A) ...
  ... Passed --  15.9  5 17206  502
Test: unreliable net, many clients (3A) ...
  ... Passed --  16.9  5  3792  384
Test: concurrent append to same key, unreliable (3A) ...
  ... Passed --   2.7  3   471   52
Test: progress in majority (3A) ...
  ... Passed --   0.8  5    86    2
Test: no progress in minority (3A) ...
  ... Passed --   1.1  5   243    3
Test: completion after heal (3A) ...
  ... Passed --   2.0  5    72    2
Test: partitions, one client (3A) ...
33333333333333333333
33333333333333333333
33333333333333333333
  ... Passed --  23.5  5  6272  154
Test: partitions, many clients (3A) ...
33333333333333333333
33333333333333333333
33333333333333333333
  ... Passed --  23.8  5 14052  203
Test: restarts, one client (3A) ...
  ... Passed --  29.7  5 18227  482
Test: restarts, many clients (3A) ...
  ... Passed --  30.5  5 54214  506
Test: unreliable net, restarts, many clients (3A) ...
  ... Passed --  29.4  5  6236  380
Test: restarts, partitions, many clients (3A) ...
33333333333333333333
33333333333333333333
33333333333333333333
  ... Passed --  31.3  5 47738  154
Test: unreliable net, restarts, partitions, many clients (3A) ...
33333333333333333333
33333333333333333333
33333333333333333333
  ... Passed --  33.3  5  5234  157
Test: unreliable net, restarts, partitions, many clients, linearizability checks (3A) ...
33333333333333333333
33333333333333333333
33333333333333333333
  ... Passed --  31.9  7 11528   96
PASS
ok  	kvraft	288.640s
=======================
