Test: partitions, one client (3A) ...
  ... Passed --  22.4  5  6791  219
PASS
ok  	kvraft	22.432s
=======================
Test: partitions, one client (3A) ...
  ... Passed --  22.2  5  4703  289
PASS
ok  	kvraft	22.232s
=======================
Test: partitions, one client (3A) ...
  ... Passed --  22.7  5  5802  174
PASS
ok  	kvraft	22.734s
=======================
Test: partitions, one client (3A) ...
  ... Passed --  22.6  5  5663  220
PASS
ok  	kvraft	22.607s
=======================
Test: partitions, one client (3A) ...
  ... Passed --  23.1  5  5428  229
PASS
ok  	kvraft	23.167s
=======================
