Test: InstallSnapshot RPC (3B) ...
  ... Passed --  12.7  3  1712   63
PASS
ok  	kvraft	12.731s
=======================
Test: InstallSnapshot RPC (3B) ...
  ... Passed --  12.9  3  2392   63
PASS
ok  	kvraft	12.936s
=======================
Test: InstallSnapshot RPC (3B) ...
  ... Passed --   5.2  3  1753   63
PASS
ok  	kvraft	5.207s
=======================
Test: InstallSnapshot RPC (3B) ...
  ... Passed --  12.4  3  2082   63
PASS
ok  	kvraft	12.428s
=======================
Test: InstallSnapshot RPC (3B) ...
  ... Passed --   9.9  3  3043   63
PASS
ok  	kvraft	9.907s
=======================
Test: InstallSnapshot RPC (3B) ...
  ... Passed --  13.1  3  3938   63
PASS
ok  	kvraft	13.125s
=======================
Test: InstallSnapshot RPC (3B) ...
exit status 2
FAIL	kvraft	5.694s
=======================
Test: InstallSnapshot RPC (3B) ...
  ... Passed --  11.3  3  3513   63
PASS
ok  	kvraft	11.305s
=======================
