Test: one client (3A) ...
  ... Passed --  15.1  5  5021  468
PASS
ok  	kvraft	15.157s
=======================
Test: one client (3A) ...
  ... Passed --  15.1  5  4478  457
PASS
ok  	kvraft	15.176s
=======================
Test: one client (3A) ...
  ... Passed --  15.1  5  5027  471
PASS
ok  	kvraft	15.156s
=======================
Test: one client (3A) ...
  ... Passed --  15.2  5  4184  463
PASS
ok  	kvraft	15.178s
=======================
Test: one client (3A) ...
  ... Passed --  15.1  5  4496  471
PASS
ok  	kvraft	15.154s
=======================
