Test: InstallSnapshot RPC (3B) ...
  ... Passed --  10.2  3  3743   63
PASS
ok  	kvraft	10.190s
=======================
Test: InstallSnapshot RPC (3B) ...
  ... Passed --   8.3  3  3206   63
PASS
ok  	kvraft	8.352s
=======================
Test: InstallSnapshot RPC (3B) ...
  ... Passed --  10.9  3  3859   63
PASS
ok  	kvraft	10.952s
=======================
Test: InstallSnapshot RPC (3B) ...
  ... Passed --  12.3  3  4159   63
PASS
ok  	kvraft	12.289s
=======================
Test: InstallSnapshot RPC (3B) ...
  ... Passed --  10.5  3  3517   63
PASS
ok  	kvraft	10.545s
=======================
Test: InstallSnapshot RPC (3B) ...
  ... Passed --   8.3  3  3508   63
PASS
ok  	kvraft	8.338s
=======================
Test: InstallSnapshot RPC (3B) ...
  ... Passed --   7.9  3  3598   63
PASS
ok  	kvraft	7.893s
=======================
Test: InstallSnapshot RPC (3B) ...
  ... Passed --  10.3  3  3253   63
PASS
ok  	kvraft	10.287s
=======================
Test: InstallSnapshot RPC (3B) ...
  ... Passed --  12.5  3  3722   63
PASS
ok  	kvraft	12.535s
=======================
Test: InstallSnapshot RPC (3B) ...
  ... Passed --  15.4  3  3817   63
PASS
ok  	kvraft	15.427s
=======================
Test: InstallSnapshot RPC (3B) ...
  ... Passed --   7.5  3  4441   63
PASS
ok  	kvraft	7.531s
=======================
Test: InstallSnapshot RPC (3B) ...
  ... Passed --  13.3  3  3943   63
PASS
ok  	kvraft	13.359s
=======================
Test: InstallSnapshot RPC (3B) ...
  ... Passed --   8.5  3  3560   63
PASS
ok  	kvraft	8.468s
=======================
Test: InstallSnapshot RPC (3B) ...
  ... Passed --  10.4  3  3309   63
PASS
ok  	kvraft	10.408s
=======================
Test: InstallSnapshot RPC (3B) ...
  ... Passed --   8.1  3  3563   63
PASS
ok  	kvraft	8.146s
=======================
