Test: unreliable net, many clients (3A) ...
  ... Passed --  17.0  5  3654  374
PASS
ok  	kvraft	17.056s
=======================
Test: unreliable net, many clients (3A) ...
  ... Passed --  16.6  5  3653  367
PASS
ok  	kvraft	16.620s
=======================
Test: unreliable net, many clients (3A) ...
  ... Passed --  17.0  5  3757  378
PASS
ok  	kvraft	17.080s
=======================
Test: unreliable net, many clients (3A) ...
  ... Passed --  16.8  5  3726  380
PASS
ok  	kvraft	16.860s
=======================
Test: unreliable net, many clients (3A) ...
  ... Passed --  16.8  5  3538  371
PASS
ok  	kvraft	16.870s
=======================
