Test: snapshots, one client (3A) ...
  ... Passed --  15.2  5  6691  477
Test: snapshots, many clients (3A) ...
  ... Passed --  15.9  5 16244  502
Test: unreliable net, snapshots, many clients (3A) ...
  ... Passed --  17.1  5  3509  420
Test: concurrent append to same key, unreliable (3A) ...
  ... Passed --   2.5  3   287   52
Test: progress in majority (3A) ...
  ... Passed --   0.8  5    74    2
Test: no progress in minority (3A) ...
  ... Passed --   1.1  5   244    3
Test: completion after heal (3A) ...
  ... Passed --   2.0  5    55    2
Test: partitions, snapshots, one client (3A) ...
33333333333333333333
33333333333333333333
33333333333333333333
  ... Passed --  24.2  5  6287  170
Test: partitions, snapshots, many clients (3A) ...
33333333333333333333
33333333333333333333
33333333333333333333
  ... Passed --  25.1  5 15555  313
Test: restarts, snapshots, one client (3A) ...
  ... Passed --  19.9  5 18526  482
Test: restarts, snapshots, many clients (3A) ...
  ... Passed --  21.1  5 58794  501
Test: unreliable net, restarts, snapshots, many clients (3A) ...
