Test: many clients (3A) ...
  ... Passed --  15.9  5  7797  500
PASS
ok  	kvraft	15.923s
=======================
Test: many clients (3A) ...
exit status 1
FAIL	kvraft	15.654s
=======================
Test: many clients (3A) ...
  ... Passed --  15.9  5  7611  498
PASS
ok  	kvraft	15.909s
=======================
Test: many clients (3A) ...
  ... Passed --  15.9  5  6586  491
PASS
ok  	kvraft	15.911s
=======================
Test: many clients (3A) ...
exit status 1
FAIL	kvraft	5.073s
=======================
