Test: InstallSnapshot RPC (3B) ...
  ... Passed --   4.9  3  3252   63
PASS
ok  	kvraft	4.938s
=======================
Test: InstallSnapshot RPC (3B) ...
  ... Passed --  12.7  3  3658   63
PASS
ok  	kvraft	12.672s
=======================
Test: InstallSnapshot RPC (3B) ...
  ... Passed --   8.5  3  3364   63
PASS
ok  	kvraft	8.503s
=======================
Test: InstallSnapshot RPC (3B) ...
  ... Passed --   9.7  3  3359   63
PASS
ok  	kvraft	9.676s
=======================
Test: InstallSnapshot RPC (3B) ...
  ... Passed --   7.8  3  2973   63
PASS
ok  	kvraft	7.777s
=======================
Test: InstallSnapshot RPC (3B) ...
  ... Passed --   9.7  3  3442   63
PASS
ok  	kvraft	9.719s
=======================
Test: InstallSnapshot RPC (3B) ...
  ... Passed --  13.8  3  3545   63
PASS
ok  	kvraft	13.787s
=======================
Test: InstallSnapshot RPC (3B) ...
  ... Passed --   7.9  3  3833   63
PASS
ok  	kvraft	7.904s
=======================
Test: InstallSnapshot RPC (3B) ...
  ... Passed --  13.6  3  3730   63
PASS
ok  	kvraft	13.611s
=======================
Test: InstallSnapshot RPC (3B) ...
  ... Passed --  12.8  3  3800   63
PASS
ok  	kvraft	12.793s
=======================
Test: InstallSnapshot RPC (3B) ...
  ... Passed --  10.9  3  3576   63
PASS
ok  	kvraft	10.907s
=======================
Test: InstallSnapshot RPC (3B) ...
  ... Passed --   5.7  3  3455   63
PASS
ok  	kvraft	5.742s
=======================
Test: InstallSnapshot RPC (3B) ...
  ... Passed --   8.2  3  3773   63
PASS
ok  	kvraft	8.278s
=======================
Test: InstallSnapshot RPC (3B) ...
  ... Passed --   9.2  3  3982   63
PASS
ok  	kvraft	9.242s
=======================
Test: InstallSnapshot RPC (3B) ...
  ... Passed --   8.4  3  3084   63
PASS
ok  	kvraft	8.371s
=======================
Test: InstallSnapshot RPC (3B) ...
  ... Passed --  10.2  3  3835   63
PASS
ok  	kvraft	10.165s
=======================
Test: InstallSnapshot RPC (3B) ...
  ... Passed --   7.6  3  3851   63
PASS
ok  	kvraft	7.568s
=======================
Test: InstallSnapshot RPC (3B) ...
  ... Passed --  13.5  3  3767   63
PASS
ok  	kvraft	13.505s
=======================
Test: InstallSnapshot RPC (3B) ...
  ... Passed --  10.0  3  3576   63
PASS
ok  	kvraft	9.973s
=======================
Test: InstallSnapshot RPC (3B) ...
  ... Passed --  13.1  3  3496   63
PASS
ok  	kvraft	13.143s
=======================
Test: InstallSnapshot RPC (3B) ...
  ... Passed --  10.4  3  3367   63
PASS
ok  	kvraft	10.454s
=======================
Test: InstallSnapshot RPC (3B) ...
  ... Passed --   9.3  3  4164   63
PASS
ok  	kvraft	9.295s
=======================
Test: InstallSnapshot RPC (3B) ...
  ... Passed --   8.3  3  3316   63
PASS
ok  	kvraft	8.275s
=======================
Test: InstallSnapshot RPC (3B) ...
  ... Passed --   5.2  3  3308   63
PASS
ok  	kvraft	5.189s
=======================
Test: InstallSnapshot RPC (3B) ...
  ... Passed --  12.7  3  3585   63
PASS
ok  	kvraft	12.689s
=======================
Test: InstallSnapshot RPC (3B) ...
  ... Passed --  11.1  3  3635   63
PASS
ok  	kvraft	11.096s
=======================
Test: InstallSnapshot RPC (3B) ...
