Test: InstallSnapshot RPC (3B) ...
  ... Passed --  15.4  3  2193   63
PASS
ok  	kvraft	15.377s
=======================
Test: InstallSnapshot RPC (3B) ...
  ... Passed --  15.7  3  1953   63
PASS
ok  	kvraft	15.700s
=======================
Test: InstallSnapshot RPC (3B) ...
  ... Passed --  13.3  3  2186   63
PASS
ok  	kvraft	13.356s
=======================
Test: InstallSnapshot RPC (3B) ...
  ... Passed --  14.4  3  2234   63
PASS
ok  	kvraft	14.385s
=======================
Test: InstallSnapshot RPC (3B) ...
  ... Passed --  18.4  3  2277   63
PASS
ok  	kvraft	18.433s
=======================
Test: InstallSnapshot RPC (3B) ...
  ... Passed --  10.5  3  2101   63
PASS
ok  	kvraft	10.537s
=======================
Test: InstallSnapshot RPC (3B) ...
  ... Passed --   9.1  3  2067   63
PASS
ok  	kvraft	9.156s
=======================
Test: InstallSnapshot RPC (3B) ...
  ... Passed --  13.3  3  2086   63
PASS
ok  	kvraft	13.349s
=======================
Test: InstallSnapshot RPC (3B) ...
  ... Passed --   9.3  3  2156   63
PASS
ok  	kvraft	9.342s
=======================
Test: InstallSnapshot RPC (3B) ...
  ... Passed --  15.9  3  2115   63
PASS
ok  	kvraft	15.927s
=======================
Test: InstallSnapshot RPC (3B) ...
  ... Passed --  10.2  3  1813   63
PASS
ok  	kvraft	10.189s
=======================
Test: InstallSnapshot RPC (3B) ...
  ... Passed --  13.7  3  2049   63
PASS
ok  	kvraft	13.708s
=======================
Test: InstallSnapshot RPC (3B) ...
  ... Passed --  19.9  3  2328   63
PASS
ok  	kvraft	19.948s
=======================
Test: InstallSnapshot RPC (3B) ...
  ... Passed --  13.8  3  1931   63
PASS
ok  	kvraft	13.908s
=======================
Test: InstallSnapshot RPC (3B) ...
  ... Passed --  10.3  3  1783   63
PASS
ok  	kvraft	10.349s
=======================
Test: InstallSnapshot RPC (3B) ...
  ... Passed --  15.8  3  2012   63
PASS
ok  	kvraft	15.810s
=======================
Test: InstallSnapshot RPC (3B) ...
  ... Passed --  13.3  3  2102   63
PASS
ok  	kvraft	13.292s
=======================
Test: InstallSnapshot RPC (3B) ...
  ... Passed --  14.4  3  2248   63
PASS
ok  	kvraft	14.418s
=======================
Test: InstallSnapshot RPC (3B) ...
  ... Passed --  11.2  3  1725   63
PASS
ok  	kvraft	11.273s
=======================
Test: InstallSnapshot RPC (3B) ...
  ... Passed --  10.4  3  1921   63
PASS
ok  	kvraft	10.398s
=======================
Test: InstallSnapshot RPC (3B) ...
  ... Passed --  15.7  3  2154   63
PASS
ok  	kvraft	15.683s
=======================
Test: InstallSnapshot RPC (3B) ...
  ... Passed --  14.0  3  1774   63
PASS
ok  	kvraft	13.994s
=======================
Test: InstallSnapshot RPC (3B) ...
  ... Passed --  12.5  3  2226   63
PASS
ok  	kvraft	12.567s
=======================
Test: InstallSnapshot RPC (3B) ...
  ... Passed --  11.0  3  1934   63
PASS
ok  	kvraft	11.044s
=======================
Test: InstallSnapshot RPC (3B) ...
  ... Passed --  14.5  3  2081   63
PASS
ok  	kvraft	14.503s
=======================
Test: InstallSnapshot RPC (3B) ...
  ... Passed --  12.7  3  2000   63
PASS
ok  	kvraft	12.723s
=======================
Test: InstallSnapshot RPC (3B) ...
  ... Passed --  12.3  3  1811   63
PASS
ok  	kvraft	12.371s
=======================
Test: InstallSnapshot RPC (3B) ...
  ... Passed --  15.9  3  2083   63
PASS
ok  	kvraft	15.947s
=======================
Test: InstallSnapshot RPC (3B) ...
  ... Passed --  10.0  3  1762   63
PASS
ok  	kvraft	10.054s
=======================
Test: InstallSnapshot RPC (3B) ...
  ... Passed --  19.5  3  2864   63
PASS
ok  	kvraft	19.558s
=======================
