Test: one client (3A) ...
  ... Passed --  15.1  5  6280  479
Test: many clients (3A) ...
  ... Passed --  15.9  5 13990  506
Test: unreliable net, many clients (3A) ...
  ... Passed --  16.8  5  3276  391
Test: concurrent append to same key, unreliable (3A) ...
  ... Passed --   2.8  3   349   52
Test: progress in majority (3A) ...
  ... Passed --   1.6  5   136    2
Test: no progress in minority (3A) ...
  ... Passed --   1.1  5   241    3
Test: completion after heal (3A) ...
  ... Passed --   2.0  5    61    2
Test: partitions, one client (3A) ...
  ... Passed --  22.7  5  6453  239
Test: partitions, many clients (3A) ...
  ... Passed --  23.8  5 14337  177
Test: restarts, one client (3A) ...
  ... Passed --  30.2  5 17528  479
Test: restarts, many clients (3A) ...
  ... Passed --  31.3  5 52890  503
Test: unreliable net, restarts, many clients (3A) ...
  ... Passed --  30.5  5  5920  378
Test: restarts, partitions, many clients (3A) ...
  ... Passed --  31.8  5 37351  219
Test: unreliable net, restarts, partitions, many clients (3A) ...
  ... Passed --  32.6  5  5629  148
Test: unreliable net, restarts, partitions, many clients, linearizability checks (3A) ...
  ... Passed --  29.7  7 10211  142
PASS
ok  	kvraft	288.863s
=======================
Test: one client (3A) ...
  ... Passed --  15.2  5  7096  473
Test: many clients (3A) ...
  ... Passed --  16.0  5 16860  501
Test: unreliable net, many clients (3A) ...
  ... Passed --  16.9  5  3330  388
Test: concurrent append to same key, unreliable (3A) ...
  ... Passed --   2.8  3   391   52
Test: progress in majority (3A) ...
  ... Passed --   0.7  5    63    2
Test: no progress in minority (3A) ...
  ... Passed --   1.1  5   236    3
Test: completion after heal (3A) ...
  ... Passed --   2.1  5    67    2
Test: partitions, one client (3A) ...
  ... Passed --  23.1  5  5822  136
Test: partitions, many clients (3A) ...
  ... Passed --  24.9  5 16114  249
Test: restarts, one client (3A) ...
  ... Passed --  30.3  5 15899  483
Test: restarts, many clients (3A) ...
  ... Passed --  31.1  5 47500  507
Test: unreliable net, restarts, many clients (3A) ...
  ... Passed --  30.8  5  5976  383
Test: restarts, partitions, many clients (3A) ...
  ... Passed --  33.5  5 39349  240
Test: unreliable net, restarts, partitions, many clients (3A) ...
  ... Passed --  31.9  5  5290  137
Test: unreliable net, restarts, partitions, many clients, linearizability checks (3A) ...
  ... Passed --  31.9  7  9573  140
PASS
ok  	kvraft	293.429s
=======================
Test: one client (3A) ...
