Test: one client (3A) ...
  ... Passed --  15.1  5  6957  477
Test: many clients (3A) ...
  ... Passed --  15.9  5 15299  501
Test: unreliable net, many clients (3A) ...
  ... Passed --  16.3  5  3471  423
Test: concurrent append to same key, unreliable (3A) ...
  ... Passed --   2.3  3   337   52
Test: progress in majority (3A) ...
  ... Passed --   0.8  5    78    2
Test: no progress in minority (3A) ...
  ... Passed --   1.1  5   235    3
Test: completion after heal (3A) ...
  ... Passed --   2.1  5    62    2
Test: partitions, one client (3A) ...
--- FAIL: TestManyPartitionsOneClient3A (8.56s)
	test_test.go:84: 0 missing element x 0 30 y in Append result x 0 0 yx 0 1 yx 0 2 yx 0 3 yx 0 4 yx 0 5 yx 0 6 yx 0 7 yx 0 8 yx 0 9 yx 0 10 yx 0 11 yx 0 12 yx 0 13 yx 0 14 yx 0 15 yx 0 16 yx 0 17 yx 0 18 yx 0 19 yx 0 20 yx 0 21 yx 0 22 yx 0 23 yx 0 24 yx 0 25 yx 0 26 yx 0 27 yx 0 28 yx 0 29 yx 0 31 y
Test: partitions, many clients (3A) ...
  ... Passed --  23.9  5 26046  259
Test: restarts, one client (3A) ...
