Test: InstallSnapshot RPC (3B) ...
  ... Passed --  10.2  3  3679   63
PASS
ok  	kvraft	10.194s
=======================
Test: InstallSnapshot RPC (3B) ...
  ... Passed --  15.6  3  4657   63
PASS
ok  	kvraft	15.629s
=======================
Test: InstallSnapshot RPC (3B) ...
  ... Passed --  13.6  3  4314   63
PASS
ok  	kvraft	13.635s
=======================
Test: InstallSnapshot RPC (3B) ...
  ... Passed --   7.5  3  3785   63
PASS
ok  	kvraft	7.474s
=======================
Test: InstallSnapshot RPC (3B) ...
  ... Passed --  12.1  3  4692   63
PASS
ok  	kvraft	12.138s
=======================
Test: InstallSnapshot RPC (3B) ...
  ... Passed --  11.1  3  4160   63
PASS
ok  	kvraft	11.112s
=======================
Test: InstallSnapshot RPC (3B) ...
  ... Passed --  15.9  3  4191   63
PASS
ok  	kvraft	15.898s
=======================
Test: InstallSnapshot RPC (3B) ...
  ... Passed --  10.4  3  3558   63
PASS
ok  	kvraft	10.362s
=======================
Test: InstallSnapshot RPC (3B) ...
  ... Passed --  10.3  3  3115   63
PASS
ok  	kvraft	10.334s
=======================
Test: InstallSnapshot RPC (3B) ...
  ... Passed --  12.5  3  3742   63
PASS
ok  	kvraft	12.552s
=======================
Test: InstallSnapshot RPC (3B) ...
  ... Passed --   5.2  3  3113   63
PASS
ok  	kvraft	5.187s
=======================
Test: InstallSnapshot RPC (3B) ...
  ... Passed --  12.9  3  3909   63
PASS
ok  	kvraft	12.958s
=======================
Test: InstallSnapshot RPC (3B) ...
  ... Passed --  12.2  3  4080   63
PASS
ok  	kvraft	12.226s
=======================
Test: InstallSnapshot RPC (3B) ...
  ... Passed --  13.0  3  3815   63
PASS
ok  	kvraft	13.000s
=======================
Test: InstallSnapshot RPC (3B) ...
  ... Passed --   6.7  3  3408   63
PASS
ok  	kvraft	6.728s
=======================
Test: InstallSnapshot RPC (3B) ...
  ... Passed --  10.6  3  3840   63
PASS
ok  	kvraft	10.575s
=======================
Test: InstallSnapshot RPC (3B) ...
  ... Passed --   7.4  3  4000   63
PASS
ok  	kvraft	7.455s
=======================
Test: InstallSnapshot RPC (3B) ...
  ... Passed --  15.1  3  4403   63
PASS
ok  	kvraft	15.130s
=======================
Test: InstallSnapshot RPC (3B) ...
  ... Passed --   4.9  3  2732   63
PASS
ok  	kvraft	4.942s
=======================
Test: InstallSnapshot RPC (3B) ...
  ... Passed --  12.5  3  3453   63
PASS
ok  	kvraft	12.502s
=======================
Test: InstallSnapshot RPC (3B) ...
  ... Passed --  10.0  3  3696   63
PASS
ok  	kvraft	10.017s
=======================
Test: InstallSnapshot RPC (3B) ...
  ... Passed --  10.3  3  3091   63
PASS
ok  	kvraft	10.341s
=======================
Test: InstallSnapshot RPC (3B) ...
  ... Passed --   7.3  3  3218   63
PASS
ok  	kvraft	7.306s
=======================
Test: InstallSnapshot RPC (3B) ...
  ... Passed --   8.1  3  3603   63
PASS
ok  	kvraft	8.113s
=======================
Test: InstallSnapshot RPC (3B) ...
  ... Passed --   5.4  3  3570   63
PASS
ok  	kvraft	5.410s
=======================
Test: InstallSnapshot RPC (3B) ...
  ... Passed --  10.2  3  4343   63
PASS
ok  	kvraft	10.198s
=======================
Test: InstallSnapshot RPC (3B) ...
  ... Passed --  11.3  3  3605   63
PASS
ok  	kvraft	11.326s
=======================
Test: InstallSnapshot RPC (3B) ...
  ... Passed --  10.2  3  3392   63
PASS
ok  	kvraft	10.171s
=======================
Test: InstallSnapshot RPC (3B) ...
signal: interrupt
FAIL	kvraft	70.124s
