Test: snapshot size is reasonable (3B) ...
  ... Passed --  25.1  3  5872  800
PASS
ok  	kvraft	25.080s
=======================
Test: snapshot size is reasonable (3B) ...
  ... Passed --  25.1  3  6315  800
PASS
ok  	kvraft	25.127s
=======================
Test: snapshot size is reasonable (3B) ...
  ... Passed --  25.1  3  6442  800
PASS
ok  	kvraft	25.159s
=======================
Test: snapshot size is reasonable (3B) ...
  ... Passed --  25.0  3  5739  800
PASS
ok  	kvraft	25.025s
=======================
Test: snapshot size is reasonable (3B) ...
  ... Passed --  25.2  3  6213  800
PASS
ok  	kvraft	25.253s
=======================
Test: snapshot size is reasonable (3B) ...
  ... Passed --  25.1  3  5477  800
PASS
ok  	kvraft	25.144s
=======================
Test: snapshot size is reasonable (3B) ...
  ... Passed --  25.1  3  5465  800
PASS
ok  	kvraft	25.077s
=======================
Test: snapshot size is reasonable (3B) ...
  ... Passed --  25.1  3  5916  800
PASS
ok  	kvraft	25.078s
=======================
Test: snapshot size is reasonable (3B) ...
  ... Passed --  25.0  3  5478  800
PASS
ok  	kvraft	24.983s
=======================
Test: snapshot size is reasonable (3B) ...
  ... Passed --  25.2  3  6682  800
PASS
ok  	kvraft	25.193s
=======================
Test: snapshot size is reasonable (3B) ...
  ... Passed --  25.0  3  5466  800
PASS
ok  	kvraft	24.974s
=======================
Test: snapshot size is reasonable (3B) ...
  ... Passed --  24.9  3  5457  800
PASS
ok  	kvraft	24.935s
=======================
Test: snapshot size is reasonable (3B) ...
exit status 2
FAIL	kvraft	6.925s
=======================
Test: snapshot size is reasonable (3B) ...
