Test: unreliable net, restarts, partitions, snapshots, many clients, linearizability checks (3B) ...
  ... Passed --  30.2  7  8518  127
PASS
ok  	kvraft	30.238s
=======================
Test: unreliable net, restarts, partitions, snapshots, many clients, linearizability checks (3B) ...
  ... Passed --  32.2  7  9461  128
PASS
ok  	kvraft	32.195s
=======================
Test: unreliable net, restarts, partitions, snapshots, many clients, linearizability checks (3B) ...
  ... Passed --  34.0  7 10844  128
PASS
ok  	kvraft	34.069s
=======================
Test: unreliable net, restarts, partitions, snapshots, many clients, linearizability checks (3B) ...
  ... Passed --  29.4  7  8788  146
PASS
ok  	kvraft	29.397s
=======================
Test: unreliable net, restarts, partitions, snapshots, many clients, linearizability checks (3B) ...
  ... Passed --  31.1  7  9857  155
PASS
ok  	kvraft	31.153s
=======================
Test: unreliable net, restarts, partitions, snapshots, many clients, linearizability checks (3B) ...
  ... Passed --  35.3  7 11901  144
PASS
ok  	kvraft	35.290s
=======================
Test: unreliable net, restarts, partitions, snapshots, many clients, linearizability checks (3B) ...
signal: interrupt
FAIL	kvraft	14.936s
