Test: unreliable net, many clients (3A) ...
[raft 4] 15:41:08.669382 becomes leader
[client 0] 15:41:08.692299 send PutAppendArgs: {2  Put}
[client 0] 15:41:08.696072 send PutAppendArgs: {1  Put}
[client 0] 15:41:08.706500 send PutAppendArgs: {2 x 2 0 y Append}
[client 0] 15:41:08.714509 send PutAppendArgs: {3  Put}
[client 0] 15:41:08.721660 send PutAppendArgs: {2 x 2 1 y Append}
[client 0] 15:41:08.725084 send PutAppendArgs: {0  Put}
[client 0] 15:41:08.725531 ----------------------start to send get command
[client 0] 15:41:08.735506 send PutAppendArgs: {3 x 3 0 y Append}
[client 0] 15:41:08.739214 call server get
[client 0] 15:41:08.748822 send PutAppendArgs: {2 x 2 2 y Append}
[client 0] 15:41:08.749136 ----------------------start to send get command
[client 0] 15:41:08.754336 reply from server get
[client 0] 15:41:08.754695 call server get
[client 0] 15:41:08.768837 send PutAppendArgs: {4  Put}
[client 0] 15:41:08.773056 reply from server get
[client 0] 15:41:08.773339 call server get
[client 0] 15:41:08.783744 reply from server get
[client 0] 15:41:08.783971 call server get
[client 0] 15:41:08.786931 reply from server get
[client 0] 15:41:08.787261 call server get
[client 0] 15:41:08.788853 send PutAppendArgs: {3 x 3 1 y Append}
[client 0] 15:41:08.789152 ----------------------start to send get command
[client 0] 15:41:08.815994 call server get
[client 0] 15:41:08.830356 reply from server get
[client 0] 15:41:08.830571 call server get
[client 0] 15:41:08.840630 send PutAppendArgs: {4 x 4 0 y Append}
[client 0] 15:41:08.853444 reply from server get
[client 0] 15:41:08.853716 call server get
[client 0] 15:41:08.867382 reply from server get
[client 0] 15:41:08.867535 call server get
[client 0] 15:41:08.893117 reply from server get
[client 0] 15:41:08.893235 call server get
[client 0] 15:41:08.894905 reply from server get
[client 0] 15:41:08.895133 call server get
[client 0] 15:41:08.898033 send PutAppendArgs: {1 x 1 0 y Append}
[client 0] 15:41:08.898183 ----------------------start to send get command
[client 0] 15:41:08.905752 call server get
[client 0] 15:41:08.908325 reply from server get
[client 0] 15:41:08.908586 call server get
[client 0] 15:41:08.917710 reply from server get
[client 0] 15:41:08.917837 call server get
[client 0] 15:41:08.920002 send PutAppendArgs: {4 x 4 1 y Append}
[client 0] 15:41:08.920261 ----------------------start to send get command
[client 0] 15:41:08.925506 reply from server get
[client 0] 15:41:08.925810 call server get
[client 0] 15:41:08.925515 reply from server get
[client 0] 15:41:08.926253 call server get
[client 0] 15:41:08.929854 call server get
[client 0] 15:41:08.932773 reply from server get
[client 0] 15:41:08.932983 call server get
[client 0] 15:41:08.934449 reply from server get
[client 0] 15:41:08.934610 call server get
[client 0] 15:41:08.940996 reply from server get
[client 0] 15:41:08.941080 call server get
[client 0] 15:41:08.943762 reply from server get
[client 0] 15:41:08.943913 call server get
[client 0] 15:41:08.954421 reply from server get
[client 0] 15:41:08.954815 call server get
[client 0] 15:41:08.956266 reply from server get
[client 0] 15:41:08.957327 call server get
[client 0] 15:41:08.967846 reply from server get
[client 0] 15:41:08.968149 call server get
[client 0] 15:41:08.976761 reply from server get
[client 0] 15:41:08.977033 call server get
[client 0] 15:41:09.078075 call server get
[client 0] 15:41:09.255179 reply from server get
[client 0] 15:41:09.256454 call server get
[client 0] 15:41:09.266217 reply from server get
[client 0] 15:41:09.266316 call server get
[client 0] 15:41:09.286637 reply from server get
[client 0] 15:41:09.286834 call server get
[client 0] 15:41:09.312401 reply from server get
[client 0] 15:41:09.312575 call server get
[client 0] 15:41:09.315728 reply from server get
[client 0] 15:41:09.315875 call server get
[client 0] 15:41:09.444601 reply from server get
[client 0] 15:41:09.445058 send GetArgs: {1}
[client 0] 15:41:09.445463 receive ReplyArgs: {false  x 1 0 yx 1 0 yx 1 0 y}
2018/12/20 15:41:09 get wrong value, key 1, wanted:
x 1 0 y
, got
x 1 0 yx 1 0 yx 1 0 y
exit status 1
FAIL    kvraft  1.227s