[raft 1] 02:21:25.119082 decode snapshot error
[server 1] 02:21:25.119393 initial, kv.gid: 101, kv.currentConfig: {0 [0 0 0 0 0 0 0 0 0 0] map[]}
[server 1] 02:21:25.119512 start to apply
[raft 1] 02:21:25.537887 becomes follower in RequestVote
[raft 1] 02:21:25.537924 receive RequestVoteArgs: &{1 0 0 0}, Reply: &{0 1 true}
[raft 1] 02:22:40.289996 rf.LastApplied: 1, rf.LastIncludedIdnex: 0, true index: 1, rf.Logs: [{0 0} {1 {migrate   map[3:sq3vtNA2GPj7KmTDODI8] 0 1 101 0}} {1 {migrate   map[5:_Z0PgMUg0ae4PyN4SSZ3] 0 2 101 0}}]
[server 1] 02:22:40.290092 apply: {migrate   map[3:sq3vtNA2GPj7KmTDODI8] 0 1 101 0}
[server 1] 02:22:40.290106 migrateOp apply command: {migrate   map[3:sq3vtNA2GPj7KmTDODI8] 0 1 101 0}
[server 1] 02:22:40.290118 migrateOp apply return: {1 {migrate   map[3:sq3vtNA2GPj7KmTDODI8] 0 1 101 0}  map[]}
[server 1] 02:22:40.290130 state size: 337, logs: [{0 0} {1 {migrate   map[3:sq3vtNA2GPj7KmTDODI8] 0 1 101 0}} {1 {migrate   map[5:_Z0PgMUg0ae4PyN4SSZ3] 0 2 101 0}}]
[server 1] 02:22:40.290139 map[3:sq3vtNA2GPj7KmTDODI8]
[server 1] 02:22:40.290147 start to apply
[raft 1] 02:22:40.332239 rf.LastApplied: 2, rf.LastIncludedIdnex: 0, true index: 2, rf.Logs: [{0 0} {1 {migrate   map[3:sq3vtNA2GPj7KmTDODI8] 0 1 101 0}} {1 {migrate   map[5:_Z0PgMUg0ae4PyN4SSZ3] 0 2 101 0}}]
[server 1] 02:22:40.332279 apply: {migrate   map[5:_Z0PgMUg0ae4PyN4SSZ3] 0 2 101 0}
[server 1] 02:22:40.332293 migrateOp apply command: {migrate   map[5:_Z0PgMUg0ae4PyN4SSZ3] 0 2 101 0}
[server 1] 02:22:40.332306 migrateOp apply return: {2 {migrate   map[5:_Z0PgMUg0ae4PyN4SSZ3] 0 2 101 0}  map[]}
[server 1] 02:22:40.332319 state size: 337, logs: [{0 0} {1 {migrate   map[3:sq3vtNA2GPj7KmTDODI8] 0 1 101 0}} {1 {migrate   map[5:_Z0PgMUg0ae4PyN4SSZ3] 0 2 101 0}}]
[server 1] 02:22:40.332342 map[5:_Z0PgMUg0ae4PyN4SSZ3 3:sq3vtNA2GPj7KmTDODI8]
[server 1] 02:22:40.332364 start to apply
[raft 1] 02:22:40.405930 rf.LastApplied: 3, rf.LastIncludedIdnex: 0, true index: 3, rf.Logs: [{0 0} {1 {migrate   map[3:sq3vtNA2GPj7KmTDODI8] 0 1 101 0}} {1 {migrate   map[5:_Z0PgMUg0ae4PyN4SSZ3] 0 2 101 0}} {1 {migrate   map[7:KpbSllWKDv5vnqTh-BTh] 0 3 101 0}} {1 {migrate   map[9:4LGiOnPFz2M8QNgttwWC] 0 4 101 0}}]
[server 1] 02:22:40.405965 apply: {migrate   map[7:KpbSllWKDv5vnqTh-BTh] 0 3 101 0}
[server 1] 02:22:40.405978 migrateOp apply command: {migrate   map[7:KpbSllWKDv5vnqTh-BTh] 0 3 101 0}
[server 1] 02:22:40.405990 migrateOp apply return: {3 {migrate   map[7:KpbSllWKDv5vnqTh-BTh] 0 3 101 0}  map[]}
[server 1] 02:22:40.406006 state size: 454, logs: [{0 0} {1 {migrate   map[3:sq3vtNA2GPj7KmTDODI8] 0 1 101 0}} {1 {migrate   map[5:_Z0PgMUg0ae4PyN4SSZ3] 0 2 101 0}} {1 {migrate   map[7:KpbSllWKDv5vnqTh-BTh] 0 3 101 0}} {1 {migrate   map[9:4LGiOnPFz2M8QNgttwWC] 0 4 101 0}}]
[server 1] 02:22:40.406046 map[3:sq3vtNA2GPj7KmTDODI8 5:_Z0PgMUg0ae4PyN4SSZ3 7:KpbSllWKDv5vnqTh-BTh]
[server 1] 02:22:40.406053 start to apply
[raft 1] 02:22:40.468529 rf.LastApplied: 4, rf.LastIncludedIdnex: 0, true index: 4, rf.Logs: [{0 0} {1 {migrate   map[3:sq3vtNA2GPj7KmTDODI8] 0 1 101 0}} {1 {migrate   map[5:_Z0PgMUg0ae4PyN4SSZ3] 0 2 101 0}} {1 {migrate   map[7:KpbSllWKDv5vnqTh-BTh] 0 3 101 0}} {1 {migrate   map[9:4LGiOnPFz2M8QNgttwWC] 0 4 101 0}} {1 {migrate   map[14:LkivqSNlx70NN86eMlKh 10:h5C8cfg4Mm1UscOV1nb6 15:dEg7yj_6tFbSGKswyPn8 18:e_RRdspQv52EJpqTbu4R 12:O5cC_0Bx1ustJTajf7US 1:_DippeN4YXcXWWG1JNcZ 11:63f8ho0WuDlD5Ht9Zp7q 16:LrFcKr9PzaqkYXZhFo0- 19:lIa2meMlBSrRQuGwiMWT 17:tJ7lPUHv2mmsKd1yCy-v 13:D_DJKK9GxqWxAPgf8PXM] 0 5 101 0}}]
[server 1] 02:22:40.468571 apply: {migrate   map[9:4LGiOnPFz2M8QNgttwWC] 0 4 101 0}
[server 1] 02:22:40.468583 migrateOp apply command: {migrate   map[9:4LGiOnPFz2M8QNgttwWC] 0 4 101 0}
[server 1] 02:22:40.468594 migrateOp apply return: {4 {migrate   map[9:4LGiOnPFz2M8QNgttwWC] 0 4 101 0}  map[]}
[server 1] 02:22:40.468629 state size: 755, logs: [{0 0} {1 {migrate   map[3:sq3vtNA2GPj7KmTDODI8] 0 1 101 0}} {1 {migrate   map[5:_Z0PgMUg0ae4PyN4SSZ3] 0 2 101 0}} {1 {migrate   map[7:KpbSllWKDv5vnqTh-BTh] 0 3 101 0}} {1 {migrate   map[9:4LGiOnPFz2M8QNgttwWC] 0 4 101 0}} {1 {migrate   map[11:63f8ho0WuDlD5Ht9Zp7q 16:LrFcKr9PzaqkYXZhFo0- 19:lIa2meMlBSrRQuGwiMWT 17:tJ7lPUHv2mmsKd1yCy-v 13:D_DJKK9GxqWxAPgf8PXM 1:_DippeN4YXcXWWG1JNcZ 10:h5C8cfg4Mm1UscOV1nb6 15:dEg7yj_6tFbSGKswyPn8 18:e_RRdspQv52EJpqTbu4R 12:O5cC_0Bx1ustJTajf7US 14:LkivqSNlx70NN86eMlKh] 0 5 101 0}}]
[server 1] 02:22:40.468657 map[3:sq3vtNA2GPj7KmTDODI8 5:_Z0PgMUg0ae4PyN4SSZ3 7:KpbSllWKDv5vnqTh-BTh 9:4LGiOnPFz2M8QNgttwWC]
[server 1] 02:22:40.468664 start to apply
[raft 1] 02:22:40.533090 rf.LastApplied: 5, rf.LastIncludedIdnex: 0, true index: 5, rf.Logs: [{0 0} {1 {migrate   map[3:sq3vtNA2GPj7KmTDODI8] 0 1 101 0}} {1 {migrate   map[5:_Z0PgMUg0ae4PyN4SSZ3] 0 2 101 0}} {1 {migrate   map[7:KpbSllWKDv5vnqTh-BTh] 0 3 101 0}} {1 {migrate   map[9:4LGiOnPFz2M8QNgttwWC] 0 4 101 0}} {1 {migrate   map[14:LkivqSNlx70NN86eMlKh 10:h5C8cfg4Mm1UscOV1nb6 15:dEg7yj_6tFbSGKswyPn8 18:e_RRdspQv52EJpqTbu4R 12:O5cC_0Bx1ustJTajf7US 1:_DippeN4YXcXWWG1JNcZ 11:63f8ho0WuDlD5Ht9Zp7q 16:LrFcKr9PzaqkYXZhFo0- 19:lIa2meMlBSrRQuGwiMWT 17:tJ7lPUHv2mmsKd1yCy-v 13:D_DJKK9GxqWxAPgf8PXM] 0 5 101 0}}]
[server 1] 02:22:40.533161 apply: {migrate   map[14:LkivqSNlx70NN86eMlKh 10:h5C8cfg4Mm1UscOV1nb6 15:dEg7yj_6tFbSGKswyPn8 18:e_RRdspQv52EJpqTbu4R 12:O5cC_0Bx1ustJTajf7US 1:_DippeN4YXcXWWG1JNcZ 11:63f8ho0WuDlD5Ht9Zp7q 16:LrFcKr9PzaqkYXZhFo0- 19:lIa2meMlBSrRQuGwiMWT 17:tJ7lPUHv2mmsKd1yCy-v 13:D_DJKK9GxqWxAPgf8PXM] 0 5 101 0}
[server 1] 02:22:40.533195 migrateOp apply command: {migrate   map[15:dEg7yj_6tFbSGKswyPn8 18:e_RRdspQv52EJpqTbu4R 12:O5cC_0Bx1ustJTajf7US 14:LkivqSNlx70NN86eMlKh 10:h5C8cfg4Mm1UscOV1nb6 16:LrFcKr9PzaqkYXZhFo0- 19:lIa2meMlBSrRQuGwiMWT 17:tJ7lPUHv2mmsKd1yCy-v 13:D_DJKK9GxqWxAPgf8PXM 1:_DippeN4YXcXWWG1JNcZ 11:63f8ho0WuDlD5Ht9Zp7q] 0 5 101 0}
[server 1] 02:22:40.533229 migrateOp apply return: {5 {migrate   map[16:LrFcKr9PzaqkYXZhFo0- 19:lIa2meMlBSrRQuGwiMWT 17:tJ7lPUHv2mmsKd1yCy-v 13:D_DJKK9GxqWxAPgf8PXM 1:_DippeN4YXcXWWG1JNcZ 11:63f8ho0WuDlD5Ht9Zp7q 15:dEg7yj_6tFbSGKswyPn8 18:e_RRdspQv52EJpqTbu4R 12:O5cC_0Bx1ustJTajf7US 14:LkivqSNlx70NN86eMlKh 10:h5C8cfg4Mm1UscOV1nb6] 0 5 101 0}  map[]}
[server 1] 02:22:40.533249 state size: 755, logs: [{0 0} {1 {migrate   map[3:sq3vtNA2GPj7KmTDODI8] 0 1 101 0}} {1 {migrate   map[5:_Z0PgMUg0ae4PyN4SSZ3] 0 2 101 0}} {1 {migrate   map[7:KpbSllWKDv5vnqTh-BTh] 0 3 101 0}} {1 {migrate   map[9:4LGiOnPFz2M8QNgttwWC] 0 4 101 0}} {1 {migrate   map[14:LkivqSNlx70NN86eMlKh 10:h5C8cfg4Mm1UscOV1nb6 15:dEg7yj_6tFbSGKswyPn8 18:e_RRdspQv52EJpqTbu4R 12:O5cC_0Bx1ustJTajf7US 1:_DippeN4YXcXWWG1JNcZ 11:63f8ho0WuDlD5Ht9Zp7q 16:LrFcKr9PzaqkYXZhFo0- 19:lIa2meMlBSrRQuGwiMWT 17:tJ7lPUHv2mmsKd1yCy-v 13:D_DJKK9GxqWxAPgf8PXM] 0 5 101 0}}]
[server 1] 02:22:40.533280 map[1:_DippeN4YXcXWWG1JNcZ 11:63f8ho0WuDlD5Ht9Zp7q 16:LrFcKr9PzaqkYXZhFo0- 7:KpbSllWKDv5vnqTh-BTh 9:4LGiOnPFz2M8QNgttwWC 14:LkivqSNlx70NN86eMlKh 12:O5cC_0Bx1ustJTajf7US 3:sq3vtNA2GPj7KmTDODI8 17:tJ7lPUHv2mmsKd1yCy-v 18:e_RRdspQv52EJpqTbu4R 5:_Z0PgMUg0ae4PyN4SSZ3 13:D_DJKK9GxqWxAPgf8PXM 19:lIa2meMlBSrRQuGwiMWT 10:h5C8cfg4Mm1UscOV1nb6 15:dEg7yj_6tFbSGKswyPn8]
[server 1] 02:22:40.533288 start to apply
[raft 1] 02:22:41.048333 rf.LastApplied: 6, rf.LastIncludedIdnex: 0, true index: 6, rf.Logs: [{0 0} {1 {migrate   map[3:sq3vtNA2GPj7KmTDODI8] 0 1 101 0}} {1 {migrate   map[5:_Z0PgMUg0ae4PyN4SSZ3] 0 2 101 0}} {1 {migrate   map[7:KpbSllWKDv5vnqTh-BTh] 0 3 101 0}} {1 {migrate   map[9:4LGiOnPFz2M8QNgttwWC] 0 4 101 0}} {1 {migrate   map[16:LrFcKr9PzaqkYXZhFo0- 19:lIa2meMlBSrRQuGwiMWT 17:tJ7lPUHv2mmsKd1yCy-v 13:D_DJKK9GxqWxAPgf8PXM 1:_DippeN4YXcXWWG1JNcZ 11:63f8ho0WuDlD5Ht9Zp7q 15:dEg7yj_6tFbSGKswyPn8 18:e_RRdspQv52EJpqTbu4R 12:O5cC_0Bx1ustJTajf7US 14:LkivqSNlx70NN86eMlKh 10:h5C8cfg4Mm1UscOV1nb6] 0 5 101 0}} {1 {migrate   map[1:_DippeN4YXcXWWG1JNcZ 18:e_RRdspQv52EJpqTbu4R 15:dEg7yj_6tFbSGKswyPn8 10:h5C8cfg4Mm1UscOV1nb6 11:63f8ho0WuDlD5Ht9Zp7q 19:lIa2meMlBSrRQuGwiMWT 16:LrFcKr9PzaqkYXZhFo0- 13:D_DJKK9GxqWxAPgf8PXM 17:tJ7lPUHv2mmsKd1yCy-v 14:LkivqSNlx70NN86eMlKh 12:O5cC_0Bx1ustJTajf7US] 0 1 100 0}} {1 {migrate   map[9:4LGiOnPFz2M8QNgttwWC] 0 4 100 0}}]
[server 1] 02:22:41.048362 apply: {migrate   map[15:dEg7yj_6tFbSGKswyPn8 10:h5C8cfg4Mm1UscOV1nb6 1:_DippeN4YXcXWWG1JNcZ 18:e_RRdspQv52EJpqTbu4R 14:LkivqSNlx70NN86eMlKh 12:O5cC_0Bx1ustJTajf7US 11:63f8ho0WuDlD5Ht9Zp7q 19:lIa2meMlBSrRQuGwiMWT 16:LrFcKr9PzaqkYXZhFo0- 13:D_DJKK9GxqWxAPgf8PXM 17:tJ7lPUHv2mmsKd1yCy-v] 0 1 100 0}
[server 1] 02:22:41.048411 migrateOp apply command: {migrate   map[10:h5C8cfg4Mm1UscOV1nb6 1:_DippeN4YXcXWWG1JNcZ 18:e_RRdspQv52EJpqTbu4R 15:dEg7yj_6tFbSGKswyPn8 12:O5cC_0Bx1ustJTajf7US 11:63f8ho0WuDlD5Ht9Zp7q 19:lIa2meMlBSrRQuGwiMWT 16:LrFcKr9PzaqkYXZhFo0- 13:D_DJKK9GxqWxAPgf8PXM 17:tJ7lPUHv2mmsKd1yCy-v 14:LkivqSNlx70NN86eMlKh] 0 1 100 0}
[server 1] 02:22:41.048430 migrateOp apply return: {6 {migrate   map[10:h5C8cfg4Mm1UscOV1nb6 1:_DippeN4YXcXWWG1JNcZ 18:e_RRdspQv52EJpqTbu4R 15:dEg7yj_6tFbSGKswyPn8 12:O5cC_0Bx1ustJTajf7US 11:63f8ho0WuDlD5Ht9Zp7q 19:lIa2meMlBSrRQuGwiMWT 16:LrFcKr9PzaqkYXZhFo0- 13:D_DJKK9GxqWxAPgf8PXM 17:tJ7lPUHv2mmsKd1yCy-v 14:LkivqSNlx70NN86eMlKh] 0 1 100 0}  map[]}
[server 1] 02:22:41.048487 state size: 1113, logs: [{0 0} {1 {migrate   map[3:sq3vtNA2GPj7KmTDODI8] 0 1 101 0}} {1 {migrate   map[5:_Z0PgMUg0ae4PyN4SSZ3] 0 2 101 0}} {1 {migrate   map[7:KpbSllWKDv5vnqTh-BTh] 0 3 101 0}} {1 {migrate   map[9:4LGiOnPFz2M8QNgttwWC] 0 4 101 0}} {1 {migrate   map[18:e_RRdspQv52EJpqTbu4R 12:O5cC_0Bx1ustJTajf7US 14:LkivqSNlx70NN86eMlKh 10:h5C8cfg4Mm1UscOV1nb6 15:dEg7yj_6tFbSGKswyPn8 19:lIa2meMlBSrRQuGwiMWT 17:tJ7lPUHv2mmsKd1yCy-v 13:D_DJKK9GxqWxAPgf8PXM 1:_DippeN4YXcXWWG1JNcZ 11:63f8ho0WuDlD5Ht9Zp7q 16:LrFcKr9PzaqkYXZhFo0-] 0 5 101 0}} {1 {migrate   map[18:e_RRdspQv52EJpqTbu4R 15:dEg7yj_6tFbSGKswyPn8 10:h5C8cfg4Mm1UscOV1nb6 1:_DippeN4YXcXWWG1JNcZ 17:tJ7lPUHv2mmsKd1yCy-v 14:LkivqSNlx70NN86eMlKh 12:O5cC_0Bx1ustJTajf7US 11:63f8ho0WuDlD5Ht9Zp7q 19:lIa2meMlBSrRQuGwiMWT 16:LrFcKr9PzaqkYXZhFo0- 13:D_DJKK9GxqWxAPgf8PXM] 0 1 100 0}} {1 {migrate   map[9:4LGiOnPFz2M8QNgttwWC] 0 4 100 0}}]
[server 1] 02:22:41.048506 save snapshot: {6 1 map[11:63f8ho0WuDlD5Ht9Zp7q 16:LrFcKr9PzaqkYXZhFo0- 1:_DippeN4YXcXWWG1JNcZ 9:4LGiOnPFz2M8QNgttwWC 14:LkivqSNlx70NN86eMlKh 12:O5cC_0Bx1ustJTajf7US 7:KpbSllWKDv5vnqTh-BTh 17:tJ7lPUHv2mmsKd1yCy-v 3:sq3vtNA2GPj7KmTDODI8 13:D_DJKK9GxqWxAPgf8PXM 19:lIa2meMlBSrRQuGwiMWT 10:h5C8cfg4Mm1UscOV1nb6 15:dEg7yj_6tFbSGKswyPn8 18:e_RRdspQv52EJpqTbu4R 5:_Z0PgMUg0ae4PyN4SSZ3] map[101:5 100:1] 0}
[raft 1] 02:22:41.048570 snap shot: {6 1 map[11:63f8ho0WuDlD5Ht9Zp7q 16:LrFcKr9PzaqkYXZhFo0- 1:_DippeN4YXcXWWG1JNcZ 9:4LGiOnPFz2M8QNgttwWC 14:LkivqSNlx70NN86eMlKh 12:O5cC_0Bx1ustJTajf7US 7:KpbSllWKDv5vnqTh-BTh 17:tJ7lPUHv2mmsKd1yCy-v 3:sq3vtNA2GPj7KmTDODI8 13:D_DJKK9GxqWxAPgf8PXM 19:lIa2meMlBSrRQuGwiMWT 10:h5C8cfg4Mm1UscOV1nb6 15:dEg7yj_6tFbSGKswyPn8 18:e_RRdspQv52EJpqTbu4R 5:_Z0PgMUg0ae4PyN4SSZ3] map[101:5 100:1] 0}, logs: [{0 0} {1 {migrate   map[3:sq3vtNA2GPj7KmTDODI8] 0 1 101 0}} {1 {migrate   map[5:_Z0PgMUg0ae4PyN4SSZ3] 0 2 101 0}} {1 {migrate   map[7:KpbSllWKDv5vnqTh-BTh] 0 3 101 0}} {1 {migrate   map[9:4LGiOnPFz2M8QNgttwWC] 0 4 101 0}} {1 {migrate   map[14:LkivqSNlx70NN86eMlKh 10:h5C8cfg4Mm1UscOV1nb6 15:dEg7yj_6tFbSGKswyPn8 18:e_RRdspQv52EJpqTbu4R 12:O5cC_0Bx1ustJTajf7US 1:_DippeN4YXcXWWG1JNcZ 11:63f8ho0WuDlD5Ht9Zp7q 16:LrFcKr9PzaqkYXZhFo0- 19:lIa2meMlBSrRQuGwiMWT 17:tJ7lPUHv2mmsKd1yCy-v 13:D_DJKK9GxqWxAPgf8PXM] 0 5 101 0}} {1 {migrate   map[16:LrFcKr9PzaqkYXZhFo0- 13:D_DJKK9GxqWxAPgf8PXM 17:tJ7lPUHv2mmsKd1yCy-v 14:LkivqSNlx70NN86eMlKh 12:O5cC_0Bx1ustJTajf7US 11:63f8ho0WuDlD5Ht9Zp7q 19:lIa2meMlBSrRQuGwiMWT 18:e_RRdspQv52EJpqTbu4R 15:dEg7yj_6tFbSGKswyPn8 10:h5C8cfg4Mm1UscOV1nb6 1:_DippeN4YXcXWWG1JNcZ] 0 1 100 0}} {1 {migrate   map[9:4LGiOnPFz2M8QNgttwWC] 0 4 100 0}}]
[raft 1] 02:22:41.048582 decode snapshot error
[server 1] 02:22:41.048653 map[18:e_RRdspQv52EJpqTbu4R 5:_Z0PgMUg0ae4PyN4SSZ3 13:D_DJKK9GxqWxAPgf8PXM 19:lIa2meMlBSrRQuGwiMWT 10:h5C8cfg4Mm1UscOV1nb6 15:dEg7yj_6tFbSGKswyPn8 1:_DippeN4YXcXWWG1JNcZ 11:63f8ho0WuDlD5Ht9Zp7q 16:LrFcKr9PzaqkYXZhFo0- 7:KpbSllWKDv5vnqTh-BTh 9:4LGiOnPFz2M8QNgttwWC 14:LkivqSNlx70NN86eMlKh 12:O5cC_0Bx1ustJTajf7US 3:sq3vtNA2GPj7KmTDODI8 17:tJ7lPUHv2mmsKd1yCy-v]
[server 1] 02:22:41.048661 start to apply
[raft 1] 02:22:41.079113 rf.LastApplied: 7, rf.LastIncludedIdnex: 6, true index: 1, rf.Logs: [{1 0} {1 {migrate   map[9:4LGiOnPFz2M8QNgttwWC] 0 4 100 0}} {1 {migrate   map[5:_Z0PgMUg0ae4PyN4SSZ3] 0 2 100 0}}]
[server 1] 02:22:41.079139 apply: {migrate   map[9:4LGiOnPFz2M8QNgttwWC] 0 4 100 0}
[server 1] 02:22:41.079163 migrateOp apply command: {migrate   map[9:4LGiOnPFz2M8QNgttwWC] 0 4 100 0}
[server 1] 02:22:41.079172 migrateOp apply return: {7 {migrate   map[9:4LGiOnPFz2M8QNgttwWC] 0 4 100 0}  map[]}
[server 1] 02:22:41.079184 state size: 339, logs: [{1 0} {1 {migrate   map[9:4LGiOnPFz2M8QNgttwWC] 0 4 100 0}} {1 {migrate   map[5:_Z0PgMUg0ae4PyN4SSZ3] 0 2 100 0}}]
[server 1] 02:22:41.079198 map[7:KpbSllWKDv5vnqTh-BTh 9:4LGiOnPFz2M8QNgttwWC 14:LkivqSNlx70NN86eMlKh 12:O5cC_0Bx1ustJTajf7US 3:sq3vtNA2GPj7KmTDODI8 17:tJ7lPUHv2mmsKd1yCy-v 5:_Z0PgMUg0ae4PyN4SSZ3 13:D_DJKK9GxqWxAPgf8PXM 19:lIa2meMlBSrRQuGwiMWT 10:h5C8cfg4Mm1UscOV1nb6 15:dEg7yj_6tFbSGKswyPn8 18:e_RRdspQv52EJpqTbu4R 1:_DippeN4YXcXWWG1JNcZ 11:63f8ho0WuDlD5Ht9Zp7q 16:LrFcKr9PzaqkYXZhFo0-]
[server 1] 02:22:41.079204 start to apply
[raft 1] 02:22:41.111131 rf.LastApplied: 8, rf.LastIncludedIdnex: 6, true index: 2, rf.Logs: [{1 0} {1 {migrate   map[9:4LGiOnPFz2M8QNgttwWC] 0 4 100 0}} {1 {migrate   map[5:_Z0PgMUg0ae4PyN4SSZ3] 0 2 100 0}} {1 {migrate   map[7:KpbSllWKDv5vnqTh-BTh] 0 5 100 0}}]
[server 1] 02:22:41.111169 apply: {migrate   map[5:_Z0PgMUg0ae4PyN4SSZ3] 0 2 100 0}
[server 1] 02:22:41.111190 map[5:_Z0PgMUg0ae4PyN4SSZ3 13:D_DJKK9GxqWxAPgf8PXM 19:lIa2meMlBSrRQuGwiMWT 10:h5C8cfg4Mm1UscOV1nb6 15:dEg7yj_6tFbSGKswyPn8 18:e_RRdspQv52EJpqTbu4R 1:_DippeN4YXcXWWG1JNcZ 11:63f8ho0WuDlD5Ht9Zp7q 16:LrFcKr9PzaqkYXZhFo0- 7:KpbSllWKDv5vnqTh-BTh 9:4LGiOnPFz2M8QNgttwWC 14:LkivqSNlx70NN86eMlKh 12:O5cC_0Bx1ustJTajf7US 3:sq3vtNA2GPj7KmTDODI8 17:tJ7lPUHv2mmsKd1yCy-v]
[server 1] 02:22:41.111215 start to apply
[raft 1] 02:22:41.132484 rf.LastApplied: 9, rf.LastIncludedIdnex: 6, true index: 3, rf.Logs: [{1 0} {1 {migrate   map[9:4LGiOnPFz2M8QNgttwWC] 0 4 100 0}} {1 {migrate   map[5:_Z0PgMUg0ae4PyN4SSZ3] 0 2 100 0}} {1 {migrate   map[7:KpbSllWKDv5vnqTh-BTh] 0 5 100 0}}]
[server 1] 02:22:41.132545 apply: {migrate   map[7:KpbSllWKDv5vnqTh-BTh] 0 5 100 0}
[server 1] 02:22:41.132576 migrateOp apply command: {migrate   map[7:KpbSllWKDv5vnqTh-BTh] 0 5 100 0}
[server 1] 02:22:41.132587 migrateOp apply return: {9 {migrate   map[7:KpbSllWKDv5vnqTh-BTh] 0 5 100 0}  map[]}
[server 1] 02:22:41.132635 state size: 398, logs: [{1 0} {1 {migrate   map[9:4LGiOnPFz2M8QNgttwWC] 0 4 100 0}} {1 {migrate   map[5:_Z0PgMUg0ae4PyN4SSZ3] 0 2 100 0}} {1 {migrate   map[7:KpbSllWKDv5vnqTh-BTh] 0 5 100 0}}]
[server 1] 02:22:41.132650 map[1:_DippeN4YXcXWWG1JNcZ 11:63f8ho0WuDlD5Ht9Zp7q 16:LrFcKr9PzaqkYXZhFo0- 7:KpbSllWKDv5vnqTh-BTh 9:4LGiOnPFz2M8QNgttwWC 14:LkivqSNlx70NN86eMlKh 12:O5cC_0Bx1ustJTajf7US 3:sq3vtNA2GPj7KmTDODI8 17:tJ7lPUHv2mmsKd1yCy-v 18:e_RRdspQv52EJpqTbu4R 5:_Z0PgMUg0ae4PyN4SSZ3 13:D_DJKK9GxqWxAPgf8PXM 19:lIa2meMlBSrRQuGwiMWT 10:h5C8cfg4Mm1UscOV1nb6 15:dEg7yj_6tFbSGKswyPn8]
[server 1] 02:22:41.132658 start to apply
[raft 1] 02:22:41.332683 rf.LastApplied: 10, rf.LastIncludedIdnex: 6, true index: 4, rf.Logs: [{1 0} {1 {migrate   map[9:4LGiOnPFz2M8QNgttwWC] 0 4 100 0}} {1 {migrate   map[5:_Z0PgMUg0ae4PyN4SSZ3] 0 2 100 0}} {1 {migrate   map[7:KpbSllWKDv5vnqTh-BTh] 0 5 100 0}} {1 {migrate   map[3:sq3vtNA2GPj7KmTDODI8] 0 3 100 0}}]
[server 1] 02:22:41.332719 apply: {migrate   map[3:sq3vtNA2GPj7KmTDODI8] 0 3 100 0}
[server 1] 02:22:41.332734 map[5:_Z0PgMUg0ae4PyN4SSZ3 13:D_DJKK9GxqWxAPgf8PXM 19:lIa2meMlBSrRQuGwiMWT 10:h5C8cfg4Mm1UscOV1nb6 15:dEg7yj_6tFbSGKswyPn8 18:e_RRdspQv52EJpqTbu4R 1:_DippeN4YXcXWWG1JNcZ 11:63f8ho0WuDlD5Ht9Zp7q 16:LrFcKr9PzaqkYXZhFo0- 7:KpbSllWKDv5vnqTh-BTh 9:4LGiOnPFz2M8QNgttwWC 14:LkivqSNlx70NN86eMlKh 12:O5cC_0Bx1ustJTajf7US 3:sq3vtNA2GPj7KmTDODI8 17:tJ7lPUHv2mmsKd1yCy-v]
[server 1] 02:22:41.332741 start to apply
[raft 1] 02:22:42.331551 rf.LastApplied: 11, rf.LastIncludedIdnex: 6, true index: 5, rf.Logs: [{1 0} {1 {migrate   map[9:4LGiOnPFz2M8QNgttwWC] 0 4 100 0}} {1 {migrate   map[5:_Z0PgMUg0ae4PyN4SSZ3] 0 2 100 0}} {1 {migrate   map[7:KpbSllWKDv5vnqTh-BTh] 0 5 100 0}} {1 {migrate   map[3:sq3vtNA2GPj7KmTDODI8] 0 3 100 0}} {1 {migrate   map[6:0z2PUj8-OI-bJfzIRIwu] 0 6 101 0}}]
[server 1] 02:22:42.331616 apply: {migrate   map[6:0z2PUj8-OI-bJfzIRIwu] 0 6 101 0}
[server 1] 02:22:42.331648 migrateOp apply command: {migrate   map[6:0z2PUj8-OI-bJfzIRIwu] 0 6 101 0}
[server 1] 02:22:42.331659 migrateOp apply return: {11 {migrate   map[6:0z2PUj8-OI-bJfzIRIwu] 0 6 101 0}  map[]}
[server 1] 02:22:42.331689 state size: 515, logs: [{1 0} {1 {migrate   map[9:4LGiOnPFz2M8QNgttwWC] 0 4 100 0}} {1 {migrate   map[5:_Z0PgMUg0ae4PyN4SSZ3] 0 2 100 0}} {1 {migrate   map[7:KpbSllWKDv5vnqTh-BTh] 0 5 100 0}} {1 {migrate   map[3:sq3vtNA2GPj7KmTDODI8] 0 3 100 0}} {1 {migrate   map[6:0z2PUj8-OI-bJfzIRIwu] 0 6 101 0}}]
[server 1] 02:22:42.331702 map[1:_DippeN4YXcXWWG1JNcZ 11:63f8ho0WuDlD5Ht9Zp7q 16:LrFcKr9PzaqkYXZhFo0- 6:0z2PUj8-OI-bJfzIRIwu 7:KpbSllWKDv5vnqTh-BTh 9:4LGiOnPFz2M8QNgttwWC 14:LkivqSNlx70NN86eMlKh 12:O5cC_0Bx1ustJTajf7US 3:sq3vtNA2GPj7KmTDODI8 17:tJ7lPUHv2mmsKd1yCy-v 18:e_RRdspQv52EJpqTbu4R 5:_Z0PgMUg0ae4PyN4SSZ3 13:D_DJKK9GxqWxAPgf8PXM 19:lIa2meMlBSrRQuGwiMWT 10:h5C8cfg4Mm1UscOV1nb6 15:dEg7yj_6tFbSGKswyPn8]
[server 1] 02:22:42.331709 start to apply
[raft 1] 02:22:43.245902 rf.LastApplied: 12, rf.LastIncludedIdnex: 6, true index: 6, rf.Logs: [{1 0} {1 {migrate   map[9:4LGiOnPFz2M8QNgttwWC] 0 4 100 0}} {1 {migrate   map[5:_Z0PgMUg0ae4PyN4SSZ3] 0 2 100 0}} {1 {migrate   map[7:KpbSllWKDv5vnqTh-BTh] 0 5 100 0}} {1 {migrate   map[3:sq3vtNA2GPj7KmTDODI8] 0 3 100 0}} {1 {migrate   map[6:0z2PUj8-OI-bJfzIRIwu] 0 6 101 0}} {1 {migrate   map[22:knO854WNjMXwykx8dwxQ 2:A9Cgg6R66TFl-SynAvxB 29:JlCPnh9KDT7scDJCV4vc 28:vU4U7BcwHYWweX3N2xQR 24:pmWbpBVmcuOtfriDsrTs 23:TfUcbTJy7WBqkqkZJq-E 21:rzzraFF6j9BmlCRp02Xu 20:hKciwX12Y7Wjqe1t3oVa 25:qpMJKQJ9nKD3riFlBbv- 27:HuRWSo7BoL6E_dNYJT1V 26:FOKJFeF3CS6ohGVvpcUl] 0 7 101 0}} {1 {migrate   map[] 0 8 101 0}}]
[server 1] 02:22:43.245924 apply: {migrate   map[27:HuRWSo7BoL6E_dNYJT1V 26:FOKJFeF3CS6ohGVvpcUl 21:rzzraFF6j9BmlCRp02Xu 20:hKciwX12Y7Wjqe1t3oVa 25:qpMJKQJ9nKD3riFlBbv- 28:vU4U7BcwHYWweX3N2xQR 24:pmWbpBVmcuOtfriDsrTs 23:TfUcbTJy7WBqkqkZJq-E 22:knO854WNjMXwykx8dwxQ 2:A9Cgg6R66TFl-SynAvxB 29:JlCPnh9KDT7scDJCV4vc] 0 7 101 0}
[server 1] 02:22:43.245956 migrateOp apply command: {migrate   map[21:rzzraFF6j9BmlCRp02Xu 20:hKciwX12Y7Wjqe1t3oVa 25:qpMJKQJ9nKD3riFlBbv- 27:HuRWSo7BoL6E_dNYJT1V 26:FOKJFeF3CS6ohGVvpcUl 22:knO854WNjMXwykx8dwxQ 2:A9Cgg6R66TFl-SynAvxB 29:JlCPnh9KDT7scDJCV4vc 28:vU4U7BcwHYWweX3N2xQR 24:pmWbpBVmcuOtfriDsrTs 23:TfUcbTJy7WBqkqkZJq-E] 0 7 101 0}
[server 1] 02:22:43.245971 migrateOp apply return: {12 {migrate   map[21:rzzraFF6j9BmlCRp02Xu 20:hKciwX12Y7Wjqe1t3oVa 25:qpMJKQJ9nKD3riFlBbv- 27:HuRWSo7BoL6E_dNYJT1V 26:FOKJFeF3CS6ohGVvpcUl 23:TfUcbTJy7WBqkqkZJq-E 22:knO854WNjMXwykx8dwxQ 2:A9Cgg6R66TFl-SynAvxB 29:JlCPnh9KDT7scDJCV4vc 28:vU4U7BcwHYWweX3N2xQR 24:pmWbpBVmcuOtfriDsrTs] 0 7 101 0}  map[]}
[server 1] 02:22:43.246005 state size: 850, logs: [{1 0} {1 {migrate   map[9:4LGiOnPFz2M8QNgttwWC] 0 4 100 0}} {1 {migrate   map[5:_Z0PgMUg0ae4PyN4SSZ3] 0 2 100 0}} {1 {migrate   map[7:KpbSllWKDv5vnqTh-BTh] 0 5 100 0}} {1 {migrate   map[3:sq3vtNA2GPj7KmTDODI8] 0 3 100 0}} {1 {migrate   map[6:0z2PUj8-OI-bJfzIRIwu] 0 6 101 0}} {1 {migrate   map[20:hKciwX12Y7Wjqe1t3oVa 25:qpMJKQJ9nKD3riFlBbv- 27:HuRWSo7BoL6E_dNYJT1V 26:FOKJFeF3CS6ohGVvpcUl 21:rzzraFF6j9BmlCRp02Xu 2:A9Cgg6R66TFl-SynAvxB 29:JlCPnh9KDT7scDJCV4vc 28:vU4U7BcwHYWweX3N2xQR 24:pmWbpBVmcuOtfriDsrTs 23:TfUcbTJy7WBqkqkZJq-E 22:knO854WNjMXwykx8dwxQ] 0 7 101 0}} {1 {migrate   map[] 0 8 101 0}}]
[server 1] 02:22:43.246021 map[12:O5cC_0Bx1ustJTajf7US 3:sq3vtNA2GPj7KmTDODI8 17:tJ7lPUHv2mmsKd1yCy-v 23:TfUcbTJy7WBqkqkZJq-E 13:D_DJKK9GxqWxAPgf8PXM 10:h5C8cfg4Mm1UscOV1nb6 28:vU4U7BcwHYWweX3N2xQR 1:_DippeN4YXcXWWG1JNcZ 11:63f8ho0WuDlD5Ht9Zp7q 6:0z2PUj8-OI-bJfzIRIwu 2:A9Cgg6R66TFl-SynAvxB 25:qpMJKQJ9nKD3riFlBbv- 7:KpbSllWKDv5vnqTh-BTh 9:4LGiOnPFz2M8QNgttwWC 14:LkivqSNlx70NN86eMlKh 26:FOKJFeF3CS6ohGVvpcUl 20:hKciwX12Y7Wjqe1t3oVa 27:HuRWSo7BoL6E_dNYJT1V 5:_Z0PgMUg0ae4PyN4SSZ3 19:lIa2meMlBSrRQuGwiMWT 15:dEg7yj_6tFbSGKswyPn8 18:e_RRdspQv52EJpqTbu4R 24:pmWbpBVmcuOtfriDsrTs 21:rzzraFF6j9BmlCRp02Xu 16:LrFcKr9PzaqkYXZhFo0- 29:JlCPnh9KDT7scDJCV4vc 22:knO854WNjMXwykx8dwxQ]
[server 1] 02:22:43.246030 start to apply
[raft 1] 02:22:43.277417 rf.LastApplied: 13, rf.LastIncludedIdnex: 6, true index: 7, rf.Logs: [{1 0} {1 {migrate   map[9:4LGiOnPFz2M8QNgttwWC] 0 4 100 0}} {1 {migrate   map[5:_Z0PgMUg0ae4PyN4SSZ3] 0 2 100 0}} {1 {migrate   map[7:KpbSllWKDv5vnqTh-BTh] 0 5 100 0}} {1 {migrate   map[3:sq3vtNA2GPj7KmTDODI8] 0 3 100 0}} {1 {migrate   map[6:0z2PUj8-OI-bJfzIRIwu] 0 6 101 0}} {1 {migrate   map[28:vU4U7BcwHYWweX3N2xQR 24:pmWbpBVmcuOtfriDsrTs 23:TfUcbTJy7WBqkqkZJq-E 22:knO854WNjMXwykx8dwxQ 2:A9Cgg6R66TFl-SynAvxB 29:JlCPnh9KDT7scDJCV4vc 27:HuRWSo7BoL6E_dNYJT1V 26:FOKJFeF3CS6ohGVvpcUl 21:rzzraFF6j9BmlCRp02Xu 20:hKciwX12Y7Wjqe1t3oVa 25:qpMJKQJ9nKD3riFlBbv-] 0 7 101 0}} {1 {migrate   map[] 0 8 101 0}} {1 {migrate   map[8:7io5ffTDu1Jo8_rzCZqN] 0 9 101 0}}]
[server 1] 02:22:43.277448 apply: {migrate   map[] 0 8 101 0}
[server 1] 02:22:43.277458 migrateOp apply command: {migrate   map[] 0 8 101 0}
[server 1] 02:22:43.277467 migrateOp apply return: {13 {migrate   map[] 0 8 101 0}  map[]}
[server 1] 02:22:43.277502 state size: 908, logs: [{1 0} {1 {migrate   map[9:4LGiOnPFz2M8QNgttwWC] 0 4 100 0}} {1 {migrate   map[5:_Z0PgMUg0ae4PyN4SSZ3] 0 2 100 0}} {1 {migrate   map[7:KpbSllWKDv5vnqTh-BTh] 0 5 100 0}} {1 {migrate   map[3:sq3vtNA2GPj7KmTDODI8] 0 3 100 0}} {1 {migrate   map[6:0z2PUj8-OI-bJfzIRIwu] 0 6 101 0}} {1 {migrate   map[21:rzzraFF6j9BmlCRp02Xu 20:hKciwX12Y7Wjqe1t3oVa 25:qpMJKQJ9nKD3riFlBbv- 27:HuRWSo7BoL6E_dNYJT1V 26:FOKJFeF3CS6ohGVvpcUl 22:knO854WNjMXwykx8dwxQ 2:A9Cgg6R66TFl-SynAvxB 29:JlCPnh9KDT7scDJCV4vc 28:vU4U7BcwHYWweX3N2xQR 24:pmWbpBVmcuOtfriDsrTs 23:TfUcbTJy7WBqkqkZJq-E] 0 7 101 0}} {1 {migrate   map[] 0 8 101 0}} {1 {migrate   map[8:7io5ffTDu1Jo8_rzCZqN] 0 9 101 0}}]
[server 1] 02:22:43.277519 map[16:LrFcKr9PzaqkYXZhFo0- 29:JlCPnh9KDT7scDJCV4vc 22:knO854WNjMXwykx8dwxQ 12:O5cC_0Bx1ustJTajf7US 3:sq3vtNA2GPj7KmTDODI8 17:tJ7lPUHv2mmsKd1yCy-v 23:TfUcbTJy7WBqkqkZJq-E 13:D_DJKK9GxqWxAPgf8PXM 10:h5C8cfg4Mm1UscOV1nb6 28:vU4U7BcwHYWweX3N2xQR 1:_DippeN4YXcXWWG1JNcZ 11:63f8ho0WuDlD5Ht9Zp7q 6:0z2PUj8-OI-bJfzIRIwu 2:A9Cgg6R66TFl-SynAvxB 25:qpMJKQJ9nKD3riFlBbv- 7:KpbSllWKDv5vnqTh-BTh 9:4LGiOnPFz2M8QNgttwWC 14:LkivqSNlx70NN86eMlKh 26:FOKJFeF3CS6ohGVvpcUl 20:hKciwX12Y7Wjqe1t3oVa 27:HuRWSo7BoL6E_dNYJT1V 5:_Z0PgMUg0ae4PyN4SSZ3 19:lIa2meMlBSrRQuGwiMWT 15:dEg7yj_6tFbSGKswyPn8 18:e_RRdspQv52EJpqTbu4R 24:pmWbpBVmcuOtfriDsrTs 21:rzzraFF6j9BmlCRp02Xu]
[server 1] 02:22:43.277526 start to apply
[raft 1] 02:22:43.309402 rf.LastApplied: 14, rf.LastIncludedIdnex: 6, true index: 8, rf.Logs: [{1 0} {1 {migrate   map[9:4LGiOnPFz2M8QNgttwWC] 0 4 100 0}} {1 {migrate   map[5:_Z0PgMUg0ae4PyN4SSZ3] 0 2 100 0}} {1 {migrate   map[7:KpbSllWKDv5vnqTh-BTh] 0 5 100 0}} {1 {migrate   map[3:sq3vtNA2GPj7KmTDODI8] 0 3 100 0}} {1 {migrate   map[6:0z2PUj8-OI-bJfzIRIwu] 0 6 101 0}} {1 {migrate   map[22:knO854WNjMXwykx8dwxQ 2:A9Cgg6R66TFl-SynAvxB 29:JlCPnh9KDT7scDJCV4vc 28:vU4U7BcwHYWweX3N2xQR 24:pmWbpBVmcuOtfriDsrTs 23:TfUcbTJy7WBqkqkZJq-E 21:rzzraFF6j9BmlCRp02Xu 20:hKciwX12Y7Wjqe1t3oVa 25:qpMJKQJ9nKD3riFlBbv- 27:HuRWSo7BoL6E_dNYJT1V 26:FOKJFeF3CS6ohGVvpcUl] 0 7 101 0}} {1 {migrate   map[] 0 8 101 0}} {1 {migrate   map[8:7io5ffTDu1Jo8_rzCZqN] 0 9 101 0}} {1 {requestMigrate   map[] 3 6 100 0}}]
[server 1] 02:22:43.309438 apply: {migrate   map[8:7io5ffTDu1Jo8_rzCZqN] 0 9 101 0}
[server 1] 02:22:43.309448 migrateOp apply command: {migrate   map[8:7io5ffTDu1Jo8_rzCZqN] 0 9 101 0}
[server 1] 02:22:43.309458 migrateOp apply return: {14 {migrate   map[8:7io5ffTDu1Jo8_rzCZqN] 0 9 101 0}  map[]}
[server 1] 02:22:43.309479 state size: 950, logs: [{1 0} {1 {migrate   map[9:4LGiOnPFz2M8QNgttwWC] 0 4 100 0}} {1 {migrate   map[5:_Z0PgMUg0ae4PyN4SSZ3] 0 2 100 0}} {1 {migrate   map[7:KpbSllWKDv5vnqTh-BTh] 0 5 100 0}} {1 {migrate   map[3:sq3vtNA2GPj7KmTDODI8] 0 3 100 0}} {1 {migrate   map[6:0z2PUj8-OI-bJfzIRIwu] 0 6 101 0}} {1 {migrate   map[21:rzzraFF6j9BmlCRp02Xu 20:hKciwX12Y7Wjqe1t3oVa 25:qpMJKQJ9nKD3riFlBbv- 27:HuRWSo7BoL6E_dNYJT1V 26:FOKJFeF3CS6ohGVvpcUl 22:knO854WNjMXwykx8dwxQ 2:A9Cgg6R66TFl-SynAvxB 29:JlCPnh9KDT7scDJCV4vc 28:vU4U7BcwHYWweX3N2xQR 24:pmWbpBVmcuOtfriDsrTs 23:TfUcbTJy7WBqkqkZJq-E] 0 7 101 0}} {1 {migrate   map[] 0 8 101 0}} {1 {migrate   map[8:7io5ffTDu1Jo8_rzCZqN] 0 9 101 0}} {1 {requestMigrate   map[] 3 6 100 0}}]
[server 1] 02:22:43.309522 map[20:hKciwX12Y7Wjqe1t3oVa 27:HuRWSo7BoL6E_dNYJT1V 18:e_RRdspQv52EJpqTbu4R 24:pmWbpBVmcuOtfriDsrTs 21:rzzraFF6j9BmlCRp02Xu 8:7io5ffTDu1Jo8_rzCZqN 5:_Z0PgMUg0ae4PyN4SSZ3 19:lIa2meMlBSrRQuGwiMWT 15:dEg7yj_6tFbSGKswyPn8 16:LrFcKr9PzaqkYXZhFo0- 29:JlCPnh9KDT7scDJCV4vc 22:knO854WNjMXwykx8dwxQ 12:O5cC_0Bx1ustJTajf7US 3:sq3vtNA2GPj7KmTDODI8 17:tJ7lPUHv2mmsKd1yCy-v 23:TfUcbTJy7WBqkqkZJq-E 13:D_DJKK9GxqWxAPgf8PXM 10:h5C8cfg4Mm1UscOV1nb6 28:vU4U7BcwHYWweX3N2xQR 2:A9Cgg6R66TFl-SynAvxB 25:qpMJKQJ9nKD3riFlBbv- 1:_DippeN4YXcXWWG1JNcZ 11:63f8ho0WuDlD5Ht9Zp7q 6:0z2PUj8-OI-bJfzIRIwu 26:FOKJFeF3CS6ohGVvpcUl 7:KpbSllWKDv5vnqTh-BTh 9:4LGiOnPFz2M8QNgttwWC 14:LkivqSNlx70NN86eMlKh]
[server 1] 02:22:43.309532 start to apply
[raft 1] 02:22:43.340572 rf.LastApplied: 15, rf.LastIncludedIdnex: 6, true index: 9, rf.Logs: [{1 0} {1 {migrate   map[9:4LGiOnPFz2M8QNgttwWC] 0 4 100 0}} {1 {migrate   map[5:_Z0PgMUg0ae4PyN4SSZ3] 0 2 100 0}} {1 {migrate   map[7:KpbSllWKDv5vnqTh-BTh] 0 5 100 0}} {1 {migrate   map[3:sq3vtNA2GPj7KmTDODI8] 0 3 100 0}} {1 {migrate   map[6:0z2PUj8-OI-bJfzIRIwu] 0 6 101 0}} {1 {migrate   map[26:FOKJFeF3CS6ohGVvpcUl 21:rzzraFF6j9BmlCRp02Xu 20:hKciwX12Y7Wjqe1t3oVa 25:qpMJKQJ9nKD3riFlBbv- 27:HuRWSo7BoL6E_dNYJT1V 24:pmWbpBVmcuOtfriDsrTs 23:TfUcbTJy7WBqkqkZJq-E 22:knO854WNjMXwykx8dwxQ 2:A9Cgg6R66TFl-SynAvxB 29:JlCPnh9KDT7scDJCV4vc 28:vU4U7BcwHYWweX3N2xQR] 0 7 101 0}} {1 {migrate   map[] 0 8 101 0}} {1 {migrate   map[8:7io5ffTDu1Jo8_rzCZqN] 0 9 101 0}} {1 {requestMigrate   map[] 3 6 100 0}} {1 {requestMigrate   map[] 9 8 100 0}}]
[server 1] 02:22:43.340596 apply: {requestMigrate   map[] 3 6 100 0}
[server 1] 02:22:43.340635 state size: 992, logs: [{1 0} {1 {migrate   map[9:4LGiOnPFz2M8QNgttwWC] 0 4 100 0}} {1 {migrate   map[5:_Z0PgMUg0ae4PyN4SSZ3] 0 2 100 0}} {1 {migrate   map[7:KpbSllWKDv5vnqTh-BTh] 0 5 100 0}} {1 {migrate   map[3:sq3vtNA2GPj7KmTDODI8] 0 3 100 0}} {1 {migrate   map[6:0z2PUj8-OI-bJfzIRIwu] 0 6 101 0}} {1 {migrate   map[23:TfUcbTJy7WBqkqkZJq-E 22:knO854WNjMXwykx8dwxQ 2:A9Cgg6R66TFl-SynAvxB 29:JlCPnh9KDT7scDJCV4vc 28:vU4U7BcwHYWweX3N2xQR 24:pmWbpBVmcuOtfriDsrTs 21:rzzraFF6j9BmlCRp02Xu 20:hKciwX12Y7Wjqe1t3oVa 25:qpMJKQJ9nKD3riFlBbv- 27:HuRWSo7BoL6E_dNYJT1V 26:FOKJFeF3CS6ohGVvpcUl] 0 7 101 0}} {1 {migrate   map[] 0 8 101 0}} {1 {migrate   map[8:7io5ffTDu1Jo8_rzCZqN] 0 9 101 0}} {1 {requestMigrate   map[] 3 6 100 0}} {1 {requestMigrate   map[] 9 8 100 0}}]
[server 1] 02:22:43.340643 requestMigrateOp apply command: {requestMigrate   map[] 3 6 100 0}
[server 1] 02:22:43.340650 shard is: 3
[server 1] 02:22:43.340657 k: 5, key2shard: 3
[server 1] 02:22:43.340667 requestMigrateOp apply return: {15 {requestMigrate   map[] 3 6 100 0}  map[5:_Z0PgMUg0ae4PyN4SSZ3]}
[server 1] 02:22:43.340683 map[3:sq3vtNA2GPj7KmTDODI8 17:tJ7lPUHv2mmsKd1yCy-v 23:TfUcbTJy7WBqkqkZJq-E 13:D_DJKK9GxqWxAPgf8PXM 10:h5C8cfg4Mm1UscOV1nb6 28:vU4U7BcwHYWweX3N2xQR 25:qpMJKQJ9nKD3riFlBbv- 1:_DippeN4YXcXWWG1JNcZ 11:63f8ho0WuDlD5Ht9Zp7q 6:0z2PUj8-OI-bJfzIRIwu 2:A9Cgg6R66TFl-SynAvxB 7:KpbSllWKDv5vnqTh-BTh 9:4LGiOnPFz2M8QNgttwWC 14:LkivqSNlx70NN86eMlKh 26:FOKJFeF3CS6ohGVvpcUl 27:HuRWSo7BoL6E_dNYJT1V 20:hKciwX12Y7Wjqe1t3oVa 24:pmWbpBVmcuOtfriDsrTs 21:rzzraFF6j9BmlCRp02Xu 8:7io5ffTDu1Jo8_rzCZqN 5:_Z0PgMUg0ae4PyN4SSZ3 19:lIa2meMlBSrRQuGwiMWT 15:dEg7yj_6tFbSGKswyPn8 18:e_RRdspQv52EJpqTbu4R 16:LrFcKr9PzaqkYXZhFo0- 29:JlCPnh9KDT7scDJCV4vc 22:knO854WNjMXwykx8dwxQ 12:O5cC_0Bx1ustJTajf7US]
[server 1] 02:22:43.340690 start to apply
[raft 1] 02:22:43.372897 rf.LastApplied: 16, rf.LastIncludedIdnex: 6, true index: 10, rf.Logs: [{1 0} {1 {migrate   map[9:4LGiOnPFz2M8QNgttwWC] 0 4 100 0}} {1 {migrate   map[5:_Z0PgMUg0ae4PyN4SSZ3] 0 2 100 0}} {1 {migrate   map[7:KpbSllWKDv5vnqTh-BTh] 0 5 100 0}} {1 {migrate   map[3:sq3vtNA2GPj7KmTDODI8] 0 3 100 0}} {1 {migrate   map[6:0z2PUj8-OI-bJfzIRIwu] 0 6 101 0}} {1 {migrate   map[21:rzzraFF6j9BmlCRp02Xu 20:hKciwX12Y7Wjqe1t3oVa 25:qpMJKQJ9nKD3riFlBbv- 27:HuRWSo7BoL6E_dNYJT1V 26:FOKJFeF3CS6ohGVvpcUl 22:knO854WNjMXwykx8dwxQ 2:A9Cgg6R66TFl-SynAvxB 29:JlCPnh9KDT7scDJCV4vc 28:vU4U7BcwHYWweX3N2xQR 24:pmWbpBVmcuOtfriDsrTs 23:TfUcbTJy7WBqkqkZJq-E] 0 7 101 0}} {1 {migrate   map[] 0 8 101 0}} {1 {migrate   map[8:7io5ffTDu1Jo8_rzCZqN] 0 9 101 0}} {1 {requestMigrate   map[] 3 6 100 0}} {1 {requestMigrate   map[] 9 8 100 0}} {1 {migrate   map[6:0z2PUj8-OI-bJfzIRIwu] 0 7 100 0}}]
[server 1] 02:22:43.372944 apply: {requestMigrate   map[] 9 8 100 0}
[server 1] 02:22:43.372973 state size: 1050, logs: [{1 0} {1 {migrate   map[9:4LGiOnPFz2M8QNgttwWC] 0 4 100 0}} {1 {migrate   map[5:_Z0PgMUg0ae4PyN4SSZ3] 0 2 100 0}} {1 {migrate   map[7:KpbSllWKDv5vnqTh-BTh] 0 5 100 0}} {1 {migrate   map[3:sq3vtNA2GPj7KmTDODI8] 0 3 100 0}} {1 {migrate   map[6:0z2PUj8-OI-bJfzIRIwu] 0 6 101 0}} {1 {migrate   map[21:rzzraFF6j9BmlCRp02Xu 20:hKciwX12Y7Wjqe1t3oVa 25:qpMJKQJ9nKD3riFlBbv- 27:HuRWSo7BoL6E_dNYJT1V 26:FOKJFeF3CS6ohGVvpcUl 22:knO854WNjMXwykx8dwxQ 2:A9Cgg6R66TFl-SynAvxB 29:JlCPnh9KDT7scDJCV4vc 28:vU4U7BcwHYWweX3N2xQR 24:pmWbpBVmcuOtfriDsrTs 23:TfUcbTJy7WBqkqkZJq-E] 0 7 101 0}} {1 {migrate   map[] 0 8 101 0}} {1 {migrate   map[8:7io5ffTDu1Jo8_rzCZqN] 0 9 101 0}} {1 {requestMigrate   map[] 3 6 100 0}} {1 {requestMigrate   map[] 9 8 100 0}} {1 {migrate   map[6:0z2PUj8-OI-bJfzIRIwu] 0 7 100 0}}]
[server 1] 02:22:43.372983 requestMigrateOp apply command: {requestMigrate   map[] 9 8 100 0}
[server 1] 02:22:43.372990 shard is: 9
[server 1] 02:22:43.372997 k: 15, key2shard: 9
[server 1] 02:22:43.373005 k: 18, key2shard: 9
[server 1] 02:22:43.373030 k: 19, key2shard: 9
[server 1] 02:22:43.373038 k: 16, key2shard: 9
[server 1] 02:22:43.373045 k: 12, key2shard: 9
[server 1] 02:22:43.373052 k: 17, key2shard: 9
[server 1] 02:22:43.373060 k: 13, key2shard: 9
[server 1] 02:22:43.373067 k: 10, key2shard: 9
[server 1] 02:22:43.373074 k: 1, key2shard: 9
[server 1] 02:22:43.373082 k: 11, key2shard: 9
[server 1] 02:22:43.373103 k: 14, key2shard: 9
[server 1] 02:22:43.373142 requestMigrateOp apply return: {16 {requestMigrate   map[] 9 8 100 0}  map[14:LkivqSNlx70NN86eMlKh 15:dEg7yj_6tFbSGKswyPn8 12:O5cC_0Bx1ustJTajf7US 1:_DippeN4YXcXWWG1JNcZ 11:63f8ho0WuDlD5Ht9Zp7q 13:D_DJKK9GxqWxAPgf8PXM 10:h5C8cfg4Mm1UscOV1nb6 18:e_RRdspQv52EJpqTbu4R 19:lIa2meMlBSrRQuGwiMWT 16:LrFcKr9PzaqkYXZhFo0- 17:tJ7lPUHv2mmsKd1yCy-v]}
[server 1] 02:22:43.373174 save snapshot: {16 1 map[29:JlCPnh9KDT7scDJCV4vc 22:knO854WNjMXwykx8dwxQ 16:LrFcKr9PzaqkYXZhFo0- 12:O5cC_0Bx1ustJTajf7US 17:tJ7lPUHv2mmsKd1yCy-v 23:TfUcbTJy7WBqkqkZJq-E 3:sq3vtNA2GPj7KmTDODI8 10:h5C8cfg4Mm1UscOV1nb6 28:vU4U7BcwHYWweX3N2xQR 13:D_DJKK9GxqWxAPgf8PXM 11:63f8ho0WuDlD5Ht9Zp7q 6:0z2PUj8-OI-bJfzIRIwu 2:A9Cgg6R66TFl-SynAvxB 25:qpMJKQJ9nKD3riFlBbv- 1:_DippeN4YXcXWWG1JNcZ 9:4LGiOnPFz2M8QNgttwWC 14:LkivqSNlx70NN86eMlKh 26:FOKJFeF3CS6ohGVvpcUl 7:KpbSllWKDv5vnqTh-BTh 20:hKciwX12Y7Wjqe1t3oVa 27:HuRWSo7BoL6E_dNYJT1V 19:lIa2meMlBSrRQuGwiMWT 15:dEg7yj_6tFbSGKswyPn8 18:e_RRdspQv52EJpqTbu4R 24:pmWbpBVmcuOtfriDsrTs 21:rzzraFF6j9BmlCRp02Xu 8:7io5ffTDu1Jo8_rzCZqN 5:_Z0PgMUg0ae4PyN4SSZ3] map[100:5 101:9] 0}
[raft 1] 02:22:43.373238 snap shot: {16 1 map[7:KpbSllWKDv5vnqTh-BTh 9:4LGiOnPFz2M8QNgttwWC 14:LkivqSNlx70NN86eMlKh 26:FOKJFeF3CS6ohGVvpcUl 20:hKciwX12Y7Wjqe1t3oVa 27:HuRWSo7BoL6E_dNYJT1V 21:rzzraFF6j9BmlCRp02Xu 8:7io5ffTDu1Jo8_rzCZqN 5:_Z0PgMUg0ae4PyN4SSZ3 19:lIa2meMlBSrRQuGwiMWT 15:dEg7yj_6tFbSGKswyPn8 18:e_RRdspQv52EJpqTbu4R 24:pmWbpBVmcuOtfriDsrTs 16:LrFcKr9PzaqkYXZhFo0- 29:JlCPnh9KDT7scDJCV4vc 22:knO854WNjMXwykx8dwxQ 12:O5cC_0Bx1ustJTajf7US 3:sq3vtNA2GPj7KmTDODI8 17:tJ7lPUHv2mmsKd1yCy-v 23:TfUcbTJy7WBqkqkZJq-E 13:D_DJKK9GxqWxAPgf8PXM 10:h5C8cfg4Mm1UscOV1nb6 28:vU4U7BcwHYWweX3N2xQR 1:_DippeN4YXcXWWG1JNcZ 11:63f8ho0WuDlD5Ht9Zp7q 6:0z2PUj8-OI-bJfzIRIwu 2:A9Cgg6R66TFl-SynAvxB 25:qpMJKQJ9nKD3riFlBbv-] map[100:5 101:9] 0}, logs: [{1 0} {1 {migrate   map[9:4LGiOnPFz2M8QNgttwWC] 0 4 100 0}} {1 {migrate   map[5:_Z0PgMUg0ae4PyN4SSZ3] 0 2 100 0}} {1 {migrate   map[7:KpbSllWKDv5vnqTh-BTh] 0 5 100 0}} {1 {migrate   map[3:sq3vtNA2GPj7KmTDODI8] 0 3 100 0}} {1 {migrate   map[6:0z2PUj8-OI-bJfzIRIwu] 0 6 101 0}} {1 {migrate   map[2:A9Cgg6R66TFl-SynAvxB 29:JlCPnh9KDT7scDJCV4vc 28:vU4U7BcwHYWweX3N2xQR 24:pmWbpBVmcuOtfriDsrTs 23:TfUcbTJy7WBqkqkZJq-E 22:knO854WNjMXwykx8dwxQ 20:hKciwX12Y7Wjqe1t3oVa 25:qpMJKQJ9nKD3riFlBbv- 27:HuRWSo7BoL6E_dNYJT1V 26:FOKJFeF3CS6ohGVvpcUl 21:rzzraFF6j9BmlCRp02Xu] 0 7 101 0}} {1 {migrate   map[] 0 8 101 0}} {1 {migrate   map[8:7io5ffTDu1Jo8_rzCZqN] 0 9 101 0}} {1 {requestMigrate   map[] 3 6 100 0}} {1 {requestMigrate   map[] 9 8 100 0}} {1 {migrate   map[6:0z2PUj8-OI-bJfzIRIwu] 0 7 100 0}}]
[raft 1] 02:22:43.373315 read snapshot: {6 1 map[9:4LGiOnPFz2M8QNgttwWC 12:O5cC_0Bx1ustJTajf7US 17:tJ7lPUHv2mmsKd1yCy-v 19:lIa2meMlBSrRQuGwiMWT 16:LrFcKr9PzaqkYXZhFo0- 1:_DippeN4YXcXWWG1JNcZ 14:LkivqSNlx70NN86eMlKh 7:KpbSllWKDv5vnqTh-BTh 15:dEg7yj_6tFbSGKswyPn8 18:e_RRdspQv52EJpqTbu4R 5:_Z0PgMUg0ae4PyN4SSZ3 11:63f8ho0WuDlD5Ht9Zp7q 3:sq3vtNA2GPj7KmTDODI8 13:D_DJKK9GxqWxAPgf8PXM 10:h5C8cfg4Mm1UscOV1nb6] map[101:5 100:1] 0}
[server 1] 02:22:43.373368 map[1:_DippeN4YXcXWWG1JNcZ 11:63f8ho0WuDlD5Ht9Zp7q 6:0z2PUj8-OI-bJfzIRIwu 2:A9Cgg6R66TFl-SynAvxB 25:qpMJKQJ9nKD3riFlBbv- 7:KpbSllWKDv5vnqTh-BTh 9:4LGiOnPFz2M8QNgttwWC 14:LkivqSNlx70NN86eMlKh 26:FOKJFeF3CS6ohGVvpcUl 20:hKciwX12Y7Wjqe1t3oVa 27:HuRWSo7BoL6E_dNYJT1V 21:rzzraFF6j9BmlCRp02Xu 8:7io5ffTDu1Jo8_rzCZqN 5:_Z0PgMUg0ae4PyN4SSZ3 19:lIa2meMlBSrRQuGwiMWT 15:dEg7yj_6tFbSGKswyPn8 18:e_RRdspQv52EJpqTbu4R 24:pmWbpBVmcuOtfriDsrTs 16:LrFcKr9PzaqkYXZhFo0- 29:JlCPnh9KDT7scDJCV4vc 22:knO854WNjMXwykx8dwxQ 12:O5cC_0Bx1ustJTajf7US 3:sq3vtNA2GPj7KmTDODI8 17:tJ7lPUHv2mmsKd1yCy-v 23:TfUcbTJy7WBqkqkZJq-E 13:D_DJKK9GxqWxAPgf8PXM 10:h5C8cfg4Mm1UscOV1nb6 28:vU4U7BcwHYWweX3N2xQR]
[server 1] 02:22:43.373377 start to apply
[raft 1] 02:22:43.394553 rf.LastApplied: 17, rf.LastIncludedIdnex: 16, true index: 1, rf.Logs: [{1 0} {1 {migrate   map[6:0z2PUj8-OI-bJfzIRIwu] 0 7 100 0}} {1 {migrate   map[] 0 10 101 0}}]
[server 1] 02:22:43.394575 apply: {migrate   map[6:0z2PUj8-OI-bJfzIRIwu] 0 7 100 0}
[server 1] 02:22:43.394586 migrateOp apply command: {migrate   map[6:0z2PUj8-OI-bJfzIRIwu] 0 7 100 0}
[server 1] 02:22:43.394598 migrateOp apply return: {17 {migrate   map[6:0z2PUj8-OI-bJfzIRIwu] 0 7 100 0}  map[]}
[server 1] 02:22:43.394610 state size: 316, logs: [{1 0} {1 {migrate   map[6:0z2PUj8-OI-bJfzIRIwu] 0 7 100 0}} {1 {migrate   map[] 0 10 101 0}}]
[server 1] 02:22:43.394633 map[13:D_DJKK9GxqWxAPgf8PXM 10:h5C8cfg4Mm1UscOV1nb6 28:vU4U7BcwHYWweX3N2xQR 1:_DippeN4YXcXWWG1JNcZ 11:63f8ho0WuDlD5Ht9Zp7q 6:0z2PUj8-OI-bJfzIRIwu 2:A9Cgg6R66TFl-SynAvxB 25:qpMJKQJ9nKD3riFlBbv- 7:KpbSllWKDv5vnqTh-BTh 9:4LGiOnPFz2M8QNgttwWC 14:LkivqSNlx70NN86eMlKh 26:FOKJFeF3CS6ohGVvpcUl 20:hKciwX12Y7Wjqe1t3oVa 27:HuRWSo7BoL6E_dNYJT1V 21:rzzraFF6j9BmlCRp02Xu 8:7io5ffTDu1Jo8_rzCZqN 5:_Z0PgMUg0ae4PyN4SSZ3 19:lIa2meMlBSrRQuGwiMWT 15:dEg7yj_6tFbSGKswyPn8 18:e_RRdspQv52EJpqTbu4R 24:pmWbpBVmcuOtfriDsrTs 16:LrFcKr9PzaqkYXZhFo0- 29:JlCPnh9KDT7scDJCV4vc 22:knO854WNjMXwykx8dwxQ 12:O5cC_0Bx1ustJTajf7US 3:sq3vtNA2GPj7KmTDODI8 17:tJ7lPUHv2mmsKd1yCy-v 23:TfUcbTJy7WBqkqkZJq-E]
[server 1] 02:22:43.394641 start to apply
[raft 1] 02:22:43.426391 rf.LastApplied: 18, rf.LastIncludedIdnex: 16, true index: 2, rf.Logs: [{1 0} {1 {migrate   map[6:0z2PUj8-OI-bJfzIRIwu] 0 7 100 0}} {1 {migrate   map[] 0 10 101 0}} {1 {get 0  map[] 0 61 141350219722399373 0}}]
[server 1] 02:22:43.426425 apply: {migrate   map[] 0 10 101 0}
[server 1] 02:22:43.426436 migrateOp apply command: {migrate   map[] 0 10 101 0}
[server 1] 02:22:43.426447 migrateOp apply return: {18 {migrate   map[] 0 10 101 0}  map[]}
[server 1] 02:22:43.426460 state size: 355, logs: [{1 0} {1 {migrate   map[6:0z2PUj8-OI-bJfzIRIwu] 0 7 100 0}} {1 {migrate   map[] 0 10 101 0}} {1 {get 0  map[] 0 61 141350219722399373 0}}]
[server 1] 02:22:43.426479 map[18:e_RRdspQv52EJpqTbu4R 24:pmWbpBVmcuOtfriDsrTs 21:rzzraFF6j9BmlCRp02Xu 8:7io5ffTDu1Jo8_rzCZqN 5:_Z0PgMUg0ae4PyN4SSZ3 19:lIa2meMlBSrRQuGwiMWT 15:dEg7yj_6tFbSGKswyPn8 16:LrFcKr9PzaqkYXZhFo0- 29:JlCPnh9KDT7scDJCV4vc 22:knO854WNjMXwykx8dwxQ 12:O5cC_0Bx1ustJTajf7US 3:sq3vtNA2GPj7KmTDODI8 17:tJ7lPUHv2mmsKd1yCy-v 23:TfUcbTJy7WBqkqkZJq-E 13:D_DJKK9GxqWxAPgf8PXM 10:h5C8cfg4Mm1UscOV1nb6 28:vU4U7BcwHYWweX3N2xQR 2:A9Cgg6R66TFl-SynAvxB 25:qpMJKQJ9nKD3riFlBbv- 1:_DippeN4YXcXWWG1JNcZ 11:63f8ho0WuDlD5Ht9Zp7q 6:0z2PUj8-OI-bJfzIRIwu 26:FOKJFeF3CS6ohGVvpcUl 7:KpbSllWKDv5vnqTh-BTh 9:4LGiOnPFz2M8QNgttwWC 14:LkivqSNlx70NN86eMlKh 20:hKciwX12Y7Wjqe1t3oVa 27:HuRWSo7BoL6E_dNYJT1V]
[server 1] 02:22:43.426503 start to apply
