[raft 2] 02:21:25.223902 decode snapshot error
[server 2] 02:21:25.223960 initial, kv.gid: 101, kv.currentConfig: {0 [0 0 0 0 0 0 0 0 0 0] map[]}
[server 2] 02:21:25.224026 start to apply
[raft 2] 02:21:25.537888 becomes follower in RequestVote
[raft 2] 02:21:25.537924 receive RequestVoteArgs: &{1 0 0 0}, Reply: &{0 1 true}
[raft 2] 02:22:40.290038 rf.LastApplied: 1, rf.LastIncludedIdnex: 0, true index: 1, rf.Logs: [{0 0} {1 {migrate   map[3:sq3vtNA2GPj7KmTDODI8] 0 1 101 0}} {1 {migrate   map[5:_Z0PgMUg0ae4PyN4SSZ3] 0 2 101 0}}]
[server 2] 02:22:40.290063 apply: {migrate   map[3:sq3vtNA2GPj7KmTDODI8] 0 1 101 0}
[server 2] 02:22:40.290081 migrateOp apply command: {migrate   map[3:sq3vtNA2GPj7KmTDODI8] 0 1 101 0}
[server 2] 02:22:40.290093 migrateOp apply return: {1 {migrate   map[3:sq3vtNA2GPj7KmTDODI8] 0 1 101 0}  map[]}
[server 2] 02:22:40.290106 state size: 337, logs: [{0 0} {1 {migrate   map[3:sq3vtNA2GPj7KmTDODI8] 0 1 101 0}} {1 {migrate   map[5:_Z0PgMUg0ae4PyN4SSZ3] 0 2 101 0}}]
[server 2] 02:22:40.290116 map[3:sq3vtNA2GPj7KmTDODI8]
[server 2] 02:22:40.290124 start to apply
[raft 2] 02:22:40.332295 rf.LastApplied: 2, rf.LastIncludedIdnex: 0, true index: 2, rf.Logs: [{0 0} {1 {migrate   map[3:sq3vtNA2GPj7KmTDODI8] 0 1 101 0}} {1 {migrate   map[5:_Z0PgMUg0ae4PyN4SSZ3] 0 2 101 0}}]
[server 2] 02:22:40.332323 apply: {migrate   map[5:_Z0PgMUg0ae4PyN4SSZ3] 0 2 101 0}
[server 2] 02:22:40.332363 migrateOp apply command: {migrate   map[5:_Z0PgMUg0ae4PyN4SSZ3] 0 2 101 0}
[server 2] 02:22:40.332391 migrateOp apply return: {2 {migrate   map[5:_Z0PgMUg0ae4PyN4SSZ3] 0 2 101 0}  map[]}
[server 2] 02:22:40.332402 state size: 337, logs: [{0 0} {1 {migrate   map[3:sq3vtNA2GPj7KmTDODI8] 0 1 101 0}} {1 {migrate   map[5:_Z0PgMUg0ae4PyN4SSZ3] 0 2 101 0}}]
[server 2] 02:22:40.332428 map[3:sq3vtNA2GPj7KmTDODI8 5:_Z0PgMUg0ae4PyN4SSZ3]
[server 2] 02:22:40.332434 start to apply
[raft 2] 02:22:40.405928 rf.LastApplied: 3, rf.LastIncludedIdnex: 0, true index: 3, rf.Logs: [{0 0} {1 {migrate   map[3:sq3vtNA2GPj7KmTDODI8] 0 1 101 0}} {1 {migrate   map[5:_Z0PgMUg0ae4PyN4SSZ3] 0 2 101 0}} {1 {migrate   map[7:KpbSllWKDv5vnqTh-BTh] 0 3 101 0}} {1 {migrate   map[9:4LGiOnPFz2M8QNgttwWC] 0 4 101 0}}]
[server 2] 02:22:40.405973 apply: {migrate   map[7:KpbSllWKDv5vnqTh-BTh] 0 3 101 0}
[server 2] 02:22:40.405985 migrateOp apply command: {migrate   map[7:KpbSllWKDv5vnqTh-BTh] 0 3 101 0}
[server 2] 02:22:40.405996 migrateOp apply return: {3 {migrate   map[7:KpbSllWKDv5vnqTh-BTh] 0 3 101 0}  map[]}
[server 2] 02:22:40.406025 state size: 454, logs: [{0 0} {1 {migrate   map[3:sq3vtNA2GPj7KmTDODI8] 0 1 101 0}} {1 {migrate   map[5:_Z0PgMUg0ae4PyN4SSZ3] 0 2 101 0}} {1 {migrate   map[7:KpbSllWKDv5vnqTh-BTh] 0 3 101 0}} {1 {migrate   map[9:4LGiOnPFz2M8QNgttwWC] 0 4 101 0}}]
[server 2] 02:22:40.406051 map[3:sq3vtNA2GPj7KmTDODI8 5:_Z0PgMUg0ae4PyN4SSZ3 7:KpbSllWKDv5vnqTh-BTh]
[server 2] 02:22:40.406057 start to apply
[raft 2] 02:22:40.468528 rf.LastApplied: 4, rf.LastIncludedIdnex: 0, true index: 4, rf.Logs: [{0 0} {1 {migrate   map[3:sq3vtNA2GPj7KmTDODI8] 0 1 101 0}} {1 {migrate   map[5:_Z0PgMUg0ae4PyN4SSZ3] 0 2 101 0}} {1 {migrate   map[7:KpbSllWKDv5vnqTh-BTh] 0 3 101 0}} {1 {migrate   map[9:4LGiOnPFz2M8QNgttwWC] 0 4 101 0}} {1 {migrate   map[17:tJ7lPUHv2mmsKd1yCy-v 13:D_DJKK9GxqWxAPgf8PXM 10:h5C8cfg4Mm1UscOV1nb6 11:63f8ho0WuDlD5Ht9Zp7q 16:LrFcKr9PzaqkYXZhFo0- 19:lIa2meMlBSrRQuGwiMWT 18:e_RRdspQv52EJpqTbu4R 12:O5cC_0Bx1ustJTajf7US 1:_DippeN4YXcXWWG1JNcZ 15:dEg7yj_6tFbSGKswyPn8 14:LkivqSNlx70NN86eMlKh] 0 5 101 0}}]
[server 2] 02:22:40.468564 apply: {migrate   map[9:4LGiOnPFz2M8QNgttwWC] 0 4 101 0}
[server 2] 02:22:40.468577 migrateOp apply command: {migrate   map[9:4LGiOnPFz2M8QNgttwWC] 0 4 101 0}
[server 2] 02:22:40.468589 migrateOp apply return: {4 {migrate   map[9:4LGiOnPFz2M8QNgttwWC] 0 4 101 0}  map[]}
[server 2] 02:22:40.468624 state size: 755, logs: [{0 0} {1 {migrate   map[3:sq3vtNA2GPj7KmTDODI8] 0 1 101 0}} {1 {migrate   map[5:_Z0PgMUg0ae4PyN4SSZ3] 0 2 101 0}} {1 {migrate   map[7:KpbSllWKDv5vnqTh-BTh] 0 3 101 0}} {1 {migrate   map[9:4LGiOnPFz2M8QNgttwWC] 0 4 101 0}} {1 {migrate   map[18:e_RRdspQv52EJpqTbu4R 12:O5cC_0Bx1ustJTajf7US 17:tJ7lPUHv2mmsKd1yCy-v 13:D_DJKK9GxqWxAPgf8PXM 10:h5C8cfg4Mm1UscOV1nb6 11:63f8ho0WuDlD5Ht9Zp7q 16:LrFcKr9PzaqkYXZhFo0- 19:lIa2meMlBSrRQuGwiMWT 1:_DippeN4YXcXWWG1JNcZ 15:dEg7yj_6tFbSGKswyPn8 14:LkivqSNlx70NN86eMlKh] 0 5 101 0}}]
[server 2] 02:22:40.468654 map[9:4LGiOnPFz2M8QNgttwWC 3:sq3vtNA2GPj7KmTDODI8 5:_Z0PgMUg0ae4PyN4SSZ3 7:KpbSllWKDv5vnqTh-BTh]
[server 2] 02:22:40.468662 start to apply
[raft 2] 02:22:40.531290 rf.LastApplied: 5, rf.LastIncludedIdnex: 0, true index: 5, rf.Logs: [{0 0} {1 {migrate   map[3:sq3vtNA2GPj7KmTDODI8] 0 1 101 0}} {1 {migrate   map[5:_Z0PgMUg0ae4PyN4SSZ3] 0 2 101 0}} {1 {migrate   map[7:KpbSllWKDv5vnqTh-BTh] 0 3 101 0}} {1 {migrate   map[9:4LGiOnPFz2M8QNgttwWC] 0 4 101 0}} {1 {migrate   map[12:O5cC_0Bx1ustJTajf7US 17:tJ7lPUHv2mmsKd1yCy-v 13:D_DJKK9GxqWxAPgf8PXM 10:h5C8cfg4Mm1UscOV1nb6 11:63f8ho0WuDlD5Ht9Zp7q 16:LrFcKr9PzaqkYXZhFo0- 19:lIa2meMlBSrRQuGwiMWT 18:e_RRdspQv52EJpqTbu4R 1:_DippeN4YXcXWWG1JNcZ 15:dEg7yj_6tFbSGKswyPn8 14:LkivqSNlx70NN86eMlKh] 0 5 101 0}}]
[server 2] 02:22:40.531333 apply: {migrate   map[11:63f8ho0WuDlD5Ht9Zp7q 16:LrFcKr9PzaqkYXZhFo0- 19:lIa2meMlBSrRQuGwiMWT 18:e_RRdspQv52EJpqTbu4R 12:O5cC_0Bx1ustJTajf7US 17:tJ7lPUHv2mmsKd1yCy-v 13:D_DJKK9GxqWxAPgf8PXM 10:h5C8cfg4Mm1UscOV1nb6 1:_DippeN4YXcXWWG1JNcZ 15:dEg7yj_6tFbSGKswyPn8 14:LkivqSNlx70NN86eMlKh] 0 5 101 0}
[server 2] 02:22:40.531362 migrateOp apply command: {migrate   map[11:63f8ho0WuDlD5Ht9Zp7q 16:LrFcKr9PzaqkYXZhFo0- 19:lIa2meMlBSrRQuGwiMWT 18:e_RRdspQv52EJpqTbu4R 12:O5cC_0Bx1ustJTajf7US 17:tJ7lPUHv2mmsKd1yCy-v 13:D_DJKK9GxqWxAPgf8PXM 10:h5C8cfg4Mm1UscOV1nb6 1:_DippeN4YXcXWWG1JNcZ 15:dEg7yj_6tFbSGKswyPn8 14:LkivqSNlx70NN86eMlKh] 0 5 101 0}
[server 2] 02:22:40.531396 migrateOp apply return: {5 {migrate   map[11:63f8ho0WuDlD5Ht9Zp7q 16:LrFcKr9PzaqkYXZhFo0- 19:lIa2meMlBSrRQuGwiMWT 18:e_RRdspQv52EJpqTbu4R 12:O5cC_0Bx1ustJTajf7US 17:tJ7lPUHv2mmsKd1yCy-v 13:D_DJKK9GxqWxAPgf8PXM 10:h5C8cfg4Mm1UscOV1nb6 1:_DippeN4YXcXWWG1JNcZ 15:dEg7yj_6tFbSGKswyPn8 14:LkivqSNlx70NN86eMlKh] 0 5 101 0}  map[]}
[server 2] 02:22:40.531415 state size: 755, logs: [{0 0} {1 {migrate   map[3:sq3vtNA2GPj7KmTDODI8] 0 1 101 0}} {1 {migrate   map[5:_Z0PgMUg0ae4PyN4SSZ3] 0 2 101 0}} {1 {migrate   map[7:KpbSllWKDv5vnqTh-BTh] 0 3 101 0}} {1 {migrate   map[9:4LGiOnPFz2M8QNgttwWC] 0 4 101 0}} {1 {migrate   map[1:_DippeN4YXcXWWG1JNcZ 15:dEg7yj_6tFbSGKswyPn8 14:LkivqSNlx70NN86eMlKh 11:63f8ho0WuDlD5Ht9Zp7q 16:LrFcKr9PzaqkYXZhFo0- 19:lIa2meMlBSrRQuGwiMWT 18:e_RRdspQv52EJpqTbu4R 12:O5cC_0Bx1ustJTajf7US 17:tJ7lPUHv2mmsKd1yCy-v 13:D_DJKK9GxqWxAPgf8PXM 10:h5C8cfg4Mm1UscOV1nb6] 0 5 101 0}}]
[server 2] 02:22:40.531429 map[5:_Z0PgMUg0ae4PyN4SSZ3 12:O5cC_0Bx1ustJTajf7US 13:D_DJKK9GxqWxAPgf8PXM 10:h5C8cfg4Mm1UscOV1nb6 1:_DippeN4YXcXWWG1JNcZ 14:LkivqSNlx70NN86eMlKh 7:KpbSllWKDv5vnqTh-BTh 19:lIa2meMlBSrRQuGwiMWT 18:e_RRdspQv52EJpqTbu4R 17:tJ7lPUHv2mmsKd1yCy-v 15:dEg7yj_6tFbSGKswyPn8 3:sq3vtNA2GPj7KmTDODI8 9:4LGiOnPFz2M8QNgttwWC 11:63f8ho0WuDlD5Ht9Zp7q 16:LrFcKr9PzaqkYXZhFo0-]
[server 2] 02:22:40.531435 start to apply
[raft 2] 02:22:41.046350 rf.LastApplied: 6, rf.LastIncludedIdnex: 0, true index: 6, rf.Logs: [{0 0} {1 {migrate   map[3:sq3vtNA2GPj7KmTDODI8] 0 1 101 0}} {1 {migrate   map[5:_Z0PgMUg0ae4PyN4SSZ3] 0 2 101 0}} {1 {migrate   map[7:KpbSllWKDv5vnqTh-BTh] 0 3 101 0}} {1 {migrate   map[9:4LGiOnPFz2M8QNgttwWC] 0 4 101 0}} {1 {migrate   map[1:_DippeN4YXcXWWG1JNcZ 15:dEg7yj_6tFbSGKswyPn8 14:LkivqSNlx70NN86eMlKh 18:e_RRdspQv52EJpqTbu4R 12:O5cC_0Bx1ustJTajf7US 17:tJ7lPUHv2mmsKd1yCy-v 13:D_DJKK9GxqWxAPgf8PXM 10:h5C8cfg4Mm1UscOV1nb6 11:63f8ho0WuDlD5Ht9Zp7q 16:LrFcKr9PzaqkYXZhFo0- 19:lIa2meMlBSrRQuGwiMWT] 0 5 101 0}} {1 {migrate   map[13:D_DJKK9GxqWxAPgf8PXM 10:h5C8cfg4Mm1UscOV1nb6 11:63f8ho0WuDlD5Ht9Zp7q 19:lIa2meMlBSrRQuGwiMWT 15:dEg7yj_6tFbSGKswyPn8 16:LrFcKr9PzaqkYXZhFo0- 14:LkivqSNlx70NN86eMlKh 12:O5cC_0Bx1ustJTajf7US 1:_DippeN4YXcXWWG1JNcZ 18:e_RRdspQv52EJpqTbu4R 17:tJ7lPUHv2mmsKd1yCy-v] 0 1 100 0}} {1 {migrate   map[9:4LGiOnPFz2M8QNgttwWC] 0 4 100 0}}]
[server 2] 02:22:41.046439 apply: {migrate   map[18:e_RRdspQv52EJpqTbu4R 17:tJ7lPUHv2mmsKd1yCy-v 16:LrFcKr9PzaqkYXZhFo0- 14:LkivqSNlx70NN86eMlKh 12:O5cC_0Bx1ustJTajf7US 1:_DippeN4YXcXWWG1JNcZ 15:dEg7yj_6tFbSGKswyPn8 13:D_DJKK9GxqWxAPgf8PXM 10:h5C8cfg4Mm1UscOV1nb6 11:63f8ho0WuDlD5Ht9Zp7q 19:lIa2meMlBSrRQuGwiMWT] 0 1 100 0}
[server 2] 02:22:41.046458 migrateOp apply command: {migrate   map[17:tJ7lPUHv2mmsKd1yCy-v 16:LrFcKr9PzaqkYXZhFo0- 14:LkivqSNlx70NN86eMlKh 12:O5cC_0Bx1ustJTajf7US 1:_DippeN4YXcXWWG1JNcZ 18:e_RRdspQv52EJpqTbu4R 13:D_DJKK9GxqWxAPgf8PXM 10:h5C8cfg4Mm1UscOV1nb6 11:63f8ho0WuDlD5Ht9Zp7q 19:lIa2meMlBSrRQuGwiMWT 15:dEg7yj_6tFbSGKswyPn8] 0 1 100 0}
[server 2] 02:22:41.046487 migrateOp apply return: {6 {migrate   map[14:LkivqSNlx70NN86eMlKh 12:O5cC_0Bx1ustJTajf7US 1:_DippeN4YXcXWWG1JNcZ 18:e_RRdspQv52EJpqTbu4R 17:tJ7lPUHv2mmsKd1yCy-v 16:LrFcKr9PzaqkYXZhFo0- 10:h5C8cfg4Mm1UscOV1nb6 11:63f8ho0WuDlD5Ht9Zp7q 19:lIa2meMlBSrRQuGwiMWT 15:dEg7yj_6tFbSGKswyPn8 13:D_DJKK9GxqWxAPgf8PXM] 0 1 100 0}  map[]}
[server 2] 02:22:41.046511 state size: 1113, logs: [{0 0} {1 {migrate   map[3:sq3vtNA2GPj7KmTDODI8] 0 1 101 0}} {1 {migrate   map[5:_Z0PgMUg0ae4PyN4SSZ3] 0 2 101 0}} {1 {migrate   map[7:KpbSllWKDv5vnqTh-BTh] 0 3 101 0}} {1 {migrate   map[9:4LGiOnPFz2M8QNgttwWC] 0 4 101 0}} {1 {migrate   map[12:O5cC_0Bx1ustJTajf7US 17:tJ7lPUHv2mmsKd1yCy-v 13:D_DJKK9GxqWxAPgf8PXM 10:h5C8cfg4Mm1UscOV1nb6 11:63f8ho0WuDlD5Ht9Zp7q 16:LrFcKr9PzaqkYXZhFo0- 19:lIa2meMlBSrRQuGwiMWT 18:e_RRdspQv52EJpqTbu4R 1:_DippeN4YXcXWWG1JNcZ 15:dEg7yj_6tFbSGKswyPn8 14:LkivqSNlx70NN86eMlKh] 0 5 101 0}} {1 {migrate   map[13:D_DJKK9GxqWxAPgf8PXM 10:h5C8cfg4Mm1UscOV1nb6 11:63f8ho0WuDlD5Ht9Zp7q 19:lIa2meMlBSrRQuGwiMWT 15:dEg7yj_6tFbSGKswyPn8 16:LrFcKr9PzaqkYXZhFo0- 14:LkivqSNlx70NN86eMlKh 12:O5cC_0Bx1ustJTajf7US 1:_DippeN4YXcXWWG1JNcZ 18:e_RRdspQv52EJpqTbu4R 17:tJ7lPUHv2mmsKd1yCy-v] 0 1 100 0}} {1 {migrate   map[9:4LGiOnPFz2M8QNgttwWC] 0 4 100 0}}]
[server 2] 02:22:41.046528 save snapshot: {6 1 map[1:_DippeN4YXcXWWG1JNcZ 14:LkivqSNlx70NN86eMlKh 7:KpbSllWKDv5vnqTh-BTh 19:lIa2meMlBSrRQuGwiMWT 18:e_RRdspQv52EJpqTbu4R 17:tJ7lPUHv2mmsKd1yCy-v 15:dEg7yj_6tFbSGKswyPn8 3:sq3vtNA2GPj7KmTDODI8 9:4LGiOnPFz2M8QNgttwWC 11:63f8ho0WuDlD5Ht9Zp7q 16:LrFcKr9PzaqkYXZhFo0- 5:_Z0PgMUg0ae4PyN4SSZ3 12:O5cC_0Bx1ustJTajf7US 13:D_DJKK9GxqWxAPgf8PXM 10:h5C8cfg4Mm1UscOV1nb6] map[100:1 101:5] 0}
[raft 2] 02:22:41.046570 snap shot: {6 1 map[16:LrFcKr9PzaqkYXZhFo0- 3:sq3vtNA2GPj7KmTDODI8 9:4LGiOnPFz2M8QNgttwWC 11:63f8ho0WuDlD5Ht9Zp7q 10:h5C8cfg4Mm1UscOV1nb6 5:_Z0PgMUg0ae4PyN4SSZ3 12:O5cC_0Bx1ustJTajf7US 13:D_DJKK9GxqWxAPgf8PXM 1:_DippeN4YXcXWWG1JNcZ 14:LkivqSNlx70NN86eMlKh 17:tJ7lPUHv2mmsKd1yCy-v 15:dEg7yj_6tFbSGKswyPn8 7:KpbSllWKDv5vnqTh-BTh 19:lIa2meMlBSrRQuGwiMWT 18:e_RRdspQv52EJpqTbu4R] map[101:5 100:1] 0}, logs: [{0 0} {1 {migrate   map[3:sq3vtNA2GPj7KmTDODI8] 0 1 101 0}} {1 {migrate   map[5:_Z0PgMUg0ae4PyN4SSZ3] 0 2 101 0}} {1 {migrate   map[7:KpbSllWKDv5vnqTh-BTh] 0 3 101 0}} {1 {migrate   map[9:4LGiOnPFz2M8QNgttwWC] 0 4 101 0}} {1 {migrate   map[12:O5cC_0Bx1ustJTajf7US 17:tJ7lPUHv2mmsKd1yCy-v 13:D_DJKK9GxqWxAPgf8PXM 10:h5C8cfg4Mm1UscOV1nb6 11:63f8ho0WuDlD5Ht9Zp7q 16:LrFcKr9PzaqkYXZhFo0- 19:lIa2meMlBSrRQuGwiMWT 18:e_RRdspQv52EJpqTbu4R 1:_DippeN4YXcXWWG1JNcZ 15:dEg7yj_6tFbSGKswyPn8 14:LkivqSNlx70NN86eMlKh] 0 5 101 0}} {1 {migrate   map[13:D_DJKK9GxqWxAPgf8PXM 10:h5C8cfg4Mm1UscOV1nb6 11:63f8ho0WuDlD5Ht9Zp7q 19:lIa2meMlBSrRQuGwiMWT 15:dEg7yj_6tFbSGKswyPn8 16:LrFcKr9PzaqkYXZhFo0- 14:LkivqSNlx70NN86eMlKh 12:O5cC_0Bx1ustJTajf7US 1:_DippeN4YXcXWWG1JNcZ 18:e_RRdspQv52EJpqTbu4R 17:tJ7lPUHv2mmsKd1yCy-v] 0 1 100 0}} {1 {migrate   map[9:4LGiOnPFz2M8QNgttwWC] 0 4 100 0}}]
[raft 2] 02:22:41.046581 decode snapshot error
[server 2] 02:22:41.046628 map[5:_Z0PgMUg0ae4PyN4SSZ3 12:O5cC_0Bx1ustJTajf7US 13:D_DJKK9GxqWxAPgf8PXM 10:h5C8cfg4Mm1UscOV1nb6 1:_DippeN4YXcXWWG1JNcZ 14:LkivqSNlx70NN86eMlKh 7:KpbSllWKDv5vnqTh-BTh 19:lIa2meMlBSrRQuGwiMWT 18:e_RRdspQv52EJpqTbu4R 17:tJ7lPUHv2mmsKd1yCy-v 15:dEg7yj_6tFbSGKswyPn8 3:sq3vtNA2GPj7KmTDODI8 9:4LGiOnPFz2M8QNgttwWC 11:63f8ho0WuDlD5Ht9Zp7q 16:LrFcKr9PzaqkYXZhFo0-]
[server 2] 02:22:41.046636 start to apply
[raft 2] 02:22:41.078461 rf.LastApplied: 7, rf.LastIncludedIdnex: 6, true index: 1, rf.Logs: [{1 0} {1 {migrate   map[9:4LGiOnPFz2M8QNgttwWC] 0 4 100 0}} {1 {migrate   map[5:_Z0PgMUg0ae4PyN4SSZ3] 0 2 100 0}}]
[server 2] 02:22:41.078491 apply: {migrate   map[9:4LGiOnPFz2M8QNgttwWC] 0 4 100 0}
[server 2] 02:22:41.078523 migrateOp apply command: {migrate   map[9:4LGiOnPFz2M8QNgttwWC] 0 4 100 0}
[server 2] 02:22:41.078534 migrateOp apply return: {7 {migrate   map[9:4LGiOnPFz2M8QNgttwWC] 0 4 100 0}  map[]}
[server 2] 02:22:41.078548 state size: 339, logs: [{1 0} {1 {migrate   map[9:4LGiOnPFz2M8QNgttwWC] 0 4 100 0}} {1 {migrate   map[5:_Z0PgMUg0ae4PyN4SSZ3] 0 2 100 0}}]
[server 2] 02:22:41.078575 map[9:4LGiOnPFz2M8QNgttwWC 11:63f8ho0WuDlD5Ht9Zp7q 16:LrFcKr9PzaqkYXZhFo0- 3:sq3vtNA2GPj7KmTDODI8 12:O5cC_0Bx1ustJTajf7US 13:D_DJKK9GxqWxAPgf8PXM 10:h5C8cfg4Mm1UscOV1nb6 5:_Z0PgMUg0ae4PyN4SSZ3 14:LkivqSNlx70NN86eMlKh 1:_DippeN4YXcXWWG1JNcZ 19:lIa2meMlBSrRQuGwiMWT 18:e_RRdspQv52EJpqTbu4R 17:tJ7lPUHv2mmsKd1yCy-v 15:dEg7yj_6tFbSGKswyPn8 7:KpbSllWKDv5vnqTh-BTh]
[server 2] 02:22:41.078582 start to apply
[raft 2] 02:22:41.109595 rf.LastApplied: 8, rf.LastIncludedIdnex: 6, true index: 2, rf.Logs: [{1 0} {1 {migrate   map[9:4LGiOnPFz2M8QNgttwWC] 0 4 100 0}} {1 {migrate   map[5:_Z0PgMUg0ae4PyN4SSZ3] 0 2 100 0}} {1 {migrate   map[7:KpbSllWKDv5vnqTh-BTh] 0 5 100 0}}]
[server 2] 02:22:41.109644 apply: {migrate   map[5:_Z0PgMUg0ae4PyN4SSZ3] 0 2 100 0}
[server 2] 02:22:41.109661 map[5:_Z0PgMUg0ae4PyN4SSZ3 12:O5cC_0Bx1ustJTajf7US 13:D_DJKK9GxqWxAPgf8PXM 10:h5C8cfg4Mm1UscOV1nb6 1:_DippeN4YXcXWWG1JNcZ 14:LkivqSNlx70NN86eMlKh 7:KpbSllWKDv5vnqTh-BTh 19:lIa2meMlBSrRQuGwiMWT 18:e_RRdspQv52EJpqTbu4R 17:tJ7lPUHv2mmsKd1yCy-v 15:dEg7yj_6tFbSGKswyPn8 3:sq3vtNA2GPj7KmTDODI8 9:4LGiOnPFz2M8QNgttwWC 11:63f8ho0WuDlD5Ht9Zp7q 16:LrFcKr9PzaqkYXZhFo0-]
[server 2] 02:22:41.109669 start to apply
[raft 2] 02:22:41.130261 rf.LastApplied: 9, rf.LastIncludedIdnex: 6, true index: 3, rf.Logs: [{1 0} {1 {migrate   map[9:4LGiOnPFz2M8QNgttwWC] 0 4 100 0}} {1 {migrate   map[5:_Z0PgMUg0ae4PyN4SSZ3] 0 2 100 0}} {1 {migrate   map[7:KpbSllWKDv5vnqTh-BTh] 0 5 100 0}}]
[server 2] 02:22:41.130314 apply: {migrate   map[7:KpbSllWKDv5vnqTh-BTh] 0 5 100 0}
[server 2] 02:22:41.130325 migrateOp apply command: {migrate   map[7:KpbSllWKDv5vnqTh-BTh] 0 5 100 0}
[server 2] 02:22:41.130336 migrateOp apply return: {9 {migrate   map[7:KpbSllWKDv5vnqTh-BTh] 0 5 100 0}  map[]}
[server 2] 02:22:41.130351 state size: 398, logs: [{1 0} {1 {migrate   map[9:4LGiOnPFz2M8QNgttwWC] 0 4 100 0}} {1 {migrate   map[5:_Z0PgMUg0ae4PyN4SSZ3] 0 2 100 0}} {1 {migrate   map[7:KpbSllWKDv5vnqTh-BTh] 0 5 100 0}}]
[server 2] 02:22:41.130368 map[17:tJ7lPUHv2mmsKd1yCy-v 15:dEg7yj_6tFbSGKswyPn8 7:KpbSllWKDv5vnqTh-BTh 19:lIa2meMlBSrRQuGwiMWT 18:e_RRdspQv52EJpqTbu4R 16:LrFcKr9PzaqkYXZhFo0- 3:sq3vtNA2GPj7KmTDODI8 9:4LGiOnPFz2M8QNgttwWC 11:63f8ho0WuDlD5Ht9Zp7q 10:h5C8cfg4Mm1UscOV1nb6 5:_Z0PgMUg0ae4PyN4SSZ3 12:O5cC_0Bx1ustJTajf7US 13:D_DJKK9GxqWxAPgf8PXM 1:_DippeN4YXcXWWG1JNcZ 14:LkivqSNlx70NN86eMlKh]
[server 2] 02:22:41.130374 start to apply
[raft 2] 02:22:41.330056 rf.LastApplied: 10, rf.LastIncludedIdnex: 6, true index: 4, rf.Logs: [{1 0} {1 {migrate   map[9:4LGiOnPFz2M8QNgttwWC] 0 4 100 0}} {1 {migrate   map[5:_Z0PgMUg0ae4PyN4SSZ3] 0 2 100 0}} {1 {migrate   map[7:KpbSllWKDv5vnqTh-BTh] 0 5 100 0}} {1 {migrate   map[3:sq3vtNA2GPj7KmTDODI8] 0 3 100 0}}]
[server 2] 02:22:41.330116 apply: {migrate   map[3:sq3vtNA2GPj7KmTDODI8] 0 3 100 0}
[server 2] 02:22:41.330132 map[5:_Z0PgMUg0ae4PyN4SSZ3 12:O5cC_0Bx1ustJTajf7US 13:D_DJKK9GxqWxAPgf8PXM 10:h5C8cfg4Mm1UscOV1nb6 1:_DippeN4YXcXWWG1JNcZ 14:LkivqSNlx70NN86eMlKh 7:KpbSllWKDv5vnqTh-BTh 19:lIa2meMlBSrRQuGwiMWT 18:e_RRdspQv52EJpqTbu4R 17:tJ7lPUHv2mmsKd1yCy-v 15:dEg7yj_6tFbSGKswyPn8 3:sq3vtNA2GPj7KmTDODI8 9:4LGiOnPFz2M8QNgttwWC 11:63f8ho0WuDlD5Ht9Zp7q 16:LrFcKr9PzaqkYXZhFo0-]
[server 2] 02:22:41.330154 start to apply
[raft 2] 02:22:42.334188 rf.LastApplied: 11, rf.LastIncludedIdnex: 6, true index: 5, rf.Logs: [{1 0} {1 {migrate   map[9:4LGiOnPFz2M8QNgttwWC] 0 4 100 0}} {1 {migrate   map[5:_Z0PgMUg0ae4PyN4SSZ3] 0 2 100 0}} {1 {migrate   map[7:KpbSllWKDv5vnqTh-BTh] 0 5 100 0}} {1 {migrate   map[3:sq3vtNA2GPj7KmTDODI8] 0 3 100 0}} {1 {migrate   map[6:0z2PUj8-OI-bJfzIRIwu] 0 6 101 0}}]
[server 2] 02:22:42.334214 apply: {migrate   map[6:0z2PUj8-OI-bJfzIRIwu] 0 6 101 0}
[server 2] 02:22:42.334227 migrateOp apply command: {migrate   map[6:0z2PUj8-OI-bJfzIRIwu] 0 6 101 0}
[server 2] 02:22:42.334238 migrateOp apply return: {11 {migrate   map[6:0z2PUj8-OI-bJfzIRIwu] 0 6 101 0}  map[]}
[server 2] 02:22:42.334269 state size: 515, logs: [{1 0} {1 {migrate   map[9:4LGiOnPFz2M8QNgttwWC] 0 4 100 0}} {1 {migrate   map[5:_Z0PgMUg0ae4PyN4SSZ3] 0 2 100 0}} {1 {migrate   map[7:KpbSllWKDv5vnqTh-BTh] 0 5 100 0}} {1 {migrate   map[3:sq3vtNA2GPj7KmTDODI8] 0 3 100 0}} {1 {migrate   map[6:0z2PUj8-OI-bJfzIRIwu] 0 6 101 0}}]
[server 2] 02:22:42.334282 map[15:dEg7yj_6tFbSGKswyPn8 7:KpbSllWKDv5vnqTh-BTh 19:lIa2meMlBSrRQuGwiMWT 18:e_RRdspQv52EJpqTbu4R 17:tJ7lPUHv2mmsKd1yCy-v 3:sq3vtNA2GPj7KmTDODI8 9:4LGiOnPFz2M8QNgttwWC 11:63f8ho0WuDlD5Ht9Zp7q 16:LrFcKr9PzaqkYXZhFo0- 5:_Z0PgMUg0ae4PyN4SSZ3 12:O5cC_0Bx1ustJTajf7US 13:D_DJKK9GxqWxAPgf8PXM 10:h5C8cfg4Mm1UscOV1nb6 1:_DippeN4YXcXWWG1JNcZ 14:LkivqSNlx70NN86eMlKh 6:0z2PUj8-OI-bJfzIRIwu]
[server 2] 02:22:42.334289 start to apply
[raft 2] 02:22:43.245059 rf.LastApplied: 12, rf.LastIncludedIdnex: 6, true index: 6, rf.Logs: [{1 0} {1 {migrate   map[9:4LGiOnPFz2M8QNgttwWC] 0 4 100 0}} {1 {migrate   map[5:_Z0PgMUg0ae4PyN4SSZ3] 0 2 100 0}} {1 {migrate   map[7:KpbSllWKDv5vnqTh-BTh] 0 5 100 0}} {1 {migrate   map[3:sq3vtNA2GPj7KmTDODI8] 0 3 100 0}} {1 {migrate   map[6:0z2PUj8-OI-bJfzIRIwu] 0 6 101 0}} {1 {migrate   map[29:JlCPnh9KDT7scDJCV4vc 22:knO854WNjMXwykx8dwxQ 2:A9Cgg6R66TFl-SynAvxB 25:qpMJKQJ9nKD3riFlBbv- 26:FOKJFeF3CS6ohGVvpcUl 28:vU4U7BcwHYWweX3N2xQR 27:HuRWSo7BoL6E_dNYJT1V 24:pmWbpBVmcuOtfriDsrTs 21:rzzraFF6j9BmlCRp02Xu 20:hKciwX12Y7Wjqe1t3oVa 23:TfUcbTJy7WBqkqkZJq-E] 0 7 101 0}} {1 {migrate   map[] 0 8 101 0}}]
[server 2] 02:22:43.245100 apply: {migrate   map[21:rzzraFF6j9BmlCRp02Xu 20:hKciwX12Y7Wjqe1t3oVa 23:TfUcbTJy7WBqkqkZJq-E 26:FOKJFeF3CS6ohGVvpcUl 28:vU4U7BcwHYWweX3N2xQR 27:HuRWSo7BoL6E_dNYJT1V 24:pmWbpBVmcuOtfriDsrTs 25:qpMJKQJ9nKD3riFlBbv- 29:JlCPnh9KDT7scDJCV4vc 22:knO854WNjMXwykx8dwxQ 2:A9Cgg6R66TFl-SynAvxB] 0 7 101 0}
[server 2] 02:22:43.245114 migrateOp apply command: {migrate   map[24:pmWbpBVmcuOtfriDsrTs 21:rzzraFF6j9BmlCRp02Xu 20:hKciwX12Y7Wjqe1t3oVa 23:TfUcbTJy7WBqkqkZJq-E 26:FOKJFeF3CS6ohGVvpcUl 28:vU4U7BcwHYWweX3N2xQR 27:HuRWSo7BoL6E_dNYJT1V 25:qpMJKQJ9nKD3riFlBbv- 29:JlCPnh9KDT7scDJCV4vc 22:knO854WNjMXwykx8dwxQ 2:A9Cgg6R66TFl-SynAvxB] 0 7 101 0}
[server 2] 02:22:43.245132 migrateOp apply return: {12 {migrate   map[22:knO854WNjMXwykx8dwxQ 2:A9Cgg6R66TFl-SynAvxB 25:qpMJKQJ9nKD3riFlBbv- 29:JlCPnh9KDT7scDJCV4vc 28:vU4U7BcwHYWweX3N2xQR 27:HuRWSo7BoL6E_dNYJT1V 24:pmWbpBVmcuOtfriDsrTs 21:rzzraFF6j9BmlCRp02Xu 20:hKciwX12Y7Wjqe1t3oVa 23:TfUcbTJy7WBqkqkZJq-E 26:FOKJFeF3CS6ohGVvpcUl] 0 7 101 0}  map[]}
[server 2] 02:22:43.245167 state size: 850, logs: [{1 0} {1 {migrate   map[9:4LGiOnPFz2M8QNgttwWC] 0 4 100 0}} {1 {migrate   map[5:_Z0PgMUg0ae4PyN4SSZ3] 0 2 100 0}} {1 {migrate   map[7:KpbSllWKDv5vnqTh-BTh] 0 5 100 0}} {1 {migrate   map[3:sq3vtNA2GPj7KmTDODI8] 0 3 100 0}} {1 {migrate   map[6:0z2PUj8-OI-bJfzIRIwu] 0 6 101 0}} {1 {migrate   map[25:qpMJKQJ9nKD3riFlBbv- 29:JlCPnh9KDT7scDJCV4vc 22:knO854WNjMXwykx8dwxQ 2:A9Cgg6R66TFl-SynAvxB 20:hKciwX12Y7Wjqe1t3oVa 23:TfUcbTJy7WBqkqkZJq-E 26:FOKJFeF3CS6ohGVvpcUl 28:vU4U7BcwHYWweX3N2xQR 27:HuRWSo7BoL6E_dNYJT1V 24:pmWbpBVmcuOtfriDsrTs 21:rzzraFF6j9BmlCRp02Xu] 0 7 101 0}} {1 {migrate   map[] 0 8 101 0}}]
[server 2] 02:22:43.245202 map[27:HuRWSo7BoL6E_dNYJT1V 29:JlCPnh9KDT7scDJCV4vc 2:A9Cgg6R66TFl-SynAvxB 23:TfUcbTJy7WBqkqkZJq-E 7:KpbSllWKDv5vnqTh-BTh 19:lIa2meMlBSrRQuGwiMWT 18:e_RRdspQv52EJpqTbu4R 17:tJ7lPUHv2mmsKd1yCy-v 15:dEg7yj_6tFbSGKswyPn8 26:FOKJFeF3CS6ohGVvpcUl 11:63f8ho0WuDlD5Ht9Zp7q 16:LrFcKr9PzaqkYXZhFo0- 20:hKciwX12Y7Wjqe1t3oVa 10:h5C8cfg4Mm1UscOV1nb6 24:pmWbpBVmcuOtfriDsrTs 1:_DippeN4YXcXWWG1JNcZ 14:LkivqSNlx70NN86eMlKh 6:0z2PUj8-OI-bJfzIRIwu 22:knO854WNjMXwykx8dwxQ 3:sq3vtNA2GPj7KmTDODI8 9:4LGiOnPFz2M8QNgttwWC 25:qpMJKQJ9nKD3riFlBbv- 28:vU4U7BcwHYWweX3N2xQR 21:rzzraFF6j9BmlCRp02Xu 5:_Z0PgMUg0ae4PyN4SSZ3 12:O5cC_0Bx1ustJTajf7US 13:D_DJKK9GxqWxAPgf8PXM]
[server 2] 02:22:43.245212 start to apply
[raft 2] 02:22:43.276454 rf.LastApplied: 13, rf.LastIncludedIdnex: 6, true index: 7, rf.Logs: [{1 0} {1 {migrate   map[9:4LGiOnPFz2M8QNgttwWC] 0 4 100 0}} {1 {migrate   map[5:_Z0PgMUg0ae4PyN4SSZ3] 0 2 100 0}} {1 {migrate   map[7:KpbSllWKDv5vnqTh-BTh] 0 5 100 0}} {1 {migrate   map[3:sq3vtNA2GPj7KmTDODI8] 0 3 100 0}} {1 {migrate   map[6:0z2PUj8-OI-bJfzIRIwu] 0 6 101 0}} {1 {migrate   map[20:hKciwX12Y7Wjqe1t3oVa 23:TfUcbTJy7WBqkqkZJq-E 26:FOKJFeF3CS6ohGVvpcUl 28:vU4U7BcwHYWweX3N2xQR 27:HuRWSo7BoL6E_dNYJT1V 24:pmWbpBVmcuOtfriDsrTs 21:rzzraFF6j9BmlCRp02Xu 25:qpMJKQJ9nKD3riFlBbv- 29:JlCPnh9KDT7scDJCV4vc 22:knO854WNjMXwykx8dwxQ 2:A9Cgg6R66TFl-SynAvxB] 0 7 101 0}} {1 {migrate   map[] 0 8 101 0}} {1 {migrate   map[8:7io5ffTDu1Jo8_rzCZqN] 0 9 101 0}}]
[server 2] 02:22:43.276484 apply: {migrate   map[] 0 8 101 0}
[server 2] 02:22:43.276495 migrateOp apply command: {migrate   map[] 0 8 101 0}
[server 2] 02:22:43.276505 migrateOp apply return: {13 {migrate   map[] 0 8 101 0}  map[]}
[server 2] 02:22:43.276541 state size: 908, logs: [{1 0} {1 {migrate   map[9:4LGiOnPFz2M8QNgttwWC] 0 4 100 0}} {1 {migrate   map[5:_Z0PgMUg0ae4PyN4SSZ3] 0 2 100 0}} {1 {migrate   map[7:KpbSllWKDv5vnqTh-BTh] 0 5 100 0}} {1 {migrate   map[3:sq3vtNA2GPj7KmTDODI8] 0 3 100 0}} {1 {migrate   map[6:0z2PUj8-OI-bJfzIRIwu] 0 6 101 0}} {1 {migrate   map[27:HuRWSo7BoL6E_dNYJT1V 24:pmWbpBVmcuOtfriDsrTs 21:rzzraFF6j9BmlCRp02Xu 20:hKciwX12Y7Wjqe1t3oVa 23:TfUcbTJy7WBqkqkZJq-E 26:FOKJFeF3CS6ohGVvpcUl 28:vU4U7BcwHYWweX3N2xQR 2:A9Cgg6R66TFl-SynAvxB 25:qpMJKQJ9nKD3riFlBbv- 29:JlCPnh9KDT7scDJCV4vc 22:knO854WNjMXwykx8dwxQ] 0 7 101 0}} {1 {migrate   map[] 0 8 101 0}} {1 {migrate   map[8:7io5ffTDu1Jo8_rzCZqN] 0 9 101 0}}]
[server 2] 02:22:43.276558 map[10:h5C8cfg4Mm1UscOV1nb6 24:pmWbpBVmcuOtfriDsrTs 1:_DippeN4YXcXWWG1JNcZ 14:LkivqSNlx70NN86eMlKh 6:0z2PUj8-OI-bJfzIRIwu 22:knO854WNjMXwykx8dwxQ 3:sq3vtNA2GPj7KmTDODI8 9:4LGiOnPFz2M8QNgttwWC 25:qpMJKQJ9nKD3riFlBbv- 28:vU4U7BcwHYWweX3N2xQR 21:rzzraFF6j9BmlCRp02Xu 5:_Z0PgMUg0ae4PyN4SSZ3 12:O5cC_0Bx1ustJTajf7US 13:D_DJKK9GxqWxAPgf8PXM 29:JlCPnh9KDT7scDJCV4vc 2:A9Cgg6R66TFl-SynAvxB 27:HuRWSo7BoL6E_dNYJT1V 7:KpbSllWKDv5vnqTh-BTh 19:lIa2meMlBSrRQuGwiMWT 18:e_RRdspQv52EJpqTbu4R 17:tJ7lPUHv2mmsKd1yCy-v 15:dEg7yj_6tFbSGKswyPn8 26:FOKJFeF3CS6ohGVvpcUl 23:TfUcbTJy7WBqkqkZJq-E 11:63f8ho0WuDlD5Ht9Zp7q 16:LrFcKr9PzaqkYXZhFo0- 20:hKciwX12Y7Wjqe1t3oVa]
[server 2] 02:22:43.276565 start to apply
[raft 2] 02:22:43.308949 rf.LastApplied: 14, rf.LastIncludedIdnex: 6, true index: 8, rf.Logs: [{1 0} {1 {migrate   map[9:4LGiOnPFz2M8QNgttwWC] 0 4 100 0}} {1 {migrate   map[5:_Z0PgMUg0ae4PyN4SSZ3] 0 2 100 0}} {1 {migrate   map[7:KpbSllWKDv5vnqTh-BTh] 0 5 100 0}} {1 {migrate   map[3:sq3vtNA2GPj7KmTDODI8] 0 3 100 0}} {1 {migrate   map[6:0z2PUj8-OI-bJfzIRIwu] 0 6 101 0}} {1 {migrate   map[27:HuRWSo7BoL6E_dNYJT1V 24:pmWbpBVmcuOtfriDsrTs 21:rzzraFF6j9BmlCRp02Xu 20:hKciwX12Y7Wjqe1t3oVa 23:TfUcbTJy7WBqkqkZJq-E 26:FOKJFeF3CS6ohGVvpcUl 28:vU4U7BcwHYWweX3N2xQR 2:A9Cgg6R66TFl-SynAvxB 25:qpMJKQJ9nKD3riFlBbv- 29:JlCPnh9KDT7scDJCV4vc 22:knO854WNjMXwykx8dwxQ] 0 7 101 0}} {1 {migrate   map[] 0 8 101 0}} {1 {migrate   map[8:7io5ffTDu1Jo8_rzCZqN] 0 9 101 0}} {1 {requestMigrate   map[] 3 6 100 0}}]
[server 2] 02:22:43.308993 apply: {migrate   map[8:7io5ffTDu1Jo8_rzCZqN] 0 9 101 0}
[server 2] 02:22:43.309010 migrateOp apply command: {migrate   map[8:7io5ffTDu1Jo8_rzCZqN] 0 9 101 0}
[server 2] 02:22:43.309021 migrateOp apply return: {14 {migrate   map[8:7io5ffTDu1Jo8_rzCZqN] 0 9 101 0}  map[]}
[server 2] 02:22:43.309044 state size: 950, logs: [{1 0} {1 {migrate   map[9:4LGiOnPFz2M8QNgttwWC] 0 4 100 0}} {1 {migrate   map[5:_Z0PgMUg0ae4PyN4SSZ3] 0 2 100 0}} {1 {migrate   map[7:KpbSllWKDv5vnqTh-BTh] 0 5 100 0}} {1 {migrate   map[3:sq3vtNA2GPj7KmTDODI8] 0 3 100 0}} {1 {migrate   map[6:0z2PUj8-OI-bJfzIRIwu] 0 6 101 0}} {1 {migrate   map[23:TfUcbTJy7WBqkqkZJq-E 26:FOKJFeF3CS6ohGVvpcUl 28:vU4U7BcwHYWweX3N2xQR 27:HuRWSo7BoL6E_dNYJT1V 24:pmWbpBVmcuOtfriDsrTs 21:rzzraFF6j9BmlCRp02Xu 20:hKciwX12Y7Wjqe1t3oVa 25:qpMJKQJ9nKD3riFlBbv- 29:JlCPnh9KDT7scDJCV4vc 22:knO854WNjMXwykx8dwxQ 2:A9Cgg6R66TFl-SynAvxB] 0 7 101 0}} {1 {migrate   map[] 0 8 101 0}} {1 {migrate   map[8:7io5ffTDu1Jo8_rzCZqN] 0 9 101 0}} {1 {requestMigrate   map[] 3 6 100 0}}]
[server 2] 02:22:43.309101 map[3:sq3vtNA2GPj7KmTDODI8 9:4LGiOnPFz2M8QNgttwWC 25:qpMJKQJ9nKD3riFlBbv- 28:vU4U7BcwHYWweX3N2xQR 21:rzzraFF6j9BmlCRp02Xu 8:7io5ffTDu1Jo8_rzCZqN 5:_Z0PgMUg0ae4PyN4SSZ3 12:O5cC_0Bx1ustJTajf7US 13:D_DJKK9GxqWxAPgf8PXM 29:JlCPnh9KDT7scDJCV4vc 2:A9Cgg6R66TFl-SynAvxB 27:HuRWSo7BoL6E_dNYJT1V 7:KpbSllWKDv5vnqTh-BTh 19:lIa2meMlBSrRQuGwiMWT 18:e_RRdspQv52EJpqTbu4R 17:tJ7lPUHv2mmsKd1yCy-v 15:dEg7yj_6tFbSGKswyPn8 26:FOKJFeF3CS6ohGVvpcUl 23:TfUcbTJy7WBqkqkZJq-E 11:63f8ho0WuDlD5Ht9Zp7q 16:LrFcKr9PzaqkYXZhFo0- 20:hKciwX12Y7Wjqe1t3oVa 10:h5C8cfg4Mm1UscOV1nb6 24:pmWbpBVmcuOtfriDsrTs 1:_DippeN4YXcXWWG1JNcZ 14:LkivqSNlx70NN86eMlKh 6:0z2PUj8-OI-bJfzIRIwu 22:knO854WNjMXwykx8dwxQ]
[server 2] 02:22:43.309110 start to apply
[raft 2] 02:22:43.340052 rf.LastApplied: 15, rf.LastIncludedIdnex: 6, true index: 9, rf.Logs: [{1 0} {1 {migrate   map[9:4LGiOnPFz2M8QNgttwWC] 0 4 100 0}} {1 {migrate   map[5:_Z0PgMUg0ae4PyN4SSZ3] 0 2 100 0}} {1 {migrate   map[7:KpbSllWKDv5vnqTh-BTh] 0 5 100 0}} {1 {migrate   map[3:sq3vtNA2GPj7KmTDODI8] 0 3 100 0}} {1 {migrate   map[6:0z2PUj8-OI-bJfzIRIwu] 0 6 101 0}} {1 {migrate   map[25:qpMJKQJ9nKD3riFlBbv- 29:JlCPnh9KDT7scDJCV4vc 22:knO854WNjMXwykx8dwxQ 2:A9Cgg6R66TFl-SynAvxB 21:rzzraFF6j9BmlCRp02Xu 20:hKciwX12Y7Wjqe1t3oVa 23:TfUcbTJy7WBqkqkZJq-E 26:FOKJFeF3CS6ohGVvpcUl 28:vU4U7BcwHYWweX3N2xQR 27:HuRWSo7BoL6E_dNYJT1V 24:pmWbpBVmcuOtfriDsrTs] 0 7 101 0}} {1 {migrate   map[] 0 8 101 0}} {1 {migrate   map[8:7io5ffTDu1Jo8_rzCZqN] 0 9 101 0}} {1 {requestMigrate   map[] 3 6 100 0}} {1 {requestMigrate   map[] 9 8 100 0}}]
[server 2] 02:22:43.340077 apply: {requestMigrate   map[] 3 6 100 0}
[server 2] 02:22:43.340106 state size: 992, logs: [{1 0} {1 {migrate   map[9:4LGiOnPFz2M8QNgttwWC] 0 4 100 0}} {1 {migrate   map[5:_Z0PgMUg0ae4PyN4SSZ3] 0 2 100 0}} {1 {migrate   map[7:KpbSllWKDv5vnqTh-BTh] 0 5 100 0}} {1 {migrate   map[3:sq3vtNA2GPj7KmTDODI8] 0 3 100 0}} {1 {migrate   map[6:0z2PUj8-OI-bJfzIRIwu] 0 6 101 0}} {1 {migrate   map[24:pmWbpBVmcuOtfriDsrTs 21:rzzraFF6j9BmlCRp02Xu 20:hKciwX12Y7Wjqe1t3oVa 23:TfUcbTJy7WBqkqkZJq-E 26:FOKJFeF3CS6ohGVvpcUl 28:vU4U7BcwHYWweX3N2xQR 27:HuRWSo7BoL6E_dNYJT1V 25:qpMJKQJ9nKD3riFlBbv- 29:JlCPnh9KDT7scDJCV4vc 22:knO854WNjMXwykx8dwxQ 2:A9Cgg6R66TFl-SynAvxB] 0 7 101 0}} {1 {migrate   map[] 0 8 101 0}} {1 {migrate   map[8:7io5ffTDu1Jo8_rzCZqN] 0 9 101 0}} {1 {requestMigrate   map[] 3 6 100 0}} {1 {requestMigrate   map[] 9 8 100 0}}]
[server 2] 02:22:43.340128 requestMigrateOp apply command: {requestMigrate   map[] 3 6 100 0}
[server 2] 02:22:43.340134 shard is: 3
[server 2] 02:22:43.340142 k: 5, key2shard: 3
[server 2] 02:22:43.340153 requestMigrateOp apply return: {15 {requestMigrate   map[] 3 6 100 0}  map[5:_Z0PgMUg0ae4PyN4SSZ3]}
[server 2] 02:22:43.340171 map[18:e_RRdspQv52EJpqTbu4R 17:tJ7lPUHv2mmsKd1yCy-v 15:dEg7yj_6tFbSGKswyPn8 26:FOKJFeF3CS6ohGVvpcUl 23:TfUcbTJy7WBqkqkZJq-E 7:KpbSllWKDv5vnqTh-BTh 19:lIa2meMlBSrRQuGwiMWT 20:hKciwX12Y7Wjqe1t3oVa 11:63f8ho0WuDlD5Ht9Zp7q 16:LrFcKr9PzaqkYXZhFo0- 10:h5C8cfg4Mm1UscOV1nb6 24:pmWbpBVmcuOtfriDsrTs 6:0z2PUj8-OI-bJfzIRIwu 22:knO854WNjMXwykx8dwxQ 1:_DippeN4YXcXWWG1JNcZ 14:LkivqSNlx70NN86eMlKh 25:qpMJKQJ9nKD3riFlBbv- 28:vU4U7BcwHYWweX3N2xQR 21:rzzraFF6j9BmlCRp02Xu 8:7io5ffTDu1Jo8_rzCZqN 3:sq3vtNA2GPj7KmTDODI8 9:4LGiOnPFz2M8QNgttwWC 13:D_DJKK9GxqWxAPgf8PXM 5:_Z0PgMUg0ae4PyN4SSZ3 12:O5cC_0Bx1ustJTajf7US 29:JlCPnh9KDT7scDJCV4vc 2:A9Cgg6R66TFl-SynAvxB 27:HuRWSo7BoL6E_dNYJT1V]
[server 2] 02:22:43.340178 start to apply
[raft 2] 02:22:43.372934 rf.LastApplied: 16, rf.LastIncludedIdnex: 6, true index: 10, rf.Logs: [{1 0} {1 {migrate   map[9:4LGiOnPFz2M8QNgttwWC] 0 4 100 0}} {1 {migrate   map[5:_Z0PgMUg0ae4PyN4SSZ3] 0 2 100 0}} {1 {migrate   map[7:KpbSllWKDv5vnqTh-BTh] 0 5 100 0}} {1 {migrate   map[3:sq3vtNA2GPj7KmTDODI8] 0 3 100 0}} {1 {migrate   map[6:0z2PUj8-OI-bJfzIRIwu] 0 6 101 0}} {1 {migrate   map[25:qpMJKQJ9nKD3riFlBbv- 29:JlCPnh9KDT7scDJCV4vc 22:knO854WNjMXwykx8dwxQ 2:A9Cgg6R66TFl-SynAvxB 23:TfUcbTJy7WBqkqkZJq-E 26:FOKJFeF3CS6ohGVvpcUl 28:vU4U7BcwHYWweX3N2xQR 27:HuRWSo7BoL6E_dNYJT1V 24:pmWbpBVmcuOtfriDsrTs 21:rzzraFF6j9BmlCRp02Xu 20:hKciwX12Y7Wjqe1t3oVa] 0 7 101 0}} {1 {migrate   map[] 0 8 101 0}} {1 {migrate   map[8:7io5ffTDu1Jo8_rzCZqN] 0 9 101 0}} {1 {requestMigrate   map[] 3 6 100 0}} {1 {requestMigrate   map[] 9 8 100 0}} {1 {migrate   map[6:0z2PUj8-OI-bJfzIRIwu] 0 7 100 0}}]
[server 2] 02:22:43.373006 apply: {requestMigrate   map[] 9 8 100 0}
[server 2] 02:22:43.373057 state size: 1050, logs: [{1 0} {1 {migrate   map[9:4LGiOnPFz2M8QNgttwWC] 0 4 100 0}} {1 {migrate   map[5:_Z0PgMUg0ae4PyN4SSZ3] 0 2 100 0}} {1 {migrate   map[7:KpbSllWKDv5vnqTh-BTh] 0 5 100 0}} {1 {migrate   map[3:sq3vtNA2GPj7KmTDODI8] 0 3 100 0}} {1 {migrate   map[6:0z2PUj8-OI-bJfzIRIwu] 0 6 101 0}} {1 {migrate   map[20:hKciwX12Y7Wjqe1t3oVa 23:TfUcbTJy7WBqkqkZJq-E 26:FOKJFeF3CS6ohGVvpcUl 28:vU4U7BcwHYWweX3N2xQR 27:HuRWSo7BoL6E_dNYJT1V 24:pmWbpBVmcuOtfriDsrTs 21:rzzraFF6j9BmlCRp02Xu 25:qpMJKQJ9nKD3riFlBbv- 29:JlCPnh9KDT7scDJCV4vc 22:knO854WNjMXwykx8dwxQ 2:A9Cgg6R66TFl-SynAvxB] 0 7 101 0}} {1 {migrate   map[] 0 8 101 0}} {1 {migrate   map[8:7io5ffTDu1Jo8_rzCZqN] 0 9 101 0}} {1 {requestMigrate   map[] 3 6 100 0}} {1 {requestMigrate   map[] 9 8 100 0}} {1 {migrate   map[6:0z2PUj8-OI-bJfzIRIwu] 0 7 100 0}}]
[server 2] 02:22:43.373068 requestMigrateOp apply command: {requestMigrate   map[] 9 8 100 0}
[server 2] 02:22:43.373076 shard is: 9
[server 2] 02:22:43.373084 k: 10, key2shard: 9
[server 2] 02:22:43.373106 k: 1, key2shard: 9
[server 2] 02:22:43.373112 k: 14, key2shard: 9
[server 2] 02:22:43.373121 k: 12, key2shard: 9
[server 2] 02:22:43.373146 k: 13, key2shard: 9
[server 2] 02:22:43.373154 k: 19, key2shard: 9
[server 2] 02:22:43.373161 k: 18, key2shard: 9
[server 2] 02:22:43.373168 k: 17, key2shard: 9
[server 2] 02:22:43.373175 k: 15, key2shard: 9
[server 2] 02:22:43.373197 k: 11, key2shard: 9
[server 2] 02:22:43.373203 k: 16, key2shard: 9
[server 2] 02:22:43.373216 requestMigrateOp apply return: {16 {requestMigrate   map[] 9 8 100 0}  map[10:h5C8cfg4Mm1UscOV1nb6 1:_DippeN4YXcXWWG1JNcZ 18:e_RRdspQv52EJpqTbu4R 11:63f8ho0WuDlD5Ht9Zp7q 16:LrFcKr9PzaqkYXZhFo0- 15:dEg7yj_6tFbSGKswyPn8 14:LkivqSNlx70NN86eMlKh 12:O5cC_0Bx1ustJTajf7US 13:D_DJKK9GxqWxAPgf8PXM 19:lIa2meMlBSrRQuGwiMWT 17:tJ7lPUHv2mmsKd1yCy-v]}
[server 2] 02:22:43.373238 save snapshot: {16 1 map[14:LkivqSNlx70NN86eMlKh 6:0z2PUj8-OI-bJfzIRIwu 22:knO854WNjMXwykx8dwxQ 1:_DippeN4YXcXWWG1JNcZ 9:4LGiOnPFz2M8QNgttwWC 25:qpMJKQJ9nKD3riFlBbv- 28:vU4U7BcwHYWweX3N2xQR 21:rzzraFF6j9BmlCRp02Xu 8:7io5ffTDu1Jo8_rzCZqN 3:sq3vtNA2GPj7KmTDODI8 12:O5cC_0Bx1ustJTajf7US 13:D_DJKK9GxqWxAPgf8PXM 5:_Z0PgMUg0ae4PyN4SSZ3 29:JlCPnh9KDT7scDJCV4vc 2:A9Cgg6R66TFl-SynAvxB 27:HuRWSo7BoL6E_dNYJT1V 19:lIa2meMlBSrRQuGwiMWT 18:e_RRdspQv52EJpqTbu4R 17:tJ7lPUHv2mmsKd1yCy-v 15:dEg7yj_6tFbSGKswyPn8 26:FOKJFeF3CS6ohGVvpcUl 23:TfUcbTJy7WBqkqkZJq-E 7:KpbSllWKDv5vnqTh-BTh 16:LrFcKr9PzaqkYXZhFo0- 20:hKciwX12Y7Wjqe1t3oVa 11:63f8ho0WuDlD5Ht9Zp7q 24:pmWbpBVmcuOtfriDsrTs 10:h5C8cfg4Mm1UscOV1nb6] map[100:5 101:9] 0}
[raft 2] 02:22:43.373301 snap shot: {16 1 map[28:vU4U7BcwHYWweX3N2xQR 21:rzzraFF6j9BmlCRp02Xu 8:7io5ffTDu1Jo8_rzCZqN 3:sq3vtNA2GPj7KmTDODI8 9:4LGiOnPFz2M8QNgttwWC 25:qpMJKQJ9nKD3riFlBbv- 5:_Z0PgMUg0ae4PyN4SSZ3 12:O5cC_0Bx1ustJTajf7US 13:D_DJKK9GxqWxAPgf8PXM 29:JlCPnh9KDT7scDJCV4vc 2:A9Cgg6R66TFl-SynAvxB 27:HuRWSo7BoL6E_dNYJT1V 17:tJ7lPUHv2mmsKd1yCy-v 15:dEg7yj_6tFbSGKswyPn8 26:FOKJFeF3CS6ohGVvpcUl 23:TfUcbTJy7WBqkqkZJq-E 7:KpbSllWKDv5vnqTh-BTh 19:lIa2meMlBSrRQuGwiMWT 18:e_RRdspQv52EJpqTbu4R 11:63f8ho0WuDlD5Ht9Zp7q 16:LrFcKr9PzaqkYXZhFo0- 20:hKciwX12Y7Wjqe1t3oVa 10:h5C8cfg4Mm1UscOV1nb6 24:pmWbpBVmcuOtfriDsrTs 22:knO854WNjMXwykx8dwxQ 1:_DippeN4YXcXWWG1JNcZ 14:LkivqSNlx70NN86eMlKh 6:0z2PUj8-OI-bJfzIRIwu] map[101:9 100:5] 0}, logs: [{1 0} {1 {migrate   map[9:4LGiOnPFz2M8QNgttwWC] 0 4 100 0}} {1 {migrate   map[5:_Z0PgMUg0ae4PyN4SSZ3] 0 2 100 0}} {1 {migrate   map[7:KpbSllWKDv5vnqTh-BTh] 0 5 100 0}} {1 {migrate   map[3:sq3vtNA2GPj7KmTDODI8] 0 3 100 0}} {1 {migrate   map[6:0z2PUj8-OI-bJfzIRIwu] 0 6 101 0}} {1 {migrate   map[25:qpMJKQJ9nKD3riFlBbv- 29:JlCPnh9KDT7scDJCV4vc 22:knO854WNjMXwykx8dwxQ 2:A9Cgg6R66TFl-SynAvxB 20:hKciwX12Y7Wjqe1t3oVa 23:TfUcbTJy7WBqkqkZJq-E 26:FOKJFeF3CS6ohGVvpcUl 28:vU4U7BcwHYWweX3N2xQR 27:HuRWSo7BoL6E_dNYJT1V 24:pmWbpBVmcuOtfriDsrTs 21:rzzraFF6j9BmlCRp02Xu] 0 7 101 0}} {1 {migrate   map[] 0 8 101 0}} {1 {migrate   map[8:7io5ffTDu1Jo8_rzCZqN] 0 9 101 0}} {1 {requestMigrate   map[] 3 6 100 0}} {1 {requestMigrate   map[] 9 8 100 0}} {1 {migrate   map[6:0z2PUj8-OI-bJfzIRIwu] 0 7 100 0}}]
[raft 2] 02:22:43.373364 read snapshot: {6 1 map[5:_Z0PgMUg0ae4PyN4SSZ3 14:LkivqSNlx70NN86eMlKh 19:lIa2meMlBSrRQuGwiMWT 18:e_RRdspQv52EJpqTbu4R 9:4LGiOnPFz2M8QNgttwWC 1:_DippeN4YXcXWWG1JNcZ 15:dEg7yj_6tFbSGKswyPn8 16:LrFcKr9PzaqkYXZhFo0- 12:O5cC_0Bx1ustJTajf7US 10:h5C8cfg4Mm1UscOV1nb6 17:tJ7lPUHv2mmsKd1yCy-v 13:D_DJKK9GxqWxAPgf8PXM 7:KpbSllWKDv5vnqTh-BTh 3:sq3vtNA2GPj7KmTDODI8 11:63f8ho0WuDlD5Ht9Zp7q] map[100:1 101:5] 0}
[server 2] 02:22:43.373417 map[10:h5C8cfg4Mm1UscOV1nb6 24:pmWbpBVmcuOtfriDsrTs 1:_DippeN4YXcXWWG1JNcZ 14:LkivqSNlx70NN86eMlKh 6:0z2PUj8-OI-bJfzIRIwu 22:knO854WNjMXwykx8dwxQ 3:sq3vtNA2GPj7KmTDODI8 9:4LGiOnPFz2M8QNgttwWC 25:qpMJKQJ9nKD3riFlBbv- 28:vU4U7BcwHYWweX3N2xQR 21:rzzraFF6j9BmlCRp02Xu 8:7io5ffTDu1Jo8_rzCZqN 5:_Z0PgMUg0ae4PyN4SSZ3 12:O5cC_0Bx1ustJTajf7US 13:D_DJKK9GxqWxAPgf8PXM 29:JlCPnh9KDT7scDJCV4vc 2:A9Cgg6R66TFl-SynAvxB 27:HuRWSo7BoL6E_dNYJT1V 7:KpbSllWKDv5vnqTh-BTh 19:lIa2meMlBSrRQuGwiMWT 18:e_RRdspQv52EJpqTbu4R 17:tJ7lPUHv2mmsKd1yCy-v 15:dEg7yj_6tFbSGKswyPn8 26:FOKJFeF3CS6ohGVvpcUl 23:TfUcbTJy7WBqkqkZJq-E 11:63f8ho0WuDlD5Ht9Zp7q 16:LrFcKr9PzaqkYXZhFo0- 20:hKciwX12Y7Wjqe1t3oVa]
[server 2] 02:22:43.373425 start to apply
[raft 2] 02:22:43.394551 rf.LastApplied: 17, rf.LastIncludedIdnex: 16, true index: 1, rf.Logs: [{1 0} {1 {migrate   map[6:0z2PUj8-OI-bJfzIRIwu] 0 7 100 0}} {1 {migrate   map[] 0 10 101 0}}]
[server 2] 02:22:43.394579 apply: {migrate   map[6:0z2PUj8-OI-bJfzIRIwu] 0 7 100 0}
[server 2] 02:22:43.394591 migrateOp apply command: {migrate   map[6:0z2PUj8-OI-bJfzIRIwu] 0 7 100 0}
[server 2] 02:22:43.394604 migrateOp apply return: {17 {migrate   map[6:0z2PUj8-OI-bJfzIRIwu] 0 7 100 0}  map[]}
[server 2] 02:22:43.394616 state size: 316, logs: [{1 0} {1 {migrate   map[6:0z2PUj8-OI-bJfzIRIwu] 0 7 100 0}} {1 {migrate   map[] 0 10 101 0}}]
[server 2] 02:22:43.394641 map[22:knO854WNjMXwykx8dwxQ 1:_DippeN4YXcXWWG1JNcZ 14:LkivqSNlx70NN86eMlKh 6:0z2PUj8-OI-bJfzIRIwu 28:vU4U7BcwHYWweX3N2xQR 21:rzzraFF6j9BmlCRp02Xu 8:7io5ffTDu1Jo8_rzCZqN 3:sq3vtNA2GPj7KmTDODI8 9:4LGiOnPFz2M8QNgttwWC 25:qpMJKQJ9nKD3riFlBbv- 5:_Z0PgMUg0ae4PyN4SSZ3 12:O5cC_0Bx1ustJTajf7US 13:D_DJKK9GxqWxAPgf8PXM 29:JlCPnh9KDT7scDJCV4vc 2:A9Cgg6R66TFl-SynAvxB 27:HuRWSo7BoL6E_dNYJT1V 17:tJ7lPUHv2mmsKd1yCy-v 15:dEg7yj_6tFbSGKswyPn8 26:FOKJFeF3CS6ohGVvpcUl 23:TfUcbTJy7WBqkqkZJq-E 7:KpbSllWKDv5vnqTh-BTh 19:lIa2meMlBSrRQuGwiMWT 18:e_RRdspQv52EJpqTbu4R 11:63f8ho0WuDlD5Ht9Zp7q 16:LrFcKr9PzaqkYXZhFo0- 20:hKciwX12Y7Wjqe1t3oVa 10:h5C8cfg4Mm1UscOV1nb6 24:pmWbpBVmcuOtfriDsrTs]
[server 2] 02:22:43.394649 start to apply
[raft 2] 02:22:43.426435 rf.LastApplied: 18, rf.LastIncludedIdnex: 16, true index: 2, rf.Logs: [{1 0} {1 {migrate   map[6:0z2PUj8-OI-bJfzIRIwu] 0 7 100 0}} {1 {migrate   map[] 0 10 101 0}} {1 {get 0  map[] 0 61 141350219722399373 0}}]
[server 2] 02:22:43.426459 apply: {migrate   map[] 0 10 101 0}
[server 2] 02:22:43.426474 migrateOp apply command: {migrate   map[] 0 10 101 0}
[server 2] 02:22:43.426500 migrateOp apply return: {18 {migrate   map[] 0 10 101 0}  map[]}
[server 2] 02:22:43.426514 state size: 355, logs: [{1 0} {1 {migrate   map[6:0z2PUj8-OI-bJfzIRIwu] 0 7 100 0}} {1 {migrate   map[] 0 10 101 0}} {1 {get 0  map[] 0 61 141350219722399373 0}}]
[server 2] 02:22:43.426534 map[16:LrFcKr9PzaqkYXZhFo0- 20:hKciwX12Y7Wjqe1t3oVa 11:63f8ho0WuDlD5Ht9Zp7q 24:pmWbpBVmcuOtfriDsrTs 10:h5C8cfg4Mm1UscOV1nb6 14:LkivqSNlx70NN86eMlKh 6:0z2PUj8-OI-bJfzIRIwu 22:knO854WNjMXwykx8dwxQ 1:_DippeN4YXcXWWG1JNcZ 9:4LGiOnPFz2M8QNgttwWC 25:qpMJKQJ9nKD3riFlBbv- 28:vU4U7BcwHYWweX3N2xQR 21:rzzraFF6j9BmlCRp02Xu 8:7io5ffTDu1Jo8_rzCZqN 3:sq3vtNA2GPj7KmTDODI8 12:O5cC_0Bx1ustJTajf7US 13:D_DJKK9GxqWxAPgf8PXM 5:_Z0PgMUg0ae4PyN4SSZ3 2:A9Cgg6R66TFl-SynAvxB 27:HuRWSo7BoL6E_dNYJT1V 29:JlCPnh9KDT7scDJCV4vc 19:lIa2meMlBSrRQuGwiMWT 18:e_RRdspQv52EJpqTbu4R 17:tJ7lPUHv2mmsKd1yCy-v 15:dEg7yj_6tFbSGKswyPn8 26:FOKJFeF3CS6ohGVvpcUl 23:TfUcbTJy7WBqkqkZJq-E 7:KpbSllWKDv5vnqTh-BTh]
[server 2] 02:22:43.426543 start to apply
