[raft 0] 02:21:25.380658 decode snapshot error
[server 0] 02:21:25.380753 initial, kv.gid: 102, kv.currentConfig: {0 [0 0 0 0 0 0 0 0 0 0] map[]}
[server 0] 02:21:25.380891 start to apply
[raft 0] 02:21:26.149479 start a new election
[raft 0] 02:21:26.149597 send RequestVoteArgs: {1 0 0 0} to peer: 2
[raft 0] 02:21:26.149633 send RequestVoteArgs: {1 0 0 0} to peer: 1
[raft 0] 02:21:26.693468 start a new election
[raft 0] 02:21:26.693605 send RequestVoteArgs: {2 0 0 0} to peer: 2
[raft 0] 02:21:26.693706 send RequestVoteArgs: {2 0 0 0} to peer: 1
[raft 0] 02:21:26.693973 request vote receive reply from peer 1, reply: {0 2 true}, args: {2 0 0 0}
[raft 0] 02:21:26.693983 becomes leader in election
[server 0] 02:22:42.179061 receive migrate op: {migrate   map[7:KpbSllWKDv5vnqTh-BTh] 0 1 101 0}
[raft 0] 02:22:42.199053 rf.LastApplied: 1, rf.LastIncludedIdnex: 0, true index: 1, rf.Logs: [{0 0} {2 {migrate   map[7:KpbSllWKDv5vnqTh-BTh] 0 1 101 0}}]
[server 0] 02:22:42.199074 apply: {migrate   map[7:KpbSllWKDv5vnqTh-BTh] 0 1 101 0}
[server 0] 02:22:42.199086 migrateOp apply command: {migrate   map[7:KpbSllWKDv5vnqTh-BTh] 0 1 101 0}
[server 0] 02:22:42.199096 migrateOp apply return: {1 {migrate   map[7:KpbSllWKDv5vnqTh-BTh] 0 1 101 0}  map[]}
[server 0] 02:22:42.199106 state size: 279, logs: [{0 0} {2 {migrate   map[7:KpbSllWKDv5vnqTh-BTh] 0 1 101 0}}]
[server 0] 02:22:42.199130 final apply return: {1 {migrate   map[7:KpbSllWKDv5vnqTh-BTh] 0 1 101 0}  map[]}
[server 0] 02:22:42.199150 map[7:KpbSllWKDv5vnqTh-BTh]
[server 0] 02:22:42.199157 start to apply
[server 0] 02:22:42.199167 reply migrate op succeed {1 {migrate   map[7:KpbSllWKDv5vnqTh-BTh] 0 1 101 0}  map[]}
[server 0] 02:22:42.199178 send to migrate reply: &{false  0 false}


[server 0] 02:22:43.181542 receive RequestMigrate op: {requestMigrate   map[] 2 2 101 0}
[server 0] 02:22:43.181656 receive migrate op: {migrate   map[3:sq3vtNA2GPj7KmTDODI8] 0 3 101 0}
[raft 0] 02:22:43.221986 rf.LastApplied: 2, rf.LastIncludedIdnex: 0, true index: 2, rf.Logs: [{0 0} {2 {migrate   map[7:KpbSllWKDv5vnqTh-BTh] 0 1 101 0}} {2 {requestMigrate   map[] 2 2 101 0}} {2 {migrate   map[3:sq3vtNA2GPj7KmTDODI8] 0 3 101 0}}]
[server 0] 02:22:43.222030 apply: {requestMigrate   map[] 2 2 101 0}
[server 0] 02:22:43.222044 state size: 380, logs: [{0 0} {2 {migrate   map[7:KpbSllWKDv5vnqTh-BTh] 0 1 101 0}} {2 {requestMigrate   map[] 2 2 101 0}} {2 {migrate   map[3:sq3vtNA2GPj7KmTDODI8] 0 3 101 0}}]
[server 0] 02:22:43.222052 requestMigrateOp apply command: {requestMigrate   map[] 2 2 101 0}
[server 0] 02:22:43.222058 shard is: 2
[server 0] 02:22:43.222067 requestMigrateOp apply return: {2 {requestMigrate   map[] 2 2 101 0}  map[]}
[server 0] 02:22:43.222076 final apply return: {2 {requestMigrate   map[] 2 2 101 0}  map[]}
[server 0] 02:22:43.222083 map[7:KpbSllWKDv5vnqTh-BTh]
[server 0] 02:22:43.222090 start to apply
[server 0] 02:22:43.222098 reply RequestMigrate op succeed {2 {requestMigrate   map[] 2 2 101 0}  map[]}
[server 0] 02:22:43.222107 send to RequestMigrate: &{false map[] OK 102 false}
[raft 0] 02:22:43.243031 rf.LastApplied: 3, rf.LastIncludedIdnex: 0, true index: 3, rf.Logs: [{0 0} {2 {migrate   map[7:KpbSllWKDv5vnqTh-BTh] 0 1 101 0}} {2 {requestMigrate   map[] 2 2 101 0}} {2 {migrate   map[3:sq3vtNA2GPj7KmTDODI8] 0 3 101 0}}]
[server 0] 02:22:43.243054 apply: {migrate   map[3:sq3vtNA2GPj7KmTDODI8] 0 3 101 0}
[server 0] 02:22:43.243065 migrateOp apply command: {migrate   map[3:sq3vtNA2GPj7KmTDODI8] 0 3 101 0}
[server 0] 02:22:43.243089 migrateOp apply return: {3 {migrate   map[3:sq3vtNA2GPj7KmTDODI8] 0 3 101 0}  map[]}
[server 0] 02:22:43.243101 state size: 380, logs: [{0 0} {2 {migrate   map[7:KpbSllWKDv5vnqTh-BTh] 0 1 101 0}} {2 {requestMigrate   map[] 2 2 101 0}} {2 {migrate   map[3:sq3vtNA2GPj7KmTDODI8] 0 3 101 0}}]
[server 0] 02:22:43.243113 final apply return: {3 {migrate   map[3:sq3vtNA2GPj7KmTDODI8] 0 3 101 0}  map[]}
[server 0] 02:22:43.243121 map[7:KpbSllWKDv5vnqTh-BTh 3:sq3vtNA2GPj7KmTDODI8]
[server 0] 02:22:43.243128 start to apply
[server 0] 02:22:43.243153 reply migrate op succeed {3 {migrate   map[3:sq3vtNA2GPj7KmTDODI8] 0 3 101 0}  map[]}
[server 0] 02:22:43.243782 send to migrate reply: &{false  0 false}
[server 0] 02:22:43.273141 receive migrate op: {migrate   map[4:USBE8r8gAwsIARRdTZUH] 0 1 100 0}
[server 0] 02:22:43.276772 receive RequestMigrate op: {requestMigrate   map[] 8 4 101 0}
[server 0] 02:22:43.276884 receive migrate op: {migrate   map[9:4LGiOnPFz2M8QNgttwWC] 0 5 101 0}
[raft 0] 02:22:43.305338 rf.LastApplied: 4, rf.LastIncludedIdnex: 0, true index: 4, rf.Logs: [{0 0} {2 {migrate   map[7:KpbSllWKDv5vnqTh-BTh] 0 1 101 0}} {2 {requestMigrate   map[] 2 2 101 0}} {2 {migrate   map[3:sq3vtNA2GPj7KmTDODI8] 0 3 101 0}} {2 {migrate   map[4:USBE8r8gAwsIARRdTZUH] 0 1 100 0}} {2 {requestMigrate   map[] 8 4 101 0}} {2 {migrate   map[9:4LGiOnPFz2M8QNgttwWC] 0 5 101 0}}]
[server 0] 02:22:43.305361 apply: {migrate   map[4:USBE8r8gAwsIARRdTZUH] 0 1 100 0}
[server 0] 02:22:43.305372 migrateOp apply command: {migrate   map[4:USBE8r8gAwsIARRdTZUH] 0 1 100 0}
[server 0] 02:22:43.305398 migrateOp apply return: {4 {migrate   map[4:USBE8r8gAwsIARRdTZUH] 0 1 100 0}  map[]}
[server 0] 02:22:43.305415 state size: 539, logs: [{0 0} {2 {migrate   map[7:KpbSllWKDv5vnqTh-BTh] 0 1 101 0}} {2 {requestMigrate   map[] 2 2 101 0}} {2 {migrate   map[3:sq3vtNA2GPj7KmTDODI8] 0 3 101 0}} {2 {migrate   map[4:USBE8r8gAwsIARRdTZUH] 0 1 100 0}} {2 {requestMigrate   map[] 8 4 101 0}} {2 {migrate   map[9:4LGiOnPFz2M8QNgttwWC] 0 5 101 0}}]
[server 0] 02:22:43.305430 final apply return: {4 {migrate   map[4:USBE8r8gAwsIARRdTZUH] 0 1 100 0}  map[]}
[server 0] 02:22:43.305440 map[7:KpbSllWKDv5vnqTh-BTh 3:sq3vtNA2GPj7KmTDODI8 4:USBE8r8gAwsIARRdTZUH]
[server 0] 02:22:43.305460 start to apply
[server 0] 02:22:43.305469 reply migrate op succeed {4 {migrate   map[4:USBE8r8gAwsIARRdTZUH] 0 1 100 0}  map[]}
[server 0] 02:22:43.305477 send to migrate reply: &{false  0 false}
[server 0] 02:22:43.329979 receive migrate op: {migrate   map[0:-0D3Ut8DZk_QzwkkKKtl] 0 2 100 0}
[raft 0] 02:22:43.337500 rf.LastApplied: 5, rf.LastIncludedIdnex: 0, true index: 5, rf.Logs: [{0 0} {2 {migrate   map[7:KpbSllWKDv5vnqTh-BTh] 0 1 101 0}} {2 {requestMigrate   map[] 2 2 101 0}} {2 {migrate   map[3:sq3vtNA2GPj7KmTDODI8] 0 3 101 0}} {2 {migrate   map[4:USBE8r8gAwsIARRdTZUH] 0 1 100 0}} {2 {requestMigrate   map[] 8 4 101 0}} {2 {migrate   map[9:4LGiOnPFz2M8QNgttwWC] 0 5 101 0}} {2 {migrate   map[0:-0D3Ut8DZk_QzwkkKKtl] 0 2 100 0}}]
[server 0] 02:22:43.337524 apply: {requestMigrate   map[] 8 4 101 0}
[server 0] 02:22:43.337546 state size: 597, logs: [{0 0} {2 {migrate   map[7:KpbSllWKDv5vnqTh-BTh] 0 1 101 0}} {2 {requestMigrate   map[] 2 2 101 0}} {2 {migrate   map[3:sq3vtNA2GPj7KmTDODI8] 0 3 101 0}} {2 {migrate   map[4:USBE8r8gAwsIARRdTZUH] 0 1 100 0}} {2 {requestMigrate   map[] 8 4 101 0}} {2 {migrate   map[9:4LGiOnPFz2M8QNgttwWC] 0 5 101 0}} {2 {migrate   map[0:-0D3Ut8DZk_QzwkkKKtl] 0 2 100 0}}]
[server 0] 02:22:43.337568 requestMigrateOp apply command: {requestMigrate   map[] 8 4 101 0}
[server 0] 02:22:43.337575 shard is: 8
[server 0] 02:22:43.337583 requestMigrateOp apply return: {5 {requestMigrate   map[] 8 4 101 0}  map[]}
[server 0] 02:22:43.337596 final apply return: {5 {requestMigrate   map[] 8 4 101 0}  map[]}
[server 0] 02:22:43.337604 map[7:KpbSllWKDv5vnqTh-BTh 3:sq3vtNA2GPj7KmTDODI8 4:USBE8r8gAwsIARRdTZUH]
[server 0] 02:22:43.337611 start to apply
[server 0] 02:22:43.337620 reply RequestMigrate op succeed {5 {requestMigrate   map[] 8 4 101 0}  map[]}
[server 0] 02:22:43.337628 send to RequestMigrate: &{false map[] OK 102 false}
[raft 0] 02:22:43.369427 rf.LastApplied: 6, rf.LastIncludedIdnex: 0, true index: 6, rf.Logs: [{0 0} {2 {migrate   map[7:KpbSllWKDv5vnqTh-BTh] 0 1 101 0}} {2 {requestMigrate   map[] 2 2 101 0}} {2 {migrate   map[3:sq3vtNA2GPj7KmTDODI8] 0 3 101 0}} {2 {migrate   map[4:USBE8r8gAwsIARRdTZUH] 0 1 100 0}} {2 {requestMigrate   map[] 8 4 101 0}} {2 {migrate   map[9:4LGiOnPFz2M8QNgttwWC] 0 5 101 0}} {2 {migrate   map[0:-0D3Ut8DZk_QzwkkKKtl] 0 2 100 0}}]
[server 0] 02:22:43.369453 apply: {migrate   map[9:4LGiOnPFz2M8QNgttwWC] 0 5 101 0}
[server 0] 02:22:43.369516 migrateOp apply command: {migrate   map[9:4LGiOnPFz2M8QNgttwWC] 0 5 101 0}
[server 0] 02:22:43.369533 migrateOp apply return: {6 {migrate   map[9:4LGiOnPFz2M8QNgttwWC] 0 5 101 0}  map[]}
[server 0] 02:22:43.369562 state size: 597, logs: [{0 0} {2 {migrate   map[7:KpbSllWKDv5vnqTh-BTh] 0 1 101 0}} {2 {requestMigrate   map[] 2 2 101 0}} {2 {migrate   map[3:sq3vtNA2GPj7KmTDODI8] 0 3 101 0}} {2 {migrate   map[4:USBE8r8gAwsIARRdTZUH] 0 1 100 0}} {2 {requestMigrate   map[] 8 4 101 0}} {2 {migrate   map[9:4LGiOnPFz2M8QNgttwWC] 0 5 101 0}} {2 {migrate   map[0:-0D3Ut8DZk_QzwkkKKtl] 0 2 100 0}}]
[server 0] 02:22:43.369579 final apply return: {6 {migrate   map[9:4LGiOnPFz2M8QNgttwWC] 0 5 101 0}  map[]}
[server 0] 02:22:43.369592 map[9:4LGiOnPFz2M8QNgttwWC 7:KpbSllWKDv5vnqTh-BTh 3:sq3vtNA2GPj7KmTDODI8 4:USBE8r8gAwsIARRdTZUH]
[server 0] 02:22:43.369600 start to apply
[server 0] 02:22:43.369613 reply migrate op succeed {6 {migrate   map[9:4LGiOnPFz2M8QNgttwWC] 0 5 101 0}  map[]}
[server 0] 02:22:43.369624 send to migrate reply: &{false  0 false}
[server 0] 02:22:43.371578 old config: {2 [100 101 100 101 100 101 100 101 100 101] map[100:[server-100-0 server-100-1 server-100-2] 101:[server-101-0 server-101-1 server-101-2]]}, current config: {3 [100 101 102 100 101 102 100 101 102 100] map[100:[server-100-0 server-100-1 server-100-2] 101:[server-101-0 server-101-1 server-101-2] 102:[server-102-0 server-102-1 server-102-2]]}
[server 0] 02:22:43.371591 GID: 102 wait from GID: 100
[server 0] 02:22:43.383789 send RequestMigrateArgs: {2 1 102 100}
[server 0] 02:22:43.383799 recevice RequestMigrateArgs reply: {false map[4:USBE8r8gAwsIARRdTZUH] OK 100 false}
[server 0] 02:22:43.383839 receive migrate op: {migrate   map[4:USBE8r8gAwsIARRdTZUH] 0 1 102 0}
[raft 0] 02:22:43.400666 rf.LastApplied: 7, rf.LastIncludedIdnex: 0, true index: 7, rf.Logs: [{0 0} {2 {migrate   map[7:KpbSllWKDv5vnqTh-BTh] 0 1 101 0}} {2 {requestMigrate   map[] 2 2 101 0}} {2 {migrate   map[3:sq3vtNA2GPj7KmTDODI8] 0 3 101 0}} {2 {migrate   map[4:USBE8r8gAwsIARRdTZUH] 0 1 100 0}} {2 {requestMigrate   map[] 8 4 101 0}} {2 {migrate   map[9:4LGiOnPFz2M8QNgttwWC] 0 5 101 0}} {2 {migrate   map[0:-0D3Ut8DZk_QzwkkKKtl] 0 2 100 0}} {2 {migrate   map[4:USBE8r8gAwsIARRdTZUH] 0 1 102 0}}]
[server 0] 02:22:43.400704 apply: {migrate   map[0:-0D3Ut8DZk_QzwkkKKtl] 0 2 100 0}
[server 0] 02:22:43.400716 migrateOp apply command: {migrate   map[0:-0D3Ut8DZk_QzwkkKKtl] 0 2 100 0}
[server 0] 02:22:43.400726 migrateOp apply return: {7 {migrate   map[0:-0D3Ut8DZk_QzwkkKKtl] 0 2 100 0}  map[]}
[server 0] 02:22:43.400746 state size: 655, logs: [{0 0} {2 {migrate   map[7:KpbSllWKDv5vnqTh-BTh] 0 1 101 0}} {2 {requestMigrate   map[] 2 2 101 0}} {2 {migrate   map[3:sq3vtNA2GPj7KmTDODI8] 0 3 101 0}} {2 {migrate   map[4:USBE8r8gAwsIARRdTZUH] 0 1 100 0}} {2 {requestMigrate   map[] 8 4 101 0}} {2 {migrate   map[9:4LGiOnPFz2M8QNgttwWC] 0 5 101 0}} {2 {migrate   map[0:-0D3Ut8DZk_QzwkkKKtl] 0 2 100 0}} {2 {migrate   map[4:USBE8r8gAwsIARRdTZUH] 0 1 102 0}}]
[server 0] 02:22:43.400761 final apply return: {7 {migrate   map[0:-0D3Ut8DZk_QzwkkKKtl] 0 2 100 0}  map[]}
[server 0] 02:22:43.400784 map[7:KpbSllWKDv5vnqTh-BTh 3:sq3vtNA2GPj7KmTDODI8 4:USBE8r8gAwsIARRdTZUH 9:4LGiOnPFz2M8QNgttwWC 0:-0D3Ut8DZk_QzwkkKKtl]
[server 0] 02:22:43.400791 start to apply
[server 0] 02:22:43.400800 reply migrate op succeed {7 {migrate   map[0:-0D3Ut8DZk_QzwkkKKtl] 0 2 100 0}  map[]}
[server 0] 02:22:43.400808 send to migrate reply: &{false  0 false}
[raft 0] 02:22:43.432872 rf.LastApplied: 8, rf.LastIncludedIdnex: 0, true index: 8, rf.Logs: [{0 0} {2 {migrate   map[7:KpbSllWKDv5vnqTh-BTh] 0 1 101 0}} {2 {requestMigrate   map[] 2 2 101 0}} {2 {migrate   map[3:sq3vtNA2GPj7KmTDODI8] 0 3 101 0}} {2 {migrate   map[4:USBE8r8gAwsIARRdTZUH] 0 1 100 0}} {2 {requestMigrate   map[] 8 4 101 0}} {2 {migrate   map[9:4LGiOnPFz2M8QNgttwWC] 0 5 101 0}} {2 {migrate   map[0:-0D3Ut8DZk_QzwkkKKtl] 0 2 100 0}} {2 {migrate   map[4:USBE8r8gAwsIARRdTZUH] 0 1 102 0}}]
[server 0] 02:22:43.432899 apply: {migrate   map[4:USBE8r8gAwsIARRdTZUH] 0 1 102 0}
[server 0] 02:22:43.432920 migrateOp apply command: {migrate   map[4:USBE8r8gAwsIARRdTZUH] 0 1 102 0}
[server 0] 02:22:43.432935 migrateOp apply return: {8 {migrate   map[4:USBE8r8gAwsIARRdTZUH] 0 1 102 0}  map[]}
[server 0] 02:22:43.432955 state size: 655, logs: [{0 0} {2 {migrate   map[7:KpbSllWKDv5vnqTh-BTh] 0 1 101 0}} {2 {requestMigrate   map[] 2 2 101 0}} {2 {migrate   map[3:sq3vtNA2GPj7KmTDODI8] 0 3 101 0}} {2 {migrate   map[4:USBE8r8gAwsIARRdTZUH] 0 1 100 0}} {2 {requestMigrate   map[] 8 4 101 0}} {2 {migrate   map[9:4LGiOnPFz2M8QNgttwWC] 0 5 101 0}} {2 {migrate   map[0:-0D3Ut8DZk_QzwkkKKtl] 0 2 100 0}} {2 {migrate   map[4:USBE8r8gAwsIARRdTZUH] 0 1 102 0}}]
[server 0] 02:22:43.432969 final apply return: {8 {migrate   map[4:USBE8r8gAwsIARRdTZUH] 0 1 102 0}  map[]}
[server 0] 02:22:43.432978 map[7:KpbSllWKDv5vnqTh-BTh 3:sq3vtNA2GPj7KmTDODI8 4:USBE8r8gAwsIARRdTZUH 9:4LGiOnPFz2M8QNgttwWC 0:-0D3Ut8DZk_QzwkkKKtl]
[server 0] 02:22:43.432985 start to apply
[server 0] 02:22:43.432994 reply migrate op succeed {8 {migrate   map[4:USBE8r8gAwsIARRdTZUH] 0 1 102 0}  map[]}
[server 0] 02:22:43.433002 send to migrate reply: &{false  0 false}
[server 0] 02:22:43.433009 GID: 102 receive from GID: 100
[server 0] 02:22:43.433024 old config: {2 [100 101 100 101 100 101 100 101 100 101] map[100:[server-100-0 server-100-1 server-100-2] 101:[server-101-0 server-101-1 server-101-2]]}, current config: {3 [100 101 102 100 101 102 100 101 102 100] map[100:[server-100-0 server-100-1 server-100-2] 101:[server-101-0 server-101-1 server-101-2] 102:[server-102-0 server-102-1 server-102-2]]}
[server 0] 02:22:43.433032 GID: 102 wait from GID: 101
