[raft 2] 02:21:27.786748 decode snapshot error
[server 2] 02:21:27.786824 initial, kv.gid: 102, kv.currentConfig: {0 [0 0 0 0 0 0 0 0 0 0] map[]}
[server 2] 02:21:27.786953 start to apply
[raft 2] 02:21:27.896888 becomes follower in AppendEntries
[raft 2] 02:22:42.291876 rf.LastApplied: 1, rf.LastIncludedIdnex: 0, true index: 1, rf.Logs: [{0 0} {2 {migrate   map[7:KpbSllWKDv5vnqTh-BTh] 0 1 101 0}}]
[server 2] 02:22:42.291925 apply: {migrate   map[7:KpbSllWKDv5vnqTh-BTh] 0 1 101 0}
[server 2] 02:22:42.291943 migrateOp apply command: {migrate   map[7:KpbSllWKDv5vnqTh-BTh] 0 1 101 0}
[server 2] 02:22:42.291961 migrateOp apply return: {1 {migrate   map[7:KpbSllWKDv5vnqTh-BTh] 0 1 101 0}  map[]}
[server 2] 02:22:42.292474 state size: 279, logs: [{0 0} {2 {migrate   map[7:KpbSllWKDv5vnqTh-BTh] 0 1 101 0}}]
[server 2] 02:22:42.292487 map[7:KpbSllWKDv5vnqTh-BTh]
[server 2] 02:22:42.292494 start to apply
[raft 2] 02:22:43.241412 rf.LastApplied: 2, rf.LastIncludedIdnex: 0, true index: 2, rf.Logs: [{0 0} {2 {migrate   map[7:KpbSllWKDv5vnqTh-BTh] 0 1 101 0}} {2 {requestMigrate   map[] 2 2 101 0}} {2 {migrate   map[3:sq3vtNA2GPj7KmTDODI8] 0 3 101 0}}]
[server 2] 02:22:43.241456 apply: {requestMigrate   map[] 2 2 101 0}
[server 2] 02:22:43.241483 state size: 380, logs: [{0 0} {2 {migrate   map[7:KpbSllWKDv5vnqTh-BTh] 0 1 101 0}} {2 {requestMigrate   map[] 2 2 101 0}} {2 {migrate   map[3:sq3vtNA2GPj7KmTDODI8] 0 3 101 0}}]
[server 2] 02:22:43.241507 requestMigrateOp apply command: {requestMigrate   map[] 2 2 101 0}
[server 2] 02:22:43.241514 shard is: 2
[server 2] 02:22:43.241522 requestMigrateOp apply return: {2 {requestMigrate   map[] 2 2 101 0}  map[]}
[server 2] 02:22:43.241529 map[7:KpbSllWKDv5vnqTh-BTh]
[server 2] 02:22:43.241535 start to apply
[raft 2] 02:22:43.295107 rf.LastApplied: 3, rf.LastIncludedIdnex: 0, true index: 3, rf.Logs: [{0 0} {2 {migrate   map[7:KpbSllWKDv5vnqTh-BTh] 0 1 101 0}} {2 {requestMigrate   map[] 2 2 101 0}} {2 {migrate   map[3:sq3vtNA2GPj7KmTDODI8] 0 3 101 0}} {2 {migrate   map[4:USBE8r8gAwsIARRdTZUH] 0 1 100 0}}]
[server 2] 02:22:43.295134 apply: {migrate   map[3:sq3vtNA2GPj7KmTDODI8] 0 3 101 0}
[server 2] 02:22:43.295145 migrateOp apply command: {migrate   map[3:sq3vtNA2GPj7KmTDODI8] 0 3 101 0}
[server 2] 02:22:43.295156 migrateOp apply return: {3 {migrate   map[3:sq3vtNA2GPj7KmTDODI8] 0 3 101 0}  map[]}
[server 2] 02:22:43.295172 state size: 438, logs: [{0 0} {2 {migrate   map[7:KpbSllWKDv5vnqTh-BTh] 0 1 101 0}} {2 {requestMigrate   map[] 2 2 101 0}} {2 {migrate   map[3:sq3vtNA2GPj7KmTDODI8] 0 3 101 0}} {2 {migrate   map[4:USBE8r8gAwsIARRdTZUH] 0 1 100 0}}]
[server 2] 02:22:43.295182 map[7:KpbSllWKDv5vnqTh-BTh 3:sq3vtNA2GPj7KmTDODI8]
[server 2] 02:22:43.295190 start to apply
[raft 2] 02:22:43.326478 rf.LastApplied: 4, rf.LastIncludedIdnex: 0, true index: 4, rf.Logs: [{0 0} {2 {migrate   map[7:KpbSllWKDv5vnqTh-BTh] 0 1 101 0}} {2 {requestMigrate   map[] 2 2 101 0}} {2 {migrate   map[3:sq3vtNA2GPj7KmTDODI8] 0 3 101 0}} {2 {migrate   map[4:USBE8r8gAwsIARRdTZUH] 0 1 100 0}} {2 {requestMigrate   map[] 8 4 101 0}}]
[server 2] 02:22:43.326525 apply: {migrate   map[4:USBE8r8gAwsIARRdTZUH] 0 1 100 0}
[server 2] 02:22:43.326537 migrateOp apply command: {migrate   map[4:USBE8r8gAwsIARRdTZUH] 0 1 100 0}
[server 2] 02:22:43.326546 migrateOp apply return: {4 {migrate   map[4:USBE8r8gAwsIARRdTZUH] 0 1 100 0}  map[]}
[server 2] 02:22:43.326561 state size: 480, logs: [{0 0} {2 {migrate   map[7:KpbSllWKDv5vnqTh-BTh] 0 1 101 0}} {2 {requestMigrate   map[] 2 2 101 0}} {2 {migrate   map[3:sq3vtNA2GPj7KmTDODI8] 0 3 101 0}} {2 {migrate   map[4:USBE8r8gAwsIARRdTZUH] 0 1 100 0}} {2 {requestMigrate   map[] 8 4 101 0}}]
[server 2] 02:22:43.326569 map[7:KpbSllWKDv5vnqTh-BTh 3:sq3vtNA2GPj7KmTDODI8 4:USBE8r8gAwsIARRdTZUH]
[server 2] 02:22:43.326575 start to apply
[raft 2] 02:22:43.358550 rf.LastApplied: 5, rf.LastIncludedIdnex: 0, true index: 5, rf.Logs: [{0 0} {2 {migrate   map[7:KpbSllWKDv5vnqTh-BTh] 0 1 101 0}} {2 {requestMigrate   map[] 2 2 101 0}} {2 {migrate   map[3:sq3vtNA2GPj7KmTDODI8] 0 3 101 0}} {2 {migrate   map[4:USBE8r8gAwsIARRdTZUH] 0 1 100 0}} {2 {requestMigrate   map[] 8 4 101 0}} {2 {migrate   map[9:4LGiOnPFz2M8QNgttwWC] 0 5 101 0}}]
[server 2] 02:22:43.358636 apply: {requestMigrate   map[] 8 4 101 0}
[server 2] 02:22:43.358670 state size: 539, logs: [{0 0} {2 {migrate   map[7:KpbSllWKDv5vnqTh-BTh] 0 1 101 0}} {2 {requestMigrate   map[] 2 2 101 0}} {2 {migrate   map[3:sq3vtNA2GPj7KmTDODI8] 0 3 101 0}} {2 {migrate   map[4:USBE8r8gAwsIARRdTZUH] 0 1 100 0}} {2 {requestMigrate   map[] 8 4 101 0}} {2 {migrate   map[9:4LGiOnPFz2M8QNgttwWC] 0 5 101 0}}]
[server 2] 02:22:43.358686 requestMigrateOp apply command: {requestMigrate   map[] 8 4 101 0}
[server 2] 02:22:43.358698 shard is: 8
[server 2] 02:22:43.358713 requestMigrateOp apply return: {5 {requestMigrate   map[] 8 4 101 0}  map[]}
[server 2] 02:22:43.358727 map[7:KpbSllWKDv5vnqTh-BTh 3:sq3vtNA2GPj7KmTDODI8 4:USBE8r8gAwsIARRdTZUH]
[server 2] 02:22:43.358737 start to apply
[raft 2] 02:22:43.390550 rf.LastApplied: 6, rf.LastIncludedIdnex: 0, true index: 6, rf.Logs: [{0 0} {2 {migrate   map[7:KpbSllWKDv5vnqTh-BTh] 0 1 101 0}} {2 {requestMigrate   map[] 2 2 101 0}} {2 {migrate   map[3:sq3vtNA2GPj7KmTDODI8] 0 3 101 0}} {2 {migrate   map[4:USBE8r8gAwsIARRdTZUH] 0 1 100 0}} {2 {requestMigrate   map[] 8 4 101 0}} {2 {migrate   map[9:4LGiOnPFz2M8QNgttwWC] 0 5 101 0}} {2 {migrate   map[0:-0D3Ut8DZk_QzwkkKKtl] 0 2 100 0}}]
[server 2] 02:22:43.390575 apply: {migrate   map[9:4LGiOnPFz2M8QNgttwWC] 0 5 101 0}
[server 2] 02:22:43.390585 migrateOp apply command: {migrate   map[9:4LGiOnPFz2M8QNgttwWC] 0 5 101 0}
[server 2] 02:22:43.390596 migrateOp apply return: {6 {migrate   map[9:4LGiOnPFz2M8QNgttwWC] 0 5 101 0}  map[]}
[server 2] 02:22:43.390628 state size: 597, logs: [{0 0} {2 {migrate   map[7:KpbSllWKDv5vnqTh-BTh] 0 1 101 0}} {2 {requestMigrate   map[] 2 2 101 0}} {2 {migrate   map[3:sq3vtNA2GPj7KmTDODI8] 0 3 101 0}} {2 {migrate   map[4:USBE8r8gAwsIARRdTZUH] 0 1 100 0}} {2 {requestMigrate   map[] 8 4 101 0}} {2 {migrate   map[9:4LGiOnPFz2M8QNgttwWC] 0 5 101 0}} {2 {migrate   map[0:-0D3Ut8DZk_QzwkkKKtl] 0 2 100 0}}]
[server 2] 02:22:43.390639 map[9:4LGiOnPFz2M8QNgttwWC 7:KpbSllWKDv5vnqTh-BTh 3:sq3vtNA2GPj7KmTDODI8 4:USBE8r8gAwsIARRdTZUH]
[server 2] 02:22:43.390645 start to apply
[raft 2] 02:22:43.421770 rf.LastApplied: 7, rf.LastIncludedIdnex: 0, true index: 7, rf.Logs: [{0 0} {2 {migrate   map[7:KpbSllWKDv5vnqTh-BTh] 0 1 101 0}} {2 {requestMigrate   map[] 2 2 101 0}} {2 {migrate   map[3:sq3vtNA2GPj7KmTDODI8] 0 3 101 0}} {2 {migrate   map[4:USBE8r8gAwsIARRdTZUH] 0 1 100 0}} {2 {requestMigrate   map[] 8 4 101 0}} {2 {migrate   map[9:4LGiOnPFz2M8QNgttwWC] 0 5 101 0}} {2 {migrate   map[0:-0D3Ut8DZk_QzwkkKKtl] 0 2 100 0}} {2 {migrate   map[4:USBE8r8gAwsIARRdTZUH] 0 1 102 0}}]
[server 2] 02:22:43.421803 apply: {migrate   map[0:-0D3Ut8DZk_QzwkkKKtl] 0 2 100 0}
[server 2] 02:22:43.421822 migrateOp apply command: {migrate   map[0:-0D3Ut8DZk_QzwkkKKtl] 0 2 100 0}
[server 2] 02:22:43.421849 migrateOp apply return: {7 {migrate   map[0:-0D3Ut8DZk_QzwkkKKtl] 0 2 100 0}  map[]}
[server 2] 02:22:43.421868 state size: 655, logs: [{0 0} {2 {migrate   map[7:KpbSllWKDv5vnqTh-BTh] 0 1 101 0}} {2 {requestMigrate   map[] 2 2 101 0}} {2 {migrate   map[3:sq3vtNA2GPj7KmTDODI8] 0 3 101 0}} {2 {migrate   map[4:USBE8r8gAwsIARRdTZUH] 0 1 100 0}} {2 {requestMigrate   map[] 8 4 101 0}} {2 {migrate   map[9:4LGiOnPFz2M8QNgttwWC] 0 5 101 0}} {2 {migrate   map[0:-0D3Ut8DZk_QzwkkKKtl] 0 2 100 0}} {2 {migrate   map[4:USBE8r8gAwsIARRdTZUH] 0 1 102 0}}]
[server 2] 02:22:43.421878 map[7:KpbSllWKDv5vnqTh-BTh 3:sq3vtNA2GPj7KmTDODI8 4:USBE8r8gAwsIARRdTZUH 9:4LGiOnPFz2M8QNgttwWC 0:-0D3Ut8DZk_QzwkkKKtl]
[server 2] 02:22:43.421884 start to apply
